#
# A fatal error has been detected by the Java Runtime Environment:
#
#  EXCEPTION_ACCESS_VIOLATION (0xc0000005) at pc=0x00007ffb9588499b, pid=12728, tid=3676
#
# JRE version: Java(TM) SE Runtime Environment (7.0_79-b15) (build 1.7.0_79-b15)
# Java VM: Java HotSpot(TM) 64-Bit Server VM (24.79-b02 mixed mode windows-amd64 compressed oops)
# Problematic frame:
# C  [ig9icd64.dll+0x65499b]
#
# Failed to write core dump. Minidumps are not enabled by default on client versions of Windows
#
# If you would like to submit a bug report, please visit:
#   http://bugreport.java.com/bugreport/crash.jsp
# The crash happened outside the Java Virtual Machine in native code.
# See problematic frame for where to report the bug.
#

---------------  T H R E A D  ---------------

Current thread (0x0000000010e68000):  JavaThread "LWJGL Application" [_thread_in_native, id=3676, stack(0x00000000125d0000,0x00000000126d0000)]

siginfo: ExceptionCode=0xc0000005, writing address 0x0000000000000001

Registers:
RAX=0x0000000000000043, RBX=0x00000000126ccee5, RCX=0x0000000000000001, RDX=0x0000000000000004
RSP=0x00000000126cce90, RBP=0x00000000126ccee8, RSI=0x0000000000000004, RDI=0x00000000126ccee8
R8 =0xffffffffed93311c, R9 =0x00000000126ccf90, R10=0x00000000126ccea0, R11=0xffffffffffffffff
R12=0x00000000126cd368, R13=0x00000000126cd750, R14=0x0000000000000448, R15=0x00000000126cd750
RIP=0x00007ffb9588499b, EFLAGS=0x0000000000010202

Top of Stack: (sp=0x00000000126cce90)
0x00000000126cce90:   0000000000000000 0000000000000000
0x00000000126ccea0:   0000000000000000 0000000000000000
0x00000000126cceb0:   00000010684ebe20 00007ffb95886ca8
0x00000000126ccec0:   00000000126cd050 00000000126ccfc0
0x00000000126cced0:   0000000000000000 0000000000000000
0x00000000126ccee0:   dec04342005da3b0 0000000000000000
0x00000000126ccef0:   0000000000000000 0000000000040000
0x00000000126ccf00:   0000000055140b50 0000000000000000
0x00000000126ccf10:   00000010684ebf18 00000000006beca0
0x00000000126ccf20:   00000000126c0104 00000000126cd368
0x00000000126ccf30:   00000000126ccee8 0000000000000080
0x00000000126ccf40:   0000000000000002 0000000000000000
0x00000000126ccf50:   0000000000000000 0000000000000000
0x00000000126ccf60:   0000000000000000 0000000000000000
0x00000000126ccf70:   0000000000000000 0000000000000000
0x00000000126ccf80:   0000000000000000 0000000000000000 

Instructions: (pc=0x00007ffb9588499b)
0x00007ffb9588497b:   08 33 c0 48 3b dd 48 8b d6 48 0f 47 d0 48 85 d2
0x00007ffb9588498b:   74 1f 4c 8b c3 49 f7 d8 48 85 c9 74 05 0f b6 03
0x00007ffb9588499b:   88 01 48 ff c3 48 ff c1 49 8d 04 18 48 3b c2 75
0x00007ffb958849ab:   e7 48 01 77 08 48 8b 5c 24 30 48 8b 6c 24 38 48 


Register to memory mapping:

RAX=0x0000000000000043 is an unknown value
RBX=0x00000000126ccee5 is pointing into the stack for thread: 0x0000000010e68000
RCX=0x0000000000000001 is an unknown value
RDX=0x0000000000000004 is an unknown value
RSP=0x00000000126cce90 is pointing into the stack for thread: 0x0000000010e68000
RBP=0x00000000126ccee8 is pointing into the stack for thread: 0x0000000010e68000
RSI=0x0000000000000004 is an unknown value
RDI=0x00000000126ccee8 is pointing into the stack for thread: 0x0000000010e68000
R8 =0xffffffffed93311c is an unknown value
R9 =0x00000000126ccf90 is pointing into the stack for thread: 0x0000000010e68000
R10=0x00000000126ccea0 is pointing into the stack for thread: 0x0000000010e68000
R11=0xffffffffffffffff is an unknown value
R12=0x00000000126cd368 is pointing into the stack for thread: 0x0000000010e68000
R13=0x00000000126cd750 is pointing into the stack for thread: 0x0000000010e68000
R14=0x0000000000000448 is an unknown value
R15=0x00000000126cd750 is pointing into the stack for thread: 0x0000000010e68000


Stack: [0x00000000125d0000,0x00000000126d0000],  sp=0x00000000126cce90,  free space=1011k
Native frames: (J=compiled Java code, j=interpreted, Vv=VM code, C=native code)
C  [ig9icd64.dll+0x65499b]

Java frames: (J=compiled Java code, j=interpreted, Vv=VM code)
j  org.lwjgl.opengl.GL20.nglLinkProgram(IJ)V+0
j  org.lwjgl.opengl.GL20.glLinkProgram(I)V+15
j  com.badlogic.gdx.backends.lwjgl.LwjglGL20.glLinkProgram(I)V+1
j  com.badlogic.gdx.graphics.glutils.ShaderProgram.linkProgram(I)I+35
j  com.badlogic.gdx.graphics.glutils.ShaderProgram.compileShaders(Ljava/lang/String;Ljava/lang/String;)V+50
j  com.badlogic.gdx.graphics.glutils.ShaderProgram.<init>(Ljava/lang/String;Ljava/lang/String;)V+219
j  com.badlogic.gdx.graphics.g2d.SpriteBatch.createDefaultShader()Lcom/badlogic/gdx/graphics/glutils/ShaderProgram;+12
J 96 C2 com.badlogic.gdx.graphics.g2d.SpriteBatch.<init>(ILcom/badlogic/gdx/graphics/glutils/ShaderProgram;)V (416 bytes) @ 0x00000000026598d8 [0x0000000002658800+0x10d8]
J 916% C2 com.badlogic.gdx.backends.lwjgl.LwjglApplication.mainLoop()V (886 bytes) @ 0x000000000283aa10 [0x0000000002837920+0x30f0]
j  com.badlogic.gdx.backends.lwjgl.LwjglApplication$1.run()V+27
v  ~StubRoutines::call_stub

---------------  P R O C E S S  ---------------

Java Threads: ( => current thread )
  0x000000001105c000 JavaThread "LWJGL Timer" daemon [_thread_blocked, id=5148, stack(0x0000000057bc0000,0x0000000057cc0000)]
  0x0000000002493800 JavaThread "DestroyJavaVM" [_thread_blocked, id=4580, stack(0x0000000002390000,0x0000000002490000)]
=>0x0000000010e68000 JavaThread "LWJGL Application" [_thread_in_native, id=3676, stack(0x00000000125d0000,0x00000000126d0000)]
  0x0000000010ede000 JavaThread "Monitor Ctrl-Break" daemon [_thread_in_native, id=12020, stack(0x0000000011100000,0x0000000011200000)]
  0x000000000f38a800 JavaThread "Service Thread" daemon [_thread_blocked, id=10192, stack(0x0000000010b00000,0x0000000010c00000)]
  0x000000000f378000 JavaThread "C2 CompilerThread1" daemon [_thread_blocked, id=10812, stack(0x0000000010a00000,0x0000000010b00000)]
  0x000000000f376000 JavaThread "C2 CompilerThread0" daemon [_thread_blocked, id=5592, stack(0x0000000010900000,0x0000000010a00000)]
  0x000000000f375000 JavaThread "Attach Listener" daemon [_thread_blocked, id=14076, stack(0x0000000010800000,0x0000000010900000)]
  0x000000000f372000 JavaThread "Signal Dispatcher" daemon [_thread_blocked, id=5828, stack(0x0000000010700000,0x0000000010800000)]
  0x000000000f33b800 JavaThread "Finalizer" daemon [_thread_blocked, id=904, stack(0x0000000010600000,0x0000000010700000)]
  0x000000000f338000 JavaThread "Reference Handler" daemon [_thread_blocked, id=9108, stack(0x0000000010500000,0x0000000010600000)]

Other Threads:
  0x000000000f334000 VMThread [stack: 0x0000000010400000,0x0000000010500000] [id=8112]
  0x000000000f39d000 WatcherThread [stack: 0x0000000010c00000,0x0000000010d00000] [id=3436]

VM state:not at safepoint (normal execution)

VM Mutex/Monitor currently owned by a thread: None

Heap
 PSYoungGen      total 37376K, used 16339K [0x00000007ab080000, 0x00000007add00000, 0x0000000800000000)
  eden space 29184K, 40% used [0x00000007ab080000,0x00000007abc26eb0,0x00000007acd00000)
  from space 8192K, 53% used [0x00000007ad500000,0x00000007ad94df58,0x00000007add00000)
  to   space 8192K, 0% used [0x00000007acd00000,0x00000007acd00000,0x00000007ad500000)
 ParOldGen       total 461824K, used 460522K [0x0000000701200000, 0x000000071d500000, 0x00000007ab080000)
  object space 461824K, 99% used [0x0000000701200000,0x000000071d3babf0,0x000000071d500000)
 PSPermGen       total 21504K, used 8981K [0x00000006fc000000, 0x00000006fd500000, 0x0000000701200000)
  object space 21504K, 41% used [0x00000006fc000000,0x00000006fc8c5578,0x00000006fd500000)

Card table byte_map: [0x0000000005650000,0x0000000005e80000] byte_map_base: 0x0000000001e70000

Polling page: 0x00000000008f0000

Code Cache  [0x0000000002590000, 0x0000000002860000, 0x0000000005590000)
 total_blobs=1338 nmethods=921 adapters=369 free_code_cache=46356Kb largest_free_block=47423232

Compilation events (10 events):
Event: 455.040 Thread 0x000000000f378000  947             java.lang.ref.Finalizer::access$100 (6 bytes)
Event: 455.040 Thread 0x000000000f376000  948   !         java.lang.ref.Finalizer::runFinalizer (62 bytes)
Event: 455.046 Thread 0x000000000f376000 nmethod 948 0x0000000002831190 code [0x0000000002831300, 0x0000000002831918]
Event: 455.051 Thread 0x000000000f378000 nmethod 947 0x0000000002855650 code [0x00000000028557c0, 0x0000000002855d98]
Event: 499.817 Thread 0x000000000f376000  949             java.util.zip.ZipFile$ZipFileInflaterInputStream::finalize (5 bytes)
Event: 499.818 Thread 0x000000000f376000 nmethod 949 0x0000000002854610 code [0x0000000002854760, 0x00000000028547e8]
Event: 514.829 Thread 0x000000000f378000  950             java.util.zip.ZipFile$ZipFileInputStream::finalize (5 bytes)
Event: 514.829 Thread 0x000000000f378000 nmethod 950 0x0000000002854390 code [0x00000000028544e0, 0x0000000002854568]
Event: 1305.757 Thread 0x000000000f376000  951             java.nio.charset.Charset::lookup (44 bytes)
Event: 1305.764 Thread 0x000000000f376000 nmethod 951 0x0000000002853e90 code [0x0000000002853fe0, 0x00000000028541e8]

GC Heap History (10 events):
Event: 1316.543 GC heap before
{Heap before GC invocations=1282 (full 6):
 PSYoungGen      total 37888K, used 34125K [0x00000007ab080000, 0x00000007ade00000, 0x0000000800000000)
  eden space 29184K, 100% used [0x00000007ab080000,0x00000007acd00000,0x00000007acd00000)
  from space 8704K, 56% used [0x00000007acd00000,0x00000007ad1d3460,0x00000007ad580000)
  to   space 8704K, 0% used [0x00000007ad580000,0x00000007ad580000,0x00000007ade00000)
 ParOldGen       total 461824K, used 458434K [0x0000000701200000, 0x000000071d500000, 0x00000007ab080000)
  object space 461824K, 99% used [0x0000000701200000,0x000000071d1b0bf0,0x000000071d500000)
 PSPermGen       total 21504K, used 8981K [0x00000006fc000000, 0x00000006fd500000, 0x0000000701200000)
  object space 21504K, 41% used [0x00000006fc000000,0x00000006fc8c5578,0x00000006fd500000)
Event: 1316.547 GC heap after
Heap after GC invocations=1282 (full 6):
 PSYoungGen      total 37888K, used 4685K [0x00000007ab080000, 0x00000007ade00000, 0x0000000800000000)
  eden space 29184K, 0% used [0x00000007ab080000,0x00000007ab080000,0x00000007acd00000)
  from space 8704K, 53% used [0x00000007ad580000,0x00000007ada13420,0x00000007ade00000)
  to   space 8704K, 0% used [0x00000007acd00000,0x00000007acd00000,0x00000007ad580000)
 ParOldGen       total 461824K, used 459026K [0x0000000701200000, 0x000000071d500000, 0x00000007ab080000)
  object space 461824K, 99% used [0x0000000701200000,0x000000071d244bf0,0x000000071d500000)
 PSPermGen       total 21504K, used 8981K [0x00000006fc000000, 0x00000006fd500000, 0x0000000701200000)
  object space 21504K, 41% used [0x00000006fc000000,0x00000006fc8c5578,0x00000006fd500000)
}
Event: 1317.391 GC heap before
{Heap before GC invocations=1283 (full 6):
 PSYoungGen      total 37888K, used 33869K [0x00000007ab080000, 0x00000007ade00000, 0x0000000800000000)
  eden space 29184K, 100% used [0x00000007ab080000,0x00000007acd00000,0x00000007acd00000)
  from space 8704K, 53% used [0x00000007ad580000,0x00000007ada13420,0x00000007ade00000)
  to   space 8704K, 0% used [0x00000007acd00000,0x00000007acd00000,0x00000007ad580000)
 ParOldGen       total 461824K, used 459026K [0x0000000701200000, 0x000000071d500000, 0x00000007ab080000)
  object space 461824K, 99% used [0x0000000701200000,0x000000071d244bf0,0x000000071d500000)
 PSPermGen       total 21504K, used 8981K [0x00000006fc000000, 0x00000006fd500000, 0x0000000701200000)
  object space 21504K, 41% used [0x00000006fc000000,0x00000006fc8c5578,0x00000006fd500000)
Event: 1317.394 GC heap after
Heap after GC invocations=1283 (full 6):
 PSYoungGen      total 37888K, used 4396K [0x00000007ab080000, 0x00000007ade00000, 0x0000000800000000)
  eden space 29184K, 0% used [0x00000007ab080000,0x00000007ab080000,0x00000007acd00000)
  from space 8704K, 50% used [0x00000007acd00000,0x00000007ad14b3e0,0x00000007ad580000)
  to   space 8704K, 0% used [0x00000007ad580000,0x00000007ad580000,0x00000007ade00000)
 ParOldGen       total 461824K, used 459618K [0x0000000701200000, 0x000000071d500000, 0x00000007ab080000)
  object space 461824K, 99% used [0x0000000701200000,0x000000071d2d8bf0,0x000000071d500000)
 PSPermGen       total 21504K, used 8981K [0x00000006fc000000, 0x00000006fd500000, 0x0000000701200000)
  object space 21504K, 41% used [0x00000006fc000000,0x00000006fc8c5578,0x00000006fd500000)
}
Event: 1318.193 GC heap before
{Heap before GC invocations=1284 (full 6):
 PSYoungGen      total 37888K, used 33580K [0x00000007ab080000, 0x00000007ade00000, 0x0000000800000000)
  eden space 29184K, 100% used [0x00000007ab080000,0x00000007acd00000,0x00000007acd00000)
  from space 8704K, 50% used [0x00000007acd00000,0x00000007ad14b3e0,0x00000007ad580000)
  to   space 8704K, 0% used [0x00000007ad580000,0x00000007ad580000,0x00000007ade00000)
 ParOldGen       total 461824K, used 459618K [0x0000000701200000, 0x000000071d500000, 0x00000007ab080000)
  object space 461824K, 99% used [0x0000000701200000,0x000000071d2d8bf0,0x000000071d500000)
 PSPermGen       total 21504K, used 8981K [0x00000006fc000000, 0x00000006fd500000, 0x0000000701200000)
  object space 21504K, 41% used [0x00000006fc000000,0x00000006fc8c5578,0x00000006fd500000)
Event: 1318.197 GC heap after
Heap after GC invocations=1284 (full 6):
 PSYoungGen      total 36864K, used 4418K [0x00000007ab080000, 0x00000007add00000, 0x0000000800000000)
  eden space 29184K, 0% used [0x00000007ab080000,0x00000007ab080000,0x00000007acd00000)
  from space 7680K, 57% used [0x00000007ad580000,0x00000007ad9d0968,0x00000007add00000)
  to   space 8192K, 0% used [0x00000007acd00000,0x00000007acd00000,0x00000007ad500000)
 ParOldGen       total 461824K, used 459914K [0x0000000701200000, 0x000000071d500000, 0x00000007ab080000)
  object space 461824K, 99% used [0x0000000701200000,0x000000071d322bf0,0x000000071d500000)
 PSPermGen       total 21504K, used 8981K [0x00000006fc000000, 0x00000006fd500000, 0x0000000701200000)
  object space 21504K, 41% used [0x00000006fc000000,0x00000006fc8c5578,0x00000006fd500000)
}
Event: 1319.092 GC heap before
{Heap before GC invocations=1285 (full 6):
 PSYoungGen      total 36864K, used 33602K [0x00000007ab080000, 0x00000007add00000, 0x0000000800000000)
  eden space 29184K, 100% used [0x00000007ab080000,0x00000007acd00000,0x00000007acd00000)
  from space 7680K, 57% used [0x00000007ad580000,0x00000007ad9d0968,0x00000007add00000)
  to   space 8192K, 0% used [0x00000007acd00000,0x00000007acd00000,0x00000007ad500000)
 ParOldGen       total 461824K, used 459914K [0x0000000701200000, 0x000000071d500000, 0x00000007ab080000)
  object space 461824K, 99% used [0x0000000701200000,0x000000071d322bf0,0x000000071d500000)
 PSPermGen       total 21504K, used 8981K [0x00000006fc000000, 0x00000006fd500000, 0x0000000701200000)
  object space 21504K, 41% used [0x00000006fc000000,0x00000006fc8c5578,0x00000006fd500000)
Event: 1319.096 GC heap after
Heap after GC invocations=1285 (full 6):
 PSYoungGen      total 37376K, used 4396K [0x00000007ab080000, 0x00000007add00000, 0x0000000800000000)
  eden space 29184K, 0% used [0x00000007ab080000,0x00000007ab080000,0x00000007acd00000)
  from space 8192K, 53% used [0x00000007acd00000,0x00000007ad14b3a0,0x00000007ad500000)
  to   space 8192K, 0% used [0x00000007ad500000,0x00000007ad500000,0x00000007add00000)
 ParOldGen       total 461824K, used 460218K [0x0000000701200000, 0x000000071d500000, 0x00000007ab080000)
  object space 461824K, 99% used [0x0000000701200000,0x000000071d36ebf0,0x000000071d500000)
 PSPermGen       total 21504K, used 8981K [0x00000006fc000000, 0x00000006fd500000, 0x0000000701200000)
  object space 21504K, 41% used [0x00000006fc000000,0x00000006fc8c5578,0x00000006fd500000)
}
Event: 1319.893 GC heap before
{Heap before GC invocations=1286 (full 6):
 PSYoungGen      total 37376K, used 33580K [0x00000007ab080000, 0x00000007add00000, 0x0000000800000000)
  eden space 29184K, 100% used [0x00000007ab080000,0x00000007acd00000,0x00000007acd00000)
  from space 8192K, 53% used [0x00000007acd00000,0x00000007ad14b3a0,0x00000007ad500000)
  to   space 8192K, 0% used [0x00000007ad500000,0x00000007ad500000,0x00000007add00000)
 ParOldGen       total 461824K, used 460218K [0x0000000701200000, 0x000000071d500000, 0x00000007ab080000)
  object space 461824K, 99% used [0x0000000701200000,0x000000071d36ebf0,0x000000071d500000)
 PSPermGen       total 21504K, used 8981K [0x00000006fc000000, 0x00000006fd500000, 0x0000000701200000)
  object space 21504K, 41% used [0x00000006fc000000,0x00000006fc8c5578,0x00000006fd500000)
Event: 1319.896 GC heap after
Heap after GC invocations=1286 (full 6):
 PSYoungGen      total 37376K, used 4407K [0x00000007ab080000, 0x00000007add00000, 0x0000000800000000)
  eden space 29184K, 0% used [0x00000007ab080000,0x00000007ab080000,0x00000007acd00000)
  from space 8192K, 53% used [0x00000007ad500000,0x00000007ad94df58,0x00000007add00000)
  to   space 8192K, 0% used [0x00000007acd00000,0x00000007acd00000,0x00000007ad500000)
 ParOldGen       total 461824K, used 460522K [0x0000000701200000, 0x000000071d500000, 0x00000007ab080000)
  object space 461824K, 99% used [0x0000000701200000,0x000000071d3babf0,0x000000071d500000)
 PSPermGen       total 21504K, used 8981K [0x00000006fc000000, 0x00000006fd500000, 0x0000000701200000)
  object space 21504K, 41% used [0x00000006fc000000,0x00000006fc8c5578,0x00000006fd500000)
}

Deoptimization events (10 events):
Event: 110.293 Thread 0x0000000010e68000 Uncommon trap: reason=null_check action=make_not_entrant pc=0x000000000278c890 method=com.badlogic.gdx.utils.ObjectMap.put_internal(Ljava/lang/Object;Ljava/lang/Object;)Ljava/lang/Object; @ 72
Event: 117.878 Thread 0x0000000010e68000 Uncommon trap: reason=null_check action=make_not_entrant pc=0x000000000271f3c4 method=com.badlogic.gdx.utils.ObjectMap.put_internal(Ljava/lang/Object;Ljava/lang/Object;)Ljava/lang/Object; @ 115
Event: 159.254 Thread 0x0000000010e68000 Uncommon trap: reason=null_check action=make_not_entrant pc=0x00000000027e55a4 method=com.badlogic.gdx.scenes.scene2d.ui.Skin.getRegion(Ljava/lang/String;)Lcom/badlogic/gdx/graphics/g2d/TextureRegion; @ 7
Event: 159.271 Thread 0x0000000010e68000 Uncommon trap: reason=null_check action=make_not_entrant pc=0x00000000027f6d34 method=com.badlogic.gdx.scenes.scene2d.ui.Skin.getRegion(Ljava/lang/String;)Lcom/badlogic/gdx/graphics/g2d/TextureRegion; @ 7
Event: 169.340 Thread 0x0000000010e68000 Uncommon trap: reason=null_check action=make_not_entrant pc=0x0000000002801f84 method=com.badlogic.gdx.scenes.scene2d.ui.WidgetGroup.invalidateHierarchy()V @ 10
Event: 423.796 Thread 0x000000000f33b800 Uncommon trap: reason=bimorphic action=maybe_recompile pc=0x00000000027d07b8 method=java.lang.System$2.invokeFinalize(Ljava/lang/Object;)V @ 1
Event: 423.796 Thread 0x000000000f33b800 Uncommon trap: reason=bimorphic action=maybe_recompile pc=0x00000000027d07b8 method=java.lang.System$2.invokeFinalize(Ljava/lang/Object;)V @ 1
Event: 423.796 Thread 0x000000000f33b800 Uncommon trap: reason=bimorphic action=maybe_recompile pc=0x00000000027d07b8 method=java.lang.System$2.invokeFinalize(Ljava/lang/Object;)V @ 1
Event: 423.797 Thread 0x000000000f33b800 Uncommon trap: reason=bimorphic action=maybe_recompile pc=0x00000000027d07b8 method=java.lang.System$2.invokeFinalize(Ljava/lang/Object;)V @ 1
Event: 423.797 Thread 0x000000000f33b800 Uncommon trap: reason=bimorphic action=maybe_recompile pc=0x00000000027cbb58 method=java.lang.System$2.invokeFinalize(Ljava/lang/Object;)V @ 1

Internal exceptions (10 events):
Event: 102.543 Thread 0x0000000010e68000 Threw 0x00000007ad8072c8 at C:\re\jdk7u79\2331\hotspot\src\share\vm\prims\jvm.cpp:1304
Event: 102.544 Thread 0x0000000010e68000 Threw 0x00000007ad80e0f8 at C:\re\jdk7u79\2331\hotspot\src\share\vm\prims\jvm.cpp:1304
Event: 102.545 Thread 0x0000000010e68000 Threw 0x00000007ad815d68 at C:\re\jdk7u79\2331\hotspot\src\share\vm\prims\jvm.cpp:1304
Event: 102.546 Thread 0x0000000010e68000 Implicit null exception at 0x000000000264c88f to 0x000000000264e109
Event: 102.546 Thread 0x0000000010e68000 Threw 0x00000007ad81e430 at C:\re\jdk7u79\2331\hotspot\src\share\vm\prims\jvm.cpp:1304
Event: 110.293 Thread 0x0000000010e68000 Implicit null exception at 0x000000000278bd35 to 0x000000000278c84d
Event: 117.877 Thread 0x0000000010e68000 Implicit null exception at 0x000000000271ea0a to 0x000000000271f385
Event: 159.254 Thread 0x0000000010e68000 Implicit null exception at 0x00000000027e5267 to 0x00000000027e5599
Event: 159.271 Thread 0x0000000010e68000 Implicit null exception at 0x00000000027f668b to 0x00000000027f6d25
Event: 169.340 Thread 0x0000000010e68000 Implicit null exception at 0x0000000002801dab to 0x0000000002801f79

Events (10 events):
Event: 1316.543 Executing VM operation: ParallelGCFailedAllocation
Event: 1316.547 Executing VM operation: ParallelGCFailedAllocation done
Event: 1317.391 Executing VM operation: ParallelGCFailedAllocation
Event: 1317.394 Executing VM operation: ParallelGCFailedAllocation done
Event: 1318.193 Executing VM operation: ParallelGCFailedAllocation
Event: 1318.197 Executing VM operation: ParallelGCFailedAllocation done
Event: 1319.092 Executing VM operation: ParallelGCFailedAllocation
Event: 1319.096 Executing VM operation: ParallelGCFailedAllocation done
Event: 1319.893 Executing VM operation: ParallelGCFailedAllocation
Event: 1319.896 Executing VM operation: ParallelGCFailedAllocation done


Dynamic libraries:
0x00007ff75a5b0000 - 0x00007ff75a5e3000 	C:\Program Files\Java\jdk1.7.0_79\bin\java.exe
0x00007ffbe0220000 - 0x00007ffbe03e1000 	C:\WINDOWS\SYSTEM32\ntdll.dll
0x00007ffbdd730000 - 0x00007ffbdd7dd000 	C:\WINDOWS\system32\KERNEL32.DLL
0x00007ffbdc8d0000 - 0x00007ffbdcab8000 	C:\WINDOWS\system32\KERNELBASE.dll
0x00007ffbdf6e0000 - 0x00007ffbdf787000 	C:\WINDOWS\system32\ADVAPI32.dll
0x00007ffbddcf0000 - 0x00007ffbddd8d000 	C:\WINDOWS\system32\msvcrt.dll
0x00007ffbe01c0000 - 0x00007ffbe021b000 	C:\WINDOWS\system32\sechost.dll
0x00007ffbddd90000 - 0x00007ffbddeac000 	C:\WINDOWS\system32\RPCRT4.dll
0x00007ffbdfa20000 - 0x00007ffbdfb76000 	C:\WINDOWS\system32\USER32.dll
0x00007ffbdfba0000 - 0x00007ffbdfd26000 	C:\WINDOWS\system32\GDI32.dll
0x00007ffbd82f0000 - 0x00007ffbd8564000 	C:\WINDOWS\WinSxS\amd64_microsoft.windows.common-controls_6595b64144ccf1df_6.0.10586.0_none_8c15ae12515e1c22\COMCTL32.dll
0x00007ffbdd8b0000 - 0x00007ffbddb2d000 	C:\WINDOWS\system32\combase.dll
0x00007ffbdcd40000 - 0x00007ffbdcdaa000 	C:\WINDOWS\system32\bcryptPrimitives.dll
0x00007ffbde140000 - 0x00007ffbde17b000 	C:\WINDOWS\system32\IMM32.DLL
0x0000000059580000 - 0x0000000059652000 	C:\Program Files\Java\jdk1.7.0_79\jre\bin\msvcr100.dll
0x0000000058010000 - 0x00000000587e5000 	C:\Program Files\Java\jdk1.7.0_79\jre\bin\server\jvm.dll
0x00007ffbddfc0000 - 0x00007ffbddfc8000 	C:\WINDOWS\system32\PSAPI.DLL
0x00007ffbcc220000 - 0x00007ffbcc229000 	C:\WINDOWS\SYSTEM32\WSOCK32.dll
0x00007ffbda710000 - 0x00007ffbda733000 	C:\WINDOWS\SYSTEM32\WINMM.dll
0x00007ffbdf790000 - 0x00007ffbdf7fb000 	C:\WINDOWS\system32\WS2_32.dll
0x00007ffbda6b0000 - 0x00007ffbda6dc000 	C:\WINDOWS\SYSTEM32\WINMMBASE.dll
0x00007ffbdd400000 - 0x00007ffbdd443000 	C:\WINDOWS\system32\cfgmgr32.dll
0x0000000059570000 - 0x000000005957f000 	C:\Program Files\Java\jdk1.7.0_79\jre\bin\verify.dll
0x0000000059190000 - 0x00000000591b8000 	C:\Program Files\Java\jdk1.7.0_79\jre\bin\java.dll
0x0000000059550000 - 0x0000000059565000 	C:\Program Files\Java\jdk1.7.0_79\jre\bin\zip.dll
0x00007ffbceff0000 - 0x00007ffbcf000000 	C:\Program Files (x86)\JetBrains\IntelliJ IDEA Community Edition 15.0.4\bin\breakgen64.dll
0x0000000059170000 - 0x000000005918a000 	C:\Program Files\Java\jdk1.7.0_79\jre\bin\net.dll
0x00007ffbdc170000 - 0x00007ffbdc1cc000 	C:\WINDOWS\system32\mswsock.dll
0x0000000065580000 - 0x0000000065616000 	C:\Users\Francesco Nutricato\AppData\Local\Temp\libgdxFrancesco Nutricato\2ec99cb7\gdx64.dll
0x00007ffbdc220000 - 0x00007ffbdc237000 	C:\WINDOWS\SYSTEM32\CRYPTSP.dll
0x00007ffbdbeb0000 - 0x00007ffbdbee4000 	C:\WINDOWS\system32\rsaenh.dll
0x00007ffbdc770000 - 0x00007ffbdc799000 	C:\WINDOWS\SYSTEM32\bcrypt.dll
0x00007ffbdc000000 - 0x00007ffbdc01f000 	C:\WINDOWS\SYSTEM32\USERENV.dll
0x00007ffbdc840000 - 0x00007ffbdc854000 	C:\WINDOWS\system32\profapi.dll
0x00007ffbdc340000 - 0x00007ffbdc34b000 	C:\WINDOWS\SYSTEM32\CRYPTBASE.dll
0x00007ffbd9440000 - 0x00007ffbd9478000 	C:\WINDOWS\SYSTEM32\IPHLPAPI.DLL
0x00007ffbddfd0000 - 0x00007ffbddfd8000 	C:\WINDOWS\system32\NSI.dll
0x00007ffbce370000 - 0x00007ffbce386000 	C:\WINDOWS\SYSTEM32\dhcpcsvc6.DLL
0x00007ffbcf6e0000 - 0x00007ffbcf6fa000 	C:\WINDOWS\SYSTEM32\dhcpcsvc.DLL
0x0000000059150000 - 0x0000000059161000 	C:\Program Files\Java\jdk1.7.0_79\jre\bin\nio.dll
0x0000000180000000 - 0x0000000180053000 	C:\Users\Francesco Nutricato\AppData\Local\Temp\libgdxFrancesco Nutricato\dc0f0009\lwjgl64.dll
0x00007ffbbb9d0000 - 0x00007ffbbbaf9000 	C:\WINDOWS\SYSTEM32\OPENGL32.dll
0x00007ffbd8570000 - 0x00007ffbd857a000 	C:\WINDOWS\SYSTEM32\VERSION.dll
0x00007ffbc8f20000 - 0x00007ffbc8f4e000 	C:\WINDOWS\SYSTEM32\GLU32.dll
0x00007ffbb9b80000 - 0x00007ffbb9c7a000 	C:\WINDOWS\SYSTEM32\DDRAW.dll
0x00007ffbd9ea0000 - 0x00007ffbd9ea8000 	C:\WINDOWS\SYSTEM32\DCIMAN32.dll
0x0000000011200000 - 0x0000000011264000 	C:\Users\FRANCE~1\AppData\Local\Temp\libgdxFrancesco Nutricato\dc0f0009\OpenAL64.dll
0x00007ffbde180000 - 0x00007ffbdf6dc000 	C:\WINDOWS\system32\SHELL32.dll
0x00007ffbdcdb0000 - 0x00007ffbdd3f5000 	C:\WINDOWS\system32\windows.storage.dll
0x00007ffbddeb0000 - 0x00007ffbddf02000 	C:\WINDOWS\system32\shlwapi.dll
0x00007ffbdc870000 - 0x00007ffbdc87f000 	C:\WINDOWS\system32\kernel.appcore.dll
0x00007ffbdd560000 - 0x00007ffbdd615000 	C:\WINDOWS\system32\shcore.dll
0x00007ffbdc880000 - 0x00007ffbdc8cb000 	C:\WINDOWS\system32\powrprof.dll
0x00007ffbdf8d0000 - 0x00007ffbdfa13000 	C:\WINDOWS\system32\ole32.dll
0x00007ffbdb1c0000 - 0x00007ffbdb256000 	C:\WINDOWS\system32\uxtheme.dll
0x00007ffbc6510000 - 0x00007ffbc65b3000 	C:\Program Files\Common Files\microsoft shared\ink\tiptsf.dll
0x00007ffbdf800000 - 0x00007ffbdf8c1000 	C:\WINDOWS\system32\OLEAUT32.dll
0x00007ffbddf10000 - 0x00007ffbddfb7000 	C:\WINDOWS\system32\clbcatq.dll
0x00007ffbda490000 - 0x00007ffbda616000 	C:\WINDOWS\System32\PROPSYS.dll
0x00007ffbbddf0000 - 0x00007ffbbde8c000 	C:\WINDOWS\SYSTEM32\dsound.dll
0x00007ffbd8ab0000 - 0x00007ffbd8b20000 	C:\WINDOWS\System32\MMDevApi.dll
0x00007ffbdb260000 - 0x00007ffbdb287000 	C:\WINDOWS\System32\DEVOBJ.dll
0x00007ffbbe260000 - 0x00007ffbbe2e8000 	C:\WINDOWS\SYSTEM32\AUDIOSES.DLL
0x00007ffbd8e10000 - 0x00007ffbd8f46000 	C:\WINDOWS\SYSTEM32\wintypes.dll
0x00007ffbddfe0000 - 0x00007ffbde13a000 	C:\WINDOWS\system32\MSCTF.dll
0x00007ffbdab40000 - 0x00007ffbdab62000 	C:\WINDOWS\system32\dwmapi.dll
0x00007ffb95230000 - 0x00007ffb95f3b000 	C:\WINDOWS\SYSTEM32\ig9icd64.dll
0x00007ffbd5f90000 - 0x00007ffbd6e00000 	C:\WINDOWS\SYSTEM32\igc64.dll
0x00007ffbda470000 - 0x00007ffbda483000 	C:\WINDOWS\SYSTEM32\WTSAPI32.dll
0x00007ffbd8580000 - 0x00007ffbd8611000 	C:\WINDOWS\SYSTEM32\mscms.dll
0x00007ffbc73d0000 - 0x00007ffbc7412000 	C:\WINDOWS\SYSTEM32\icm32.dll
0x00007ffbd13d0000 - 0x00007ffbd152c000 	C:\Windows\System32\uiautomationcore.dll
0x00007ffbdc6d0000 - 0x00007ffbdc769000 	C:\WINDOWS\SYSTEM32\sxs.dll
0x00007ffbd8000000 - 0x00007ffbd806a000 	C:\Windows\System32\OLEACC.dll
0x000000006a740000 - 0x000000006a7f1000 	C:\Users\Francesco Nutricato\AppData\Local\Temp\libgdxFrancesco Nutricato\c0c1eece\gdx-freetype64.dll
0x00007ffbd7c40000 - 0x00007ffbd7dcc000 	C:\WINDOWS\SYSTEM32\dbghelp.dll

VM Arguments:
jvm_args: -Didea.launcher.port=7533 -Didea.launcher.bin.path=C:\Program Files (x86)\JetBrains\IntelliJ IDEA Community Edition 15.0.4\bin -Dfile.encoding=UTF-8 
java_command: com.intellij.rt.execution.application.AppMain com.mygdx.game.desktop.DesktopLauncher
Launcher Type: SUN_STANDARD

Environment Variables:
JAVA_HOME=C:\Program Files\Java\jdk1.8.0_73
PATH=C:\Program Files\Java\jdk1.7.0_79\bin;C:\WINDOWS\system32;C:\WINDOWS;C:\WINDOWS\System32\Wbem;C:\WINDOWS\System32\WindowsPowerShell\v1.0\;C:\Program Files\Git\cmd;C:\Program Files\Git\mingw64\bin;C:\Program Files\Git\usr\bin;C:\Program Files\Gradle\gradle_2_11\bin;C:\grails_2_4_4\bin;C:\Program Files\Groovy\Groovy-2.3.7\bin;C:\Program Files (x86)\MySQL\MySQL Fabric 1.5 & MySQL Utilities 1.5\;"C:\Program Files\MySQL\MySQL Server 5.7\bin"
USERNAME=Francesco Nutricato
OS=Windows_NT
PROCESSOR_IDENTIFIER=Intel64 Family 6 Model 78 Stepping 3, GenuineIntel



---------------  S Y S T E M  ---------------

OS: Windows 8.1 , 64 bit Build 9600 

CPU:total 4 (2 cores per cpu, 2 threads per core) family 6 model 78 stepping 3, cmov, cx8, fxsr, mmx, sse, sse2, sse3, ssse3, sse4.1, sse4.2, popcnt, avx, avx2, aes, erms, ht, tsc, tscinvbit

Memory: 4k page, physical 16699344k(251452k free), swap 67030992k(4852k free)

vm_info: Java HotSpot(TM) 64-Bit Server VM (24.79-b02) for windows-amd64 JRE (1.7.0_79-b15), built on Apr 10 2015 12:36:16 by "java_re" with unknown MS VC++:1600

time: Sat Apr 30 19:07:48 2016
elapsed time: 1320 seconds

