#
# A fatal error has been detected by the Java Runtime Environment:
#
#  EXCEPTION_ACCESS_VIOLATION (0xc0000005) at pc=0x000000006a79702a, pid=228, tid=11624
#
# JRE version: Java(TM) SE Runtime Environment (7.0_79-b15) (build 1.7.0_79-b15)
# Java VM: Java HotSpot(TM) 64-Bit Server VM (24.79-b02 mixed mode windows-amd64 compressed oops)
# Problematic frame:
# C  [gdx-freetype64.dll+0x5702a]
#
# Failed to write core dump. Minidumps are not enabled by default on client versions of Windows
#
# If you would like to submit a bug report, please visit:
#   http://bugreport.java.com/bugreport/crash.jsp
# The crash happened outside the Java Virtual Machine in native code.
# See problematic frame for where to report the bug.
#

---------------  T H R E A D  ---------------

Current thread (0x0000000011216000):  JavaThread "LWJGL Application" [_thread_in_native, id=11624, stack(0x00000000124f0000,0x00000000125f0000)]

siginfo: ExceptionCode=0xc0000005, reading address 0x0000000000000000

Registers:
RAX=0x000000006a797020, RBX=0x0000000000000000, RCX=0x0000000000000000, RDX=0x00000000125eebb0
RSP=0x00000000125eeb00, RBP=0x00000000125eec90, RSI=0x00000000000000e0, RDI=0x0000000000000000
R8 =0x0000000000000c80, R9 =0x0000000000000c80, R10=0x00000000025f3124, R11=0x00000000721c4050
R12=0x0000000000000000, R13=0x00000006fc66edd8, R14=0x00000000125eecc8, R15=0x0000000011216000
RIP=0x000000006a79702a, EFLAGS=0x0000000000010206

Top of Stack: (sp=0x00000000125eeb00)
0x00000000125eeb00:   0000000010e526b0 0000000010e52730
0x00000000125eeb10:   0000000010e52a98 00000000000003d8
0x00000000125eeb20:   00000000125ef318 00000000000003d8
0x00000000125eeb30:   0000000012216750 00000000000000e0
0x00000000125eeb40:   0000000000000000 000000006a74aa0e
0x00000000125eeb50:   0000000010e52768 00000000721cd25b
0x00000000125eeb60:   0000000010e52778 00000000720b7901
0x00000000125eeb70:   0000000011216000 0000000000000052
0x00000000125eeb80:   00000006fc66edd8 000000006a74ab3d
0x00000000125eeb90:   0000000010e52770 0000000072084de3
0x00000000125eeba0:   00009b68a9e84413 0000000072060b2f
0x00000000125eebb0:   00000c8000000000 0000000000000c80
0x00000000125eebc0:   0000000000000000 000000000252f040
0x00000000125eebd0:   0000000011216000 000000006a741604
0x00000000125eebe0:   0000000072554218 0000000072060b2f
0x00000000125eebf0:   0000000000000004 000000000000000d 

Instructions: (pc=0x000000006a79702a)
0x000000006a79700a:   fe ff ff 31 c0 48 83 c4 20 5b c3 66 66 2e 0f 1f
0x000000006a79701a:   84 00 00 00 00 00 57 56 53 48 83 ec 30 48 89 cb
0x000000006a79702a:   48 8b 09 48 89 d6 f6 41 08 02 74 2a 48 8b 81 c0
0x000000006a79703a:   02 00 00 4c 8d 44 24 2c ff 90 d0 00 00 00 85 c0 


Register to memory mapping:

RAX=0x000000006a797020 is an unknown value
RBX=0x0000000000000000 is an unknown value
RCX=0x0000000000000000 is an unknown value
RDX=0x00000000125eebb0 is pointing into the stack for thread: 0x0000000011216000
RSP=0x00000000125eeb00 is pointing into the stack for thread: 0x0000000011216000
RBP=0x00000000125eec90 is pointing into the stack for thread: 0x0000000011216000
RSI=0x00000000000000e0 is an unknown value
RDI=0x0000000000000000 is an unknown value
R8 =0x0000000000000c80 is an unknown value
R9 =0x0000000000000c80 is an unknown value
R10=0x00000000025f3124 is at code_begin+644 in an Interpreter codelet
method entry point (kind = native)  [0x00000000025f2ea0, 0x00000000025f3740]  2208 bytes
R11=0x00000000721c4050 is an unknown value
R12=0x0000000000000000 is an unknown value
R13=0x00000006fc66edd8 is an oop
{method} 
 - klass: {other class}
R14=0x00000000125eecc8 is pointing into the stack for thread: 0x0000000011216000
R15=0x0000000011216000 is a thread


Stack: [0x00000000124f0000,0x00000000125f0000],  sp=0x00000000125eeb00,  free space=1018k
Native frames: (J=compiled Java code, j=interpreted, Vv=VM code, C=native code)
C  [gdx-freetype64.dll+0x5702a]
j  com.badlogic.gdx.graphics.g2d.freetype.FreeType$Face.setPixelSizes(II)Z+6
j  com.badlogic.gdx.graphics.g2d.freetype.FreeTypeFontGenerator.setPixelSizes(II)V+23
j  com.badlogic.gdx.graphics.g2d.freetype.FreeTypeFontGenerator.generateData(Lcom/badlogic/gdx/graphics/g2d/freetype/FreeTypeFontGenerator$FreeTypeFontParameter;Lcom/badlogic/gdx/graphics/g2d/freetype/FreeTypeFontGenerator$FreeTypeBitmapFontData;)Lcom/badlogic/gdx/graphics/g2d/freetype/FreeTypeFontGenerator$FreeTypeBitmapFontData;+40
j  com.badlogic.gdx.graphics.g2d.freetype.FreeTypeFontGenerator.generateFont(Lcom/badlogic/gdx/graphics/g2d/freetype/FreeTypeFontGenerator$FreeTypeFontParameter;Lcom/badlogic/gdx/graphics/g2d/freetype/FreeTypeFontGenerator$FreeTypeBitmapFontData;)Lcom/badlogic/gdx/graphics/g2d/BitmapFont;+3
j  com.badlogic.gdx.graphics.g2d.freetype.FreeTypeFontGenerator.generateFont(Lcom/badlogic/gdx/graphics/g2d/freetype/FreeTypeFontGenerator$FreeTypeFontParameter;)Lcom/badlogic/gdx/graphics/g2d/BitmapFont;+9
j  com.mygdx.game.HomeScreen.show()V+40
j  com.badlogic.gdx.Game.setScreen(Lcom/badlogic/gdx/Screen;)V+32
j  com.mygdx.game.MyGdxGame.create()V+49
j  com.badlogic.gdx.backends.lwjgl.LwjglApplication.mainLoop()V+29
j  com.badlogic.gdx.backends.lwjgl.LwjglApplication$1.run()V+27
v  ~StubRoutines::call_stub
V  [jvm.dll+0x1cf7f3]

Java frames: (J=compiled Java code, j=interpreted, Vv=VM code)
j  com.badlogic.gdx.graphics.g2d.freetype.FreeType$Face.setPixelSizes(JII)Z+0
j  com.badlogic.gdx.graphics.g2d.freetype.FreeType$Face.setPixelSizes(II)Z+6
j  com.badlogic.gdx.graphics.g2d.freetype.FreeTypeFontGenerator.setPixelSizes(II)V+23
j  com.badlogic.gdx.graphics.g2d.freetype.FreeTypeFontGenerator.generateData(Lcom/badlogic/gdx/graphics/g2d/freetype/FreeTypeFontGenerator$FreeTypeFontParameter;Lcom/badlogic/gdx/graphics/g2d/freetype/FreeTypeFontGenerator$FreeTypeBitmapFontData;)Lcom/badlogic/gdx/graphics/g2d/freetype/FreeTypeFontGenerator$FreeTypeBitmapFontData;+40
j  com.badlogic.gdx.graphics.g2d.freetype.FreeTypeFontGenerator.generateFont(Lcom/badlogic/gdx/graphics/g2d/freetype/FreeTypeFontGenerator$FreeTypeFontParameter;Lcom/badlogic/gdx/graphics/g2d/freetype/FreeTypeFontGenerator$FreeTypeBitmapFontData;)Lcom/badlogic/gdx/graphics/g2d/BitmapFont;+3
j  com.badlogic.gdx.graphics.g2d.freetype.FreeTypeFontGenerator.generateFont(Lcom/badlogic/gdx/graphics/g2d/freetype/FreeTypeFontGenerator$FreeTypeFontParameter;)Lcom/badlogic/gdx/graphics/g2d/BitmapFont;+9
j  com.mygdx.game.HomeScreen.show()V+40
j  com.badlogic.gdx.Game.setScreen(Lcom/badlogic/gdx/Screen;)V+32
j  com.mygdx.game.MyGdxGame.create()V+49
j  com.badlogic.gdx.backends.lwjgl.LwjglApplication.mainLoop()V+29
j  com.badlogic.gdx.backends.lwjgl.LwjglApplication$1.run()V+27
v  ~StubRoutines::call_stub

---------------  P R O C E S S  ---------------

Java Threads: ( => current thread )
  0x00000000024e3800 JavaThread "DestroyJavaVM" [_thread_blocked, id=3520, stack(0x00000000023e0000,0x00000000024e0000)]
=>0x0000000011216000 JavaThread "LWJGL Application" [_thread_in_native, id=11624, stack(0x00000000124f0000,0x00000000125f0000)]
  0x0000000010e2b000 JavaThread "Monitor Ctrl-Break" daemon [_thread_in_native, id=13708, stack(0x00000000110c0000,0x00000000111c0000)]
  0x000000000f313800 JavaThread "Service Thread" daemon [_thread_blocked, id=10916, stack(0x0000000010a80000,0x0000000010b80000)]
  0x000000000f308800 JavaThread "C2 CompilerThread1" daemon [_thread_blocked, id=1452, stack(0x0000000010980000,0x0000000010a80000)]
  0x000000000f305000 JavaThread "C2 CompilerThread0" daemon [_thread_blocked, id=13612, stack(0x0000000010880000,0x0000000010980000)]
  0x000000000f304000 JavaThread "Attach Listener" daemon [_thread_blocked, id=13640, stack(0x0000000010780000,0x0000000010880000)]
  0x000000000f301000 JavaThread "Signal Dispatcher" daemon [_thread_blocked, id=13636, stack(0x0000000010680000,0x0000000010780000)]
  0x000000000f2d1800 JavaThread "Finalizer" daemon [_thread_blocked, id=3348, stack(0x0000000010580000,0x0000000010680000)]
  0x000000000f2c8000 JavaThread "Reference Handler" daemon [_thread_blocked, id=10580, stack(0x0000000010480000,0x0000000010580000)]

Other Threads:
  0x000000000f2c4000 VMThread [stack: 0x0000000010380000,0x0000000010480000] [id=13336]
  0x000000000f32f800 WatcherThread [stack: 0x0000000010b80000,0x0000000010c80000] [id=5160]

VM state:not at safepoint (normal execution)

VM Mutex/Monitor currently owned by a thread: None

Heap
 PSYoungGen      total 76288K, used 19678K [0x00000007ab080000, 0x00000007b0580000, 0x0000000800000000)
  eden space 65536K, 30% used [0x00000007ab080000,0x00000007ac3b7930,0x00000007af080000)
  from space 10752K, 0% used [0x00000007afb00000,0x00000007afb00000,0x00000007b0580000)
  to   space 10752K, 0% used [0x00000007af080000,0x00000007af080000,0x00000007afb00000)
 ParOldGen       total 173568K, used 0K [0x0000000701200000, 0x000000070bb80000, 0x00000007ab080000)
  object space 173568K, 0% used [0x0000000701200000,0x0000000701200000,0x000000070bb80000)
 PSPermGen       total 21504K, used 6758K [0x00000006fc000000, 0x00000006fd500000, 0x0000000701200000)
  object space 21504K, 31% used [0x00000006fc000000,0x00000006fc699b10,0x00000006fd500000)

Card table byte_map: [0x00000000055e0000,0x0000000005e10000] byte_map_base: 0x0000000001e00000

Polling page: 0x0000000000900000

Code Cache  [0x00000000025e0000, 0x0000000002850000, 0x00000000055e0000)
 total_blobs=443 nmethods=52 adapters=344 free_code_cache=48550Kb largest_free_block=49685888

Compilation events (10 events):
Event: 1.606 Thread 0x000000000f308800   45             java.lang.AbstractStringBuilder::append (48 bytes)
Event: 1.608 Thread 0x000000000f308800 nmethod 45 0x000000000266f8d0 code [0x000000000266fa20, 0x000000000266fbc8]
Event: 1.690 Thread 0x000000000f305000   46             java.lang.String::<init> (67 bytes)
Event: 1.692 Thread 0x000000000f308800   47             java.lang.String::indexOf (7 bytes)
Event: 1.692 Thread 0x000000000f305000 nmethod 46 0x0000000002670910 code [0x0000000002670a60, 0x0000000002670cd8]
Event: 1.692 Thread 0x000000000f305000   48             sun.nio.cs.UTF_8$Decoder::decodeArrayLoop (543 bytes)
Event: 1.694 Thread 0x000000000f308800 nmethod 47 0x0000000002671bd0 code [0x0000000002671d20, 0x0000000002671ee8]
Event: 1.694 Thread 0x000000000f308800   49   !         java.io.BufferedReader::readLine (304 bytes)
Event: 1.708 Thread 0x000000000f305000 nmethod 48 0x0000000002677090 code [0x00000000026772c0, 0x0000000002677e38]
Event: 1.708 Thread 0x000000000f305000   50             java.util.StringTokenizer::scanToken (179 bytes)

GC Heap History (0 events):
No events

Deoptimization events (1 events):
Event: 0.353 Thread 0x00000000024e3800 Uncommon trap: reason=null_check action=make_not_entrant pc=0x0000000002653204 method=java.lang.String.equals(Ljava/lang/Object;)Z @ 8

Internal exceptions (10 events):
Event: 1.645 Thread 0x0000000011216000 Threw 0x00000007ac1f2678 at C:\re\jdk7u79\2331\hotspot\src\share\vm\prims\jvm.cpp:1304
Event: 1.646 Thread 0x0000000011216000 Threw 0x00000007ac1fc048 at C:\re\jdk7u79\2331\hotspot\src\share\vm\prims\jvm.cpp:1304
Event: 1.647 Thread 0x0000000011216000 Threw 0x00000007ac204d00 at C:\re\jdk7u79\2331\hotspot\src\share\vm\prims\jvm.cpp:1304
Event: 1.648 Thread 0x0000000011216000 Threw 0x00000007ac20ef40 at C:\re\jdk7u79\2331\hotspot\src\share\vm\prims\jvm.cpp:1304
Event: 1.677 Thread 0x0000000011216000 Threw 0x00000007ac21beb8 at C:\re\jdk7u79\2331\hotspot\src\share\vm\prims\jvm.cpp:1304
Event: 1.677 Thread 0x0000000011216000 Threw 0x00000007ac223988 at C:\re\jdk7u79\2331\hotspot\src\share\vm\prims\jvm.cpp:1304
Event: 1.683 Thread 0x0000000011216000 Threw 0x00000007ac243910 at C:\re\jdk7u79\2331\hotspot\src\share\vm\prims\jvm.cpp:1304
Event: 1.686 Thread 0x0000000011216000 Threw 0x00000007ac252618 at C:\re\jdk7u79\2331\hotspot\src\share\vm\prims\jvm.cpp:1304
Event: 1.704 Thread 0x0000000011216000 Threw 0x00000007ac2d5748 at C:\re\jdk7u79\2331\hotspot\src\share\vm\prims\jvm.cpp:1304
Event: 1.709 Thread 0x0000000011216000 Threw 0x00000007ac2e6238 at C:\re\jdk7u79\2331\hotspot\src\share\vm\prims\jvm.cpp:1304

Events (10 events):
Event: 1.690 loading class 0x0000000010f83d90
Event: 1.690 loading class 0x0000000010f83d90 done
Event: 1.690 loading class 0x000000000252fb00
Event: 1.690 loading class 0x0000000010f858e0
Event: 1.690 loading class 0x0000000010f858e0 done
Event: 1.690 loading class 0x000000000252fb00 done
Event: 1.704 loading class 0x0000000010f61060
Event: 1.704 loading class 0x0000000010f61060 done
Event: 1.709 loading class 0x0000000011259fa0
Event: 1.709 loading class 0x0000000011259fa0 done


Dynamic libraries:
0x00007ff6645a0000 - 0x00007ff6645d3000 	C:\Program Files\Java\jdk1.7.0_79\bin\java.exe
0x00007ffbcefb0000 - 0x00007ffbcf171000 	C:\WINDOWS\SYSTEM32\ntdll.dll
0x00007ffbcc5c0000 - 0x00007ffbcc66d000 	C:\WINDOWS\system32\KERNEL32.DLL
0x00007ffbcb890000 - 0x00007ffbcba78000 	C:\WINDOWS\system32\KERNELBASE.dll
0x00007ffbcc3c0000 - 0x00007ffbcc467000 	C:\WINDOWS\system32\ADVAPI32.dll
0x00007ffbcc6d0000 - 0x00007ffbcc76d000 	C:\WINDOWS\system32\msvcrt.dll
0x00007ffbcc9c0000 - 0x00007ffbcca1b000 	C:\WINDOWS\system32\sechost.dll
0x00007ffbce3c0000 - 0x00007ffbce4dc000 	C:\WINDOWS\system32\RPCRT4.dll
0x00007ffbcee50000 - 0x00007ffbcefa6000 	C:\WINDOWS\system32\USER32.dll
0x00007ffbce020000 - 0x00007ffbce1a6000 	C:\WINDOWS\system32\GDI32.dll
0x00007ffbbd0d0000 - 0x00007ffbbd344000 	C:\WINDOWS\WinSxS\amd64_microsoft.windows.common-controls_6595b64144ccf1df_6.0.10586.0_none_8c15ae12515e1c22\COMCTL32.dll
0x00007ffbce9b0000 - 0x00007ffbcec2d000 	C:\WINDOWS\system32\combase.dll
0x00007ffbcbb60000 - 0x00007ffbcbbca000 	C:\WINDOWS\system32\bcryptPrimitives.dll
0x00007ffbcca20000 - 0x00007ffbcca5b000 	C:\WINDOWS\system32\IMM32.DLL
0x0000000073d00000 - 0x0000000073dd2000 	C:\Program Files\Java\jdk1.7.0_79\jre\bin\msvcr100.dll
0x0000000071fe0000 - 0x00000000727b5000 	C:\Program Files\Java\jdk1.7.0_79\jre\bin\server\jvm.dll
0x00007ffbcc3b0000 - 0x00007ffbcc3b8000 	C:\WINDOWS\system32\PSAPI.DLL
0x00007ffbbac20000 - 0x00007ffbbac29000 	C:\WINDOWS\SYSTEM32\WSOCK32.dll
0x00007ffbce4f0000 - 0x00007ffbce55b000 	C:\WINDOWS\system32\WS2_32.dll
0x00007ffbc9270000 - 0x00007ffbc9293000 	C:\WINDOWS\SYSTEM32\WINMM.dll
0x00007ffbc9210000 - 0x00007ffbc923c000 	C:\WINDOWS\SYSTEM32\WINMMBASE.dll
0x00007ffbcbc80000 - 0x00007ffbcbcc3000 	C:\WINDOWS\system32\cfgmgr32.dll
0x0000000073cf0000 - 0x0000000073cff000 	C:\Program Files\Java\jdk1.7.0_79\jre\bin\verify.dll
0x0000000073cc0000 - 0x0000000073ce8000 	C:\Program Files\Java\jdk1.7.0_79\jre\bin\java.dll
0x0000000073ca0000 - 0x0000000073cb5000 	C:\Program Files\Java\jdk1.7.0_79\jre\bin\zip.dll
0x00007ffbc7b50000 - 0x00007ffbc7b60000 	C:\Program Files (x86)\JetBrains\IntelliJ IDEA Community Edition 15.0.4\bin\breakgen64.dll
0x0000000073c80000 - 0x0000000073c9a000 	C:\Program Files\Java\jdk1.7.0_79\jre\bin\net.dll
0x00007ffbcaf00000 - 0x00007ffbcaf5c000 	C:\WINDOWS\system32\mswsock.dll
0x0000000065580000 - 0x0000000065616000 	C:\Users\Francesco Nutricato\AppData\Local\Temp\libgdxFrancesco Nutricato\2ec99cb7\gdx64.dll
0x00007ffbcafb0000 - 0x00007ffbcafc7000 	C:\WINDOWS\SYSTEM32\CRYPTSP.dll
0x00007ffbcac40000 - 0x00007ffbcac74000 	C:\WINDOWS\system32\rsaenh.dll
0x00007ffbcb1d0000 - 0x00007ffbcb1f9000 	C:\WINDOWS\SYSTEM32\bcrypt.dll
0x00007ffbcad90000 - 0x00007ffbcadaf000 	C:\WINDOWS\SYSTEM32\USERENV.dll
0x00007ffbcb5e0000 - 0x00007ffbcb5f4000 	C:\WINDOWS\system32\profapi.dll
0x00007ffbcb0d0000 - 0x00007ffbcb0db000 	C:\WINDOWS\SYSTEM32\CRYPTBASE.dll
0x00007ffbc7fa0000 - 0x00007ffbc7fd8000 	C:\WINDOWS\SYSTEM32\IPHLPAPI.DLL
0x00007ffbce4e0000 - 0x00007ffbce4e8000 	C:\WINDOWS\system32\NSI.dll
0x00007ffbbdfd0000 - 0x00007ffbbdfe6000 	C:\WINDOWS\SYSTEM32\dhcpcsvc6.DLL
0x00007ffbbf430000 - 0x00007ffbbf44a000 	C:\WINDOWS\SYSTEM32\dhcpcsvc.DLL
0x0000000073c60000 - 0x0000000073c71000 	C:\Program Files\Java\jdk1.7.0_79\jre\bin\nio.dll
0x0000000180000000 - 0x0000000180053000 	C:\Users\Francesco Nutricato\AppData\Local\Temp\libgdxFrancesco Nutricato\dc0f0009\lwjgl64.dll
0x00007ffbc3de0000 - 0x00007ffbc3dea000 	C:\WINDOWS\SYSTEM32\VERSION.dll
0x00007ffbaee80000 - 0x00007ffbaefa9000 	C:\WINDOWS\SYSTEM32\OPENGL32.dll
0x00007ffbc0c30000 - 0x00007ffbc0c5e000 	C:\WINDOWS\SYSTEM32\GLU32.dll
0x00007ffbb7b90000 - 0x00007ffbb7c8a000 	C:\WINDOWS\SYSTEM32\DDRAW.dll
0x00007ffbb8ab0000 - 0x00007ffbb8ab8000 	C:\WINDOWS\SYSTEM32\DCIMAN32.dll
0x0000000011d50000 - 0x0000000011db4000 	C:\Users\FRANCE~1\AppData\Local\Temp\libgdxFrancesco Nutricato\dc0f0009\OpenAL64.dll
0x00007ffbcca60000 - 0x00007ffbcdfbc000 	C:\WINDOWS\system32\SHELL32.dll
0x00007ffbcbd60000 - 0x00007ffbcc3a5000 	C:\WINDOWS\system32\windows.storage.dll
0x00007ffbcdfc0000 - 0x00007ffbce012000 	C:\WINDOWS\system32\shlwapi.dll
0x00007ffbcb600000 - 0x00007ffbcb60f000 	C:\WINDOWS\system32\kernel.appcore.dll
0x00007ffbcbaa0000 - 0x00007ffbcbb55000 	C:\WINDOWS\system32\shcore.dll
0x00007ffbcb610000 - 0x00007ffbcb65b000 	C:\WINDOWS\system32\powrprof.dll
0x00007ffbcc470000 - 0x00007ffbcc5b3000 	C:\WINDOWS\system32\ole32.dll
0x00007ffbc9d20000 - 0x00007ffbc9db6000 	C:\WINDOWS\system32\uxtheme.dll
0x00007ffbb62f0000 - 0x00007ffbb6393000 	C:\Program Files\Common Files\microsoft shared\ink\tiptsf.dll
0x00007ffbcc7e0000 - 0x00007ffbcc8a1000 	C:\WINDOWS\system32\OLEAUT32.dll
0x00007ffbce310000 - 0x00007ffbce3b7000 	C:\WINDOWS\system32\clbcatq.dll
0x00007ffbc8ff0000 - 0x00007ffbc9176000 	C:\WINDOWS\System32\PROPSYS.dll
0x00007ffbb58a0000 - 0x00007ffbb593c000 	C:\WINDOWS\SYSTEM32\dsound.dll
0x00007ffbc4240000 - 0x00007ffbc42b0000 	C:\WINDOWS\System32\MMDevApi.dll
0x00007ffbc9dc0000 - 0x00007ffbc9de7000 	C:\WINDOWS\System32\DEVOBJ.dll
0x00007ffbabf00000 - 0x00007ffbabf88000 	C:\WINDOWS\SYSTEM32\AUDIOSES.DLL
0x00007ffbca6e0000 - 0x00007ffbca816000 	C:\WINDOWS\SYSTEM32\wintypes.dll
0x00007ffbce1b0000 - 0x00007ffbce30a000 	C:\WINDOWS\system32\MSCTF.dll
0x00007ffbc96d0000 - 0x00007ffbc96f2000 	C:\WINDOWS\system32\dwmapi.dll
0x00007ffb9e4e0000 - 0x00007ffb9f1d5000 	C:\WINDOWS\SYSTEM32\ig9icd64.dll
0x00007ffbc5e80000 - 0x00007ffbc6cf2000 	C:\WINDOWS\SYSTEM32\igc64.dll
0x00007ffbc8fd0000 - 0x00007ffbc8fe3000 	C:\WINDOWS\SYSTEM32\WTSAPI32.dll
0x00007ffba5f60000 - 0x00007ffba5ff1000 	C:\WINDOWS\SYSTEM32\mscms.dll
0x00007ffbbc110000 - 0x00007ffbbc152000 	C:\WINDOWS\SYSTEM32\icm32.dll
0x00007ffba58e0000 - 0x00007ffba5a3c000 	C:\Windows\System32\uiautomationcore.dll
0x00007ffbcb490000 - 0x00007ffbcb529000 	C:\WINDOWS\SYSTEM32\sxs.dll
0x00007ffbc3440000 - 0x00007ffbc34aa000 	C:\Windows\System32\OLEACC.dll
0x000000006a740000 - 0x000000006a7f1000 	C:\Users\Francesco Nutricato\AppData\Local\Temp\libgdxFrancesco Nutricato\c0c1eece\gdx-freetype64.dll
0x00007ffbc3830000 - 0x00007ffbc39bc000 	C:\WINDOWS\SYSTEM32\dbghelp.dll

VM Arguments:
jvm_args: -Didea.launcher.port=7534 -Didea.launcher.bin.path=C:\Program Files (x86)\JetBrains\IntelliJ IDEA Community Edition 15.0.4\bin -Dfile.encoding=UTF-8 
java_command: com.intellij.rt.execution.application.AppMain com.mygdx.game.desktop.DesktopLauncher
Launcher Type: SUN_STANDARD

Environment Variables:
JAVA_HOME=C:\Program Files\Java\jdk1.7.0_79
PATH=C:\Program Files\Java\jdk1.7.0_79\bin;C:\WINDOWS\system32;C:\WINDOWS;C:\WINDOWS\System32\Wbem;C:\WINDOWS\System32\WindowsPowerShell\v1.0\;C:\Program Files\Git\cmd;C:\Program Files\Git\mingw64\bin;C:\Program Files\Git\usr\bin;C:\Program Files\Gradle\gradle_2_11\bin;C:\grails_2_4_4\bin;C:\Program Files\Groovy\Groovy-2.3.7\bin;C:\Program Files (x86)\MySQL\MySQL Fabric 1.5 & MySQL Utilities 1.5\;"C:\Program Files\MySQL\MySQL Server 5.7\bin"
USERNAME=Francesco Nutricato
OS=Windows_NT
PROCESSOR_IDENTIFIER=Intel64 Family 6 Model 78 Stepping 3, GenuineIntel



---------------  S Y S T E M  ---------------

OS: Windows 8.1 , 64 bit Build 9600 

CPU:total 4 (2 cores per cpu, 2 threads per core) family 6 model 78 stepping 3, cmov, cx8, fxsr, mmx, sse, sse2, sse3, ssse3, sse4.1, sse4.2, popcnt, avx, avx2, aes, erms, ht, tsc, tscinvbit

Memory: 4k page, physical 16699344k(9571640k free), swap 19189712k(8271988k free)

vm_info: Java HotSpot(TM) 64-Bit Server VM (24.79-b02) for windows-amd64 JRE (1.7.0_79-b15), built on Apr 10 2015 12:36:16 by "java_re" with unknown MS VC++:1600

time: Wed Apr 20 21:06:36 2016
elapsed time: 1 seconds

