#
# A fatal error has been detected by the Java Runtime Environment:
#
#  EXCEPTION_ACCESS_VIOLATION (0xc0000005) at pc=0x00007ff8c440499b, pid=8264, tid=10228
#
# JRE version: Java(TM) SE Runtime Environment (7.0_79-b15) (build 1.7.0_79-b15)
# Java VM: Java HotSpot(TM) 64-Bit Server VM (24.79-b02 mixed mode windows-amd64 compressed oops)
# Problematic frame:
# C  [ig9icd64.dll+0x65499b]
#
# Failed to write core dump. Minidumps are not enabled by default on client versions of Windows
#
# If you would like to submit a bug report, please visit:
#   http://bugreport.java.com/bugreport/crash.jsp
# The crash happened outside the Java Virtual Machine in native code.
# See problematic frame for where to report the bug.
#

---------------  T H R E A D  ---------------

Current thread (0x0000000010fdb800):  JavaThread "LWJGL Application" [_thread_in_native, id=10228, stack(0x0000000012490000,0x0000000012590000)]

siginfo: ExceptionCode=0xc0000005, writing address 0x0000000000000001

Registers:
RAX=0x0000000000000043, RBX=0x000000001258d425, RCX=0x0000000000000001, RDX=0x0000000000000004
RSP=0x000000001258d3d0, RBP=0x000000001258d428, RSI=0x0000000000000004, RDI=0x000000001258d428
R8 =0xffffffffeda72bdc, R9 =0x000000001258d4d0, R10=0x000000001258d3e0, R11=0xffffffffffffffff
R12=0x000000001258d8a8, R13=0x000000001258db50, R14=0x0000000000000448, R15=0x000000001258db50
RIP=0x00007ff8c440499b, EFLAGS=0x0000000000010202

Top of Stack: (sp=0x000000001258d3d0)
0x000000001258d3d0:   0000000000000000 0000000000000000
0x000000001258d3e0:   0000000000000000 0000000000000000
0x000000001258d3f0:   0000000fdab16620 00007ff8c4406ca8
0x000000001258d400:   000000001258d590 000000001258d500
0x000000001258d410:   0000000000000000 0000000000000000
0x000000001258d420:   dec043421258d588 0000000000000000
0x000000001258d430:   0000000000000000 0000000000040000
0x000000001258d440:   0000000000000000 0000000000000000
0x000000001258d450:   0000000fdab16718 0000000052ae7110
0x000000001258d460:   0000000012580104 000000001258d8a8
0x000000001258d470:   000000001258d428 0000000000000080
0x000000001258d480:   0000000000000002 0000000000000000
0x000000001258d490:   0000000000000000 0000000000000000
0x000000001258d4a0:   0000000000000000 0000000000000000
0x000000001258d4b0:   0000000000000000 0000000000000000
0x000000001258d4c0:   0000000000000000 0000000000000000 

Instructions: (pc=0x00007ff8c440499b)
0x00007ff8c440497b:   08 33 c0 48 3b dd 48 8b d6 48 0f 47 d0 48 85 d2
0x00007ff8c440498b:   74 1f 4c 8b c3 49 f7 d8 48 85 c9 74 05 0f b6 03
0x00007ff8c440499b:   88 01 48 ff c3 48 ff c1 49 8d 04 18 48 3b c2 75
0x00007ff8c44049ab:   e7 48 01 77 08 48 8b 5c 24 30 48 8b 6c 24 38 48 


Register to memory mapping:

RAX=0x0000000000000043 is an unknown value
RBX=0x000000001258d425 is pointing into the stack for thread: 0x0000000010fdb800
RCX=0x0000000000000001 is an unknown value
RDX=0x0000000000000004 is an unknown value
RSP=0x000000001258d3d0 is pointing into the stack for thread: 0x0000000010fdb800
RBP=0x000000001258d428 is pointing into the stack for thread: 0x0000000010fdb800
RSI=0x0000000000000004 is an unknown value
RDI=0x000000001258d428 is pointing into the stack for thread: 0x0000000010fdb800
R8 =0xffffffffeda72bdc is an unknown value
R9 =0x000000001258d4d0 is pointing into the stack for thread: 0x0000000010fdb800
R10=0x000000001258d3e0 is pointing into the stack for thread: 0x0000000010fdb800
R11=0xffffffffffffffff is an unknown value
R12=0x000000001258d8a8 is pointing into the stack for thread: 0x0000000010fdb800
R13=0x000000001258db50 is pointing into the stack for thread: 0x0000000010fdb800
R14=0x0000000000000448 is an unknown value
R15=0x000000001258db50 is pointing into the stack for thread: 0x0000000010fdb800


Stack: [0x0000000012490000,0x0000000012590000],  sp=0x000000001258d3d0,  free space=1012k
Native frames: (J=compiled Java code, j=interpreted, Vv=VM code, C=native code)
C  [ig9icd64.dll+0x65499b]

Java frames: (J=compiled Java code, j=interpreted, Vv=VM code)
J 986  org.lwjgl.opengl.GL20.nglLinkProgram(IJ)V (0 bytes) @ 0x00000000028acfa4 [0x00000000028acf60+0x44]
J 965 C2 com.badlogic.gdx.graphics.glutils.ShaderProgram.<init>(Ljava/lang/String;Ljava/lang/String;)V (246 bytes) @ 0x00000000028b9580 [0x00000000028b8c00+0x980]
J 1040 C2 com.badlogic.gdx.graphics.g2d.SpriteBatch.createDefaultShader()Lcom/badlogic/gdx/graphics/glutils/ShaderProgram; (55 bytes) @ 0x00000000028de8d8 [0x00000000028de860+0x78]
J 97 C2 com.badlogic.gdx.graphics.g2d.SpriteBatch.<init>(ILcom/badlogic/gdx/graphics/glutils/ShaderProgram;)V (416 bytes) @ 0x00000000026c2818 [0x00000000026c1740+0x10d8]
J 904% C2 com.badlogic.gdx.backends.lwjgl.LwjglApplication.mainLoop()V (886 bytes) @ 0x0000000002893f80 [0x00000000028913a0+0x2be0]
j  com.badlogic.gdx.backends.lwjgl.LwjglApplication$1.run()V+27
v  ~StubRoutines::call_stub

---------------  P R O C E S S  ---------------

Java Threads: ( => current thread )
  0x000000001188b800 JavaThread "LWJGL Timer" daemon [_thread_blocked, id=3916, stack(0x0000000059180000,0x0000000059280000)]
  0x00000000024f3800 JavaThread "DestroyJavaVM" [_thread_blocked, id=10028, stack(0x00000000023f0000,0x00000000024f0000)]
=>0x0000000010fdb800 JavaThread "LWJGL Application" [_thread_in_native, id=10228, stack(0x0000000012490000,0x0000000012590000)]
  0x0000000010e49000 JavaThread "Monitor Ctrl-Break" daemon [_thread_in_native, id=4372, stack(0x00000000110b0000,0x00000000111b0000)]
  0x000000000f32c000 JavaThread "Service Thread" daemon [_thread_blocked, id=7452, stack(0x0000000010a90000,0x0000000010b90000)]
  0x000000000f31f800 JavaThread "C2 CompilerThread1" daemon [_thread_blocked, id=7312, stack(0x0000000010990000,0x0000000010a90000)]
  0x000000000f31d800 JavaThread "C2 CompilerThread0" daemon [_thread_blocked, id=8852, stack(0x0000000010890000,0x0000000010990000)]
  0x000000000f31c800 JavaThread "Attach Listener" daemon [_thread_blocked, id=5044, stack(0x0000000010790000,0x0000000010890000)]
  0x000000000f319800 JavaThread "Signal Dispatcher" daemon [_thread_blocked, id=10156, stack(0x0000000010690000,0x0000000010790000)]
  0x00000000025da800 JavaThread "Finalizer" daemon [_thread_blocked, id=2580, stack(0x0000000010590000,0x0000000010690000)]
  0x000000000f2f4800 JavaThread "Reference Handler" daemon [_thread_blocked, id=3388, stack(0x0000000010490000,0x0000000010590000)]

Other Threads:
  0x000000000f2f3000 VMThread [stack: 0x0000000010390000,0x0000000010490000] [id=2872]
  0x000000000f340800 WatcherThread [stack: 0x0000000010b90000,0x0000000010c90000] [id=10144]

VM state:not at safepoint (normal execution)

VM Mutex/Monitor currently owned by a thread: None

Heap
 PSYoungGen      total 49152K, used 45966K [0x00000007ab080000, 0x00000007ae800000, 0x0000000800000000)
  eden space 43520K, 92% used [0x00000007ab080000,0x00000007ad7eb958,0x00000007adb00000)
  from space 5632K, 99% used [0x00000007adc00000,0x00000007ae178038,0x00000007ae180000)
  to   space 6656K, 0% used [0x00000007ae180000,0x00000007ae180000,0x00000007ae800000)
 ParOldGen       total 491008K, used 447662K [0x0000000701200000, 0x000000071f180000, 0x00000007ab080000)
  object space 491008K, 91% used [0x0000000701200000,0x000000071c72b9d8,0x000000071f180000)
 PSPermGen       total 21504K, used 9064K [0x00000006fc000000, 0x00000006fd500000, 0x0000000701200000)
  object space 21504K, 42% used [0x00000006fc000000,0x00000006fc8da118,0x00000006fd500000)

Card table byte_map: [0x00000000055f0000,0x0000000005e20000] byte_map_base: 0x0000000001e10000

Polling page: 0x00000000006d0000

Code Cache  [0x00000000025f0000, 0x0000000002900000, 0x00000000055f0000)
 total_blobs=1463 nmethods=1031 adapters=384 free_code_cache=46122Kb largest_free_block=47176640

Compilation events (10 events):
Event: 559.282 Thread 0x000000000f31f800 1062             com.badlogic.gdx.backends.lwjgl.LwjglInput::setInputProcessor (6 bytes)
Event: 559.282 Thread 0x000000000f31f800 nmethod 1062 0x00000000028eae90 code [0x00000000028eafc0, 0x00000000028eb038]
Event: 571.719 Thread 0x000000000f31d800 1063             java.util.regex.Matcher::<init> (84 bytes)
Event: 571.723 Thread 0x000000000f31d800 nmethod 1063 0x00000000028ecb90 code [0x00000000028ecce0, 0x00000000028ed028]
Event: 571.735 Thread 0x000000000f31f800 1064             java.util.regex.Matcher::replaceAll (59 bytes)
Event: 571.735 Thread 0x000000000f31d800 1065             java.util.regex.Matcher::find (69 bytes)
Event: 571.737 Thread 0x000000000f31d800 nmethod 1065 0x00000000028ec850 code [0x00000000028ec9a0, 0x00000000028ecaa8]
Event: 571.739 Thread 0x000000000f31f800 nmethod 1064 0x00000000028ec1d0 code [0x00000000028ec340, 0x00000000028ec598]
Event: 703.836 Thread 0x000000000f31d800 1067             java.util.regex.Matcher::getTextLength (10 bytes)
Event: 703.837 Thread 0x000000000f31d800 nmethod 1067 0x00000000028ed1d0 code [0x00000000028ed320, 0x00000000028ed3b8]

GC Heap History (10 events):
Event: 1247.616 GC heap before
{Heap before GC invocations=1131 (full 6):
 PSYoungGen      total 44032K, used 43841K [0x00000007ab080000, 0x00000007ae180000, 0x0000000800000000)
  eden space 39424K, 100% used [0x00000007ab080000,0x00000007ad700000,0x00000007ad700000)
  from space 4608K, 95% used [0x00000007add00000,0x00000007ae1506d0,0x00000007ae180000)
  to   space 5120K, 0% used [0x00000007ad780000,0x00000007ad780000,0x00000007adc80000)
 ParOldGen       total 491008K, used 445190K [0x0000000701200000, 0x000000071f180000, 0x00000007ab080000)
  object space 491008K, 90% used [0x0000000701200000,0x000000071c4c1b30,0x000000071f180000)
 PSPermGen       total 21504K, used 9064K [0x00000006fc000000, 0x00000006fd500000, 0x0000000701200000)
  object space 21504K, 42% used [0x00000006fc000000,0x00000006fc8da118,0x00000006fd500000)
Event: 1247.620 GC heap after
Heap after GC invocations=1131 (full 6):
 PSYoungGen      total 45056K, used 5067K [0x00000007ab080000, 0x00000007ae780000, 0x0000000800000000)
  eden space 39936K, 0% used [0x00000007ab080000,0x00000007ab080000,0x00000007ad780000)
  from space 5120K, 98% used [0x00000007ad780000,0x00000007adc72da0,0x00000007adc80000)
  to   space 5632K, 0% used [0x00000007ae200000,0x00000007ae200000,0x00000007ae780000)
 ParOldGen       total 491008K, used 445564K [0x0000000701200000, 0x000000071f180000, 0x00000007ab080000)
  object space 491008K, 90% used [0x0000000701200000,0x000000071c51f038,0x000000071f180000)
 PSPermGen       total 21504K, used 9064K [0x00000006fc000000, 0x00000006fd500000, 0x0000000701200000)
  object space 21504K, 42% used [0x00000006fc000000,0x00000006fc8da118,0x00000006fd500000)
}
Event: 1248.732 GC heap before
{Heap before GC invocations=1132 (full 6):
 PSYoungGen      total 45056K, used 45003K [0x00000007ab080000, 0x00000007ae780000, 0x0000000800000000)
  eden space 39936K, 100% used [0x00000007ab080000,0x00000007ad780000,0x00000007ad780000)
  from space 5120K, 98% used [0x00000007ad780000,0x00000007adc72da0,0x00000007adc80000)
  to   space 5632K, 0% used [0x00000007ae200000,0x00000007ae200000,0x00000007ae780000)
 ParOldGen       total 491008K, used 445564K [0x0000000701200000, 0x000000071f180000, 0x00000007ab080000)
  object space 491008K, 90% used [0x0000000701200000,0x000000071c51f038,0x000000071f180000)
 PSPermGen       total 21504K, used 9064K [0x00000006fc000000, 0x00000006fd500000, 0x0000000701200000)
  object space 21504K, 42% used [0x00000006fc000000,0x00000006fc8da118,0x00000006fd500000)
Event: 1248.740 GC heap after
Heap after GC invocations=1132 (full 6):
 PSYoungGen      total 50688K, used 5238K [0x00000007ab080000, 0x00000007ae800000, 0x0000000800000000)
  eden space 45056K, 0% used [0x00000007ab080000,0x00000007ab080000,0x00000007adc80000)
  from space 5632K, 93% used [0x00000007ae200000,0x00000007ae71d868,0x00000007ae780000)
  to   space 5632K, 0% used [0x00000007adc80000,0x00000007adc80000,0x00000007ae200000)
 ParOldGen       total 491008K, used 445964K [0x0000000701200000, 0x000000071f180000, 0x00000007ab080000)
  object space 491008K, 90% used [0x0000000701200000,0x000000071c583038,0x000000071f180000)
 PSPermGen       total 21504K, used 9064K [0x00000006fc000000, 0x00000006fd500000, 0x0000000701200000)
  object space 21504K, 42% used [0x00000006fc000000,0x00000006fc8da118,0x00000006fd500000)
}
Event: 1250.247 GC heap before
{Heap before GC invocations=1133 (full 6):
 PSYoungGen      total 50688K, used 50294K [0x00000007ab080000, 0x00000007ae800000, 0x0000000800000000)
  eden space 45056K, 100% used [0x00000007ab080000,0x00000007adc80000,0x00000007adc80000)
  from space 5632K, 93% used [0x00000007ae200000,0x00000007ae71d868,0x00000007ae780000)
  to   space 5632K, 0% used [0x00000007adc80000,0x00000007adc80000,0x00000007ae200000)
 ParOldGen       total 491008K, used 445964K [0x0000000701200000, 0x000000071f180000, 0x00000007ab080000)
  object space 491008K, 90% used [0x0000000701200000,0x000000071c583038,0x000000071f180000)
 PSPermGen       total 21504K, used 9064K [0x00000006fc000000, 0x00000006fd500000, 0x0000000701200000)
  object space 21504K, 42% used [0x00000006fc000000,0x00000006fc8da118,0x00000006fd500000)
Event: 1250.254 GC heap after
Heap after GC invocations=1133 (full 6):
 PSYoungGen      total 50176K, used 5631K [0x00000007ab080000, 0x00000007ae800000, 0x0000000800000000)
  eden space 44544K, 0% used [0x00000007ab080000,0x00000007ab080000,0x00000007adc00000)
  from space 5632K, 99% used [0x00000007adc80000,0x00000007ae1fffd0,0x00000007ae200000)
  to   space 6144K, 0% used [0x00000007ae200000,0x00000007ae200000,0x00000007ae800000)
 ParOldGen       total 491008K, used 446699K [0x0000000701200000, 0x000000071f180000, 0x00000007ab080000)
  object space 491008K, 90% used [0x0000000701200000,0x000000071c63af88,0x000000071f180000)
 PSPermGen       total 21504K, used 9064K [0x00000006fc000000, 0x00000006fd500000, 0x0000000701200000)
  object space 21504K, 42% used [0x00000006fc000000,0x00000006fc8da118,0x00000006fd500000)
}
Event: 1251.634 GC heap before
{Heap before GC invocations=1134 (full 6):
 PSYoungGen      total 50176K, used 50175K [0x00000007ab080000, 0x00000007ae800000, 0x0000000800000000)
  eden space 44544K, 100% used [0x00000007ab080000,0x00000007adc00000,0x00000007adc00000)
  from space 5632K, 99% used [0x00000007adc80000,0x00000007ae1fffd0,0x00000007ae200000)
  to   space 6144K, 0% used [0x00000007ae200000,0x00000007ae200000,0x00000007ae800000)
 ParOldGen       total 491008K, used 446699K [0x0000000701200000, 0x000000071f180000, 0x00000007ab080000)
  object space 491008K, 90% used [0x0000000701200000,0x000000071c63af88,0x000000071f180000)
 PSPermGen       total 21504K, used 9064K [0x00000006fc000000, 0x00000006fd500000, 0x0000000701200000)
  object space 21504K, 42% used [0x00000006fc000000,0x00000006fc8da118,0x00000006fd500000)
Event: 1251.639 GC heap after
Heap after GC invocations=1134 (full 6):
 PSYoungGen      total 50176K, used 5653K [0x00000007ab080000, 0x00000007ae800000, 0x0000000800000000)
  eden space 44032K, 0% used [0x00000007ab080000,0x00000007ab080000,0x00000007adb80000)
  from space 6144K, 92% used [0x00000007ae200000,0x00000007ae785558,0x00000007ae800000)
  to   space 6144K, 0% used [0x00000007adc00000,0x00000007adc00000,0x00000007ae200000)
 ParOldGen       total 491008K, used 447185K [0x0000000701200000, 0x000000071f180000, 0x00000007ab080000)
  object space 491008K, 91% used [0x0000000701200000,0x000000071c6b4490,0x000000071f180000)
 PSPermGen       total 21504K, used 9064K [0x00000006fc000000, 0x00000006fd500000, 0x0000000701200000)
  object space 21504K, 42% used [0x00000006fc000000,0x00000006fc8da118,0x00000006fd500000)
}
Event: 1254.200 GC heap before
{Heap before GC invocations=1135 (full 6):
 PSYoungGen      total 50176K, used 49685K [0x00000007ab080000, 0x00000007ae800000, 0x0000000800000000)
  eden space 44032K, 100% used [0x00000007ab080000,0x00000007adb80000,0x00000007adb80000)
  from space 6144K, 92% used [0x00000007ae200000,0x00000007ae785558,0x00000007ae800000)
  to   space 6144K, 0% used [0x00000007adc00000,0x00000007adc00000,0x00000007ae200000)
 ParOldGen       total 491008K, used 447185K [0x0000000701200000, 0x000000071f180000, 0x00000007ab080000)
  object space 491008K, 91% used [0x0000000701200000,0x000000071c6b4490,0x000000071f180000)
 PSPermGen       total 21504K, used 9064K [0x00000006fc000000, 0x00000006fd500000, 0x0000000701200000)
  object space 21504K, 42% used [0x00000006fc000000,0x00000006fc8da118,0x00000006fd500000)
Event: 1254.206 GC heap after
Heap after GC invocations=1135 (full 6):
 PSYoungGen      total 49152K, used 5600K [0x00000007ab080000, 0x00000007ae800000, 0x0000000800000000)
  eden space 43520K, 0% used [0x00000007ab080000,0x00000007ab080000,0x00000007adb00000)
  from space 5632K, 99% used [0x00000007adc00000,0x00000007ae178038,0x00000007ae180000)
  to   space 6656K, 0% used [0x00000007ae180000,0x00000007ae180000,0x00000007ae800000)
 ParOldGen       total 491008K, used 447662K [0x0000000701200000, 0x000000071f180000, 0x00000007ab080000)
  object space 491008K, 91% used [0x0000000701200000,0x000000071c72b9d8,0x000000071f180000)
 PSPermGen       total 21504K, used 9064K [0x00000006fc000000, 0x00000006fd500000, 0x0000000701200000)
  object space 21504K, 42% used [0x00000006fc000000,0x00000006fc8da118,0x00000006fd500000)
}

Deoptimization events (10 events):
Event: 105.505 Thread 0x0000000010fdb800 Uncommon trap: reason=null_check action=make_not_entrant pc=0x00000000027f68f4 method=com.badlogic.gdx.utils.ObjectMap.put_internal(Ljava/lang/Object;Ljava/lang/Object;)Ljava/lang/Object; @ 72
Event: 113.158 Thread 0x0000000010fdb800 Uncommon trap: reason=null_check action=make_not_entrant pc=0x0000000002823e58 method=com.badlogic.gdx.utils.ObjectMap.put_internal(Ljava/lang/Object;Ljava/lang/Object;)Ljava/lang/Object; @ 115
Event: 157.502 Thread 0x0000000010fdb800 Uncommon trap: reason=null_check action=make_not_entrant pc=0x000000000283cae0 method=com.badlogic.gdx.scenes.scene2d.ui.Skin.getRegion(Ljava/lang/String;)Lcom/badlogic/gdx/graphics/g2d/TextureRegion; @ 7
Event: 157.518 Thread 0x0000000010fdb800 Uncommon trap: reason=null_check action=make_not_entrant pc=0x0000000002848184 method=com.badlogic.gdx.scenes.scene2d.ui.Skin.getRegion(Ljava/lang/String;)Lcom/badlogic/gdx/graphics/g2d/TextureRegion; @ 7
Event: 167.670 Thread 0x0000000010fdb800 Uncommon trap: reason=null_check action=make_not_entrant pc=0x00000000028399c4 method=com.badlogic.gdx.scenes.scene2d.ui.WidgetGroup.invalidateHierarchy()V @ 10
Event: 406.780 Thread 0x00000000025da800 Uncommon trap: reason=bimorphic action=maybe_recompile pc=0x00000000027abd78 method=java.lang.System$2.invokeFinalize(Ljava/lang/Object;)V @ 1
Event: 406.781 Thread 0x00000000025da800 Uncommon trap: reason=bimorphic action=maybe_recompile pc=0x00000000027abd78 method=java.lang.System$2.invokeFinalize(Ljava/lang/Object;)V @ 1
Event: 406.781 Thread 0x00000000025da800 Uncommon trap: reason=bimorphic action=maybe_recompile pc=0x00000000027abd78 method=java.lang.System$2.invokeFinalize(Ljava/lang/Object;)V @ 1
Event: 406.781 Thread 0x00000000025da800 Uncommon trap: reason=bimorphic action=maybe_recompile pc=0x00000000027abd78 method=java.lang.System$2.invokeFinalize(Ljava/lang/Object;)V @ 1
Event: 406.782 Thread 0x00000000025da800 Uncommon trap: reason=bimorphic action=maybe_recompile pc=0x00000000027b6c18 method=java.lang.System$2.invokeFinalize(Ljava/lang/Object;)V @ 1

Internal exceptions (10 events):
Event: 102.228 Thread 0x0000000010fdb800 Threw 0x00000007ad68cdb8 at C:\re\jdk7u79\2331\hotspot\src\share\vm\prims\jvm.cpp:1304
Event: 102.229 Thread 0x0000000010fdb800 Threw 0x00000007ad693be8 at C:\re\jdk7u79\2331\hotspot\src\share\vm\prims\jvm.cpp:1304
Event: 102.230 Thread 0x0000000010fdb800 Threw 0x00000007ad69b858 at C:\re\jdk7u79\2331\hotspot\src\share\vm\prims\jvm.cpp:1304
Event: 102.231 Thread 0x0000000010fdb800 Implicit null exception at 0x000000000274e64f to 0x000000000274fec9
Event: 102.232 Thread 0x0000000010fdb800 Threw 0x00000007ad6a3f20 at C:\re\jdk7u79\2331\hotspot\src\share\vm\prims\jvm.cpp:1304
Event: 105.505 Thread 0x0000000010fdb800 Implicit null exception at 0x00000000027f6009 to 0x00000000027f68b5
Event: 113.158 Thread 0x0000000010fdb800 Implicit null exception at 0x0000000002823756 to 0x0000000002823e0d
Event: 157.502 Thread 0x0000000010fdb800 Implicit null exception at 0x000000000283c967 to 0x000000000283cad1
Event: 157.518 Thread 0x0000000010fdb800 Implicit null exception at 0x000000000284798f to 0x0000000002848169
Event: 167.670 Thread 0x0000000010fdb800 Implicit null exception at 0x00000000028397eb to 0x00000000028399b9

Events (10 events):
Event: 1247.616 Executing VM operation: ParallelGCFailedAllocation
Event: 1247.620 Executing VM operation: ParallelGCFailedAllocation done
Event: 1248.732 Executing VM operation: ParallelGCFailedAllocation
Event: 1248.740 Executing VM operation: ParallelGCFailedAllocation done
Event: 1250.247 Executing VM operation: ParallelGCFailedAllocation
Event: 1250.254 Executing VM operation: ParallelGCFailedAllocation done
Event: 1251.634 Executing VM operation: ParallelGCFailedAllocation
Event: 1251.639 Executing VM operation: ParallelGCFailedAllocation done
Event: 1254.200 Executing VM operation: ParallelGCFailedAllocation
Event: 1254.206 Executing VM operation: ParallelGCFailedAllocation done


Dynamic libraries:
0x00007ff6299f0000 - 0x00007ff629a23000 	C:\Program Files\Java\jdk1.7.0_79\bin\java.exe
0x00007ff8ef7e0000 - 0x00007ff8ef9a1000 	C:\WINDOWS\SYSTEM32\ntdll.dll
0x00007ff8ed750000 - 0x00007ff8ed7fd000 	C:\WINDOWS\system32\KERNEL32.DLL
0x00007ff8ebe90000 - 0x00007ff8ec078000 	C:\WINDOWS\system32\KERNELBASE.dll
0x00007ff8ecf60000 - 0x00007ff8ed007000 	C:\WINDOWS\system32\ADVAPI32.dll
0x00007ff8ef0e0000 - 0x00007ff8ef17d000 	C:\WINDOWS\system32\msvcrt.dll
0x00007ff8ed580000 - 0x00007ff8ed5db000 	C:\WINDOWS\system32\sechost.dll
0x00007ff8ed5f0000 - 0x00007ff8ed70c000 	C:\WINDOWS\system32\RPCRT4.dll
0x00007ff8eeeb0000 - 0x00007ff8ef006000 	C:\WINDOWS\system32\USER32.dll
0x00007ff8ecdc0000 - 0x00007ff8ecf46000 	C:\WINDOWS\system32\GDI32.dll
0x00007ff8db780000 - 0x00007ff8db9f4000 	C:\WINDOWS\WinSxS\amd64_microsoft.windows.common-controls_6595b64144ccf1df_6.0.10586.0_none_8c15ae12515e1c22\COMCTL32.dll
0x00007ff8ed070000 - 0x00007ff8ed2ed000 	C:\WINDOWS\system32\combase.dll
0x00007ff8ec080000 - 0x00007ff8ec0ea000 	C:\WINDOWS\system32\bcryptPrimitives.dll
0x00007ff8ed710000 - 0x00007ff8ed74b000 	C:\WINDOWS\system32\IMM32.DLL
0x0000000061af0000 - 0x0000000061bc2000 	C:\Program Files\Java\jdk1.7.0_79\jre\bin\msvcr100.dll
0x000000005fab0000 - 0x0000000060285000 	C:\Program Files\Java\jdk1.7.0_79\jre\bin\server\jvm.dll
0x00007ff8ecf50000 - 0x00007ff8ecf58000 	C:\WINDOWS\system32\PSAPI.DLL
0x00007ff8ea170000 - 0x00007ff8ea193000 	C:\WINDOWS\SYSTEM32\WINMM.dll
0x00007ff8dca80000 - 0x00007ff8dca89000 	C:\WINDOWS\SYSTEM32\WSOCK32.dll
0x00007ff8ef6c0000 - 0x00007ff8ef72b000 	C:\WINDOWS\system32\WS2_32.dll
0x00007ff8ea110000 - 0x00007ff8ea13c000 	C:\WINDOWS\SYSTEM32\WINMMBASE.dll
0x00007ff8ecad0000 - 0x00007ff8ecb13000 	C:\WINDOWS\system32\cfgmgr32.dll
0x0000000061ae0000 - 0x0000000061aef000 	C:\Program Files\Java\jdk1.7.0_79\jre\bin\verify.dll
0x0000000061ab0000 - 0x0000000061ad8000 	C:\Program Files\Java\jdk1.7.0_79\jre\bin\java.dll
0x0000000061a90000 - 0x0000000061aa5000 	C:\Program Files\Java\jdk1.7.0_79\jre\bin\zip.dll
0x00007ff8ea0c0000 - 0x00007ff8ea0d0000 	C:\Program Files (x86)\JetBrains\IntelliJ IDEA Community Edition 15.0.4\bin\breakgen64.dll
0x0000000061a70000 - 0x0000000061a8a000 	C:\Program Files\Java\jdk1.7.0_79\jre\bin\net.dll
0x00007ff8eb730000 - 0x00007ff8eb78c000 	C:\WINDOWS\system32\mswsock.dll
0x0000000065580000 - 0x0000000065616000 	C:\Users\Francesco Nutricato\AppData\Local\Temp\libgdxFrancesco Nutricato\2ec99cb7\gdx64.dll
0x00007ff8eb7e0000 - 0x00007ff8eb7f7000 	C:\WINDOWS\SYSTEM32\CRYPTSP.dll
0x00007ff8eb470000 - 0x00007ff8eb4a4000 	C:\WINDOWS\system32\rsaenh.dll
0x00007ff8ebb10000 - 0x00007ff8ebb39000 	C:\WINDOWS\SYSTEM32\bcrypt.dll
0x00007ff8eb5c0000 - 0x00007ff8eb5df000 	C:\WINDOWS\SYSTEM32\USERENV.dll
0x00007ff8ebe70000 - 0x00007ff8ebe84000 	C:\WINDOWS\system32\profapi.dll
0x00007ff8eb900000 - 0x00007ff8eb90b000 	C:\WINDOWS\SYSTEM32\CRYPTBASE.dll
0x00007ff8e84e0000 - 0x00007ff8e8518000 	C:\WINDOWS\SYSTEM32\IPHLPAPI.DLL
0x00007ff8ed5e0000 - 0x00007ff8ed5e8000 	C:\WINDOWS\system32\NSI.dll
0x00007ff8e2310000 - 0x00007ff8e2326000 	C:\WINDOWS\SYSTEM32\dhcpcsvc6.DLL
0x00007ff8e3da0000 - 0x00007ff8e3dba000 	C:\WINDOWS\SYSTEM32\dhcpcsvc.DLL
0x0000000061a30000 - 0x0000000061a41000 	C:\Program Files\Java\jdk1.7.0_79\jre\bin\nio.dll
0x0000000180000000 - 0x0000000180053000 	C:\Users\Francesco Nutricato\AppData\Local\Temp\libgdxFrancesco Nutricato\dc0f0009\lwjgl64.dll
0x00007ff8e43d0000 - 0x00007ff8e43da000 	C:\WINDOWS\SYSTEM32\VERSION.dll
0x00007ff8c7740000 - 0x00007ff8c7869000 	C:\WINDOWS\SYSTEM32\OPENGL32.dll
0x00007ff8dd530000 - 0x00007ff8dd55e000 	C:\WINDOWS\SYSTEM32\GLU32.dll
0x00007ff8bdb00000 - 0x00007ff8bdbfa000 	C:\WINDOWS\SYSTEM32\DDRAW.dll
0x00007ff8de700000 - 0x00007ff8de708000 	C:\WINDOWS\SYSTEM32\DCIMAN32.dll
0x0000000011d10000 - 0x0000000011d74000 	C:\Users\FRANCE~1\AppData\Local\Temp\libgdxFrancesco Nutricato\dc0f0009\OpenAL64.dll
0x00007ff8ed950000 - 0x00007ff8eeeac000 	C:\WINDOWS\system32\SHELL32.dll
0x00007ff8ec1e0000 - 0x00007ff8ec825000 	C:\WINDOWS\system32\windows.storage.dll
0x00007ff8ed520000 - 0x00007ff8ed572000 	C:\WINDOWS\system32\shlwapi.dll
0x00007ff8ebe10000 - 0x00007ff8ebe1f000 	C:\WINDOWS\system32\kernel.appcore.dll
0x00007ff8ecb20000 - 0x00007ff8ecbd5000 	C:\WINDOWS\system32\shcore.dll
0x00007ff8ebe20000 - 0x00007ff8ebe6b000 	C:\WINDOWS\system32\powrprof.dll
0x00007ff8ed800000 - 0x00007ff8ed943000 	C:\WINDOWS\system32\ole32.dll
0x00007ff8ea780000 - 0x00007ff8ea816000 	C:\WINDOWS\system32\uxtheme.dll
0x00007ff8d62c0000 - 0x00007ff8d6363000 	C:\Program Files\Common Files\microsoft shared\ink\tiptsf.dll
0x00007ff8ef010000 - 0x00007ff8ef0d1000 	C:\WINDOWS\system32\OLEAUT32.dll
0x00007ff8ef730000 - 0x00007ff8ef7d7000 	C:\WINDOWS\system32\clbcatq.dll
0x00007ff8e9e80000 - 0x00007ff8ea006000 	C:\WINDOWS\System32\PROPSYS.dll
0x00007ff8d2ea0000 - 0x00007ff8d2f3c000 	C:\WINDOWS\SYSTEM32\dsound.dll
0x00007ff8e4430000 - 0x00007ff8e44a0000 	C:\WINDOWS\System32\MMDevApi.dll
0x00007ff8ea820000 - 0x00007ff8ea847000 	C:\WINDOWS\System32\DEVOBJ.dll
0x00007ff8ce570000 - 0x00007ff8ce5f8000 	C:\WINDOWS\SYSTEM32\AUDIOSES.DLL
0x00007ff8e8520000 - 0x00007ff8e8656000 	C:\WINDOWS\SYSTEM32\wintypes.dll
0x00007ff8ed2f0000 - 0x00007ff8ed44a000 	C:\WINDOWS\system32\MSCTF.dll
0x00007ff8e9dd0000 - 0x00007ff8e9df2000 	C:\WINDOWS\system32\dwmapi.dll
0x00007ff8c3db0000 - 0x00007ff8c4abb000 	C:\WINDOWS\SYSTEM32\ig9icd64.dll
0x00007ff8e67c0000 - 0x00007ff8e7630000 	C:\WINDOWS\SYSTEM32\igc64.dll
0x00007ff8e9e20000 - 0x00007ff8e9e33000 	C:\WINDOWS\SYSTEM32\WTSAPI32.dll
0x00007ff8ce350000 - 0x00007ff8ce3e1000 	C:\WINDOWS\SYSTEM32\mscms.dll
0x00007ff8dc330000 - 0x00007ff8dc372000 	C:\WINDOWS\SYSTEM32\icm32.dll
0x00007ff8c64c0000 - 0x00007ff8c661c000 	C:\Windows\System32\uiautomationcore.dll
0x00007ff8ebcc0000 - 0x00007ff8ebd59000 	C:\WINDOWS\SYSTEM32\sxs.dll
0x00007ff8d5ea0000 - 0x00007ff8d5f0a000 	C:\Windows\System32\OLEACC.dll
0x000000006a740000 - 0x000000006a7f1000 	C:\Users\Francesco Nutricato\AppData\Local\Temp\libgdxFrancesco Nutricato\c0c1eece\gdx-freetype64.dll
0x00007ff8df550000 - 0x00007ff8df6dc000 	C:\WINDOWS\SYSTEM32\dbghelp.dll

VM Arguments:
jvm_args: -Didea.launcher.port=7542 -Didea.launcher.bin.path=C:\Program Files (x86)\JetBrains\IntelliJ IDEA Community Edition 15.0.4\bin -Dfile.encoding=UTF-8 
java_command: com.intellij.rt.execution.application.AppMain com.mygdx.game.desktop.DesktopLauncher
Launcher Type: SUN_STANDARD

Environment Variables:
JAVA_HOME=C:\Program Files\Java\jdk1.7.0_79
PATH=C:\Program Files\Java\jdk1.7.0_79\bin;C:\WINDOWS\system32;C:\WINDOWS;C:\WINDOWS\System32\Wbem;C:\WINDOWS\System32\WindowsPowerShell\v1.0\;C:\Program Files\Git\cmd;C:\Program Files\Git\mingw64\bin;C:\Program Files\Git\usr\bin;C:\Program Files\Gradle\gradle_2_11\bin;C:\grails_2_4_4\bin;C:\Program Files\Groovy\Groovy-2.3.7\bin;C:\Program Files (x86)\MySQL\MySQL Fabric 1.5 & MySQL Utilities 1.5\;"C:\Program Files\MySQL\MySQL Server 5.7\bin"
USERNAME=Francesco Nutricato
OS=Windows_NT
PROCESSOR_IDENTIFIER=Intel64 Family 6 Model 78 Stepping 3, GenuineIntel



---------------  S Y S T E M  ---------------

OS: Windows 8.1 , 64 bit Build 9600 

CPU:total 4 (2 cores per cpu, 2 threads per core) family 6 model 78 stepping 3, cmov, cx8, fxsr, mmx, sse, sse2, sse3, ssse3, sse4.1, sse4.2, popcnt, avx, avx2, aes, erms, ht, tsc, tscinvbit

Memory: 4k page, physical 16699344k(2235172k free), swap 67030992k(4084k free)

vm_info: Java HotSpot(TM) 64-Bit Server VM (24.79-b02) for windows-amd64 JRE (1.7.0_79-b15), built on Apr 10 2015 12:36:16 by "java_re" with unknown MS VC++:1600

time: Thu Apr 28 18:41:19 2016
elapsed time: 1255 seconds

