#
# A fatal error has been detected by the Java Runtime Environment:
#
#  EXCEPTION_ACCESS_VIOLATION (0xc0000005) at pc=0x00007ff8c407499b, pid=1528, tid=10132
#
# JRE version: Java(TM) SE Runtime Environment (7.0_79-b15) (build 1.7.0_79-b15)
# Java VM: Java HotSpot(TM) 64-Bit Server VM (24.79-b02 mixed mode windows-amd64 compressed oops)
# Problematic frame:
# C  [ig9icd64.dll+0x65499b]
#
# Failed to write core dump. Minidumps are not enabled by default on client versions of Windows
#
# If you would like to submit a bug report, please visit:
#   http://bugreport.java.com/bugreport/crash.jsp
# The crash happened outside the Java Virtual Machine in native code.
# See problematic frame for where to report the bug.
#

---------------  T H R E A D  ---------------

Current thread (0x0000000010ed4000):  JavaThread "LWJGL Application" [_thread_in_native, id=10132, stack(0x00000000126d0000,0x00000000127d0000)]

siginfo: ExceptionCode=0xc0000005, writing address 0x0000000000000001

Registers:
RAX=0x0000000000000043, RBX=0x00000000127cd155, RCX=0x0000000000000001, RDX=0x0000000000000004
RSP=0x00000000127cd100, RBP=0x00000000127cd158, RSI=0x0000000000000004, RDI=0x00000000127cd158
R8 =0xffffffffed832eac, R9 =0x00000000127cd200, R10=0x00000000127cd110, R11=0xffffffffffffffff
R12=0x00000000127cd5d8, R13=0x00000000127cd880, R14=0x0000000000000448, R15=0x00000000127cd880
RIP=0x00007ff8c407499b, EFLAGS=0x0000000000010202

Top of Stack: (sp=0x00000000127cd100)
0x00000000127cd100:   0000000000000000 0000000000000000
0x00000000127cd110:   0000000000000000 0000000000000000
0x00000000127cd120:   00000006b3342f20 00007ff8c4076ca8
0x00000000127cd130:   00000000127cd2c0 00000000127cd230
0x00000000127cd140:   0000000000000000 0000000000000000
0x00000000127cd150:   dec04342127cd2b8 0000000000000000
0x00000000127cd160:   0000000000000000 0000000000040000
0x00000000127cd170:   0000000000000000 0000000000000000
0x00000000127cd180:   00000006b3343018 0000000052bbf720
0x00000000127cd190:   00000000127c0104 00000000127cd5d8
0x00000000127cd1a0:   00000000127cd158 0000000000000080
0x00000000127cd1b0:   0000000000000002 0000000000000000
0x00000000127cd1c0:   0000000000000000 0000000000000000
0x00000000127cd1d0:   0000000000000000 0000000000000000
0x00000000127cd1e0:   0000000000000000 0000000000000000
0x00000000127cd1f0:   0000000000000000 0000000000000000 

Instructions: (pc=0x00007ff8c407499b)
0x00007ff8c407497b:   08 33 c0 48 3b dd 48 8b d6 48 0f 47 d0 48 85 d2
0x00007ff8c407498b:   74 1f 4c 8b c3 49 f7 d8 48 85 c9 74 05 0f b6 03
0x00007ff8c407499b:   88 01 48 ff c3 48 ff c1 49 8d 04 18 48 3b c2 75
0x00007ff8c40749ab:   e7 48 01 77 08 48 8b 5c 24 30 48 8b 6c 24 38 48 


Register to memory mapping:

RAX=0x0000000000000043 is an unknown value
RBX=0x00000000127cd155 is pointing into the stack for thread: 0x0000000010ed4000
RCX=0x0000000000000001 is an unknown value
RDX=0x0000000000000004 is an unknown value
RSP=0x00000000127cd100 is pointing into the stack for thread: 0x0000000010ed4000
RBP=0x00000000127cd158 is pointing into the stack for thread: 0x0000000010ed4000
RSI=0x0000000000000004 is an unknown value
RDI=0x00000000127cd158 is pointing into the stack for thread: 0x0000000010ed4000
R8 =0xffffffffed832eac is an unknown value
R9 =0x00000000127cd200 is pointing into the stack for thread: 0x0000000010ed4000
R10=0x00000000127cd110 is pointing into the stack for thread: 0x0000000010ed4000
R11=0xffffffffffffffff is an unknown value
R12=0x00000000127cd5d8 is pointing into the stack for thread: 0x0000000010ed4000
R13=0x00000000127cd880 is pointing into the stack for thread: 0x0000000010ed4000
R14=0x0000000000000448 is an unknown value
R15=0x00000000127cd880 is pointing into the stack for thread: 0x0000000010ed4000


Stack: [0x00000000126d0000,0x00000000127d0000],  sp=0x00000000127cd100,  free space=1012k
Native frames: (J=compiled Java code, j=interpreted, Vv=VM code, C=native code)
C  [ig9icd64.dll+0x65499b]

Java frames: (J=compiled Java code, j=interpreted, Vv=VM code)
j  org.lwjgl.opengl.GL20.nglLinkProgram(IJ)V+0
j  org.lwjgl.opengl.GL20.glLinkProgram(I)V+15
j  com.badlogic.gdx.backends.lwjgl.LwjglGL20.glLinkProgram(I)V+1
j  com.badlogic.gdx.graphics.glutils.ShaderProgram.linkProgram(I)I+35
j  com.badlogic.gdx.graphics.glutils.ShaderProgram.compileShaders(Ljava/lang/String;Ljava/lang/String;)V+50
j  com.badlogic.gdx.graphics.glutils.ShaderProgram.<init>(Ljava/lang/String;Ljava/lang/String;)V+219
j  com.badlogic.gdx.graphics.g2d.SpriteBatch.createDefaultShader()Lcom/badlogic/gdx/graphics/glutils/ShaderProgram;+12
J 97 C2 com.badlogic.gdx.graphics.g2d.SpriteBatch.<init>(ILcom/badlogic/gdx/graphics/glutils/ShaderProgram;)V (416 bytes) @ 0x00000000025b25d8 [0x00000000025b1500+0x10d8]
J 933% C2 com.badlogic.gdx.backends.lwjgl.LwjglApplication.mainLoop()V (886 bytes) @ 0x0000000002791d98 [0x000000000278f360+0x2a38]
j  com.badlogic.gdx.backends.lwjgl.LwjglApplication$1.run()V+27
v  ~StubRoutines::call_stub

---------------  P R O C E S S  ---------------

Java Threads: ( => current thread )
  0x000000001145e000 JavaThread "LWJGL Timer" daemon [_thread_blocked, id=3176, stack(0x00000000591d0000,0x00000000592d0000)]
  0x00000000023e3800 JavaThread "DestroyJavaVM" [_thread_blocked, id=9856, stack(0x0000000002280000,0x0000000002380000)]
=>0x0000000010ed4000 JavaThread "LWJGL Application" [_thread_in_native, id=10132, stack(0x00000000126d0000,0x00000000127d0000)]
  0x0000000010cf4800 JavaThread "Monitor Ctrl-Break" daemon [_thread_in_native, id=5964, stack(0x0000000010fe0000,0x00000000110e0000)]
  0x000000000f272800 JavaThread "Service Thread" daemon [_thread_blocked, id=7012, stack(0x00000000109e0000,0x0000000010ae0000)]
  0x000000000f268000 JavaThread "C2 CompilerThread1" daemon [_thread_blocked, id=9556, stack(0x00000000108e0000,0x00000000109e0000)]
  0x000000000f266000 JavaThread "C2 CompilerThread0" daemon [_thread_blocked, id=8372, stack(0x00000000107e0000,0x00000000108e0000)]
  0x000000000f265000 JavaThread "Attach Listener" daemon [_thread_blocked, id=4492, stack(0x00000000106e0000,0x00000000107e0000)]
  0x000000000f262000 JavaThread "Signal Dispatcher" daemon [_thread_blocked, id=7768, stack(0x00000000105e0000,0x00000000106e0000)]
  0x000000000f22b800 JavaThread "Finalizer" daemon [_thread_blocked, id=7976, stack(0x00000000104e0000,0x00000000105e0000)]
  0x000000000f228000 JavaThread "Reference Handler" daemon [_thread_blocked, id=7176, stack(0x00000000103e0000,0x00000000104e0000)]

Other Threads:
  0x000000000f224000 VMThread [stack: 0x00000000102e0000,0x00000000103e0000] [id=10000]
  0x000000000f295800 WatcherThread [stack: 0x0000000010ae0000,0x0000000010be0000] [id=10172]

VM state:not at safepoint (normal execution)

VM Mutex/Monitor currently owned by a thread: None

Heap
 PSYoungGen      total 47104K, used 38477K [0x00000007ab080000, 0x00000007ae700000, 0x0000000800000000)
  eden space 41472K, 79% used [0x00000007ab080000,0x00000007ad0e3598,0x00000007ad900000)
  from space 5632K, 94% used [0x00000007ad980000,0x00000007adeb01b0,0x00000007adf00000)
  to   space 7168K, 0% used [0x00000007ae000000,0x00000007ae000000,0x00000007ae700000)
 ParOldGen       total 230400K, used 224497K [0x0000000701200000, 0x000000070f300000, 0x00000007ab080000)
  object space 230400K, 97% used [0x0000000701200000,0x000000070ed3c6d8,0x000000070f300000)
 PSPermGen       total 21504K, used 8971K [0x00000006fc000000, 0x00000006fd500000, 0x0000000701200000)
  object space 21504K, 41% used [0x00000006fc000000,0x00000006fc8c2ed0,0x00000006fd500000)

Card table byte_map: [0x00000000054e0000,0x0000000005d10000] byte_map_base: 0x0000000001d00000

Polling page: 0x00000000007d0000

Code Cache  [0x00000000024e0000, 0x00000000027b0000, 0x00000000054e0000)
 total_blobs=1352 nmethods=936 adapters=368 free_code_cache=46340Kb largest_free_block=47397504

Compilation events (10 events):
Event: 544.928 Thread 0x000000000f266000 nmethod 958 0x0000000002785d50 code [0x0000000002785ec0, 0x0000000002786498]
Event: 544.929 Thread 0x000000000f268000 nmethod 959 0x00000000027892d0 code [0x0000000002789440, 0x0000000002789a58]
Event: 560.145 Thread 0x000000000f266000  960  s          java.lang.StringBuffer::append (8 bytes)
Event: 560.151 Thread 0x000000000f266000 nmethod 960 0x00000000027889d0 code [0x0000000002788b20, 0x0000000002788f88]
Event: 582.159 Thread 0x000000000f268000  962             java.util.zip.ZipFile$ZipFileInputStream::finalize (5 bytes)
Event: 582.159 Thread 0x000000000f268000 nmethod 962 0x0000000002785ad0 code [0x0000000002785c20, 0x0000000002785ca8]
Event: 588.187 Thread 0x000000000f266000  963             java.lang.String::toString (2 bytes)
Event: 588.187 Thread 0x000000000f266000 nmethod 963 0x00000000027858d0 code [0x0000000002785a00, 0x0000000002785a58]
Event: 600.571 Thread 0x000000000f268000  964             java.util.zip.ZipFile$ZipFileInflaterInputStream::finalize (5 bytes)
Event: 600.572 Thread 0x000000000f268000 nmethod 964 0x0000000002785650 code [0x00000000027857a0, 0x0000000002785828]

GC Heap History (10 events):
Event: 700.581 GC heap before
{Heap before GC invocations=406 (full 1):
 PSYoungGen      total 50688K, used 49543K [0x00000007ab080000, 0x00000007ae980000, 0x0000000800000000)
  eden space 44032K, 100% used [0x00000007ab080000,0x00000007adb80000,0x00000007adb80000)
  from space 6656K, 82% used [0x00000007ae300000,0x00000007ae861cc8,0x00000007ae980000)
  to   space 7168K, 0% used [0x00000007adb80000,0x00000007adb80000,0x00000007ae280000)
 ParOldGen       total 230400K, used 222201K [0x0000000701200000, 0x000000070f300000, 0x00000007ab080000)
  object space 230400K, 96% used [0x0000000701200000,0x000000070eafe740,0x000000070f300000)
 PSPermGen       total 21504K, used 8971K [0x00000006fc000000, 0x00000006fd500000, 0x0000000701200000)
  object space 21504K, 41% used [0x00000006fc000000,0x00000006fc8c2ed0,0x00000006fd500000)
Event: 700.594 GC heap after
Heap after GC invocations=406 (full 1):
 PSYoungGen      total 49152K, used 5589K [0x00000007ab080000, 0x00000007ae900000, 0x0000000800000000)
  eden space 43520K, 0% used [0x00000007ab080000,0x00000007ab080000,0x00000007adb00000)
  from space 5632K, 99% used [0x00000007adb80000,0x00000007ae0f5540,0x00000007ae100000)
  to   space 7168K, 0% used [0x00000007ae200000,0x00000007ae200000,0x00000007ae900000)
 ParOldGen       total 230400K, used 222649K [0x0000000701200000, 0x000000070f300000, 0x00000007ab080000)
  object space 230400K, 96% used [0x0000000701200000,0x000000070eb6e740,0x000000070f300000)
 PSPermGen       total 21504K, used 8971K [0x00000006fc000000, 0x00000006fd500000, 0x0000000701200000)
  object space 21504K, 41% used [0x00000006fc000000,0x00000006fc8c2ed0,0x00000006fd500000)
}
Event: 702.997 GC heap before
{Heap before GC invocations=407 (full 1):
 PSYoungGen      total 49152K, used 49109K [0x00000007ab080000, 0x00000007ae900000, 0x0000000800000000)
  eden space 43520K, 100% used [0x00000007ab080000,0x00000007adb00000,0x00000007adb00000)
  from space 5632K, 99% used [0x00000007adb80000,0x00000007ae0f5540,0x00000007ae100000)
  to   space 7168K, 0% used [0x00000007ae200000,0x00000007ae200000,0x00000007ae900000)
 ParOldGen       total 230400K, used 222649K [0x0000000701200000, 0x000000070f300000, 0x00000007ab080000)
  object space 230400K, 96% used [0x0000000701200000,0x000000070eb6e740,0x000000070f300000)
 PSPermGen       total 21504K, used 8971K [0x00000006fc000000, 0x00000006fd500000, 0x0000000701200000)
  object space 21504K, 41% used [0x00000006fc000000,0x00000006fc8c2ed0,0x00000006fd500000)
Event: 703.001 GC heap after
Heap after GC invocations=407 (full 1):
 PSYoungGen      total 49664K, used 5514K [0x00000007ab080000, 0x00000007ae880000, 0x0000000800000000)
  eden space 43008K, 0% used [0x00000007ab080000,0x00000007ab080000,0x00000007ada80000)
  from space 6656K, 82% used [0x00000007ae200000,0x00000007ae762b30,0x00000007ae880000)
  to   space 7168K, 0% used [0x00000007ada80000,0x00000007ada80000,0x00000007ae180000)
 ParOldGen       total 230400K, used 223127K [0x0000000701200000, 0x000000070f300000, 0x00000007ab080000)
  object space 230400K, 96% used [0x0000000701200000,0x000000070ebe5c88,0x000000070f300000)
 PSPermGen       total 21504K, used 8971K [0x00000006fc000000, 0x00000006fd500000, 0x0000000701200000)
  object space 21504K, 41% used [0x00000006fc000000,0x00000006fc8c2ed0,0x00000006fd500000)
}
Event: 705.871 GC heap before
{Heap before GC invocations=408 (full 1):
 PSYoungGen      total 49664K, used 48522K [0x00000007ab080000, 0x00000007ae880000, 0x0000000800000000)
  eden space 43008K, 100% used [0x00000007ab080000,0x00000007ada80000,0x00000007ada80000)
  from space 6656K, 82% used [0x00000007ae200000,0x00000007ae762b30,0x00000007ae880000)
  to   space 7168K, 0% used [0x00000007ada80000,0x00000007ada80000,0x00000007ae180000)
 ParOldGen       total 230400K, used 223127K [0x0000000701200000, 0x000000070f300000, 0x00000007ab080000)
  object space 230400K, 96% used [0x0000000701200000,0x000000070ebe5c88,0x000000070f300000)
 PSPermGen       total 21504K, used 8971K [0x00000006fc000000, 0x00000006fd500000, 0x0000000701200000)
  object space 21504K, 41% used [0x00000006fc000000,0x00000006fc8c2ed0,0x00000006fd500000)
Event: 705.882 GC heap after
Heap after GC invocations=408 (full 1):
 PSYoungGen      total 48128K, used 5340K [0x00000007ab080000, 0x00000007ae800000, 0x0000000800000000)
  eden space 42496K, 0% used [0x00000007ab080000,0x00000007ab080000,0x00000007ada00000)
  from space 5632K, 94% used [0x00000007ada80000,0x00000007adfb72c8,0x00000007ae000000)
  to   space 7168K, 0% used [0x00000007ae100000,0x00000007ae100000,0x00000007ae800000)
 ParOldGen       total 230400K, used 223588K [0x0000000701200000, 0x000000070f300000, 0x00000007ab080000)
  object space 230400K, 97% used [0x0000000701200000,0x000000070ec591d0,0x000000070f300000)
 PSPermGen       total 21504K, used 8971K [0x00000006fc000000, 0x00000006fd500000, 0x0000000701200000)
  object space 21504K, 41% used [0x00000006fc000000,0x00000006fc8c2ed0,0x00000006fd500000)
}
Event: 707.894 GC heap before
{Heap before GC invocations=409 (full 1):
 PSYoungGen      total 48128K, used 47836K [0x00000007ab080000, 0x00000007ae800000, 0x0000000800000000)
  eden space 42496K, 100% used [0x00000007ab080000,0x00000007ada00000,0x00000007ada00000)
  from space 5632K, 94% used [0x00000007ada80000,0x00000007adfb72c8,0x00000007ae000000)
  to   space 7168K, 0% used [0x00000007ae100000,0x00000007ae100000,0x00000007ae800000)
 ParOldGen       total 230400K, used 223588K [0x0000000701200000, 0x000000070f300000, 0x00000007ab080000)
  object space 230400K, 97% used [0x0000000701200000,0x000000070ec591d0,0x000000070f300000)
 PSPermGen       total 21504K, used 8971K [0x00000006fc000000, 0x00000006fd500000, 0x0000000701200000)
  object space 21504K, 41% used [0x00000006fc000000,0x00000006fc8c2ed0,0x00000006fd500000)
Event: 707.909 GC heap after
Heap after GC invocations=409 (full 1):
 PSYoungGen      total 48640K, used 5387K [0x00000007ab080000, 0x00000007ae780000, 0x0000000800000000)
  eden space 41984K, 0% used [0x00000007ab080000,0x00000007ab080000,0x00000007ad980000)
  from space 6656K, 80% used [0x00000007ae100000,0x00000007ae642c00,0x00000007ae780000)
  to   space 7168K, 0% used [0x00000007ad980000,0x00000007ad980000,0x00000007ae080000)
 ParOldGen       total 230400K, used 224028K [0x0000000701200000, 0x000000070f300000, 0x00000007ab080000)
  object space 230400K, 97% used [0x0000000701200000,0x000000070ecc71d0,0x000000070f300000)
 PSPermGen       total 21504K, used 8971K [0x00000006fc000000, 0x00000006fd500000, 0x0000000701200000)
  object space 21504K, 41% used [0x00000006fc000000,0x00000006fc8c2ed0,0x00000006fd500000)
}
Event: 709.833 GC heap before
{Heap before GC invocations=410 (full 1):
 PSYoungGen      total 48640K, used 47371K [0x00000007ab080000, 0x00000007ae780000, 0x0000000800000000)
  eden space 41984K, 100% used [0x00000007ab080000,0x00000007ad980000,0x00000007ad980000)
  from space 6656K, 80% used [0x00000007ae100000,0x00000007ae642c00,0x00000007ae780000)
  to   space 7168K, 0% used [0x00000007ad980000,0x00000007ad980000,0x00000007ae080000)
 ParOldGen       total 230400K, used 224028K [0x0000000701200000, 0x000000070f300000, 0x00000007ab080000)
  object space 230400K, 97% used [0x0000000701200000,0x000000070ecc71d0,0x000000070f300000)
 PSPermGen       total 21504K, used 8971K [0x00000006fc000000, 0x00000006fd500000, 0x0000000701200000)
  object space 21504K, 41% used [0x00000006fc000000,0x00000006fc8c2ed0,0x00000006fd500000)
Event: 709.836 GC heap after
Heap after GC invocations=410 (full 1):
 PSYoungGen      total 47104K, used 5312K [0x00000007ab080000, 0x00000007ae700000, 0x0000000800000000)
  eden space 41472K, 0% used [0x00000007ab080000,0x00000007ab080000,0x00000007ad900000)
  from space 5632K, 94% used [0x00000007ad980000,0x00000007adeb01b0,0x00000007adf00000)
  to   space 7168K, 0% used [0x00000007ae000000,0x00000007ae000000,0x00000007ae700000)
 ParOldGen       total 230400K, used 224497K [0x0000000701200000, 0x000000070f300000, 0x00000007ab080000)
  object space 230400K, 97% used [0x0000000701200000,0x000000070ed3c6d8,0x000000070f300000)
 PSPermGen       total 21504K, used 8971K [0x00000006fc000000, 0x00000006fd500000, 0x0000000701200000)
  object space 21504K, 41% used [0x00000006fc000000,0x00000006fc8c2ed0,0x00000006fd500000)
}

Deoptimization events (10 events):
Event: 106.314 Thread 0x0000000010ed4000 Uncommon trap: reason=null_check action=make_not_entrant pc=0x00000000026cf670 method=com.badlogic.gdx.utils.ObjectMap.put_internal(Ljava/lang/Object;Ljava/lang/Object;)Ljava/lang/Object; @ 72
Event: 120.965 Thread 0x0000000010ed4000 Uncommon trap: reason=null_check action=make_not_entrant pc=0x0000000002707a9c method=com.badlogic.gdx.utils.ObjectMap.put_internal(Ljava/lang/Object;Ljava/lang/Object;)Ljava/lang/Object; @ 115
Event: 158.708 Thread 0x0000000010ed4000 Uncommon trap: reason=null_check action=make_not_entrant pc=0x00000000027397a4 method=com.badlogic.gdx.scenes.scene2d.ui.Skin.getRegion(Ljava/lang/String;)Lcom/badlogic/gdx/graphics/g2d/TextureRegion; @ 7
Event: 158.723 Thread 0x0000000010ed4000 Uncommon trap: reason=null_check action=make_not_entrant pc=0x00000000027357a0 method=com.badlogic.gdx.scenes.scene2d.ui.Skin.getRegion(Ljava/lang/String;)Lcom/badlogic/gdx/graphics/g2d/TextureRegion; @ 7
Event: 168.210 Thread 0x0000000010ed4000 Uncommon trap: reason=null_check action=make_not_entrant pc=0x000000000273bdc4 method=com.badlogic.gdx.scenes.scene2d.ui.WidgetGroup.invalidateHierarchy()V @ 10
Event: 501.758 Thread 0x000000000f22b800 Uncommon trap: reason=bimorphic action=maybe_recompile pc=0x000000000271ccf8 method=java.lang.System$2.invokeFinalize(Ljava/lang/Object;)V @ 1
Event: 501.759 Thread 0x000000000f22b800 Uncommon trap: reason=bimorphic action=maybe_recompile pc=0x000000000271ccf8 method=java.lang.System$2.invokeFinalize(Ljava/lang/Object;)V @ 1
Event: 501.759 Thread 0x000000000f22b800 Uncommon trap: reason=bimorphic action=maybe_recompile pc=0x000000000271ccf8 method=java.lang.System$2.invokeFinalize(Ljava/lang/Object;)V @ 1
Event: 501.759 Thread 0x000000000f22b800 Uncommon trap: reason=bimorphic action=maybe_recompile pc=0x000000000271ccf8 method=java.lang.System$2.invokeFinalize(Ljava/lang/Object;)V @ 1
Event: 501.759 Thread 0x000000000f22b800 Uncommon trap: reason=bimorphic action=maybe_recompile pc=0x000000000271c118 method=java.lang.System$2.invokeFinalize(Ljava/lang/Object;)V @ 1

Internal exceptions (10 events):
Event: 103.397 Thread 0x0000000010ed4000 Threw 0x00000007abdb9d30 at C:\re\jdk7u79\2331\hotspot\src\share\vm\prims\jvm.cpp:1304
Event: 103.398 Thread 0x0000000010ed4000 Threw 0x00000007abdc0b60 at C:\re\jdk7u79\2331\hotspot\src\share\vm\prims\jvm.cpp:1304
Event: 103.399 Thread 0x0000000010ed4000 Threw 0x00000007abdc87d0 at C:\re\jdk7u79\2331\hotspot\src\share\vm\prims\jvm.cpp:1304
Event: 103.401 Thread 0x0000000010ed4000 Implicit null exception at 0x000000000263b50f to 0x000000000263cd89
Event: 103.401 Thread 0x0000000010ed4000 Threw 0x00000007abdd0e98 at C:\re\jdk7u79\2331\hotspot\src\share\vm\prims\jvm.cpp:1304
Event: 106.314 Thread 0x0000000010ed4000 Implicit null exception at 0x00000000026ced89 to 0x00000000026cf631
Event: 120.965 Thread 0x0000000010ed4000 Implicit null exception at 0x000000000270727f to 0x0000000002707a51
Event: 158.708 Thread 0x0000000010ed4000 Implicit null exception at 0x0000000002739297 to 0x0000000002739789
Event: 158.723 Thread 0x0000000010ed4000 Implicit null exception at 0x0000000002735627 to 0x0000000002735791
Event: 168.210 Thread 0x0000000010ed4000 Implicit null exception at 0x000000000273bbeb to 0x000000000273bdb9

Events (10 events):
Event: 700.580 Executing VM operation: ParallelGCFailedAllocation
Event: 700.594 Executing VM operation: ParallelGCFailedAllocation done
Event: 702.995 Executing VM operation: ParallelGCFailedAllocation
Event: 703.002 Executing VM operation: ParallelGCFailedAllocation done
Event: 705.869 Executing VM operation: ParallelGCFailedAllocation
Event: 705.882 Executing VM operation: ParallelGCFailedAllocation done
Event: 707.894 Executing VM operation: ParallelGCFailedAllocation
Event: 707.910 Executing VM operation: ParallelGCFailedAllocation done
Event: 709.832 Executing VM operation: ParallelGCFailedAllocation
Event: 709.836 Executing VM operation: ParallelGCFailedAllocation done


Dynamic libraries:
0x00007ff6299f0000 - 0x00007ff629a23000 	C:\Program Files\Java\jdk1.7.0_79\bin\java.exe
0x00007ff8ef7e0000 - 0x00007ff8ef9a1000 	C:\WINDOWS\SYSTEM32\ntdll.dll
0x00007ff8ed750000 - 0x00007ff8ed7fd000 	C:\WINDOWS\system32\KERNEL32.DLL
0x00007ff8ebe90000 - 0x00007ff8ec078000 	C:\WINDOWS\system32\KERNELBASE.dll
0x00007ff8ecf60000 - 0x00007ff8ed007000 	C:\WINDOWS\system32\ADVAPI32.dll
0x00007ff8ef0e0000 - 0x00007ff8ef17d000 	C:\WINDOWS\system32\msvcrt.dll
0x00007ff8ed580000 - 0x00007ff8ed5db000 	C:\WINDOWS\system32\sechost.dll
0x00007ff8ed5f0000 - 0x00007ff8ed70c000 	C:\WINDOWS\system32\RPCRT4.dll
0x00007ff8eeeb0000 - 0x00007ff8ef006000 	C:\WINDOWS\system32\USER32.dll
0x00007ff8ecdc0000 - 0x00007ff8ecf46000 	C:\WINDOWS\system32\GDI32.dll
0x00007ff8db780000 - 0x00007ff8db9f4000 	C:\WINDOWS\WinSxS\amd64_microsoft.windows.common-controls_6595b64144ccf1df_6.0.10586.0_none_8c15ae12515e1c22\COMCTL32.dll
0x00007ff8ed070000 - 0x00007ff8ed2ed000 	C:\WINDOWS\system32\combase.dll
0x00007ff8ec080000 - 0x00007ff8ec0ea000 	C:\WINDOWS\system32\bcryptPrimitives.dll
0x00007ff8ed710000 - 0x00007ff8ed74b000 	C:\WINDOWS\system32\IMM32.DLL
0x0000000061af0000 - 0x0000000061bc2000 	C:\Program Files\Java\jdk1.7.0_79\jre\bin\msvcr100.dll
0x000000005fab0000 - 0x0000000060285000 	C:\Program Files\Java\jdk1.7.0_79\jre\bin\server\jvm.dll
0x00007ff8ecf50000 - 0x00007ff8ecf58000 	C:\WINDOWS\system32\PSAPI.DLL
0x00007ff8dca80000 - 0x00007ff8dca89000 	C:\WINDOWS\SYSTEM32\WSOCK32.dll
0x00007ff8ef6c0000 - 0x00007ff8ef72b000 	C:\WINDOWS\system32\WS2_32.dll
0x00007ff8ea170000 - 0x00007ff8ea193000 	C:\WINDOWS\SYSTEM32\WINMM.dll
0x00007ff8ea110000 - 0x00007ff8ea13c000 	C:\WINDOWS\SYSTEM32\WINMMBASE.dll
0x00007ff8ecad0000 - 0x00007ff8ecb13000 	C:\WINDOWS\system32\cfgmgr32.dll
0x0000000061ae0000 - 0x0000000061aef000 	C:\Program Files\Java\jdk1.7.0_79\jre\bin\verify.dll
0x0000000061ab0000 - 0x0000000061ad8000 	C:\Program Files\Java\jdk1.7.0_79\jre\bin\java.dll
0x0000000061a90000 - 0x0000000061aa5000 	C:\Program Files\Java\jdk1.7.0_79\jre\bin\zip.dll
0x00007ff8ea0c0000 - 0x00007ff8ea0d0000 	C:\Program Files (x86)\JetBrains\IntelliJ IDEA Community Edition 15.0.4\bin\breakgen64.dll
0x0000000061a70000 - 0x0000000061a8a000 	C:\Program Files\Java\jdk1.7.0_79\jre\bin\net.dll
0x00007ff8eb730000 - 0x00007ff8eb78c000 	C:\WINDOWS\system32\mswsock.dll
0x0000000065580000 - 0x0000000065616000 	C:\Users\Francesco Nutricato\AppData\Local\Temp\libgdxFrancesco Nutricato\2ec99cb7\gdx64.dll
0x00007ff8eb7e0000 - 0x00007ff8eb7f7000 	C:\WINDOWS\SYSTEM32\CRYPTSP.dll
0x00007ff8eb470000 - 0x00007ff8eb4a4000 	C:\WINDOWS\system32\rsaenh.dll
0x00007ff8ebb10000 - 0x00007ff8ebb39000 	C:\WINDOWS\SYSTEM32\bcrypt.dll
0x00007ff8eb5c0000 - 0x00007ff8eb5df000 	C:\WINDOWS\SYSTEM32\USERENV.dll
0x00007ff8ebe70000 - 0x00007ff8ebe84000 	C:\WINDOWS\system32\profapi.dll
0x00007ff8eb900000 - 0x00007ff8eb90b000 	C:\WINDOWS\SYSTEM32\CRYPTBASE.dll
0x00007ff8e84e0000 - 0x00007ff8e8518000 	C:\WINDOWS\SYSTEM32\IPHLPAPI.DLL
0x00007ff8ed5e0000 - 0x00007ff8ed5e8000 	C:\WINDOWS\system32\NSI.dll
0x00007ff8e2310000 - 0x00007ff8e2326000 	C:\WINDOWS\SYSTEM32\dhcpcsvc6.DLL
0x00007ff8e3da0000 - 0x00007ff8e3dba000 	C:\WINDOWS\SYSTEM32\dhcpcsvc.DLL
0x0000000061a30000 - 0x0000000061a41000 	C:\Program Files\Java\jdk1.7.0_79\jre\bin\nio.dll
0x0000000180000000 - 0x0000000180053000 	C:\Users\Francesco Nutricato\AppData\Local\Temp\libgdxFrancesco Nutricato\dc0f0009\lwjgl64.dll
0x00007ff8e43d0000 - 0x00007ff8e43da000 	C:\WINDOWS\SYSTEM32\VERSION.dll
0x00007ff8d8d20000 - 0x00007ff8d8e49000 	C:\WINDOWS\SYSTEM32\OPENGL32.dll
0x00007ff8bdb00000 - 0x00007ff8bdbfa000 	C:\WINDOWS\SYSTEM32\DDRAW.dll
0x00007ff8e8c90000 - 0x00007ff8e8cbe000 	C:\WINDOWS\SYSTEM32\GLU32.dll
0x00007ff8de700000 - 0x00007ff8de708000 	C:\WINDOWS\SYSTEM32\DCIMAN32.dll
0x0000000011d50000 - 0x0000000011db4000 	C:\Users\FRANCE~1\AppData\Local\Temp\libgdxFrancesco Nutricato\dc0f0009\OpenAL64.dll
0x00007ff8ed950000 - 0x00007ff8eeeac000 	C:\WINDOWS\system32\SHELL32.dll
0x00007ff8ec1e0000 - 0x00007ff8ec825000 	C:\WINDOWS\system32\windows.storage.dll
0x00007ff8ed520000 - 0x00007ff8ed572000 	C:\WINDOWS\system32\shlwapi.dll
0x00007ff8ebe10000 - 0x00007ff8ebe1f000 	C:\WINDOWS\system32\kernel.appcore.dll
0x00007ff8ecb20000 - 0x00007ff8ecbd5000 	C:\WINDOWS\system32\shcore.dll
0x00007ff8ebe20000 - 0x00007ff8ebe6b000 	C:\WINDOWS\system32\powrprof.dll
0x00007ff8ed800000 - 0x00007ff8ed943000 	C:\WINDOWS\system32\ole32.dll
0x00007ff8ea780000 - 0x00007ff8ea816000 	C:\WINDOWS\system32\uxtheme.dll
0x00007ff8d62c0000 - 0x00007ff8d6363000 	C:\Program Files\Common Files\microsoft shared\ink\tiptsf.dll
0x00007ff8ef010000 - 0x00007ff8ef0d1000 	C:\WINDOWS\system32\OLEAUT32.dll
0x00007ff8ef730000 - 0x00007ff8ef7d7000 	C:\WINDOWS\system32\clbcatq.dll
0x00007ff8e9e80000 - 0x00007ff8ea006000 	C:\WINDOWS\System32\PROPSYS.dll
0x00007ff8dd700000 - 0x00007ff8dd79c000 	C:\WINDOWS\SYSTEM32\dsound.dll
0x00007ff8e4430000 - 0x00007ff8e44a0000 	C:\WINDOWS\System32\MMDevApi.dll
0x00007ff8ea820000 - 0x00007ff8ea847000 	C:\WINDOWS\System32\DEVOBJ.dll
0x00007ff8ce570000 - 0x00007ff8ce5f8000 	C:\WINDOWS\SYSTEM32\AUDIOSES.DLL
0x00007ff8e8520000 - 0x00007ff8e8656000 	C:\WINDOWS\SYSTEM32\wintypes.dll
0x00007ff8ed2f0000 - 0x00007ff8ed44a000 	C:\WINDOWS\system32\MSCTF.dll
0x00007ff8e9dd0000 - 0x00007ff8e9df2000 	C:\WINDOWS\system32\dwmapi.dll
0x00007ff8c3a20000 - 0x00007ff8c472b000 	C:\WINDOWS\SYSTEM32\ig9icd64.dll
0x00007ff8e67c0000 - 0x00007ff8e7630000 	C:\WINDOWS\SYSTEM32\igc64.dll
0x00007ff8e9e20000 - 0x00007ff8e9e33000 	C:\WINDOWS\SYSTEM32\WTSAPI32.dll
0x00007ff8ce350000 - 0x00007ff8ce3e1000 	C:\WINDOWS\SYSTEM32\mscms.dll
0x00007ff8e2a20000 - 0x00007ff8e2a62000 	C:\WINDOWS\SYSTEM32\icm32.dll
0x00007ff8c64c0000 - 0x00007ff8c661c000 	C:\Windows\System32\uiautomationcore.dll
0x00007ff8ebcc0000 - 0x00007ff8ebd59000 	C:\WINDOWS\SYSTEM32\sxs.dll
0x00007ff8d5ea0000 - 0x00007ff8d5f0a000 	C:\Windows\System32\OLEACC.dll
0x000000006a740000 - 0x000000006a7f1000 	C:\Users\Francesco Nutricato\AppData\Local\Temp\libgdxFrancesco Nutricato\c0c1eece\gdx-freetype64.dll
0x00007ff8df550000 - 0x00007ff8df6dc000 	C:\WINDOWS\SYSTEM32\dbghelp.dll

VM Arguments:
jvm_args: -Didea.launcher.port=7541 -Didea.launcher.bin.path=C:\Program Files (x86)\JetBrains\IntelliJ IDEA Community Edition 15.0.4\bin -Dfile.encoding=UTF-8 
java_command: com.intellij.rt.execution.application.AppMain com.mygdx.game.desktop.DesktopLauncher
Launcher Type: SUN_STANDARD

Environment Variables:
JAVA_HOME=C:\Program Files\Java\jdk1.7.0_79
PATH=C:\Program Files\Java\jdk1.7.0_79\bin;C:\WINDOWS\system32;C:\WINDOWS;C:\WINDOWS\System32\Wbem;C:\WINDOWS\System32\WindowsPowerShell\v1.0\;C:\Program Files\Git\cmd;C:\Program Files\Git\mingw64\bin;C:\Program Files\Git\usr\bin;C:\Program Files\Gradle\gradle_2_11\bin;C:\grails_2_4_4\bin;C:\Program Files\Groovy\Groovy-2.3.7\bin;C:\Program Files (x86)\MySQL\MySQL Fabric 1.5 & MySQL Utilities 1.5\;"C:\Program Files\MySQL\MySQL Server 5.7\bin"
USERNAME=Francesco Nutricato
OS=Windows_NT
PROCESSOR_IDENTIFIER=Intel64 Family 6 Model 78 Stepping 3, GenuineIntel



---------------  S Y S T E M  ---------------

OS: Windows 8.1 , 64 bit Build 9600 

CPU:total 4 (2 cores per cpu, 2 threads per core) family 6 model 78 stepping 3, cmov, cx8, fxsr, mmx, sse, sse2, sse3, ssse3, sse4.1, sse4.2, popcnt, avx, avx2, aes, erms, ht, tsc, tscinvbit

Memory: 4k page, physical 16699344k(405492k free), swap 67030992k(13988k free)

vm_info: Java HotSpot(TM) 64-Bit Server VM (24.79-b02) for windows-amd64 JRE (1.7.0_79-b15), built on Apr 10 2015 12:36:16 by "java_re" with unknown MS VC++:1600

time: Thu Apr 28 17:52:14 2016
elapsed time: 711 seconds

