#
# A fatal error has been detected by the Java Runtime Environment:
#
#  EXCEPTION_ACCESS_VIOLATION (0xc0000005) at pc=0x00007ff8c440499b, pid=10024, tid=9848
#
# JRE version: Java(TM) SE Runtime Environment (7.0_79-b15) (build 1.7.0_79-b15)
# Java VM: Java HotSpot(TM) 64-Bit Server VM (24.79-b02 mixed mode windows-amd64 compressed oops)
# Problematic frame:
# C  [ig9icd64.dll+0x65499b]
#
# Failed to write core dump. Minidumps are not enabled by default on client versions of Windows
#
# If you would like to submit a bug report, please visit:
#   http://bugreport.java.com/bugreport/crash.jsp
# The crash happened outside the Java Virtual Machine in native code.
# See problematic frame for where to report the bug.
#

---------------  T H R E A D  ---------------

Current thread (0x000000001107e800):  JavaThread "LWJGL Application" [_thread_in_native, id=9848, stack(0x00000000123b0000,0x00000000124b0000)]

siginfo: ExceptionCode=0xc0000005, writing address 0x0000000000000001

Registers:
RAX=0x0000000000000043, RBX=0x00000000124ad0a5, RCX=0x0000000000000001, RDX=0x0000000000000004
RSP=0x00000000124ad050, RBP=0x00000000124ad0a8, RSI=0x0000000000000004, RDI=0x00000000124ad0a8
R8 =0xffffffffedb52f5c, R9 =0x00000000124ad150, R10=0x00000000124ad060, R11=0xffffffffffffffff
R12=0x00000000124ad528, R13=0x00000000124ad7d0, R14=0x0000000000000448, R15=0x00000000124ad7d0
RIP=0x00007ff8c440499b, EFLAGS=0x0000000000010202

Top of Stack: (sp=0x00000000124ad050)
0x00000000124ad050:   0000000000000000 0000000000000000
0x00000000124ad060:   0000000000000000 0000000000000000
0x00000000124ad070:   00000001b6f9a860 00007ff8c4406ca8
0x00000000124ad080:   00000000124ad210 00000000124ad180
0x00000000124ad090:   0000000000000000 0000000000000000
0x00000000124ad0a0:   dec04342124ad208 0000000000000000
0x00000000124ad0b0:   0000000000000000 0000000000040000
0x00000000124ad0c0:   0000000000000000 0000000000000000
0x00000000124ad0d0:   00000001b6f9a958 0000000012758dc0
0x00000000124ad0e0:   00000000124a0104 00000000124ad528
0x00000000124ad0f0:   00000000124ad0a8 0000000000000080
0x00000000124ad100:   0000000000000002 0000000000000000
0x00000000124ad110:   0000000000000000 0000000000000000
0x00000000124ad120:   0000000000000000 0000000000000000
0x00000000124ad130:   0000000000000000 0000000000000000
0x00000000124ad140:   0000000000000000 0000000000000000 

Instructions: (pc=0x00007ff8c440499b)
0x00007ff8c440497b:   08 33 c0 48 3b dd 48 8b d6 48 0f 47 d0 48 85 d2
0x00007ff8c440498b:   74 1f 4c 8b c3 49 f7 d8 48 85 c9 74 05 0f b6 03
0x00007ff8c440499b:   88 01 48 ff c3 48 ff c1 49 8d 04 18 48 3b c2 75
0x00007ff8c44049ab:   e7 48 01 77 08 48 8b 5c 24 30 48 8b 6c 24 38 48 


Register to memory mapping:

RAX=0x0000000000000043 is an unknown value
RBX=0x00000000124ad0a5 is pointing into the stack for thread: 0x000000001107e800
RCX=0x0000000000000001 is an unknown value
RDX=0x0000000000000004 is an unknown value
RSP=0x00000000124ad050 is pointing into the stack for thread: 0x000000001107e800
RBP=0x00000000124ad0a8 is pointing into the stack for thread: 0x000000001107e800
RSI=0x0000000000000004 is an unknown value
RDI=0x00000000124ad0a8 is pointing into the stack for thread: 0x000000001107e800
R8 =0xffffffffedb52f5c is an unknown value
R9 =0x00000000124ad150 is pointing into the stack for thread: 0x000000001107e800
R10=0x00000000124ad060 is pointing into the stack for thread: 0x000000001107e800
R11=0xffffffffffffffff is an unknown value
R12=0x00000000124ad528 is pointing into the stack for thread: 0x000000001107e800
R13=0x00000000124ad7d0 is pointing into the stack for thread: 0x000000001107e800
R14=0x0000000000000448 is an unknown value
R15=0x00000000124ad7d0 is pointing into the stack for thread: 0x000000001107e800


Stack: [0x00000000123b0000,0x00000000124b0000],  sp=0x00000000124ad050,  free space=1012k
Native frames: (J=compiled Java code, j=interpreted, Vv=VM code, C=native code)
C  [ig9icd64.dll+0x65499b]

Java frames: (J=compiled Java code, j=interpreted, Vv=VM code)
j  org.lwjgl.opengl.GL20.nglLinkProgram(IJ)V+0
j  org.lwjgl.opengl.GL20.glLinkProgram(I)V+15
j  com.badlogic.gdx.backends.lwjgl.LwjglGL20.glLinkProgram(I)V+1
j  com.badlogic.gdx.graphics.glutils.ShaderProgram.linkProgram(I)I+35
j  com.badlogic.gdx.graphics.glutils.ShaderProgram.compileShaders(Ljava/lang/String;Ljava/lang/String;)V+50
j  com.badlogic.gdx.graphics.glutils.ShaderProgram.<init>(Ljava/lang/String;Ljava/lang/String;)V+219
j  com.badlogic.gdx.graphics.glutils.ImmediateModeRenderer20.createDefaultShader(ZZI)Lcom/badlogic/gdx/graphics/glutils/ShaderProgram;+22
j  com.badlogic.gdx.graphics.glutils.ImmediateModeRenderer20.<init>(IZZI)V+10
j  com.badlogic.gdx.graphics.glutils.ShapeRenderer.<init>(ILcom/badlogic/gdx/graphics/glutils/ShaderProgram;)V+87
j  com.badlogic.gdx.graphics.glutils.ShapeRenderer.<init>(I)V+3
j  com.badlogic.gdx.graphics.glutils.ShapeRenderer.<init>()V+4
j  com.mygdx.game.PlayScreen.highlightDestination(Lcom/mygdx/game/Location;)V+19
j  com.mygdx.game.PlayScreen.play()V+142
j  com.mygdx.game.PlayScreen.render(F)V+29
j  com.badlogic.gdx.Game.render()V+19
j  com.mygdx.game.MyGdxGame.render()V+1
j  com.badlogic.gdx.backends.lwjgl.LwjglApplication.mainLoop()V+698
j  com.badlogic.gdx.backends.lwjgl.LwjglApplication$1.run()V+27
v  ~StubRoutines::call_stub

---------------  P R O C E S S  ---------------

Java Threads: ( => current thread )
  0x0000000011bec000 JavaThread "LWJGL Timer" daemon [_thread_blocked, id=9100, stack(0x0000000059190000,0x0000000059290000)]
  0x0000000002423800 JavaThread "DestroyJavaVM" [_thread_blocked, id=788, stack(0x0000000002320000,0x0000000002420000)]
=>0x000000001107e800 JavaThread "LWJGL Application" [_thread_in_native, id=9848, stack(0x00000000123b0000,0x00000000124b0000)]
  0x0000000010eb7000 JavaThread "Monitor Ctrl-Break" daemon [_thread_in_native, id=8812, stack(0x00000000111c0000,0x00000000112c0000)]
  0x000000000f378800 JavaThread "Service Thread" daemon [_thread_blocked, id=9668, stack(0x0000000010ad0000,0x0000000010bd0000)]
  0x000000000f375800 JavaThread "C2 CompilerThread1" daemon [_thread_blocked, id=3148, stack(0x00000000109d0000,0x0000000010ad0000)]
  0x000000000f368000 JavaThread "C2 CompilerThread0" daemon [_thread_blocked, id=1136, stack(0x00000000108d0000,0x00000000109d0000)]
  0x000000000f367000 JavaThread "Attach Listener" daemon [_thread_blocked, id=10108, stack(0x00000000107d0000,0x00000000108d0000)]
  0x000000000f364000 JavaThread "Signal Dispatcher" daemon [_thread_blocked, id=9432, stack(0x00000000106d0000,0x00000000107d0000)]
  0x000000000f331000 JavaThread "Finalizer" daemon [_thread_blocked, id=4532, stack(0x00000000105d0000,0x00000000106d0000)]
  0x000000000f328000 JavaThread "Reference Handler" daemon [_thread_blocked, id=7200, stack(0x00000000104d0000,0x00000000105d0000)]

Other Threads:
  0x000000000f324000 VMThread [stack: 0x00000000103d0000,0x00000000104d0000] [id=4628]
  0x000000000f3c1800 WatcherThread [stack: 0x0000000010bd0000,0x0000000010cd0000] [id=6216]

VM state:not at safepoint (normal execution)

VM Mutex/Monitor currently owned by a thread: None

Heap
 PSYoungGen      total 72704K, used 40894K [0x00000007ab080000, 0x00000007b0980000, 0x0000000800000000)
  eden space 59904K, 46% used [0x00000007ab080000,0x00000007acbf2b20,0x00000007aeb00000)
  from space 12800K, 99% used [0x00000007afa00000,0x00000007b067cd18,0x00000007b0680000)
  to   space 15360K, 0% used [0x00000007aeb00000,0x00000007aeb00000,0x00000007afa00000)
 ParOldGen       total 173568K, used 4584K [0x0000000701200000, 0x000000070bb80000, 0x00000007ab080000)
  object space 173568K, 2% used [0x0000000701200000,0x000000070167a1d0,0x000000070bb80000)
 PSPermGen       total 21504K, used 8663K [0x00000006fc000000, 0x00000006fd500000, 0x0000000701200000)
  object space 21504K, 40% used [0x00000006fc000000,0x00000006fc875f28,0x00000006fd500000)

Card table byte_map: [0x00000000055e0000,0x0000000005e10000] byte_map_base: 0x0000000001e00000

Polling page: 0x0000000000500000

Code Cache  [0x0000000002520000, 0x0000000002790000, 0x0000000005520000)
 total_blobs=944 nmethods=515 adapters=381 free_code_cache=47356Kb largest_free_block=48455872

Compilation events (10 events):
Event: 54.018 Thread 0x000000000f375800  524   !         org.lwjgl.opengl.Display::isCreated (17 bytes)
Event: 54.019 Thread 0x000000000f375800 nmethod 524 0x000000000263ce90 code [0x000000000263cfe0, 0x000000000263d238]
Event: 54.535 Thread 0x000000000f368000  525             javazoom.jl.decoder.Bitstream::isSyncMark (135 bytes)
Event: 54.536 Thread 0x000000000f368000 nmethod 525 0x00000000025c2750 code [0x00000000025c2880, 0x00000000025c2998]
Event: 54.685 Thread 0x000000000f375800  526             java.io.PushbackInputStream::ensureOpen (18 bytes)
Event: 54.685 Thread 0x000000000f375800 nmethod 526 0x00000000026bf350 code [0x00000000026bf480, 0x00000000026bf4f8]
Event: 54.898 Thread 0x000000000f368000  527             com.badlogic.gdx.scenes.scene2d.ui.Label::textEquals (62 bytes)
Event: 54.902 Thread 0x000000000f368000 nmethod 527 0x00000000025c21d0 code [0x00000000025c2320, 0x00000000025c2558]
Event: 55.042 Thread 0x000000000f375800  528             com.badlogic.gdx.math.Vector3::crs (62 bytes)
Event: 55.043 Thread 0x000000000f375800 nmethod 528 0x00000000025c1c50 code [0x00000000025c1d80, 0x00000000025c1e38]

GC Heap History (10 events):
Event: 19.769 GC heap before
{Heap before GC invocations=4 (full 0):
 PSYoungGen      total 76288K, used 74543K [0x00000007ab080000, 0x00000007b0580000, 0x0000000800000000)
  eden space 65536K, 100% used [0x00000007ab080000,0x00000007af080000,0x00000007af080000)
  from space 10752K, 83% used [0x00000007af080000,0x00000007af94bca0,0x00000007afb00000)
  to   space 10752K, 0% used [0x00000007afb00000,0x00000007afb00000,0x00000007b0580000)
 ParOldGen       total 173568K, used 24K [0x0000000701200000, 0x000000070bb80000, 0x00000007ab080000)
  object space 173568K, 0% used [0x0000000701200000,0x0000000701206000,0x000000070bb80000)
 PSPermGen       total 21504K, used 7526K [0x00000006fc000000, 0x00000006fd500000, 0x0000000701200000)
  object space 21504K, 34% used [0x00000006fc000000,0x00000006fc759870,0x00000006fd500000)
Event: 19.794 GC heap after
Heap after GC invocations=4 (full 0):
 PSYoungGen      total 76288K, used 9519K [0x00000007ab080000, 0x00000007b0580000, 0x0000000800000000)
  eden space 65536K, 0% used [0x00000007ab080000,0x00000007ab080000,0x00000007af080000)
  from space 10752K, 88% used [0x00000007afb00000,0x00000007b044bdc8,0x00000007b0580000)
  to   space 10752K, 0% used [0x00000007af080000,0x00000007af080000,0x00000007afb00000)
 ParOldGen       total 173568K, used 32K [0x0000000701200000, 0x000000070bb80000, 0x00000007ab080000)
  object space 173568K, 0% used [0x0000000701200000,0x0000000701208000,0x000000070bb80000)
 PSPermGen       total 21504K, used 7526K [0x00000006fc000000, 0x00000006fd500000, 0x0000000701200000)
  object space 21504K, 34% used [0x00000006fc000000,0x00000006fc759870,0x00000006fd500000)
}
Event: 24.894 GC heap before
{Heap before GC invocations=5 (full 0):
 PSYoungGen      total 76288K, used 75055K [0x00000007ab080000, 0x00000007b0580000, 0x0000000800000000)
  eden space 65536K, 100% used [0x00000007ab080000,0x00000007af080000,0x00000007af080000)
  from space 10752K, 88% used [0x00000007afb00000,0x00000007b044bdc8,0x00000007b0580000)
  to   space 10752K, 0% used [0x00000007af080000,0x00000007af080000,0x00000007afb00000)
 ParOldGen       total 173568K, used 32K [0x0000000701200000, 0x000000070bb80000, 0x00000007ab080000)
  object space 173568K, 0% used [0x0000000701200000,0x0000000701208000,0x000000070bb80000)
 PSPermGen       total 21504K, used 7929K [0x00000006fc000000, 0x00000006fd500000, 0x0000000701200000)
  object space 21504K, 36% used [0x00000006fc000000,0x00000006fc7be468,0x00000006fd500000)
Event: 24.902 GC heap after
Heap after GC invocations=5 (full 0):
 PSYoungGen      total 74752K, used 10501K [0x00000007ab080000, 0x00000007b0500000, 0x0000000800000000)
  eden space 64000K, 0% used [0x00000007ab080000,0x00000007ab080000,0x00000007aef00000)
  from space 10752K, 97% used [0x00000007af080000,0x00000007afac15c8,0x00000007afb00000)
  to   space 10240K, 0% used [0x00000007afb00000,0x00000007afb00000,0x00000007b0500000)
 ParOldGen       total 173568K, used 40K [0x0000000701200000, 0x000000070bb80000, 0x00000007ab080000)
  object space 173568K, 0% used [0x0000000701200000,0x000000070120a000,0x000000070bb80000)
 PSPermGen       total 21504K, used 7929K [0x00000006fc000000, 0x00000006fd500000, 0x0000000701200000)
  object space 21504K, 36% used [0x00000006fc000000,0x00000006fc7be468,0x00000006fd500000)
}
Event: 35.613 GC heap before
{Heap before GC invocations=6 (full 0):
 PSYoungGen      total 74752K, used 74501K [0x00000007ab080000, 0x00000007b0500000, 0x0000000800000000)
  eden space 64000K, 100% used [0x00000007ab080000,0x00000007aef00000,0x00000007aef00000)
  from space 10752K, 97% used [0x00000007af080000,0x00000007afac15c8,0x00000007afb00000)
  to   space 10240K, 0% used [0x00000007afb00000,0x00000007afb00000,0x00000007b0500000)
 ParOldGen       total 173568K, used 40K [0x0000000701200000, 0x000000070bb80000, 0x00000007ab080000)
  object space 173568K, 0% used [0x0000000701200000,0x000000070120a000,0x000000070bb80000)
 PSPermGen       total 21504K, used 8526K [0x00000006fc000000, 0x00000006fd500000, 0x0000000701200000)
  object space 21504K, 39% used [0x00000006fc000000,0x00000006fc853940,0x00000006fd500000)
Event: 35.620 GC heap after
Heap after GC invocations=6 (full 0):
 PSYoungGen      total 72704K, used 10044K [0x00000007ab080000, 0x00000007b0500000, 0x0000000800000000)
  eden space 62464K, 0% used [0x00000007ab080000,0x00000007ab080000,0x00000007aed80000)
  from space 10240K, 98% used [0x00000007afb00000,0x00000007b04cf0a0,0x00000007b0500000)
  to   space 11264K, 0% used [0x00000007aef00000,0x00000007aef00000,0x00000007afa00000)
 ParOldGen       total 173568K, used 80K [0x0000000701200000, 0x000000070bb80000, 0x00000007ab080000)
  object space 173568K, 0% used [0x0000000701200000,0x0000000701214010,0x000000070bb80000)
 PSPermGen       total 21504K, used 8526K [0x00000006fc000000, 0x00000006fd500000, 0x0000000701200000)
  object space 21504K, 39% used [0x00000006fc000000,0x00000006fc853940,0x00000006fd500000)
}
Event: 46.235 GC heap before
{Heap before GC invocations=7 (full 0):
 PSYoungGen      total 72704K, used 72508K [0x00000007ab080000, 0x00000007b0500000, 0x0000000800000000)
  eden space 62464K, 100% used [0x00000007ab080000,0x00000007aed80000,0x00000007aed80000)
  from space 10240K, 98% used [0x00000007afb00000,0x00000007b04cf0a0,0x00000007b0500000)
  to   space 11264K, 0% used [0x00000007aef00000,0x00000007aef00000,0x00000007afa00000)
 ParOldGen       total 173568K, used 80K [0x0000000701200000, 0x000000070bb80000, 0x00000007ab080000)
  object space 173568K, 0% used [0x0000000701200000,0x0000000701214010,0x000000070bb80000)
 PSPermGen       total 21504K, used 8552K [0x00000006fc000000, 0x00000006fd500000, 0x0000000701200000)
  object space 21504K, 39% used [0x00000006fc000000,0x00000006fc85a010,0x00000006fd500000)
Event: 46.241 GC heap after
Heap after GC invocations=7 (full 0):
 PSYoungGen      total 72704K, used 11238K [0x00000007ab080000, 0x00000007b0680000, 0x0000000800000000)
  eden space 61440K, 0% used [0x00000007ab080000,0x00000007ab080000,0x00000007aec80000)
  from space 11264K, 99% used [0x00000007aef00000,0x00000007af9f9b50,0x00000007afa00000)
  to   space 12800K, 0% used [0x00000007afa00000,0x00000007afa00000,0x00000007b0680000)
 ParOldGen       total 173568K, used 2230K [0x0000000701200000, 0x000000070bb80000, 0x00000007ab080000)
  object space 173568K, 1% used [0x0000000701200000,0x000000070142d920,0x000000070bb80000)
 PSPermGen       total 21504K, used 8552K [0x00000006fc000000, 0x00000006fd500000, 0x0000000701200000)
  object space 21504K, 39% used [0x00000006fc000000,0x00000006fc85a010,0x00000006fd500000)
}
Event: 52.932 GC heap before
{Heap before GC invocations=8 (full 0):
 PSYoungGen      total 72704K, used 72678K [0x00000007ab080000, 0x00000007b0680000, 0x0000000800000000)
  eden space 61440K, 100% used [0x00000007ab080000,0x00000007aec80000,0x00000007aec80000)
  from space 11264K, 99% used [0x00000007aef00000,0x00000007af9f9b50,0x00000007afa00000)
  to   space 12800K, 0% used [0x00000007afa00000,0x00000007afa00000,0x00000007b0680000)
 ParOldGen       total 173568K, used 2230K [0x0000000701200000, 0x000000070bb80000, 0x00000007ab080000)
  object space 173568K, 1% used [0x0000000701200000,0x000000070142d920,0x000000070bb80000)
 PSPermGen       total 21504K, used 8658K [0x00000006fc000000, 0x00000006fd500000, 0x0000000701200000)
  object space 21504K, 40% used [0x00000006fc000000,0x00000006fc874920,0x00000006fd500000)
Event: 52.940 GC heap after
Heap after GC invocations=8 (full 0):
 PSYoungGen      total 72704K, used 12787K [0x00000007ab080000, 0x00000007b0980000, 0x0000000800000000)
  eden space 59904K, 0% used [0x00000007ab080000,0x00000007ab080000,0x00000007aeb00000)
  from space 12800K, 99% used [0x00000007afa00000,0x00000007b067cd18,0x00000007b0680000)
  to   space 15360K, 0% used [0x00000007aeb00000,0x00000007aeb00000,0x00000007afa00000)
 ParOldGen       total 173568K, used 4584K [0x0000000701200000, 0x000000070bb80000, 0x00000007ab080000)
  object space 173568K, 2% used [0x0000000701200000,0x000000070167a1d0,0x000000070bb80000)
 PSPermGen       total 21504K, used 8658K [0x00000006fc000000, 0x00000006fd500000, 0x0000000701200000)
  object space 21504K, 40% used [0x00000006fc000000,0x00000006fc874920,0x00000006fd500000)
}

Deoptimization events (10 events):
Event: 47.665 Thread 0x000000001107e800 Uncommon trap: reason=class_check action=maybe_recompile pc=0x000000000269b470 method=com.badlogic.gdx.graphics.Mesh.setVertices([FII)Lcom/badlogic/gdx/graphics/Mesh; @ 7
Event: 47.665 Thread 0x000000001107e800 Uncommon trap: reason=class_check action=maybe_recompile pc=0x000000000269fce0 method=com.badlogic.gdx.graphics.Mesh.bind(Lcom/badlogic/gdx/graphics/glutils/ShaderProgram;[I)V @ 6
Event: 47.666 Thread 0x000000001107e800 Uncommon trap: reason=class_check action=maybe_recompile pc=0x00000000026a4d80 method=com.badlogic.gdx.graphics.Mesh.unbind(Lcom/badlogic/gdx/graphics/glutils/ShaderProgram;[I)V @ 6
Event: 47.687 Thread 0x000000001107e800 Uncommon trap: reason=class_check action=maybe_recompile pc=0x000000000269b470 method=com.badlogic.gdx.graphics.Mesh.setVertices([FII)Lcom/badlogic/gdx/graphics/Mesh; @ 7
Event: 47.687 Thread 0x000000001107e800 Uncommon trap: reason=class_check action=maybe_recompile pc=0x000000000269fce0 method=com.badlogic.gdx.graphics.Mesh.bind(Lcom/badlogic/gdx/graphics/glutils/ShaderProgram;[I)V @ 6
Event: 47.688 Thread 0x000000001107e800 Uncommon trap: reason=class_check action=maybe_recompile pc=0x00000000026a4d80 method=com.badlogic.gdx.graphics.Mesh.unbind(Lcom/badlogic/gdx/graphics/glutils/ShaderProgram;[I)V @ 6
Event: 47.710 Thread 0x000000001107e800 Uncommon trap: reason=class_check action=maybe_recompile pc=0x000000000269af88 method=com.badlogic.gdx.graphics.Mesh.bind(Lcom/badlogic/gdx/graphics/glutils/ShaderProgram;[I)V @ 6
Event: 47.710 Thread 0x000000001107e800 Uncommon trap: reason=class_check action=maybe_recompile pc=0x00000000026928cc method=com.badlogic.gdx.graphics.Mesh.unbind(Lcom/badlogic/gdx/graphics/glutils/ShaderProgram;[I)V @ 6
Event: 47.730 Thread 0x000000001107e800 Uncommon trap: reason=class_check action=maybe_recompile pc=0x000000000269ab8c method=com.badlogic.gdx.graphics.Mesh.bind(Lcom/badlogic/gdx/graphics/glutils/ShaderProgram;[I)V @ 6
Event: 51.468 Thread 0x000000001107e800 Uncommon trap: reason=range_check action=make_not_entrant pc=0x0000000002668418 method=javazoom.jl.decoder.LayerIIIDecoder.huffman_decode(II)V @ 400

Internal exceptions (10 events):
Event: 36.186 Thread 0x000000001107e800 Implicit null exception at 0x00000000026b3289 to 0x00000000026b391d
Event: 41.904 Thread 0x000000001107e800 Implicit null exception at 0x00000000026c1880 to 0x00000000026c1de9
Event: 47.599 Thread 0x000000001107e800 Threw 0x00000007ab8881b8 at C:\re\jdk7u79\2331\hotspot\src\share\vm\prims\jvm.cpp:1304
Event: 47.602 Thread 0x000000001107e800 Threw 0x00000007ab8a0bd8 at C:\re\jdk7u79\2331\hotspot\src\share\vm\prims\jvm.cpp:1304
Event: 47.604 Thread 0x000000001107e800 Threw 0x00000007ab8a79d8 at C:\re\jdk7u79\2331\hotspot\src\share\vm\prims\jvm.cpp:1304
Event: 47.611 Thread 0x000000001107e800 Threw 0x00000007ab8b9118 at C:\re\jdk7u79\2331\hotspot\src\share\vm\prims\jvm.cpp:1304
Event: 47.612 Thread 0x000000001107e800 Threw 0x00000007ab8c3720 at C:\re\jdk7u79\2331\hotspot\src\share\vm\prims\jvm.cpp:1304
Event: 47.615 Thread 0x000000001107e800 Threw 0x00000007ab8d1d28 at C:\re\jdk7u79\2331\hotspot\src\share\vm\prims\jvm.cpp:1304
Event: 47.616 Thread 0x000000001107e800 Threw 0x00000007ab8ee708 at C:\re\jdk7u79\2331\hotspot\src\share\vm\prims\jvm.cpp:1304
Event: 51.468 Thread 0x000000001107e800 Threw 0x00000007ade379f8 at C:\re\jdk7u79\2331\hotspot\src\share\vm\interpreter\interpreterRuntime.cpp:347

Events (10 events):
Event: 52.941 Executing VM operation: RevokeBias
Event: 52.941 Executing VM operation: RevokeBias done
Event: 52.941 Executing VM operation: RevokeBias
Event: 52.941 Executing VM operation: RevokeBias done
Event: 52.941 Executing VM operation: RevokeBias
Event: 52.941 Executing VM operation: RevokeBias done
Event: 52.941 Executing VM operation: RevokeBias
Event: 52.941 Executing VM operation: RevokeBias done
Event: 52.941 Executing VM operation: RevokeBias
Event: 52.941 Executing VM operation: RevokeBias done


Dynamic libraries:
0x00007ff6299f0000 - 0x00007ff629a23000 	C:\Program Files\Java\jdk1.7.0_79\bin\java.exe
0x00007ff8ef7e0000 - 0x00007ff8ef9a1000 	C:\WINDOWS\SYSTEM32\ntdll.dll
0x00007ff8ed750000 - 0x00007ff8ed7fd000 	C:\WINDOWS\system32\KERNEL32.DLL
0x00007ff8ebe90000 - 0x00007ff8ec078000 	C:\WINDOWS\system32\KERNELBASE.dll
0x00007ff8ecf60000 - 0x00007ff8ed007000 	C:\WINDOWS\system32\ADVAPI32.dll
0x00007ff8ef0e0000 - 0x00007ff8ef17d000 	C:\WINDOWS\system32\msvcrt.dll
0x00007ff8ed580000 - 0x00007ff8ed5db000 	C:\WINDOWS\system32\sechost.dll
0x00007ff8ed5f0000 - 0x00007ff8ed70c000 	C:\WINDOWS\system32\RPCRT4.dll
0x00007ff8eeeb0000 - 0x00007ff8ef006000 	C:\WINDOWS\system32\USER32.dll
0x00007ff8ecdc0000 - 0x00007ff8ecf46000 	C:\WINDOWS\system32\GDI32.dll
0x00007ff8db780000 - 0x00007ff8db9f4000 	C:\WINDOWS\WinSxS\amd64_microsoft.windows.common-controls_6595b64144ccf1df_6.0.10586.0_none_8c15ae12515e1c22\COMCTL32.dll
0x00007ff8ed070000 - 0x00007ff8ed2ed000 	C:\WINDOWS\system32\combase.dll
0x00007ff8ec080000 - 0x00007ff8ec0ea000 	C:\WINDOWS\system32\bcryptPrimitives.dll
0x00007ff8ed710000 - 0x00007ff8ed74b000 	C:\WINDOWS\system32\IMM32.DLL
0x0000000061af0000 - 0x0000000061bc2000 	C:\Program Files\Java\jdk1.7.0_79\jre\bin\msvcr100.dll
0x000000005fab0000 - 0x0000000060285000 	C:\Program Files\Java\jdk1.7.0_79\jre\bin\server\jvm.dll
0x00007ff8ecf50000 - 0x00007ff8ecf58000 	C:\WINDOWS\system32\PSAPI.DLL
0x00007ff8dca80000 - 0x00007ff8dca89000 	C:\WINDOWS\SYSTEM32\WSOCK32.dll
0x00007ff8ef6c0000 - 0x00007ff8ef72b000 	C:\WINDOWS\system32\WS2_32.dll
0x00007ff8ea170000 - 0x00007ff8ea193000 	C:\WINDOWS\SYSTEM32\WINMM.dll
0x00007ff8ea110000 - 0x00007ff8ea13c000 	C:\WINDOWS\SYSTEM32\WINMMBASE.dll
0x00007ff8ecad0000 - 0x00007ff8ecb13000 	C:\WINDOWS\system32\cfgmgr32.dll
0x0000000061ae0000 - 0x0000000061aef000 	C:\Program Files\Java\jdk1.7.0_79\jre\bin\verify.dll
0x0000000061ab0000 - 0x0000000061ad8000 	C:\Program Files\Java\jdk1.7.0_79\jre\bin\java.dll
0x0000000061a90000 - 0x0000000061aa5000 	C:\Program Files\Java\jdk1.7.0_79\jre\bin\zip.dll
0x00007ff8ea0c0000 - 0x00007ff8ea0d0000 	C:\Program Files (x86)\JetBrains\IntelliJ IDEA Community Edition 15.0.4\bin\breakgen64.dll
0x0000000061a70000 - 0x0000000061a8a000 	C:\Program Files\Java\jdk1.7.0_79\jre\bin\net.dll
0x00007ff8eb730000 - 0x00007ff8eb78c000 	C:\WINDOWS\system32\mswsock.dll
0x0000000065580000 - 0x0000000065616000 	C:\Users\Francesco Nutricato\AppData\Local\Temp\libgdxFrancesco Nutricato\2ec99cb7\gdx64.dll
0x00007ff8eb7e0000 - 0x00007ff8eb7f7000 	C:\WINDOWS\SYSTEM32\CRYPTSP.dll
0x00007ff8eb470000 - 0x00007ff8eb4a4000 	C:\WINDOWS\system32\rsaenh.dll
0x00007ff8ebb10000 - 0x00007ff8ebb39000 	C:\WINDOWS\SYSTEM32\bcrypt.dll
0x00007ff8eb5c0000 - 0x00007ff8eb5df000 	C:\WINDOWS\SYSTEM32\USERENV.dll
0x00007ff8ebe70000 - 0x00007ff8ebe84000 	C:\WINDOWS\system32\profapi.dll
0x00007ff8eb900000 - 0x00007ff8eb90b000 	C:\WINDOWS\SYSTEM32\CRYPTBASE.dll
0x00007ff8e84e0000 - 0x00007ff8e8518000 	C:\WINDOWS\SYSTEM32\IPHLPAPI.DLL
0x00007ff8ed5e0000 - 0x00007ff8ed5e8000 	C:\WINDOWS\system32\NSI.dll
0x00007ff8e2310000 - 0x00007ff8e2326000 	C:\WINDOWS\SYSTEM32\dhcpcsvc6.DLL
0x00007ff8e3da0000 - 0x00007ff8e3dba000 	C:\WINDOWS\SYSTEM32\dhcpcsvc.DLL
0x0000000061a30000 - 0x0000000061a41000 	C:\Program Files\Java\jdk1.7.0_79\jre\bin\nio.dll
0x0000000180000000 - 0x0000000180053000 	C:\Users\Francesco Nutricato\AppData\Local\Temp\libgdxFrancesco Nutricato\dc0f0009\lwjgl64.dll
0x00007ff8c7740000 - 0x00007ff8c7869000 	C:\WINDOWS\SYSTEM32\OPENGL32.dll
0x00007ff8e43d0000 - 0x00007ff8e43da000 	C:\WINDOWS\SYSTEM32\VERSION.dll
0x00007ff8dd530000 - 0x00007ff8dd55e000 	C:\WINDOWS\SYSTEM32\GLU32.dll
0x00007ff8bdb00000 - 0x00007ff8bdbfa000 	C:\WINDOWS\SYSTEM32\DDRAW.dll
0x00007ff8de700000 - 0x00007ff8de708000 	C:\WINDOWS\SYSTEM32\DCIMAN32.dll
0x00000000110d0000 - 0x0000000011134000 	C:\Users\FRANCE~1\AppData\Local\Temp\libgdxFrancesco Nutricato\dc0f0009\OpenAL64.dll
0x00007ff8ed950000 - 0x00007ff8eeeac000 	C:\WINDOWS\system32\SHELL32.dll
0x00007ff8ec1e0000 - 0x00007ff8ec825000 	C:\WINDOWS\system32\windows.storage.dll
0x00007ff8ed520000 - 0x00007ff8ed572000 	C:\WINDOWS\system32\shlwapi.dll
0x00007ff8ebe10000 - 0x00007ff8ebe1f000 	C:\WINDOWS\system32\kernel.appcore.dll
0x00007ff8ecb20000 - 0x00007ff8ecbd5000 	C:\WINDOWS\system32\shcore.dll
0x00007ff8ebe20000 - 0x00007ff8ebe6b000 	C:\WINDOWS\system32\powrprof.dll
0x00007ff8ed800000 - 0x00007ff8ed943000 	C:\WINDOWS\system32\ole32.dll
0x00007ff8ea780000 - 0x00007ff8ea816000 	C:\WINDOWS\system32\uxtheme.dll
0x00007ff8d62c0000 - 0x00007ff8d6363000 	C:\Program Files\Common Files\microsoft shared\ink\tiptsf.dll
0x00007ff8ef010000 - 0x00007ff8ef0d1000 	C:\WINDOWS\system32\OLEAUT32.dll
0x00007ff8ef730000 - 0x00007ff8ef7d7000 	C:\WINDOWS\system32\clbcatq.dll
0x00007ff8e9e80000 - 0x00007ff8ea006000 	C:\WINDOWS\System32\PROPSYS.dll
0x00007ff8d2ea0000 - 0x00007ff8d2f3c000 	C:\WINDOWS\SYSTEM32\dsound.dll
0x00007ff8e4430000 - 0x00007ff8e44a0000 	C:\WINDOWS\System32\MMDevApi.dll
0x00007ff8ea820000 - 0x00007ff8ea847000 	C:\WINDOWS\System32\DEVOBJ.dll
0x00007ff8ce570000 - 0x00007ff8ce5f8000 	C:\WINDOWS\SYSTEM32\AUDIOSES.DLL
0x00007ff8e8520000 - 0x00007ff8e8656000 	C:\WINDOWS\SYSTEM32\wintypes.dll
0x00007ff8ed2f0000 - 0x00007ff8ed44a000 	C:\WINDOWS\system32\MSCTF.dll
0x00007ff8e9dd0000 - 0x00007ff8e9df2000 	C:\WINDOWS\system32\dwmapi.dll
0x00007ff8c3db0000 - 0x00007ff8c4abb000 	C:\WINDOWS\SYSTEM32\ig9icd64.dll
0x00007ff8e67c0000 - 0x00007ff8e7630000 	C:\WINDOWS\SYSTEM32\igc64.dll
0x00007ff8e9e20000 - 0x00007ff8e9e33000 	C:\WINDOWS\SYSTEM32\WTSAPI32.dll
0x00007ff8ce350000 - 0x00007ff8ce3e1000 	C:\WINDOWS\SYSTEM32\mscms.dll
0x00007ff8dc330000 - 0x00007ff8dc372000 	C:\WINDOWS\SYSTEM32\icm32.dll
0x00007ff8c64c0000 - 0x00007ff8c661c000 	C:\Windows\System32\uiautomationcore.dll
0x00007ff8ebcc0000 - 0x00007ff8ebd59000 	C:\WINDOWS\SYSTEM32\sxs.dll
0x00007ff8d5ea0000 - 0x00007ff8d5f0a000 	C:\Windows\System32\OLEACC.dll
0x000000006a740000 - 0x000000006a7f1000 	C:\Users\Francesco Nutricato\AppData\Local\Temp\libgdxFrancesco Nutricato\c0c1eece\gdx-freetype64.dll
0x00007ff8df550000 - 0x00007ff8df6dc000 	C:\WINDOWS\SYSTEM32\dbghelp.dll

VM Arguments:
jvm_args: -Didea.launcher.port=7540 -Didea.launcher.bin.path=C:\Program Files (x86)\JetBrains\IntelliJ IDEA Community Edition 15.0.4\bin -Dfile.encoding=UTF-8 
java_command: com.intellij.rt.execution.application.AppMain com.mygdx.game.desktop.DesktopLauncher
Launcher Type: SUN_STANDARD

Environment Variables:
JAVA_HOME=C:\Program Files\Java\jdk1.7.0_79
PATH=C:\Program Files\Java\jdk1.7.0_79\bin;C:\WINDOWS\system32;C:\WINDOWS;C:\WINDOWS\System32\Wbem;C:\WINDOWS\System32\WindowsPowerShell\v1.0\;C:\Program Files\Git\cmd;C:\Program Files\Git\mingw64\bin;C:\Program Files\Git\usr\bin;C:\Program Files\Gradle\gradle_2_11\bin;C:\grails_2_4_4\bin;C:\Program Files\Groovy\Groovy-2.3.7\bin;C:\Program Files (x86)\MySQL\MySQL Fabric 1.5 & MySQL Utilities 1.5\;"C:\Program Files\MySQL\MySQL Server 5.7\bin"
USERNAME=Francesco Nutricato
OS=Windows_NT
PROCESSOR_IDENTIFIER=Intel64 Family 6 Model 78 Stepping 3, GenuineIntel



---------------  S Y S T E M  ---------------

OS: Windows 8.1 , 64 bit Build 9600 

CPU:total 4 (2 cores per cpu, 2 threads per core) family 6 model 78 stepping 3, cmov, cx8, fxsr, mmx, sse, sse2, sse3, ssse3, sse4.1, sse4.2, popcnt, avx, avx2, aes, erms, ht, tsc, tscinvbit

Memory: 4k page, physical 16699344k(2235664k free), swap 67030992k(3340k free)

vm_info: Java HotSpot(TM) 64-Bit Server VM (24.79-b02) for windows-amd64 JRE (1.7.0_79-b15), built on Apr 10 2015 12:36:16 by "java_re" with unknown MS VC++:1600

time: Thu Apr 28 18:41:18 2016
elapsed time: 55 seconds

