#
# A fatal error has been detected by the Java Runtime Environment:
#
#  EXCEPTION_ACCESS_VIOLATION (0xc0000005) at pc=0x00007fff15103b2f, pid=4372, tid=7240
#
# JRE version: Java(TM) SE Runtime Environment (7.0_79-b15) (build 1.7.0_79-b15)
# Java VM: Java HotSpot(TM) 64-Bit Server VM (24.79-b02 mixed mode windows-amd64 compressed oops)
# Problematic frame:
# C  [msvcrt.dll+0x73b2f]
#
# Failed to write core dump. Minidumps are not enabled by default on client versions of Windows
#
# If you would like to submit a bug report, please visit:
#   http://bugreport.java.com/bugreport/crash.jsp
# The crash happened outside the Java Virtual Machine in native code.
# See problematic frame for where to report the bug.
#

---------------  T H R E A D  ---------------

Current thread (0x0000000010f5a800):  JavaThread "LWJGL Application" [_thread_in_native, id=7240, stack(0x00000000124b0000,0x00000000125b0000)]

siginfo: ExceptionCode=0xc0000005, writing address 0x0000000000000000

Registers:
RAX=0x00000007acc9fbe8, RBX=0x0000000010f5a9e8, RCX=0x0000000000000020, RDX=0x00000007acc9fbe8
RSP=0x00000000125af218, RBP=0x0000000000000000, RSI=0x00000000125af2b0, RDI=0x00000007acc9fbe8
R8 =0x0000000000000010, R9 =0x0000000000000007, R10=0x000000000000000c, R11=0x0000000000000000
R12=0x0000000000000000, R13=0x000000000000003c, R14=0x00000000125af2e0, R15=0x0000000010f5a800
RIP=0x00007fff15103b2f, EFLAGS=0x0000000000010202

Top of Stack: (sp=0x00000000125af218)
0x00000000125af218:   0000000065583a34 0000000010f5a9e8
0x00000000125af228:   0000000000000000 00000000125af2b0
0x00000000125af238:   00000000125af238 0000000000572530
0x00000000125af248:   00000000f5993f31 0000000000000014
0x00000000125af258:   0000000000000000 00000000125af2f0
0x00000000125af268:   0000000000000000 0000000000000014
0x00000000125af278:   000000000264a04e 0000000000000014
0x00000000125af288:   00000007acc9f7f0 00000000125af2f0
0x00000000125af298:   00000007b01a7908 000000000000003c
0x00000000125af2a8:   0000000000000000 00000007acc9fbd8
0x00000000125af2b8:   00000007acc9fad0 0000000000000000
0x00000000125af2c8:   00000006fc09a718 0000000000000000
0x00000000125af2d8:   00000007012001a0 0000000701200a48
0x00000000125af2e8:   00000000025461b6 000000000000003c
0x00000000125af2f8:   000000000267c67c f5993f3100000012
0x00000000125af308:   00000007acc9f7f0 00000007acc9fa70 

Instructions: (pc=0x00007fff15103b2f)
0x00007fff15103b0f:   49 81 f9 00 20 00 00 0f 87 76 00 00 00 49 83 e0
0x00007fff15103b1f:   1f f3 0f 6f 04 0a f3 0f 6f 4c 0a 10 48 83 c1 20
0x00007fff15103b2f:   66 0f 7f 41 e0 66 0f 7f 49 f0 49 ff c9 75 e2 e9
0x00007fff15103b3f:   4f ff ff ff 66 66 66 66 66 66 66 0f 1f 84 00 00 


Register to memory mapping:

RAX=0x00000007acc9fbe8 is an unknown value
RBX=0x0000000010f5a9e8 is an unknown value
RCX=0x0000000000000020 is an unknown value
RDX=0x00000007acc9fbe8 is an unknown value
RSP=0x00000000125af218 is pointing into the stack for thread: 0x0000000010f5a800
RBP=0x0000000000000000 is an unknown value
RSI=0x00000000125af2b0 is pointing into the stack for thread: 0x0000000010f5a800
RDI=0x00000007acc9fbe8 is an unknown value
R8 =0x0000000000000010 is an unknown value
R9 =0x0000000000000007 is an unknown value
R10=0x000000000000000c is an unknown value
R11=0x0000000000000000 is an unknown value
R12=0x0000000000000000 is an unknown value
R13=0x000000000000003c is an unknown value
R14=0x00000000125af2e0 is pointing into the stack for thread: 0x0000000010f5a800
R15=0x0000000010f5a800 is a thread


Stack: [0x00000000124b0000,0x00000000125b0000],  sp=0x00000000125af218,  free space=1020k
Native frames: (J=compiled Java code, j=interpreted, Vv=VM code, C=native code)
C  [msvcrt.dll+0x73b2f]

[error occurred during error reporting (printing native stack), id 0xc0000005]

Java frames: (J=compiled Java code, j=interpreted, Vv=VM code)
J 226  com.badlogic.gdx.utils.BufferUtils.copyJni([FLjava/nio/Buffer;II)V (0 bytes) @ 0x0000000002649fd0 [0x0000000002649f60+0x70]
J 228 C2 com.badlogic.gdx.graphics.g2d.SpriteBatch.flush()V (185 bytes) @ 0x000000000267c67c [0x000000000267c4e0+0x19c]
J 177 C2 com.badlogic.gdx.graphics.g2d.SpriteBatch.draw(Lcom/badlogic/gdx/graphics/Texture;[FII)V (165 bytes) @ 0x000000000264a6cc [0x000000000264a580+0x14c]
J 190 C2 com.badlogic.gdx.maps.tiled.renderers.OrthogonalTiledMapRenderer.renderTileLayer(Lcom/badlogic/gdx/maps/tiled/TiledMapTileLayer;)V (951 bytes) @ 0x000000000265db74 [0x000000000265d960+0x214]
j  com.badlogic.gdx.maps.tiled.renderers.BatchTiledMapRenderer.render()V+53
j  com.mygdx.game.PlayScreen.drawMap()V+21
j  com.mygdx.game.PlayScreen.render(F)V+5
j  com.badlogic.gdx.Game.render()V+19
j  com.mygdx.game.MyGdxGame.render()V+1
j  com.badlogic.gdx.backends.lwjgl.LwjglApplication.mainLoop()V+698
j  com.badlogic.gdx.backends.lwjgl.LwjglApplication$1.run()V+27
v  ~StubRoutines::call_stub

---------------  P R O C E S S  ---------------

Java Threads: ( => current thread )
  0x00000000117fc800 JavaThread "LWJGL Timer" daemon [_thread_blocked, id=10584, stack(0x00000000591c0000,0x00000000592c0000)]
  0x0000000002393800 JavaThread "DestroyJavaVM" [_thread_blocked, id=13176, stack(0x0000000002250000,0x0000000002350000)]
=>0x0000000010f5a800 JavaThread "LWJGL Application" [_thread_in_native, id=7240, stack(0x00000000124b0000,0x00000000125b0000)]
  0x0000000010d8f000 JavaThread "Monitor Ctrl-Break" daemon [_thread_in_native, id=11932, stack(0x00000000110a0000,0x00000000111a0000)]
  0x000000000f33c800 JavaThread "Service Thread" daemon [_thread_blocked, id=5576, stack(0x0000000010aa0000,0x0000000010ba0000)]
  0x000000000f328000 JavaThread "C2 CompilerThread1" daemon [_thread_blocked, id=6532, stack(0x00000000109a0000,0x0000000010aa0000)]
  0x000000000f326000 JavaThread "C2 CompilerThread0" daemon [_thread_blocked, id=12692, stack(0x00000000108a0000,0x00000000109a0000)]
  0x000000000f325000 JavaThread "Attach Listener" daemon [_thread_blocked, id=5404, stack(0x00000000107a0000,0x00000000108a0000)]
  0x000000000f322000 JavaThread "Signal Dispatcher" daemon [_thread_blocked, id=8532, stack(0x00000000106a0000,0x00000000107a0000)]
  0x000000000f2eb800 JavaThread "Finalizer" daemon [_thread_blocked, id=11688, stack(0x00000000105a0000,0x00000000106a0000)]
  0x000000000f2e8000 JavaThread "Reference Handler" daemon [_thread_blocked, id=12764, stack(0x00000000104a0000,0x00000000105a0000)]

Other Threads:
  0x000000000f2e4000 VMThread [stack: 0x00000000103a0000,0x00000000104a0000] [id=5256]
  0x000000000f381800 WatcherThread [stack: 0x0000000010ba0000,0x0000000010ca0000] [id=12200]

VM state:not at safepoint (normal execution)

VM Mutex/Monitor currently owned by a thread: None

Heap
 PSYoungGen      total 76288K, used 39123K [0x00000007ab080000, 0x00000007b0580000, 0x0000000800000000)
  eden space 65536K, 44% used [0x00000007ab080000,0x00000007acce7650,0x00000007af080000)
  from space 10752K, 93% used [0x00000007afb00000,0x00000007b04cd8e0,0x00000007b0580000)
  to   space 10752K, 0% used [0x00000007af080000,0x00000007af080000,0x00000007afb00000)
 ParOldGen       total 173568K, used 120K [0x0000000701200000, 0x000000070bb80000, 0x00000007ab080000)
  object space 173568K, 0% used [0x0000000701200000,0x000000070121e020,0x000000070bb80000)
 PSPermGen       total 21504K, used 8478K [0x00000006fc000000, 0x00000006fd500000, 0x0000000701200000)
  object space 21504K, 39% used [0x00000006fc000000,0x00000006fc847940,0x00000006fd500000)

Card table byte_map: [0x0000000005600000,0x0000000005e30000] byte_map_base: 0x0000000001e20000

Polling page: 0x0000000000430000

Code Cache  [0x0000000002540000, 0x00000000027b0000, 0x0000000005540000)
 total_blobs=781 nmethods=368 adapters=366 free_code_cache=47634Kb largest_free_block=48704832

Compilation events (10 events):
Event: 26.466 Thread 0x000000000f328000  369             com.badlogic.gdx.math.MathUtils::nextPowerOfTwo (45 bytes)
Event: 26.466 Thread 0x000000000f328000 nmethod 369 0x00000000025dded0 code [0x00000000025de000, 0x00000000025de078]
Event: 26.704 Thread 0x000000000f326000  370             com.badlogic.gdx.math.Matrix4::mul (13 bytes)
Event: 26.705 Thread 0x000000000f326000 nmethod 370 0x00000000025ddb90 code [0x00000000025ddce0, 0x00000000025ddd88]
Event: 26.706 Thread 0x000000000f328000  371             com.badlogic.gdx.math.Matrix4::idt (124 bytes)
Event: 26.708 Thread 0x000000000f328000 nmethod 371 0x00000000025e0450 code [0x00000000025e0580, 0x00000000025e0678]
Event: 26.721 Thread 0x000000000f326000  372             com.badlogic.gdx.graphics.g2d.Sprite::getWidth (5 bytes)
Event: 26.722 Thread 0x000000000f326000 nmethod 372 0x00000000025e48d0 code [0x00000000025e4a00, 0x00000000025e4a58]
Event: 26.913 Thread 0x000000000f328000  373             com.badlogic.gdx.utils.Array$ArrayIterator::hasNext (37 bytes)
Event: 26.914 Thread 0x000000000f328000 nmethod 373 0x00000000025e4650 code [0x00000000025e4780, 0x00000000025e4818]

GC Heap History (4 events):
Event: 8.935 GC heap before
{Heap before GC invocations=1 (full 0):
 PSYoungGen      total 76288K, used 65536K [0x00000007ab080000, 0x00000007b0580000, 0x0000000800000000)
  eden space 65536K, 100% used [0x00000007ab080000,0x00000007af080000,0x00000007af080000)
  from space 10752K, 0% used [0x00000007afb00000,0x00000007afb00000,0x00000007b0580000)
  to   space 10752K, 0% used [0x00000007af080000,0x00000007af080000,0x00000007afb00000)
 ParOldGen       total 173568K, used 0K [0x0000000701200000, 0x000000070bb80000, 0x00000007ab080000)
  object space 173568K, 0% used [0x0000000701200000,0x0000000701200000,0x000000070bb80000)
 PSPermGen       total 21504K, used 8404K [0x00000006fc000000, 0x00000006fd500000, 0x0000000701200000)
  object space 21504K, 39% used [0x00000006fc000000,0x00000006fc835138,0x00000006fd500000)
Event: 8.950 GC heap after
Heap after GC invocations=1 (full 0):
 PSYoungGen      total 76288K, used 8733K [0x00000007ab080000, 0x00000007b0580000, 0x0000000800000000)
  eden space 65536K, 0% used [0x00000007ab080000,0x00000007ab080000,0x00000007af080000)
  from space 10752K, 81% used [0x00000007af080000,0x00000007af907698,0x00000007afb00000)
  to   space 10752K, 0% used [0x00000007afb00000,0x00000007afb00000,0x00000007b0580000)
 ParOldGen       total 173568K, used 112K [0x0000000701200000, 0x000000070bb80000, 0x00000007ab080000)
  object space 173568K, 0% used [0x0000000701200000,0x000000070121c020,0x000000070bb80000)
 PSPermGen       total 21504K, used 8404K [0x00000006fc000000, 0x00000006fd500000, 0x0000000701200000)
  object space 21504K, 39% used [0x00000006fc000000,0x00000006fc835138,0x00000006fd500000)
}
Event: 22.198 GC heap before
{Heap before GC invocations=2 (full 0):
 PSYoungGen      total 76288K, used 74269K [0x00000007ab080000, 0x00000007b0580000, 0x0000000800000000)
  eden space 65536K, 100% used [0x00000007ab080000,0x00000007af080000,0x00000007af080000)
  from space 10752K, 81% used [0x00000007af080000,0x00000007af907698,0x00000007afb00000)
  to   space 10752K, 0% used [0x00000007afb00000,0x00000007afb00000,0x00000007b0580000)
 ParOldGen       total 173568K, used 112K [0x0000000701200000, 0x000000070bb80000, 0x00000007ab080000)
  object space 173568K, 0% used [0x0000000701200000,0x000000070121c020,0x000000070bb80000)
 PSPermGen       total 21504K, used 8464K [0x00000006fc000000, 0x00000006fd500000, 0x0000000701200000)
  object space 21504K, 39% used [0x00000006fc000000,0x00000006fc844310,0x00000006fd500000)
Event: 22.208 GC heap after
Heap after GC invocations=2 (full 0):
 PSYoungGen      total 76288K, used 10038K [0x00000007ab080000, 0x00000007b0580000, 0x0000000800000000)
  eden space 65536K, 0% used [0x00000007ab080000,0x00000007ab080000,0x00000007af080000)
  from space 10752K, 93% used [0x00000007afb00000,0x00000007b04cd8e0,0x00000007b0580000)
  to   space 10752K, 0% used [0x00000007af080000,0x00000007af080000,0x00000007afb00000)
 ParOldGen       total 173568K, used 120K [0x0000000701200000, 0x000000070bb80000, 0x00000007ab080000)
  object space 173568K, 0% used [0x0000000701200000,0x000000070121e020,0x000000070bb80000)
 PSPermGen       total 21504K, used 8464K [0x00000006fc000000, 0x00000006fd500000, 0x0000000701200000)
  object space 21504K, 39% used [0x00000006fc000000,0x00000006fc844310,0x00000006fd500000)
}

Deoptimization events (10 events):
Event: 2.464 Thread 0x0000000010f5a800 Uncommon trap: reason=class_check action=maybe_recompile pc=0x00000000025f43c0 method=com.badlogic.gdx.graphics.Texture.getWidth()I @ 4
Event: 2.464 Thread 0x0000000010f5a800 Uncommon trap: reason=class_check action=maybe_recompile pc=0x00000000025e30c0 method=com.badlogic.gdx.graphics.Texture.getHeight()I @ 4
Event: 2.477 Thread 0x0000000010f5a800 Uncommon trap: reason=unreached action=reinterpret pc=0x00000000025e4008 method=java.util.ArrayList.ensureCapacityInternal(I)V @ 7
Event: 2.478 Thread 0x0000000010f5a800 Uncommon trap: reason=unreached action=reinterpret pc=0x00000000025f7b98 method=java.util.ArrayList.ensureCapacityInternal(I)V @ 7
Event: 11.194 Thread 0x0000000010f5a800 Uncommon trap: reason=array_check action=maybe_recompile pc=0x0000000002693990 method=com.badlogic.gdx.utils.Array.add(Ljava/lang/Object;)V @ 46
Event: 16.757 Thread 0x0000000010f5a800 Uncommon trap: reason=null_check action=make_not_entrant pc=0x000000000269de1c method=com.badlogic.gdx.utils.ObjectIntMap.put(Ljava/lang/Object;I)V @ 43
Event: 19.845 Thread 0x0000000010f5a800 Uncommon trap: reason=array_check action=maybe_recompile pc=0x0000000002693990 method=com.badlogic.gdx.utils.Array.add(Ljava/lang/Object;)V @ 46
Event: 21.265 Thread 0x0000000010f5a800 Uncommon trap: reason=array_check action=maybe_recompile pc=0x0000000002693990 method=com.badlogic.gdx.utils.Array.add(Ljava/lang/Object;)V @ 46
Event: 21.759 Thread 0x0000000010f5a800 Uncommon trap: reason=array_check action=maybe_recompile pc=0x0000000002693990 method=com.badlogic.gdx.utils.Array.add(Ljava/lang/Object;)V @ 46
Event: 23.576 Thread 0x0000000010f5a800 Uncommon trap: reason=null_check action=make_not_entrant pc=0x00000000026a89fc method=com.badlogic.gdx.utils.ObjectIntMap.put(Ljava/lang/Object;I)V @ 75

Internal exceptions (10 events):
Event: 2.644 Thread 0x0000000010f5a800 Threw 0x00000007ad455428 at C:\re\jdk7u79\2331\hotspot\src\share\vm\prims\jvm.cpp:1304
Event: 2.645 Thread 0x0000000010f5a800 Threw 0x00000007ad45cd40 at C:\re\jdk7u79\2331\hotspot\src\share\vm\prims\jvm.cpp:1304
Event: 2.645 Thread 0x0000000010f5a800 Threw 0x00000007ad464120 at C:\re\jdk7u79\2331\hotspot\src\share\vm\prims\jvm.cpp:1304
Event: 2.781 Thread 0x0000000010f5a800 Threw 0x00000007ad46c128 at C:\re\jdk7u79\2331\hotspot\src\share\vm\prims\jvm.cpp:1304
Event: 2.782 Thread 0x0000000010f5a800 Threw 0x00000007ad476a18 at C:\re\jdk7u79\2331\hotspot\src\share\vm\prims\jvm.cpp:1304
Event: 2.791 Thread 0x0000000010f5a800 Threw 0x00000007ad49a468 at C:\re\jdk7u79\2331\hotspot\src\share\vm\prims\jvm.cpp:1304
Event: 3.231 Thread 0x0000000010f5a800 Threw 0x00000007ad570520 at C:\re\jdk7u79\2331\hotspot\src\share\vm\prims\jvm.cpp:1304
Event: 3.234 Thread 0x0000000010f5a800 Threw 0x00000007ad57d610 at C:\re\jdk7u79\2331\hotspot\src\share\vm\prims\jvm.cpp:1304
Event: 16.757 Thread 0x0000000010f5a800 Implicit null exception at 0x000000000269d7a3 to 0x000000000269ddf9
Event: 23.576 Thread 0x0000000010f5a800 Implicit null exception at 0x00000000026a8349 to 0x00000000026a89dd

Events (10 events):
Event: 22.216 Executing VM operation: RevokeBias done
Event: 22.216 Executing VM operation: RevokeBias
Event: 22.216 Executing VM operation: RevokeBias done
Event: 22.730 Thread 0x000000000f326000 flushing nmethod 0x00000000025ab410
Event: 23.556 Thread 0x000000000f328000 flushing nmethod 0x00000000025ddb90
Event: 23.556 Thread 0x000000000f328000 flushing nmethod 0x00000000025df050
Event: 23.556 Thread 0x000000000f328000 flushing nmethod 0x00000000025e4210
Event: 23.576 Thread 0x0000000010f5a800 Uncommon trap: trap_request=0xfffffff4 fr.pc=0x00000000026a89fc
Event: 23.576 Thread 0x0000000010f5a800 DEOPT PACKING pc=0x00000000026a89fc sp=0x00000000125af0d0
Event: 23.576 Thread 0x0000000010f5a800 DEOPT UNPACKING pc=0x00000000025775a4 sp=0x00000000125af060 mode 2


Dynamic libraries:
0x00007ff67eaf0000 - 0x00007ff67eb23000 	C:\Program Files\Java\jdk1.7.0_79\bin\java.exe
0x00007fff17ba0000 - 0x00007fff17d61000 	C:\WINDOWS\SYSTEM32\ntdll.dll
0x00007fff152e0000 - 0x00007fff1538d000 	C:\WINDOWS\system32\KERNEL32.DLL
0x00007fff14c00000 - 0x00007fff14de8000 	C:\WINDOWS\system32\KERNELBASE.dll
0x00007fff164e0000 - 0x00007fff16587000 	C:\WINDOWS\system32\ADVAPI32.dll
0x00007fff15090000 - 0x00007fff1512d000 	C:\WINDOWS\system32\msvcrt.dll
0x00007fff15930000 - 0x00007fff1598b000 	C:\WINDOWS\system32\sechost.dll
0x00007fff163c0000 - 0x00007fff164dc000 	C:\WINDOWS\system32\RPCRT4.dll
0x00007fff15a00000 - 0x00007fff15b56000 	C:\WINDOWS\system32\USER32.dll
0x00007fff154f0000 - 0x00007fff15676000 	C:\WINDOWS\system32\GDI32.dll
0x00007fff0b340000 - 0x00007fff0b5b4000 	C:\WINDOWS\WinSxS\amd64_microsoft.windows.common-controls_6595b64144ccf1df_6.0.10586.0_none_8c15ae12515e1c22\COMCTL32.dll
0x00007fff15d10000 - 0x00007fff15f8d000 	C:\WINDOWS\system32\combase.dll
0x00007fff14b90000 - 0x00007fff14bfa000 	C:\WINDOWS\system32\bcryptPrimitives.dll
0x00007fff153a0000 - 0x00007fff153db000 	C:\WINDOWS\system32\IMM32.DLL
0x0000000071570000 - 0x0000000071642000 	C:\Program Files\Java\jdk1.7.0_79\jre\bin\msvcr100.dll
0x0000000070d90000 - 0x0000000071565000 	C:\Program Files\Java\jdk1.7.0_79\jre\bin\server\jvm.dll
0x00007fff15390000 - 0x00007fff15398000 	C:\WINDOWS\system32\PSAPI.DLL
0x00007fff037d0000 - 0x00007fff037d9000 	C:\WINDOWS\SYSTEM32\WSOCK32.dll
0x00007fff15990000 - 0x00007fff159fb000 	C:\WINDOWS\system32\WS2_32.dll
0x00007fff125e0000 - 0x00007fff12603000 	C:\WINDOWS\SYSTEM32\WINMM.dll
0x00007fff12580000 - 0x00007fff125ac000 	C:\WINDOWS\SYSTEM32\WINMMBASE.dll
0x00007fff14f50000 - 0x00007fff14f93000 	C:\WINDOWS\system32\cfgmgr32.dll
0x0000000070d80000 - 0x0000000070d8f000 	C:\Program Files\Java\jdk1.7.0_79\jre\bin\verify.dll
0x0000000070d50000 - 0x0000000070d78000 	C:\Program Files\Java\jdk1.7.0_79\jre\bin\java.dll
0x0000000070d30000 - 0x0000000070d45000 	C:\Program Files\Java\jdk1.7.0_79\jre\bin\zip.dll
0x00007fff11550000 - 0x00007fff11560000 	C:\Program Files (x86)\JetBrains\IntelliJ IDEA Community Edition 15.0.4\bin\breakgen64.dll
0x0000000070cb0000 - 0x0000000070cca000 	C:\Program Files\Java\jdk1.7.0_79\jre\bin\net.dll
0x00007fff137e0000 - 0x00007fff1383c000 	C:\WINDOWS\system32\mswsock.dll
0x0000000065580000 - 0x0000000065616000 	C:\Users\Francesco Nutricato\AppData\Local\Temp\libgdxFrancesco Nutricato\2ec99cb7\gdx64.dll
0x00007fff13890000 - 0x00007fff138a7000 	C:\WINDOWS\SYSTEM32\CRYPTSP.dll
0x00007fff13520000 - 0x00007fff13554000 	C:\WINDOWS\system32\rsaenh.dll
0x00007fff13dd0000 - 0x00007fff13df9000 	C:\WINDOWS\SYSTEM32\bcrypt.dll
0x00007fff13670000 - 0x00007fff1368f000 	C:\WINDOWS\SYSTEM32\USERENV.dll
0x00007fff141d0000 - 0x00007fff141e4000 	C:\WINDOWS\system32\profapi.dll
0x00007fff139b0000 - 0x00007fff139bb000 	C:\WINDOWS\SYSTEM32\CRYPTBASE.dll
0x00007fff10c80000 - 0x00007fff10cb8000 	C:\WINDOWS\SYSTEM32\IPHLPAPI.DLL
0x00007fff158c0000 - 0x00007fff158c8000 	C:\WINDOWS\system32\NSI.dll
0x00007fff06850000 - 0x00007fff06866000 	C:\WINDOWS\SYSTEM32\dhcpcsvc6.DLL
0x00007fff090d0000 - 0x00007fff090ea000 	C:\WINDOWS\SYSTEM32\dhcpcsvc.DLL
0x0000000070c90000 - 0x0000000070ca1000 	C:\Program Files\Java\jdk1.7.0_79\jre\bin\nio.dll
0x0000000180000000 - 0x0000000180053000 	C:\Users\Francesco Nutricato\AppData\Local\Temp\libgdxFrancesco Nutricato\dc0f0009\lwjgl64.dll
0x00007fff0b5c0000 - 0x00007fff0b5ca000 	C:\WINDOWS\SYSTEM32\VERSION.dll
0x00007fff01a90000 - 0x00007fff01bb9000 	C:\WINDOWS\SYSTEM32\OPENGL32.dll
0x00007fff08c00000 - 0x00007fff08c2e000 	C:\WINDOWS\SYSTEM32\GLU32.dll
0x00007ffeee6e0000 - 0x00007ffeee7da000 	C:\WINDOWS\SYSTEM32\DDRAW.dll
0x00007fff05ae0000 - 0x00007fff05ae8000 	C:\WINDOWS\SYSTEM32\DCIMAN32.dll
0x0000000002490000 - 0x00000000024f4000 	C:\Users\FRANCE~1\AppData\Local\Temp\libgdxFrancesco Nutricato\dc0f0009\OpenAL64.dll
0x00007fff16590000 - 0x00007fff17aec000 	C:\WINDOWS\system32\SHELL32.dll
0x00007fff14480000 - 0x00007fff14ac5000 	C:\WINDOWS\system32\windows.storage.dll
0x00007fff15cb0000 - 0x00007fff15d02000 	C:\WINDOWS\system32\shlwapi.dll
0x00007fff14240000 - 0x00007fff1424f000 	C:\WINDOWS\system32\kernel.appcore.dll
0x00007fff14ad0000 - 0x00007fff14b85000 	C:\WINDOWS\system32\shcore.dll
0x00007fff141f0000 - 0x00007fff1423b000 	C:\WINDOWS\system32\powrprof.dll
0x00007fff15b60000 - 0x00007fff15ca3000 	C:\WINDOWS\system32\ole32.dll
0x00007fff12780000 - 0x00007fff12816000 	C:\WINDOWS\system32\uxtheme.dll
0x00007ffefd870000 - 0x00007ffefd913000 	C:\Program Files\Common Files\microsoft shared\ink\tiptsf.dll
0x00007fff157e0000 - 0x00007fff158a1000 	C:\WINDOWS\system32\OLEAUT32.dll
0x00007fff17af0000 - 0x00007fff17b97000 	C:\WINDOWS\system32\clbcatq.dll
0x00007fff11eb0000 - 0x00007fff12036000 	C:\WINDOWS\System32\PROPSYS.dll
0x00007fff05030000 - 0x00007fff050cc000 	C:\WINDOWS\SYSTEM32\dsound.dll
0x00007fff0a400000 - 0x00007fff0a470000 	C:\WINDOWS\System32\MMDevApi.dll
0x00007fff13f90000 - 0x00007fff13fb7000 	C:\WINDOWS\System32\DEVOBJ.dll
0x00007ffef4f40000 - 0x00007ffef4fc8000 	C:\WINDOWS\SYSTEM32\AUDIOSES.DLL
0x00007fff107e0000 - 0x00007fff10916000 	C:\WINDOWS\SYSTEM32\wintypes.dll
0x00007fff15680000 - 0x00007fff157da000 	C:\WINDOWS\system32\MSCTF.dll
0x00007fff118e0000 - 0x00007fff11902000 	C:\WINDOWS\system32\dwmapi.dll
0x00007ffedb7b0000 - 0x00007ffedc4bb000 	C:\WINDOWS\SYSTEM32\ig9icd64.dll
0x00007fff11e90000 - 0x00007fff11ea3000 	C:\WINDOWS\SYSTEM32\WTSAPI32.dll
0x00007fff0e520000 - 0x00007fff0f390000 	C:\WINDOWS\SYSTEM32\igc64.dll
0x00007fff0b5d0000 - 0x00007fff0b661000 	C:\WINDOWS\SYSTEM32\mscms.dll
0x00007fff05420000 - 0x00007fff05462000 	C:\WINDOWS\SYSTEM32\icm32.dll
0x00007fff08160000 - 0x00007fff082bc000 	C:\Windows\System32\uiautomationcore.dll
0x00007fff14080000 - 0x00007fff14119000 	C:\WINDOWS\SYSTEM32\sxs.dll
0x00007fff09c60000 - 0x00007fff09cca000 	C:\Windows\System32\OLEACC.dll
0x000000006a740000 - 0x000000006a7f1000 	C:\Users\Francesco Nutricato\AppData\Local\Temp\libgdxFrancesco Nutricato\c0c1eece\gdx-freetype64.dll
0x00007fff13e00000 - 0x00007fff13f8c000 	C:\WINDOWS\SYSTEM32\dbghelp.dll

VM Arguments:
jvm_args: -Didea.launcher.port=7536 -Didea.launcher.bin.path=C:\Program Files (x86)\JetBrains\IntelliJ IDEA Community Edition 15.0.4\bin -Dfile.encoding=UTF-8 
java_command: com.intellij.rt.execution.application.AppMain com.mygdx.game.desktop.DesktopLauncher
Launcher Type: SUN_STANDARD

Environment Variables:
JAVA_HOME=C:\Program Files\Java\jdk1.8.0_73
PATH=C:\Program Files\Java\jdk1.7.0_79\bin;C:\WINDOWS\system32;C:\WINDOWS;C:\WINDOWS\System32\Wbem;C:\WINDOWS\System32\WindowsPowerShell\v1.0\;C:\Program Files\Git\cmd;C:\Program Files\Git\mingw64\bin;C:\Program Files\Git\usr\bin;C:\Program Files\Gradle\gradle_2_11\bin;C:\grails_2_4_4\bin;C:\Program Files\Groovy\Groovy-2.3.7\bin;C:\Program Files (x86)\MySQL\MySQL Fabric 1.5 & MySQL Utilities 1.5\;"C:\Program Files\MySQL\MySQL Server 5.7\bin"
USERNAME=Francesco Nutricato
OS=Windows_NT
PROCESSOR_IDENTIFIER=Intel64 Family 6 Model 78 Stepping 3, GenuineIntel



---------------  S Y S T E M  ---------------

OS: Windows 8.1 , 64 bit Build 9600 

CPU:total 4 (2 cores per cpu, 2 threads per core) family 6 model 78 stepping 3, cmov, cx8, fxsr, mmx, sse, sse2, sse3, ssse3, sse4.1, sse4.2, popcnt, avx, avx2, aes, erms, ht, tsc, tscinvbit

Memory: 4k page, physical 16699344k(289936k free), swap 67030992k(1852k free)

vm_info: Java HotSpot(TM) 64-Bit Server VM (24.79-b02) for windows-amd64 JRE (1.7.0_79-b15), built on Apr 10 2015 12:36:16 by "java_re" with unknown MS VC++:1600

time: Sat Apr 30 22:05:16 2016
elapsed time: 28 seconds

