#
# A fatal error has been detected by the Java Runtime Environment:
#
#  EXCEPTION_ACCESS_VIOLATION (0xc0000005) at pc=0x00007ff859cc3279, pid=3612, tid=9164
#
# JRE version: Java(TM) SE Runtime Environment (8.0_73-b02) (build 1.8.0_73-b02)
# Java VM: Java HotSpot(TM) 64-Bit Server VM (25.73-b02 mixed mode windows-amd64 compressed oops)
# Problematic frame:
# C  [ig7icd64.dll+0x93279]
#
# Failed to write core dump. Minidumps are not enabled by default on client versions of Windows
#
# If you would like to submit a bug report, please visit:
#   http://bugreport.java.com/bugreport/crash.jsp
# The crash happened outside the Java Virtual Machine in native code.
# See problematic frame for where to report the bug.
#

---------------  T H R E A D  ---------------

Current thread (0x0000000019268800):  JavaThread "LWJGL Application" [_thread_in_native, id=9164, stack(0x000000001a510000,0x000000001a610000)]

siginfo: ExceptionCode=0xc0000005, reading address 0x000000001a09a000

Registers:
RAX=0x0000000000000af2, RBX=0x000000001a87de80, RCX=0x0000000000000000, RDX=0x000000001a099fd8
RSP=0x000000001a60be00, RBP=0x000000001a60bf30, RSI=0x0000000000000004, RDI=0x000000002aa84900
R8 =0x00000000000c97c4, R9 =0x000000000000192f, R10=0x0000000000000af2, R11=0x000000001a60c570
R12=0x000000001a60c57c, R13=0x00000000000c97c4, R14=0x000000001ca0ad80, R15=0x0000000000000000
RIP=0x00007ff859cc3279, EFLAGS=0x0000000000010297

Top of Stack: (sp=0x000000001a60be00)
0x000000001a60be00:   000000003f389d8a 0000000000000000
0x000000001a60be10:   0000000041200000 0000000000000000
0x000000001a60be20:   000000001a60c578 00007ff859dab7d8
0x000000001a60be30:   000000001a60bf30 000000001a60c57c
0x000000001a60be40:   000000001a87de80 0000000000000004
0x000000001a60be50:   0000000000000000 000000001a60c57c
0x000000001a60be60:   000000001a60c578 000000001a60c570
0x000000001a60be70:   000000001a60cc08 0000000019e806e8
0x000000001a60be80:   0000000000000001 000000001a89a180
0x000000001a60be90:   0000000000000000 0000000000000000
0x000000001a60bea0:   000000001a60c570 000000002d1117c0
0x000000001a60beb0:   0000000000000000 0000000019e807e0
0x000000001a60bec0:   0000000000004238 000000001b79afe8
0x000000001a60bed0:   0000000019e807e4 0000000019e807fc
0x000000001a60bee0:   0000000000000000 0000000000000000
0x000000001a60bef0:   0000000000000040 000000000000001c 

Instructions: (pc=0x00007ff859cc3279)
0x00007ff859cc3259:   c2 0f 0f 84 b0 00 00 00 4d 85 c9 74 6c 66 66 0f
0x00007ff859cc3269:   1f 84 00 00 00 00 00 f3 0f 6f 3a f3 0f 6f 72 10
0x00007ff859cc3279:   f3 0f 6f 6a 20 41 ff c2 48 83 ef 80 41 8b c2 f3
0x00007ff859cc3289:   0f 6f 62 30 f3 0f 6f 5a 40 f3 0f 6f 52 50 f3 0f 


Register to memory mapping:

RAX=0x0000000000000af2 is an unknown value
RBX=0x000000001a87de80 is an unknown value
RCX=0x0000000000000000 is an unknown value
RDX=0x000000001a099fd8 is an unknown value
RSP=0x000000001a60be00 is pointing into the stack for thread: 0x0000000019268800
RBP=0x000000001a60bf30 is pointing into the stack for thread: 0x0000000019268800
RSI=0x0000000000000004 is an unknown value
RDI=0x000000002aa84900 is an unknown value
R8 =0x00000000000c97c4 is an unknown value
R9 =0x000000000000192f is an unknown value
R10=0x0000000000000af2 is an unknown value
R11=0x000000001a60c570 is pointing into the stack for thread: 0x0000000019268800
R12=0x000000001a60c57c is pointing into the stack for thread: 0x0000000019268800
R13=0x00000000000c97c4 is an unknown value
R14=0x000000001ca0ad80 is an unknown value
R15=0x0000000000000000 is an unknown value


Stack: [0x000000001a510000,0x000000001a610000],  sp=0x000000001a60be00,  free space=1007k
Native frames: (J=compiled Java code, j=interpreted, Vv=VM code, C=native code)
C  [ig7icd64.dll+0x93279]
C  [ig7icd64.dll+0x17b7d8]
C  [ig7icd64.dll+0x20019d]
C  [ig7icd64.dll+0x6d0a4]
C  [ig7icd64.dll+0x2447b5]
C  [ig7icd64.dll+0x92545]
C  [ig7icd64.dll+0x2a4d18]
C  [ig7icd64.dll+0x2a4eba]
C  [ig7icd64.dll+0x2a69fa]
C  0x0000000002a2921c

Java frames: (J=compiled Java code, j=interpreted, Vv=VM code)
J 884  org.lwjgl.opengl.GL11.nglDrawElements(IIIJJ)V (0 bytes) @ 0x0000000002a29196 [0x0000000002a29140+0x56]
J 923 C2 com.badlogic.gdx.graphics.g2d.SpriteBatch.flush()V (185 bytes) @ 0x0000000002a769cc [0x0000000002a76480+0x54c]
J 1091 C1 com.badlogic.gdx.graphics.g2d.SpriteBatch.end()V (90 bytes) @ 0x0000000002b0f3d4 [0x0000000002b0f2c0+0x114]
J 1291 C1 com.mygdx.game.PlayScreen.render(F)V (81 bytes) @ 0x0000000002baf144 [0x0000000002baec20+0x524]
J 1446 C1 com.mygdx.game.MyGdxGame.render()V (5 bytes) @ 0x0000000002c176c4 [0x0000000002c174a0+0x224]
j  com.badlogic.gdx.backends.lwjgl.LwjglApplication.mainLoop()V+698
j  com.badlogic.gdx.backends.lwjgl.LwjglApplication$1.run()V+27
v  ~StubRoutines::call_stub

---------------  P R O C E S S  ---------------

Java Threads: ( => current thread )
  0x00000000193f8800 JavaThread "LWJGL Timer" daemon [_thread_blocked, id=14300, stack(0x000000001d550000,0x000000001d650000)]
  0x0000000002553800 JavaThread "DestroyJavaVM" [_thread_blocked, id=7296, stack(0x0000000002450000,0x0000000002550000)]
=>0x0000000019268800 JavaThread "LWJGL Application" [_thread_in_native, id=9164, stack(0x000000001a510000,0x000000001a610000)]
  0x0000000018c1b000 JavaThread "Monitor Ctrl-Break" daemon [_thread_in_native, id=1640, stack(0x00000000190e0000,0x00000000191e0000)]
  0x0000000018b09800 JavaThread "Service Thread" daemon [_thread_blocked, id=32, stack(0x0000000018ee0000,0x0000000018fe0000)]
  0x000000001718b800 JavaThread "C1 CompilerThread2" daemon [_thread_blocked, id=4500, stack(0x00000000189e0000,0x0000000018ae0000)]
  0x0000000017185000 JavaThread "C2 CompilerThread1" daemon [_thread_blocked, id=13632, stack(0x00000000188e0000,0x00000000189e0000)]
  0x0000000017180800 JavaThread "C2 CompilerThread0" daemon [_thread_blocked, id=14200, stack(0x00000000187e0000,0x00000000188e0000)]
  0x000000001717f000 JavaThread "Attach Listener" daemon [_thread_blocked, id=232, stack(0x00000000186e0000,0x00000000187e0000)]
  0x000000001717d800 JavaThread "Signal Dispatcher" daemon [_thread_blocked, id=17012, stack(0x00000000185e0000,0x00000000186e0000)]
  0x0000000002649800 JavaThread "Finalizer" daemon [_thread_blocked, id=16500, stack(0x0000000018400000,0x0000000018500000)]
  0x0000000002640800 JavaThread "Reference Handler" daemon [_thread_blocked, id=9380, stack(0x0000000018300000,0x0000000018400000)]

Other Threads:
  0x0000000017148000 VMThread [stack: 0x0000000018200000,0x0000000018300000] [id=4548]
  0x0000000018b37800 WatcherThread [stack: 0x0000000018fe0000,0x00000000190e0000] [id=15700]

VM state:not at safepoint (normal execution)

VM Mutex/Monitor currently owned by a thread: None

Heap:
 PSYoungGen      total 38400K, used 5828K [0x00000000d5f00000, 0x00000000d8980000, 0x0000000100000000)
  eden space 33280K, 2% used [0x00000000d5f00000,0x00000000d5fb3948,0x00000000d7f80000)
  from space 5120K, 99% used [0x00000000d8480000,0x00000000d897d900,0x00000000d8980000)
  to   space 5120K, 0% used [0x00000000d7f80000,0x00000000d7f80000,0x00000000d8480000)
 ParOldGen       total 87552K, used 5385K [0x0000000081c00000, 0x0000000087180000, 0x00000000d5f00000)
  object space 87552K, 6% used [0x0000000081c00000,0x00000000821424d8,0x0000000087180000)
 Metaspace       used 8857K, capacity 8979K, committed 9088K, reserved 1056768K
  class space    used 805K, capacity 848K, committed 896K, reserved 1048576K

Card table byte_map: [0x0000000011a10000,0x0000000011e10000] byte_map_base: 0x0000000011602000

Marking Bits: (ParMarkBitMap*) 0x000000005ecc0600
 Begin Bits: [0x00000000124c0000, 0x0000000014450000)
 End Bits:   [0x0000000014450000, 0x00000000163e0000)

Polling page: 0x0000000000450000

CodeCache: size=245760Kb used=6103Kb max_used=6114Kb free=239656Kb
 bounds [0x0000000002650000, 0x0000000002c50000, 0x0000000011650000]
 total_blobs=1967 nmethods=1485 adapters=395
 compilation: enabled

Compilation events (10 events):
Event: 14.021 Thread 0x000000001718b800 1481 %     3       javazoom.jl.decoder.OutputBuffer::appendSamples @ 52 (81 bytes)
Event: 14.021 Thread 0x000000001718b800 nmethod 1481% 0x0000000002c3f150 code [0x0000000002c3f360, 0x0000000002c3fbd8]
Event: 14.086 Thread 0x000000001718b800 1482       3       javazoom.jl.decoder.OutputBuffer::appendSamples (81 bytes)
Event: 14.087 Thread 0x000000001718b800 nmethod 1482 0x0000000002c3a5d0 code [0x0000000002c3a7e0, 0x0000000002c3afd8]
Event: 14.087 Thread 0x0000000017180800 1483       4       javazoom.jl.decoder.OutputBuffer::clip (30 bytes)
Event: 14.087 Thread 0x0000000017180800 nmethod 1483 0x0000000002c16ad0 code [0x0000000002c16c40, 0x0000000002c16cd8]
Event: 14.303 Thread 0x0000000017185000 1484       4       javazoom.jl.decoder.OutputBuffer::appendSamples (81 bytes)
Event: 14.310 Thread 0x0000000017185000 nmethod 1484 0x0000000002c4b390 code [0x0000000002c4b500, 0x0000000002c4b9b8]
Event: 14.420 Thread 0x0000000017180800 1485       4       java.io.BufferedInputStream::getBufIfOpen (21 bytes)
Event: 14.421 Thread 0x0000000017180800 nmethod 1485 0x0000000002c36c10 code [0x0000000002c36d40, 0x0000000002c36db8]

GC Heap History (8 events):
Event: 2.925 GC heap before
{Heap before GC invocations=1 (full 0):
 PSYoungGen      total 38400K, used 33280K [0x00000000d5f00000, 0x00000000d8980000, 0x0000000100000000)
  eden space 33280K, 100% used [0x00000000d5f00000,0x00000000d7f80000,0x00000000d7f80000)
  from space 5120K, 0% used [0x00000000d8480000,0x00000000d8480000,0x00000000d8980000)
  to   space 5120K, 0% used [0x00000000d7f80000,0x00000000d7f80000,0x00000000d8480000)
 ParOldGen       total 87552K, used 0K [0x0000000081c00000, 0x0000000087180000, 0x00000000d5f00000)
  object space 87552K, 0% used [0x0000000081c00000,0x0000000081c00000,0x0000000087180000)
 Metaspace       used 8473K, capacity 8563K, committed 8832K, reserved 1056768K
  class space    used 797K, capacity 816K, committed 896K, reserved 1048576K
Event: 2.932 GC heap after
Heap after GC invocations=1 (full 0):
 PSYoungGen      total 38400K, used 5114K [0x00000000d5f00000, 0x00000000d8980000, 0x0000000100000000)
  eden space 33280K, 0% used [0x00000000d5f00000,0x00000000d5f00000,0x00000000d7f80000)
  from space 5120K, 99% used [0x00000000d7f80000,0x00000000d847e9e8,0x00000000d8480000)
  to   space 5120K, 0% used [0x00000000d8480000,0x00000000d8480000,0x00000000d8980000)
 ParOldGen       total 87552K, used 654K [0x0000000081c00000, 0x0000000087180000, 0x00000000d5f00000)
  object space 87552K, 0% used [0x0000000081c00000,0x0000000081ca3be8,0x0000000087180000)
 Metaspace       used 8473K, capacity 8563K, committed 8832K, reserved 1056768K
  class space    used 797K, capacity 816K, committed 896K, reserved 1048576K
}
Event: 7.795 GC heap before
{Heap before GC invocations=2 (full 0):
 PSYoungGen      total 38400K, used 38394K [0x00000000d5f00000, 0x00000000d8980000, 0x0000000100000000)
  eden space 33280K, 100% used [0x00000000d5f00000,0x00000000d7f80000,0x00000000d7f80000)
  from space 5120K, 99% used [0x00000000d7f80000,0x00000000d847e9e8,0x00000000d8480000)
  to   space 5120K, 0% used [0x00000000d8480000,0x00000000d8480000,0x00000000d8980000)
 ParOldGen       total 87552K, used 654K [0x0000000081c00000, 0x0000000087180000, 0x00000000d5f00000)
  object space 87552K, 0% used [0x0000000081c00000,0x0000000081ca3be8,0x0000000087180000)
 Metaspace       used 8770K, capacity 8915K, committed 9088K, reserved 1056768K
  class space    used 804K, capacity 848K, committed 896K, reserved 1048576K
Event: 7.800 GC heap after
Heap after GC invocations=2 (full 0):
 PSYoungGen      total 38400K, used 5110K [0x00000000d5f00000, 0x00000000d8980000, 0x0000000100000000)
  eden space 33280K, 0% used [0x00000000d5f00000,0x00000000d5f00000,0x00000000d7f80000)
  from space 5120K, 99% used [0x00000000d8480000,0x00000000d897d8e0,0x00000000d8980000)
  to   space 5120K, 0% used [0x00000000d7f80000,0x00000000d7f80000,0x00000000d8480000)
 ParOldGen       total 87552K, used 985K [0x0000000081c00000, 0x0000000087180000, 0x00000000d5f00000)
  object space 87552K, 1% used [0x0000000081c00000,0x0000000081cf64d8,0x0000000087180000)
 Metaspace       used 8770K, capacity 8915K, committed 9088K, reserved 1056768K
  class space    used 804K, capacity 848K, committed 896K, reserved 1048576K
}
Event: 10.604 GC heap before
{Heap before GC invocations=3 (full 0):
 PSYoungGen      total 38400K, used 38325K [0x00000000d5f00000, 0x00000000d8980000, 0x0000000100000000)
  eden space 33280K, 99% used [0x00000000d5f00000,0x00000000d7f6fca0,0x00000000d7f80000)
  from space 5120K, 99% used [0x00000000d8480000,0x00000000d897d8e0,0x00000000d8980000)
  to   space 5120K, 0% used [0x00000000d7f80000,0x00000000d7f80000,0x00000000d8480000)
 ParOldGen       total 87552K, used 985K [0x0000000081c00000, 0x0000000087180000, 0x00000000d5f00000)
  object space 87552K, 1% used [0x0000000081c00000,0x0000000081cf64d8,0x0000000087180000)
 Metaspace       used 8814K, capacity 8915K, committed 9088K, reserved 1056768K
  class space    used 804K, capacity 848K, committed 896K, reserved 1048576K
Event: 10.609 GC heap after
Heap after GC invocations=3 (full 0):
 PSYoungGen      total 38400K, used 5110K [0x00000000d5f00000, 0x00000000d8980000, 0x0000000100000000)
  eden space 33280K, 0% used [0x00000000d5f00000,0x00000000d5f00000,0x00000000d7f80000)
  from space 5120K, 99% used [0x00000000d7f80000,0x00000000d847d8e0,0x00000000d8480000)
  to   space 5120K, 0% used [0x00000000d8480000,0x00000000d8480000,0x00000000d8980000)
 ParOldGen       total 87552K, used 3049K [0x0000000081c00000, 0x0000000087180000, 0x00000000d5f00000)
  object space 87552K, 3% used [0x0000000081c00000,0x0000000081efa4d8,0x0000000087180000)
 Metaspace       used 8814K, capacity 8915K, committed 9088K, reserved 1056768K
  class space    used 804K, capacity 848K, committed 896K, reserved 1048576K
}
Event: 14.554 GC heap before
{Heap before GC invocations=4 (full 0):
 PSYoungGen      total 38400K, used 38312K [0x00000000d5f00000, 0x00000000d8980000, 0x0000000100000000)
  eden space 33280K, 99% used [0x00000000d5f00000,0x00000000d7f6ca30,0x00000000d7f80000)
  from space 5120K, 99% used [0x00000000d7f80000,0x00000000d847d8e0,0x00000000d8480000)
  to   space 5120K, 0% used [0x00000000d8480000,0x00000000d8480000,0x00000000d8980000)
 ParOldGen       total 87552K, used 3049K [0x0000000081c00000, 0x0000000087180000, 0x00000000d5f00000)
  object space 87552K, 3% used [0x0000000081c00000,0x0000000081efa4d8,0x0000000087180000)
 Metaspace       used 8857K, capacity 8979K, committed 9088K, reserved 1056768K
  class space    used 805K, capacity 848K, committed 896K, reserved 1048576K
Event: 14.560 GC heap after
Heap after GC invocations=4 (full 0):
 PSYoungGen      total 38400K, used 5110K [0x00000000d5f00000, 0x00000000d8980000, 0x0000000100000000)
  eden space 33280K, 0% used [0x00000000d5f00000,0x00000000d5f00000,0x00000000d7f80000)
  from space 5120K, 99% used [0x00000000d8480000,0x00000000d897d900,0x00000000d8980000)
  to   space 5120K, 0% used [0x00000000d7f80000,0x00000000d7f80000,0x00000000d8480000)
 ParOldGen       total 87552K, used 5385K [0x0000000081c00000, 0x0000000087180000, 0x00000000d5f00000)
  object space 87552K, 6% used [0x0000000081c00000,0x00000000821424d8,0x0000000087180000)
 Metaspace       used 8857K, capacity 8979K, committed 9088K, reserved 1056768K
  class space    used 805K, capacity 848K, committed 896K, reserved 1048576K
}

Deoptimization events (10 events):
Event: 7.871 Thread 0x0000000019268800 Uncommon trap: reason=null_check action=make_not_entrant pc=0x0000000002bd9818 method=com.badlogic.gdx.utils.ObjectIntMap.put(Ljava/lang/Object;I)V @ 43
Event: 9.327 Thread 0x0000000019268800 Uncommon trap: reason=null_check action=make_not_entrant pc=0x0000000002c078e0 method=com.badlogic.gdx.utils.ObjectIntMap.put(Ljava/lang/Object;I)V @ 75
Event: 9.410 Thread 0x0000000019268800 Uncommon trap: reason=null_check action=make_not_entrant pc=0x0000000002c0dcfc method=com.badlogic.gdx.utils.ObjectIntMap.put(Ljava/lang/Object;I)V @ 107
Event: 9.967 Thread 0x0000000019268800 Uncommon trap: reason=array_check action=maybe_recompile pc=0x0000000002b307cc method=com.badlogic.gdx.utils.Array.add(Ljava/lang/Object;)V @ 46
Event: 11.404 Thread 0x0000000019268800 Uncommon trap: reason=array_check action=maybe_recompile pc=0x0000000002b307cc method=com.badlogic.gdx.utils.Array.add(Ljava/lang/Object;)V @ 46
Event: 12.073 Thread 0x0000000019268800 Uncommon trap: reason=array_check action=maybe_recompile pc=0x0000000002b307cc method=com.badlogic.gdx.utils.Array.add(Ljava/lang/Object;)V @ 46
Event: 12.767 Thread 0x0000000019268800 Uncommon trap: reason=unstable_if action=reinterpret pc=0x00000000029d1584 method=javazoom.jl.decoder.OutputBuffer.clip(F)S @ 17
Event: 14.019 Thread 0x0000000019268800 Uncommon trap: reason=unstable_if action=reinterpret pc=0x0000000002b7f330 method=javazoom.jl.decoder.LayerIIIDecoder.huffman_decode(II)V @ 635
Event: 14.019 Thread 0x0000000019268800 Uncommon trap: reason=unstable_if action=reinterpret pc=0x0000000002ae34e0 method=javazoom.jl.decoder.LayerIIIDecoder.huffman_decode(II)V @ 491
Event: 14.019 Thread 0x0000000019268800 Uncommon trap: reason=unstable_if action=reinterpret pc=0x0000000002c35e74 method=javazoom.jl.decoder.OutputBuffer.clip(F)S @ 4

Internal exceptions (10 events):
Event: 0.231 Thread 0x0000000002553800 Exception <a 'java/security/PrivilegedActionException'> (0x00000000d63d39d0) thrown at [D:\re\puppet\workspace\8-2-build-windows-amd64-cygwin\jdk8u73\6086\hotspot\src\share\vm\prims\jvm.cpp, line 1386]
Event: 0.439 Thread 0x0000000002553800 Exception <a 'java/security/PrivilegedActionException'> (0x00000000d661d750) thrown at [D:\re\puppet\workspace\8-2-build-windows-amd64-cygwin\jdk8u73\6086\hotspot\src\share\vm\prims\jvm.cpp, line 1386]
Event: 0.440 Thread 0x0000000002553800 Exception <a 'java/security/PrivilegedActionException'> (0x00000000d661f428) thrown at [D:\re\puppet\workspace\8-2-build-windows-amd64-cygwin\jdk8u73\6086\hotspot\src\share\vm\prims\jvm.cpp, line 1386]
Event: 0.440 Thread 0x0000000002553800 Exception <a 'java/security/PrivilegedActionException'> (0x00000000d6620598) thrown at [D:\re\puppet\workspace\8-2-build-windows-amd64-cygwin\jdk8u73\6086\hotspot\src\share\vm\prims\jvm.cpp, line 1386]
Event: 0.440 Thread 0x0000000002553800 Exception <a 'java/security/PrivilegedActionException'> (0x00000000d6625700) thrown at [D:\re\puppet\workspace\8-2-build-windows-amd64-cygwin\jdk8u73\6086\hotspot\src\share\vm\prims\jvm.cpp, line 1386]
Event: 0.440 Thread 0x0000000002553800 Exception <a 'java/security/PrivilegedActionException'> (0x00000000d6626358) thrown at [D:\re\puppet\workspace\8-2-build-windows-amd64-cygwin\jdk8u73\6086\hotspot\src\share\vm\prims\jvm.cpp, line 1386]
Event: 0.440 Thread 0x0000000002553800 Exception <a 'java/security/PrivilegedActionException'> (0x00000000d6626f80) thrown at [D:\re\puppet\workspace\8-2-build-windows-amd64-cygwin\jdk8u73\6086\hotspot\src\share\vm\prims\jvm.cpp, line 1386]
Event: 7.871 Thread 0x0000000019268800 Implicit null exception at 0x0000000002bd926e to 0x0000000002bd97ed
Event: 9.327 Thread 0x0000000019268800 Implicit null exception at 0x0000000002c0739a to 0x0000000002c078ad
Event: 9.410 Thread 0x0000000019268800 Implicit null exception at 0x0000000002c0d8be to 0x0000000002c0dcc1

Events (10 events):
Event: 14.563 Executing VM operation: RevokeBias
Event: 14.563 Executing VM operation: RevokeBias done
Event: 14.563 Executing VM operation: RevokeBias
Event: 14.563 Executing VM operation: RevokeBias done
Event: 14.563 Executing VM operation: RevokeBias
Event: 14.563 Executing VM operation: RevokeBias done
Event: 14.563 Executing VM operation: RevokeBias
Event: 14.563 Executing VM operation: RevokeBias done
Event: 14.563 Executing VM operation: RevokeBias
Event: 14.563 Executing VM operation: RevokeBias done


Dynamic libraries:
0x00007ff69cb00000 - 0x00007ff69cb37000 	C:\Program Files\Java\jdk1.8.0_73\bin\java.exe
0x00007ff8918a0000 - 0x00007ff891a61000 	C:\WINDOWS\SYSTEM32\ntdll.dll
0x00007ff88f7d0000 - 0x00007ff88f87d000 	C:\WINDOWS\system32\KERNEL32.DLL
0x00007ff88e070000 - 0x00007ff88e258000 	C:\WINDOWS\system32\KERNELBASE.dll
0x00007ff88f040000 - 0x00007ff88f0e7000 	C:\WINDOWS\system32\ADVAPI32.dll
0x00007ff88f0f0000 - 0x00007ff88f18d000 	C:\WINDOWS\system32\msvcrt.dll
0x00007ff88f320000 - 0x00007ff88f37b000 	C:\WINDOWS\system32\sechost.dll
0x00007ff88ed70000 - 0x00007ff88ee8c000 	C:\WINDOWS\system32\RPCRT4.dll
0x00007ff891500000 - 0x00007ff891656000 	C:\WINDOWS\system32\USER32.dll
0x00007ff88f190000 - 0x00007ff88f316000 	C:\WINDOWS\system32\GDI32.dll
0x00007ff889d30000 - 0x00007ff889fa4000 	C:\WINDOWS\WinSxS\amd64_microsoft.windows.common-controls_6595b64144ccf1df_6.0.10586.0_none_8c15ae12515e1c22\COMCTL32.dll
0x00007ff88f380000 - 0x00007ff88f5fd000 	C:\WINDOWS\system32\combase.dll
0x00007ff88ec30000 - 0x00007ff88ec9a000 	C:\WINDOWS\system32\bcryptPrimitives.dll
0x00007ff88fab0000 - 0x00007ff88faeb000 	C:\WINDOWS\system32\IMM32.DLL
0x000000005f450000 - 0x000000005f522000 	C:\Program Files\Java\jdk1.8.0_73\jre\bin\msvcr100.dll
0x000000005e4b0000 - 0x000000005ed40000 	C:\Program Files\Java\jdk1.8.0_73\jre\bin\server\jvm.dll
0x00007ff88fb60000 - 0x00007ff88fb68000 	C:\WINDOWS\system32\PSAPI.DLL
0x00007ff88aff0000 - 0x00007ff88aff9000 	C:\WINDOWS\SYSTEM32\WSOCK32.dll
0x00007ff88c590000 - 0x00007ff88c5b3000 	C:\WINDOWS\SYSTEM32\WINMM.dll
0x00007ff88f8e0000 - 0x00007ff88f94b000 	C:\WINDOWS\system32\WS2_32.dll
0x00007ff889bb0000 - 0x00007ff889bba000 	C:\WINDOWS\SYSTEM32\VERSION.dll
0x00007ff88c530000 - 0x00007ff88c55c000 	C:\WINDOWS\SYSTEM32\WINMMBASE.dll
0x00007ff88e000000 - 0x00007ff88e043000 	C:\WINDOWS\system32\cfgmgr32.dll
0x000000005f440000 - 0x000000005f44f000 	C:\Program Files\Java\jdk1.8.0_73\jre\bin\verify.dll
0x000000005f410000 - 0x000000005f439000 	C:\Program Files\Java\jdk1.8.0_73\jre\bin\java.dll
0x000000005f3f0000 - 0x000000005f406000 	C:\Program Files\Java\jdk1.8.0_73\jre\bin\zip.dll
0x00007ff88ffa0000 - 0x00007ff8914fc000 	C:\WINDOWS\system32\SHELL32.dll
0x00007ff88e260000 - 0x00007ff88e8a5000 	C:\WINDOWS\system32\windows.storage.dll
0x00007ff891840000 - 0x00007ff891892000 	C:\WINDOWS\system32\shlwapi.dll
0x00007ff88df40000 - 0x00007ff88df4f000 	C:\WINDOWS\system32\kernel.appcore.dll
0x00007ff88eb70000 - 0x00007ff88ec25000 	C:\WINDOWS\system32\shcore.dll
0x00007ff88dec0000 - 0x00007ff88df0b000 	C:\WINDOWS\system32\powrprof.dll
0x00007ff88df20000 - 0x00007ff88df34000 	C:\WINDOWS\system32\profapi.dll
0x00007ff88b140000 - 0x00007ff88b150000 	C:\Program Files (x86)\JetBrains\IntelliJ IDEA 15.0.3\bin\breakgen64.dll
0x000000005f3d0000 - 0x000000005f3ea000 	C:\Program Files\Java\jdk1.8.0_73\jre\bin\net.dll
0x00007ff88d790000 - 0x00007ff88d7ec000 	C:\WINDOWS\system32\mswsock.dll
0x0000000065580000 - 0x0000000065616000 	C:\Users\Valenti\AppData\Local\Temp\libgdxValenti\2ec99cb7\gdx64.dll
0x00007ff88d840000 - 0x00007ff88d857000 	C:\WINDOWS\SYSTEM32\CRYPTSP.dll
0x00007ff88d4d0000 - 0x00007ff88d504000 	C:\WINDOWS\system32\rsaenh.dll
0x00007ff88de00000 - 0x00007ff88de29000 	C:\WINDOWS\SYSTEM32\bcrypt.dll
0x00007ff88d620000 - 0x00007ff88d63f000 	C:\WINDOWS\SYSTEM32\USERENV.dll
0x00007ff88dde0000 - 0x00007ff88ddeb000 	C:\WINDOWS\SYSTEM32\CRYPTBASE.dll
0x00007ff88b540000 - 0x00007ff88b578000 	C:\WINDOWS\SYSTEM32\IPHLPAPI.DLL
0x00007ff88f600000 - 0x00007ff88f608000 	C:\WINDOWS\system32\NSI.dll
0x00007ff882db0000 - 0x00007ff882dc6000 	C:\WINDOWS\SYSTEM32\dhcpcsvc6.DLL
0x00007ff882d90000 - 0x00007ff882daa000 	C:\WINDOWS\SYSTEM32\dhcpcsvc.DLL
0x000000005f3b0000 - 0x000000005f3c1000 	C:\Program Files\Java\jdk1.8.0_73\jre\bin\nio.dll
0x0000000180000000 - 0x0000000180053000 	C:\Users\Valenti\AppData\Local\Temp\libgdxValenti\dc0f0009\lwjgl64.dll
0x00007ff878930000 - 0x00007ff878a59000 	C:\WINDOWS\SYSTEM32\OPENGL32.dll
0x00007ff878ae0000 - 0x00007ff878b0e000 	C:\WINDOWS\SYSTEM32\GLU32.dll
0x00007ff878700000 - 0x00007ff8787fa000 	C:\WINDOWS\SYSTEM32\DDRAW.dll
0x00007ff878ac0000 - 0x00007ff878ac8000 	C:\WINDOWS\SYSTEM32\DCIMAN32.dll
0x0000000002320000 - 0x0000000002384000 	C:\Users\Valenti\AppData\Local\Temp\libgdxValenti\dc0f0009\OpenAL64.dll
0x00007ff88f950000 - 0x00007ff88fa93000 	C:\WINDOWS\system32\ole32.dll
0x00007ff88cab0000 - 0x00007ff88cb46000 	C:\WINDOWS\system32\uxtheme.dll
0x00007ff891770000 - 0x00007ff891817000 	C:\WINDOWS\system32\clbcatq.dll
0x00007ff88b1b0000 - 0x00007ff88b336000 	C:\WINDOWS\System32\PROPSYS.dll
0x00007ff88eca0000 - 0x00007ff88ed61000 	C:\WINDOWS\system32\OLEAUT32.dll
0x00007ff8784b0000 - 0x00007ff87854c000 	C:\WINDOWS\SYSTEM32\dsound.dll
0x00007ff883290000 - 0x00007ff883300000 	C:\WINDOWS\System32\MMDevApi.dll
0x00007ff88c8f0000 - 0x00007ff88c917000 	C:\WINDOWS\System32\DEVOBJ.dll
0x00007ff8830e0000 - 0x00007ff883168000 	C:\WINDOWS\SYSTEM32\AUDIOSES.DLL
0x00007ff887340000 - 0x00007ff887476000 	C:\WINDOWS\SYSTEM32\wintypes.dll
0x00007ff88f670000 - 0x00007ff88f7ca000 	C:\WINDOWS\system32\MSCTF.dll
0x00007ff889fb0000 - 0x00007ff889fd2000 	C:\WINDOWS\system32\dwmapi.dll
0x00007ff859c30000 - 0x00007ff85a463000 	C:\WINDOWS\SYSTEM32\ig7icd64.dll
0x00007ff885470000 - 0x00007ff8858cf000 	C:\WINDOWS\SYSTEM32\igdusc64.dll
0x00007ff88b5d0000 - 0x00007ff88b5e3000 	C:\WINDOWS\SYSTEM32\WTSAPI32.dll
0x00007ff889fe0000 - 0x00007ff88a071000 	C:\WINDOWS\SYSTEM32\mscms.dll
0x00007ff86ff00000 - 0x00007ff86ff42000 	C:\WINDOWS\SYSTEM32\icm32.dll
0x000000006a740000 - 0x000000006a7f1000 	C:\Users\Valenti\AppData\Local\Temp\libgdxValenti\c0c1eece\gdx-freetype64.dll
0x00007ff87b2e0000 - 0x00007ff87b46c000 	C:\WINDOWS\SYSTEM32\dbghelp.dll

VM Arguments:
jvm_args: -Didea.launcher.port=7532 -Didea.launcher.bin.path=C:\Program Files (x86)\JetBrains\IntelliJ IDEA 15.0.3\bin -Dfile.encoding=UTF-8 
java_command: com.intellij.rt.execution.application.AppMain com.mygdx.game.desktop.DesktopLauncher
java_class_path (initial): C:\Program Files\Java\jdk1.8.0_73\jre\lib\charsets.jar;C:\Program Files\Java\jdk1.8.0_73\jre\lib\deploy.jar;C:\Program Files\Java\jdk1.8.0_73\jre\lib\ext\access-bridge-64.jar;C:\Program Files\Java\jdk1.8.0_73\jre\lib\ext\cldrdata.jar;C:\Program Files\Java\jdk1.8.0_73\jre\lib\ext\dnsns.jar;C:\Program Files\Java\jdk1.8.0_73\jre\lib\ext\jaccess.jar;C:\Program Files\Java\jdk1.8.0_73\jre\lib\ext\jfxrt.jar;C:\Program Files\Java\jdk1.8.0_73\jre\lib\ext\localedata.jar;C:\Program Files\Java\jdk1.8.0_73\jre\lib\ext\nashorn.jar;C:\Program Files\Java\jdk1.8.0_73\jre\lib\ext\sunec.jar;C:\Program Files\Java\jdk1.8.0_73\jre\lib\ext\sunjce_provider.jar;C:\Program Files\Java\jdk1.8.0_73\jre\lib\ext\sunmscapi.jar;C:\Program Files\Java\jdk1.8.0_73\jre\lib\ext\sunpkcs11.jar;C:\Program Files\Java\jdk1.8.0_73\jre\lib\ext\zipfs.jar;C:\Program Files\Java\jdk1.8.0_73\jre\lib\javaws.jar;C:\Program Files\Java\jdk1.8.0_73\jre\lib\jce.jar;C:\Program Files\Java\jdk1.8.0_73\jre\lib\jfr.jar;C:\Program Files\Java\jdk1.8.0_73\jre\lib\jfxswt.jar;C:\Program Files\Java\jdk1.8.0_73\jre\lib\jsse.jar;C:\Program Files\Java\jdk1.8.0_73\jre\lib\management-agent.jar;C:\Program Files\Java\jdk1.8.0_73\jre\lib\plugin.jar;C:\Program Files\Java\jdk1.8.0_73\jre\lib\resources.jar;C:\Program Files\Java\jdk1.8.0_73\jre\lib\rt.jar;C:\Users\Valenti\Documents\Software Development\MasterZoframenco\Zoframenco\desktop\build\classes\main;C:\Users\Valenti\Documents\Software Development\MasterZoframenco\Zoframenco\desktop\build\resources\main;C:\Users\Valenti\Documents\Software Development\MasterZoframenco\Zoframenco\core\build\classes\main;C:\Users\Valenti\Documents\Software Development\MasterZoframenco\Zoframenco\core\build\resources\main;C:\Users\Valenti\.gradle\caches\modules-2\files-2.1\com.badlogicgames.gdx\gdx\1.9.2\e641cb91bec06bc64d9ddf7a7d7062caceec73cd\gdx-1.9.2.jar;C:\Users\Valenti\.gradle\caches\modules-2\files-2.1\com.badlogicgames.gdx\gdx-box2d\1.9.2\b78eaa90aaaf7830e6dffff587ea6e859
Launcher Type: SUN_STANDARD

Environment Variables:
PATH=C:\ProgramData\Oracle\Java\javapath;C:\Program Files (x86)\NVIDIA Corporation\PhysX\Common;C:\Program Files (x86)\ActiveState Komodo Edit 9\;C:\Program Files (x86)\Intel\iCLS Client\;C:\Program Files\Intel\iCLS Client\;C:\WINDOWS\system32;C:\WINDOWS;C:\WINDOWS\System32\Wbem;C:\WINDOWS\System32\WindowsPowerShell\v1.0\;C:\Program Files (x86)\Intel\OpenCL SDK\2.0\bin\x86;C:\Program Files (x86)\Intel\OpenCL SDK\2.0\bin\x64;C:\Program Files\Intel\Intel(R) Management Engine Components\DAL;C:\Program Files\Intel\Intel(R) Management Engine Components\IPT;C:\Program Files (x86)\Intel\Intel(R) Management Engine Components\DAL;C:\Program Files (x86)\Intel\Intel(R) Management Engine Components\IPT;C:\Program Files\Intel\WiFi\bin\;C:\Program Files\Common Files\Intel\WirelessCommon\;C:\Program Files (x86)\Git\cmd;C:\Program Files (x86)\Bitvise SSH Client;C:\WINDOWS\system32\config\systemprofile\.dnx\bin;C:\Program Files\Microsoft DNX\Dnvm\;C:\Program Files (x86)\Skype\Phone\;C:\Program Files\nodejs\;C:\Users\Valenti\Anaconda;C:\Users\Valenti\Anaconda\Scripts;C:\Users\Valenti\AppData\Local\.meteor\;C:\Users\Valenti\AppData\Roaming\npm
USERNAME=Valenti
OS=Windows_NT
PROCESSOR_IDENTIFIER=Intel64 Family 6 Model 58 Stepping 9, GenuineIntel



---------------  S Y S T E M  ---------------

OS: Windows 10.0 , 64 bit Build 10586 (10.0.10586.0)

CPU:total 4 (2 cores per cpu, 2 threads per core) family 6 model 58 stepping 9, cmov, cx8, fxsr, mmx, sse, sse2, sse3, ssse3, sse4.1, sse4.2, popcnt, avx, aes, clmul, erms, ht, tsc, tscinvbit, tscinv

Memory: 4k page, physical 8271420k(3589460k free), swap 18794760k(11001036k free)

vm_info: Java HotSpot(TM) 64-Bit Server VM (25.73-b02) for windows-amd64 JRE (1.8.0_73-b02), built on Jan 29 2016 17:38:49 by "java_re" with MS VC++ 10.0 (VS2010)

time: Tue Apr 26 19:30:40 2016
elapsed time: 14 seconds (0d 0h 0m 14s)

