#
# A fatal error has been detected by the Java Runtime Environment:
#
#  EXCEPTION_ACCESS_VIOLATION (0xc0000005) at pc=0x000000006a74a2d3, pid=10996, tid=3496
#
# JRE version: Java(TM) SE Runtime Environment (7.0_79-b15) (build 1.7.0_79-b15)
# Java VM: Java HotSpot(TM) 64-Bit Server VM (24.79-b02 mixed mode windows-amd64 compressed oops)
# Problematic frame:
# C  [gdx-freetype64.dll+0xa2d3]
#
# Failed to write core dump. Minidumps are not enabled by default on client versions of Windows
#
# If you would like to submit a bug report, please visit:
#   http://bugreport.java.com/bugreport/crash.jsp
# The crash happened outside the Java Virtual Machine in native code.
# See problematic frame for where to report the bug.
#

---------------  T H R E A D  ---------------

Current thread (0x0000000011004000):  JavaThread "LWJGL Application" [_thread_in_native, id=3496, stack(0x00000000126a0000,0x00000000127a0000)]

siginfo: ExceptionCode=0xc0000005, reading address 0x0000000000000054

Registers:
RAX=0x0000000000000000, RBX=0x00000006fc66d728, RCX=0x00000000123c6750, RDX=0x000000001279ee88
RSP=0x000000001279edb0, RBP=0x000000001279ee78, RSI=0x00000000123c6750, RDI=0x00000000123aaee0
R8 =0x00000000123c6750, R9 =0x00000000000000db, R10=0x0000000002643124, R11=0x00000000721c4050
R12=0x0000000000000000, R13=0x00000006fc66d728, R14=0x000000001279eea0, R15=0x0000000011004000
RIP=0x000000006a74a2d3, EFLAGS=0x0000000000010202

Top of Stack: (sp=0x000000001279edb0)
0x000000001279edb0:   000000000263f0d8 00007ffb8f192260
0x000000001279edc0:   00007ffb8f192260 0000000000000000
0x000000001279edd0:   000000001279edd0 00000006fc66d728
0x000000001279ede0:   0000000000000002 00000000026360f8
0x000000001279edf0:   000000001279ee78 0000000002643150
0x000000001279ee00:   0000000000000000 000000001279ee38
0x000000001279ee10:   000000001279ee80 00000000026360f8
0x000000001279ee20:   00007ffb8f192260 0000000000000000
0x000000001279ee30:   00000007abdd7f58 000000001279ee38
0x000000001279ee40:   0000000000000000 000000001279eea0
0x000000001279ee50:   00000006fc66fd70 0000000000000000
0x000000001279ee60:   00000006fc66d728 0000000000000000
0x000000001279ee70:   000000001279ee98 000000001279eee8
0x000000001279ee80:   00000000026360f8 00000007ac20e680
0x000000001279ee90:   000000000263f0d8 00000000123c6750
0x000000001279eea0:   000000001279eea0 000000001279eea8 

Instructions: (pc=0x000000006a74a2d3)
0x000000006a74a2b3:   53 48 83 ec 28 48 85 c9 48 89 ce 74 30 48 8b b9
0x000000006a74a2c3:   90 00 00 00 48 85 ff 74 24 48 8b 81 d0 00 00 00
0x000000006a74a2d3:   8b 48 54 8d 51 ff 89 50 54 31 c0 85 d2 7e 1e 48
0x000000006a74a2e3:   83 c4 28 5b 5e 5f 5d c3 0f 1f 44 00 00 b8 23 00 


Register to memory mapping:

RAX=0x0000000000000000 is an unknown value
RBX=0x00000006fc66d728 is an oop
{method} 
 - klass: {other class}
RCX=0x00000000123c6750 is an unknown value
RDX=0x000000001279ee88 is pointing into the stack for thread: 0x0000000011004000
RSP=0x000000001279edb0 is pointing into the stack for thread: 0x0000000011004000
RBP=0x000000001279ee78 is pointing into the stack for thread: 0x0000000011004000
RSI=0x00000000123c6750 is an unknown value
RDI=0x00000000123aaee0 is an unknown value
R8 =0x00000000123c6750 is an unknown value
R9 =0x00000000000000db is an unknown value
R10=0x0000000002643124 is at code_begin+644 in an Interpreter codelet
method entry point (kind = native)  [0x0000000002642ea0, 0x0000000002643740]  2208 bytes
R11=0x00000000721c4050 is an unknown value
R12=0x0000000000000000 is an unknown value
R13=0x00000006fc66d728 is an oop
{method} 
 - klass: {other class}
R14=0x000000001279eea0 is pointing into the stack for thread: 0x0000000011004000
R15=0x0000000011004000 is a thread


Stack: [0x00000000126a0000,0x00000000127a0000],  sp=0x000000001279edb0,  free space=1019k
Native frames: (J=compiled Java code, j=interpreted, Vv=VM code, C=native code)
C  [gdx-freetype64.dll+0xa2d3]
j  com.badlogic.gdx.graphics.g2d.freetype.FreeType$Face.dispose()V+4
j  com.badlogic.gdx.graphics.g2d.freetype.FreeTypeFontGenerator.dispose()V+4
j  com.mygdx.game.HomeScreen.render(F)V+64
j  com.badlogic.gdx.Game.render()V+19
j  com.mygdx.game.MyGdxGame.render()V+1
j  com.badlogic.gdx.backends.lwjgl.LwjglApplication.mainLoop()V+698
j  com.badlogic.gdx.backends.lwjgl.LwjglApplication$1.run()V+27
v  ~StubRoutines::call_stub
V  [jvm.dll+0x1cf7f3]

Java frames: (J=compiled Java code, j=interpreted, Vv=VM code)
j  com.badlogic.gdx.graphics.g2d.freetype.FreeType$Face.doneFace(J)V+0
j  com.badlogic.gdx.graphics.g2d.freetype.FreeType$Face.dispose()V+4
j  com.badlogic.gdx.graphics.g2d.freetype.FreeTypeFontGenerator.dispose()V+4
j  com.mygdx.game.HomeScreen.render(F)V+64
j  com.badlogic.gdx.Game.render()V+19
j  com.mygdx.game.MyGdxGame.render()V+1
j  com.badlogic.gdx.backends.lwjgl.LwjglApplication.mainLoop()V+698
j  com.badlogic.gdx.backends.lwjgl.LwjglApplication$1.run()V+27
v  ~StubRoutines::call_stub

---------------  P R O C E S S  ---------------

Java Threads: ( => current thread )
  0x0000000010f5a800 JavaThread "LWJGL Timer" daemon [_thread_blocked, id=4168, stack(0x0000000059280000,0x0000000059380000)]
  0x0000000002533800 JavaThread "DestroyJavaVM" [_thread_blocked, id=4376, stack(0x0000000002390000,0x0000000002490000)]
=>0x0000000011004000 JavaThread "LWJGL Application" [_thread_in_native, id=3496, stack(0x00000000126a0000,0x00000000127a0000)]
  0x0000000010f6f800 JavaThread "Monitor Ctrl-Break" daemon [_thread_in_native, id=8428, stack(0x0000000011180000,0x0000000011280000)]
  0x000000000f424000 JavaThread "Service Thread" daemon [_thread_blocked, id=1016, stack(0x0000000010b80000,0x0000000010c80000)]
  0x000000000f417000 JavaThread "C2 CompilerThread1" daemon [_thread_blocked, id=9188, stack(0x0000000010a80000,0x0000000010b80000)]
  0x000000000262d000 JavaThread "C2 CompilerThread0" daemon [_thread_blocked, id=10944, stack(0x0000000010980000,0x0000000010a80000)]
  0x000000000262c000 JavaThread "Attach Listener" daemon [_thread_blocked, id=6276, stack(0x0000000010880000,0x0000000010980000)]
  0x000000000f416000 JavaThread "Signal Dispatcher" daemon [_thread_blocked, id=4900, stack(0x0000000010780000,0x0000000010880000)]
  0x000000000261b000 JavaThread "Finalizer" daemon [_thread_blocked, id=6720, stack(0x0000000010680000,0x0000000010780000)]
  0x000000000f3f4800 JavaThread "Reference Handler" daemon [_thread_blocked, id=5252, stack(0x0000000010580000,0x0000000010680000)]

Other Threads:
  0x000000000f3f3000 VMThread [stack: 0x0000000010480000,0x0000000010580000] [id=4164]
  0x000000000f43e000 WatcherThread [stack: 0x0000000010c80000,0x0000000010d80000] [id=11364]

VM state:not at safepoint (normal execution)

VM Mutex/Monitor currently owned by a thread: None

Heap
 PSYoungGen      total 76288K, used 22299K [0x00000007ab080000, 0x00000007b0580000, 0x0000000800000000)
  eden space 65536K, 34% used [0x00000007ab080000,0x00000007ac646fd0,0x00000007af080000)
  from space 10752K, 0% used [0x00000007afb00000,0x00000007afb00000,0x00000007b0580000)
  to   space 10752K, 0% used [0x00000007af080000,0x00000007af080000,0x00000007afb00000)
 ParOldGen       total 173568K, used 0K [0x0000000701200000, 0x000000070bb80000, 0x00000007ab080000)
  object space 173568K, 0% used [0x0000000701200000,0x0000000701200000,0x000000070bb80000)
 PSPermGen       total 21504K, used 6871K [0x00000006fc000000, 0x00000006fd500000, 0x0000000701200000)
  object space 21504K, 31% used [0x00000006fc000000,0x00000006fc6b5df0,0x00000006fd500000)

Card table byte_map: [0x00000000056f0000,0x0000000005f20000] byte_map_base: 0x0000000001f10000

Polling page: 0x00000000004f0000

Code Cache  [0x0000000002630000, 0x00000000028a0000, 0x0000000005630000)
 total_blobs=454 nmethods=59 adapters=348 free_code_cache=48529Kb largest_free_block=49674880

Compilation events (10 events):
Event: 0.960 Thread 0x000000000262d000 nmethod 53 0x00000000026c26d0 code [0x00000000026c2800, 0x00000000026c2898]
Event: 0.965 Thread 0x000000000262d000   54             com.badlogic.gdx.graphics.g2d.freetype.FreeType$Face::getKerning (11 bytes)
Event: 0.966 Thread 0x000000000262d000 nmethod 54 0x00000000026c2450 code [0x00000000026c25a0, 0x00000000026c2628]
Event: 0.973 Thread 0x000000000262d000   56             com.badlogic.gdx.graphics.g2d.freetype.FreeTypeFontGenerator$FreeTypeBitmapFontData::getGlyph (271 bytes)
Event: 0.974 Thread 0x000000000262d000 nmethod 56 0x00000000026c1c90 code [0x00000000026c1de0, 0x00000000026c1ef8]
Event: 0.974 Thread 0x000000000262d000   57             com.badlogic.gdx.graphics.g2d.BitmapFont$BitmapFontData::getGlyph (25 bytes)
Event: 0.975 Thread 0x000000000262d000 nmethod 57 0x00000000026c42d0 code [0x00000000026c4420, 0x00000000026c4518]
Event: 0.975 Thread 0x000000000262d000   58             com.badlogic.gdx.graphics.g2d.freetype.FreeType$Face::getCharIndex (9 bytes)
Event: 0.975 Thread 0x000000000262d000 nmethod 58 0x00000000026c4050 code [0x00000000026c41a0, 0x00000000026c4228]
Event: 0.985 Thread 0x000000000f417000 nmethod 51 0x00000000026cdb10 code [0x00000000026cdde0, 0x00000000026cf568]

GC Heap History (0 events):
No events

Deoptimization events (2 events):
Event: 0.327 Thread 0x0000000002533800 Uncommon trap: reason=null_check action=make_not_entrant pc=0x00000000026a72c4 method=java.lang.String.equals(Ljava/lang/Object;)Z @ 8
Event: 0.936 Thread 0x0000000011004000 Uncommon trap: reason=intrinsic action=make_not_entrant pc=0x00000000026c8054 method=com.badlogic.gdx.graphics.g2d.freetype.FreeType$Bitmap.getPixmap(Lcom/badlogic/gdx/graphics/Pixmap$Format;Lcom/badlogic/gdx/graphics/Color;F)Lcom/badlogic/gdx/graphics/Pix

Internal exceptions (10 events):
Event: 1.005 Thread 0x0000000011004000 Threw 0x00000007ac37a488 at C:\re\jdk7u79\2331\hotspot\src\share\vm\prims\jvm.cpp:1304
Event: 1.005 Thread 0x0000000011004000 Threw 0x00000007ac381318 at C:\re\jdk7u79\2331\hotspot\src\share\vm\prims\jvm.cpp:1304
Event: 1.007 Thread 0x0000000011004000 Threw 0x00000007ac38f268 at C:\re\jdk7u79\2331\hotspot\src\share\vm\prims\jvm.cpp:1304
Event: 1.008 Thread 0x0000000011004000 Threw 0x00000007ac397110 at C:\re\jdk7u79\2331\hotspot\src\share\vm\prims\jvm.cpp:1304
Event: 1.009 Thread 0x0000000011004000 Threw 0x00000007ac39f300 at C:\re\jdk7u79\2331\hotspot\src\share\vm\prims\jvm.cpp:1304
Event: 1.016 Thread 0x0000000011004000 Threw 0x00000007ac3ad1a0 at C:\re\jdk7u79\2331\hotspot\src\share\vm\prims\jvm.cpp:1304
Event: 1.017 Thread 0x0000000011004000 Threw 0x00000007ac3b4950 at C:\re\jdk7u79\2331\hotspot\src\share\vm\prims\jvm.cpp:1304
Event: 1.028 Thread 0x0000000011004000 Threw 0x00000007ac503b68 at C:\re\jdk7u79\2331\hotspot\src\share\vm\prims\jvm.cpp:1304
Event: 1.030 Thread 0x0000000011004000 Threw 0x00000007ac50aa38 at C:\re\jdk7u79\2331\hotspot\src\share\vm\prims\jvm.cpp:1304
Event: 1.033 Thread 0x0000000011004000 Threw 0x00000007ac511b68 at C:\re\jdk7u79\2331\hotspot\src\share\vm\prims\jvm.cpp:1304

Events (10 events):
Event: 1.016 loading class 0x00000000110f9430 done
Event: 1.017 loading class 0x00000000110f9030
Event: 1.017 loading class 0x00000000110f9030 done
Event: 1.028 loading class 0x00000000110dce60
Event: 1.028 loading class 0x00000000110dce60 done
Event: 1.030 loading class 0x0000000011890f90
Event: 1.030 loading class 0x0000000011890f90 done
Event: 1.033 loading class 0x000000001182add0
Event: 1.033 loading class 0x000000001182add0 done
Event: 1.034 Thread 0x0000000010f5a800 Thread added: 0x0000000010f5a800


Dynamic libraries:
0x00007ff6645a0000 - 0x00007ff6645d3000 	C:\Program Files\Java\jdk1.7.0_79\bin\java.exe
0x00007ffbcefb0000 - 0x00007ffbcf171000 	C:\WINDOWS\SYSTEM32\ntdll.dll
0x00007ffbcc5c0000 - 0x00007ffbcc66d000 	C:\WINDOWS\system32\KERNEL32.DLL
0x00007ffbcb890000 - 0x00007ffbcba78000 	C:\WINDOWS\system32\KERNELBASE.dll
0x00007ffbcc3c0000 - 0x00007ffbcc467000 	C:\WINDOWS\system32\ADVAPI32.dll
0x00007ffbcc6d0000 - 0x00007ffbcc76d000 	C:\WINDOWS\system32\msvcrt.dll
0x00007ffbcc9c0000 - 0x00007ffbcca1b000 	C:\WINDOWS\system32\sechost.dll
0x00007ffbce3c0000 - 0x00007ffbce4dc000 	C:\WINDOWS\system32\RPCRT4.dll
0x00007ffbcee50000 - 0x00007ffbcefa6000 	C:\WINDOWS\system32\USER32.dll
0x00007ffbce020000 - 0x00007ffbce1a6000 	C:\WINDOWS\system32\GDI32.dll
0x00007ffbbd0d0000 - 0x00007ffbbd344000 	C:\WINDOWS\WinSxS\amd64_microsoft.windows.common-controls_6595b64144ccf1df_6.0.10586.0_none_8c15ae12515e1c22\COMCTL32.dll
0x00007ffbce9b0000 - 0x00007ffbcec2d000 	C:\WINDOWS\system32\combase.dll
0x00007ffbcbb60000 - 0x00007ffbcbbca000 	C:\WINDOWS\system32\bcryptPrimitives.dll
0x00007ffbcca20000 - 0x00007ffbcca5b000 	C:\WINDOWS\system32\IMM32.DLL
0x0000000073d00000 - 0x0000000073dd2000 	C:\Program Files\Java\jdk1.7.0_79\jre\bin\msvcr100.dll
0x0000000071fe0000 - 0x00000000727b5000 	C:\Program Files\Java\jdk1.7.0_79\jre\bin\server\jvm.dll
0x00007ffbcc3b0000 - 0x00007ffbcc3b8000 	C:\WINDOWS\system32\PSAPI.DLL
0x00007ffbbac20000 - 0x00007ffbbac29000 	C:\WINDOWS\SYSTEM32\WSOCK32.dll
0x00007ffbc9270000 - 0x00007ffbc9293000 	C:\WINDOWS\SYSTEM32\WINMM.dll
0x00007ffbce4f0000 - 0x00007ffbce55b000 	C:\WINDOWS\system32\WS2_32.dll
0x00007ffbc9210000 - 0x00007ffbc923c000 	C:\WINDOWS\SYSTEM32\WINMMBASE.dll
0x00007ffbcbc80000 - 0x00007ffbcbcc3000 	C:\WINDOWS\system32\cfgmgr32.dll
0x0000000073cf0000 - 0x0000000073cff000 	C:\Program Files\Java\jdk1.7.0_79\jre\bin\verify.dll
0x0000000073cc0000 - 0x0000000073ce8000 	C:\Program Files\Java\jdk1.7.0_79\jre\bin\java.dll
0x0000000073ca0000 - 0x0000000073cb5000 	C:\Program Files\Java\jdk1.7.0_79\jre\bin\zip.dll
0x00007ffbc1020000 - 0x00007ffbc1030000 	C:\Program Files (x86)\JetBrains\IntelliJ IDEA Community Edition 15.0.4\bin\breakgen64.dll
0x0000000073c80000 - 0x0000000073c9a000 	C:\Program Files\Java\jdk1.7.0_79\jre\bin\net.dll
0x00007ffbcaf00000 - 0x00007ffbcaf5c000 	C:\WINDOWS\system32\mswsock.dll
0x0000000065580000 - 0x0000000065616000 	C:\Users\Francesco Nutricato\AppData\Local\Temp\libgdxFrancesco Nutricato\2ec99cb7\gdx64.dll
0x00007ffbcafb0000 - 0x00007ffbcafc7000 	C:\WINDOWS\SYSTEM32\CRYPTSP.dll
0x00007ffbcac40000 - 0x00007ffbcac74000 	C:\WINDOWS\system32\rsaenh.dll
0x00007ffbcb1d0000 - 0x00007ffbcb1f9000 	C:\WINDOWS\SYSTEM32\bcrypt.dll
0x00007ffbcad90000 - 0x00007ffbcadaf000 	C:\WINDOWS\SYSTEM32\USERENV.dll
0x00007ffbcb5e0000 - 0x00007ffbcb5f4000 	C:\WINDOWS\system32\profapi.dll
0x00007ffbcb0d0000 - 0x00007ffbcb0db000 	C:\WINDOWS\SYSTEM32\CRYPTBASE.dll
0x00007ffbc7fa0000 - 0x00007ffbc7fd8000 	C:\WINDOWS\SYSTEM32\IPHLPAPI.DLL
0x00007ffbce4e0000 - 0x00007ffbce4e8000 	C:\WINDOWS\system32\NSI.dll
0x00007ffbbdfd0000 - 0x00007ffbbdfe6000 	C:\WINDOWS\SYSTEM32\dhcpcsvc6.DLL
0x00007ffbbf430000 - 0x00007ffbbf44a000 	C:\WINDOWS\SYSTEM32\dhcpcsvc.DLL
0x0000000073c60000 - 0x0000000073c71000 	C:\Program Files\Java\jdk1.7.0_79\jre\bin\nio.dll
0x0000000180000000 - 0x0000000180053000 	C:\Users\Francesco Nutricato\AppData\Local\Temp\libgdxFrancesco Nutricato\dc0f0009\lwjgl64.dll
0x00007ffbc3de0000 - 0x00007ffbc3dea000 	C:\WINDOWS\SYSTEM32\VERSION.dll
0x00007ffbb4e30000 - 0x00007ffbb4f59000 	C:\WINDOWS\SYSTEM32\OPENGL32.dll
0x00007ffbb9a70000 - 0x00007ffbb9a9e000 	C:\WINDOWS\SYSTEM32\GLU32.dll
0x00007ffbb7b90000 - 0x00007ffbb7c8a000 	C:\WINDOWS\SYSTEM32\DDRAW.dll
0x00007ffbb8ab0000 - 0x00007ffbb8ab8000 	C:\WINDOWS\SYSTEM32\DCIMAN32.dll
0x0000000002490000 - 0x00000000024f4000 	C:\Users\FRANCE~1\AppData\Local\Temp\libgdxFrancesco Nutricato\dc0f0009\OpenAL64.dll
0x00007ffbcca60000 - 0x00007ffbcdfbc000 	C:\WINDOWS\system32\SHELL32.dll
0x00007ffbcbd60000 - 0x00007ffbcc3a5000 	C:\WINDOWS\system32\windows.storage.dll
0x00007ffbcdfc0000 - 0x00007ffbce012000 	C:\WINDOWS\system32\shlwapi.dll
0x00007ffbcb600000 - 0x00007ffbcb60f000 	C:\WINDOWS\system32\kernel.appcore.dll
0x00007ffbcbaa0000 - 0x00007ffbcbb55000 	C:\WINDOWS\system32\shcore.dll
0x00007ffbcb610000 - 0x00007ffbcb65b000 	C:\WINDOWS\system32\powrprof.dll
0x00007ffbcc470000 - 0x00007ffbcc5b3000 	C:\WINDOWS\system32\ole32.dll
0x00007ffbc9d20000 - 0x00007ffbc9db6000 	C:\WINDOWS\system32\uxtheme.dll
0x00007ffbb62f0000 - 0x00007ffbb6393000 	C:\Program Files\Common Files\microsoft shared\ink\tiptsf.dll
0x00007ffbcc7e0000 - 0x00007ffbcc8a1000 	C:\WINDOWS\system32\OLEAUT32.dll
0x00007ffbce310000 - 0x00007ffbce3b7000 	C:\WINDOWS\system32\clbcatq.dll
0x00007ffbc8ff0000 - 0x00007ffbc9176000 	C:\WINDOWS\System32\PROPSYS.dll
0x00007ffbaea10000 - 0x00007ffbaeaac000 	C:\WINDOWS\SYSTEM32\dsound.dll
0x00007ffbc4240000 - 0x00007ffbc42b0000 	C:\WINDOWS\System32\MMDevApi.dll
0x00007ffbc9dc0000 - 0x00007ffbc9de7000 	C:\WINDOWS\System32\DEVOBJ.dll
0x00007ffbabf00000 - 0x00007ffbabf88000 	C:\WINDOWS\SYSTEM32\AUDIOSES.DLL
0x00007ffbca6e0000 - 0x00007ffbca816000 	C:\WINDOWS\SYSTEM32\wintypes.dll
0x00007ffbce1b0000 - 0x00007ffbce30a000 	C:\WINDOWS\system32\MSCTF.dll
0x00007ffbc96d0000 - 0x00007ffbc96f2000 	C:\WINDOWS\system32\dwmapi.dll
0x00007ffb8e910000 - 0x00007ffb8f605000 	C:\WINDOWS\SYSTEM32\ig9icd64.dll
0x00007ffbc5e80000 - 0x00007ffbc6cf2000 	C:\WINDOWS\SYSTEM32\igc64.dll
0x00007ffbc8fd0000 - 0x00007ffbc8fe3000 	C:\WINDOWS\SYSTEM32\WTSAPI32.dll
0x00007ffba5f60000 - 0x00007ffba5ff1000 	C:\WINDOWS\SYSTEM32\mscms.dll
0x00007ffbb57a0000 - 0x00007ffbb57e2000 	C:\WINDOWS\SYSTEM32\icm32.dll
0x00007ffba58e0000 - 0x00007ffba5a3c000 	C:\Windows\System32\uiautomationcore.dll
0x00007ffbcb490000 - 0x00007ffbcb529000 	C:\WINDOWS\SYSTEM32\sxs.dll
0x00007ffbc3440000 - 0x00007ffbc34aa000 	C:\Windows\System32\OLEACC.dll
0x000000006a740000 - 0x000000006a7f1000 	C:\Users\Francesco Nutricato\AppData\Local\Temp\libgdxFrancesco Nutricato\c0c1eece\gdx-freetype64.dll
0x00007ffbc3830000 - 0x00007ffbc39bc000 	C:\WINDOWS\SYSTEM32\dbghelp.dll

VM Arguments:
jvm_args: -Didea.launcher.port=7544 -Didea.launcher.bin.path=C:\Program Files (x86)\JetBrains\IntelliJ IDEA Community Edition 15.0.4\bin -Dfile.encoding=UTF-8 
java_command: com.intellij.rt.execution.application.AppMain com.mygdx.game.desktop.DesktopLauncher
Launcher Type: SUN_STANDARD

Environment Variables:
JAVA_HOME=C:\Program Files\Java\jdk1.7.0_79
PATH=C:\Program Files\Java\jdk1.7.0_79\bin;C:\WINDOWS\system32;C:\WINDOWS;C:\WINDOWS\System32\Wbem;C:\WINDOWS\System32\WindowsPowerShell\v1.0\;C:\Program Files\Git\cmd;C:\Program Files\Git\mingw64\bin;C:\Program Files\Git\usr\bin;C:\Program Files\Gradle\gradle_2_11\bin;C:\grails_2_4_4\bin;C:\Program Files\Groovy\Groovy-2.3.7\bin;C:\Program Files (x86)\MySQL\MySQL Fabric 1.5 & MySQL Utilities 1.5\;"C:\Program Files\MySQL\MySQL Server 5.7\bin"
USERNAME=Francesco Nutricato
OS=Windows_NT
PROCESSOR_IDENTIFIER=Intel64 Family 6 Model 78 Stepping 3, GenuineIntel



---------------  S Y S T E M  ---------------

OS: Windows 8.1 , 64 bit Build 9600 

CPU:total 4 (2 cores per cpu, 2 threads per core) family 6 model 78 stepping 3, cmov, cx8, fxsr, mmx, sse, sse2, sse3, ssse3, sse4.1, sse4.2, popcnt, avx, avx2, aes, erms, ht, tsc, tscinvbit

Memory: 4k page, physical 16699344k(11120520k free), swap 19189712k(9113788k free)

vm_info: Java HotSpot(TM) 64-Bit Server VM (24.79-b02) for windows-amd64 JRE (1.7.0_79-b15), built on Apr 10 2015 12:36:16 by "java_re" with unknown MS VC++:1600

time: Wed Apr 20 20:06:47 2016
elapsed time: 1 seconds

