#
# A fatal error has been detected by the Java Runtime Environment:
#
#  EXCEPTION_ACCESS_VIOLATION (0xc0000005) at pc=0x000000006a74a9f9, pid=11136, tid=5420
#
# JRE version: Java(TM) SE Runtime Environment (7.0_79-b15) (build 1.7.0_79-b15)
# Java VM: Java HotSpot(TM) 64-Bit Server VM (24.79-b02 mixed mode windows-amd64 compressed oops)
# Problematic frame:
# C  [gdx-freetype64.dll+0xa9f9]
#
# Failed to write core dump. Minidumps are not enabled by default on client versions of Windows
#
# If you would like to submit a bug report, please visit:
#   http://bugreport.java.com/bugreport/crash.jsp
# The crash happened outside the Java Virtual Machine in native code.
# See problematic frame for where to report the bug.
#

---------------  T H R E A D  ---------------

Current thread (0x0000000010fd3800):  JavaThread "LWJGL Application" [_thread_in_native, id=5420, stack(0x00000000125a0000,0x00000000126a0000)]

siginfo: ExceptionCode=0xc0000005, reading address 0xffffffffffffffff

Registers:
RAX=0x0001de1b3b929291, RBX=0x00000000122c6750, RCX=0x0000000000000c80, RDX=0x000000001269eda0
RSP=0x000000001269ed40, RBP=0x000000001269ee80, RSI=0x00000000000000e0, RDI=0x0000000000000000
R8 =0x0000000000000c80, R9 =0x0000000000000c80, R10=0x0000000002613124, R11=0x00000000721c4050
R12=0x0000000000000000, R13=0x00000006fc66ebf8, R14=0x000000001269eeb8, R15=0x0000000010fd3800
RIP=0x000000006a74a9f9, EFLAGS=0x0000000000010297

Top of Stack: (sp=0x000000001269ed40)
0x000000001269ed40:   0000000010fd3800 000000000f32cf08
0x000000001269ed50:   0000000000002711 000000007255ada8
0x000000001269ed60:   0000000010fd3800 00000000722ad7f9
0x000000001269ed70:   00000006fc66ebf8 000000006a74ab3d
0x000000001269ed80:   00000000ffffffff 0000000010fd3800
0x000000001269ed90:   000000001269ee89 00000000721a150f
0x000000001269eda0:   00000c8000000000 0000000000000c80
0x000000001269edb0:   0000000000000000 000000000f32cf08
0x000000001269edc0:   0000000000002711 000000006a741604
0x000000001269edd0:   0000000010fd3800 00000000720f90ba
0x000000001269ede0:   00000000025143b0 00000000721a12f8
0x000000001269edf0:   0000000010fd3800 0000000002613150
0x000000001269ee00:   00000000ffffffff 0000000041f00000
0x000000001269ee10:   000000001269eea8 000000007213a480
0x000000001269ee20:   0000000000000032 0000000010fd3800
0x000000001269ee30:   0000000000000000 0000000010fd3800 

Instructions: (pc=0x000000006a74a9f9)
0x000000006a74a9d9:   44 8b 42 04 45 85 c0 78 2e 8b 4a 08 85 c9 78 27
0x000000006a74a9e9:   83 3a 04 77 22 48 8b 83 90 00 00 00 48 8b 40 18
0x000000006a74a9f9:   48 8b 80 98 00 00 00 48 85 c0 74 1b 48 8b 8b 80
0x000000006a74aa09:   00 00 00 ff d0 66 90 48 83 c4 30 5b c3 66 2e 0f 


Register to memory mapping:

RAX=0x0001de1b3b929291 is an unknown value
RBX=0x00000000122c6750 is an unknown value
RCX=0x0000000000000c80 is an unknown value
RDX=0x000000001269eda0 is pointing into the stack for thread: 0x0000000010fd3800
RSP=0x000000001269ed40 is pointing into the stack for thread: 0x0000000010fd3800
RBP=0x000000001269ee80 is pointing into the stack for thread: 0x0000000010fd3800
RSI=0x00000000000000e0 is an unknown value
RDI=0x0000000000000000 is an unknown value
R8 =0x0000000000000c80 is an unknown value
R9 =0x0000000000000c80 is an unknown value
R10=0x0000000002613124 is at code_begin+644 in an Interpreter codelet
method entry point (kind = native)  [0x0000000002612ea0, 0x0000000002613740]  2208 bytes
R11=0x00000000721c4050 is an unknown value
R12=0x0000000000000000 is an unknown value
R13=0x00000006fc66ebf8 is an oop
{method} 
 - klass: {other class}
R14=0x000000001269eeb8 is pointing into the stack for thread: 0x0000000010fd3800
R15=0x0000000010fd3800 is a thread


Stack: [0x00000000125a0000,0x00000000126a0000],  sp=0x000000001269ed40,  free space=1019k
Native frames: (J=compiled Java code, j=interpreted, Vv=VM code, C=native code)
C  [gdx-freetype64.dll+0xa9f9]
j  com.badlogic.gdx.graphics.g2d.freetype.FreeType$Face.setPixelSizes(II)Z+6
j  com.badlogic.gdx.graphics.g2d.freetype.FreeTypeFontGenerator.setPixelSizes(II)V+23
j  com.badlogic.gdx.graphics.g2d.freetype.FreeTypeFontGenerator.generateData(Lcom/badlogic/gdx/graphics/g2d/freetype/FreeTypeFontGenerator$FreeTypeFontParameter;Lcom/badlogic/gdx/graphics/g2d/freetype/FreeTypeFontGenerator$FreeTypeBitmapFontData;)Lcom/badlogic/gdx/graphics/g2d/freetype/FreeTypeFontGenerator$FreeTypeBitmapFontData;+40
j  com.badlogic.gdx.graphics.g2d.freetype.FreeTypeFontGenerator.generateFont(Lcom/badlogic/gdx/graphics/g2d/freetype/FreeTypeFontGenerator$FreeTypeFontParameter;Lcom/badlogic/gdx/graphics/g2d/freetype/FreeTypeFontGenerator$FreeTypeBitmapFontData;)Lcom/badlogic/gdx/graphics/g2d/BitmapFont;+3
j  com.badlogic.gdx.graphics.g2d.freetype.FreeTypeFontGenerator.generateFont(Lcom/badlogic/gdx/graphics/g2d/freetype/FreeTypeFontGenerator$FreeTypeFontParameter;)Lcom/badlogic/gdx/graphics/g2d/BitmapFont;+9
j  com.mygdx.game.HomeScreen.render(F)V+45
j  com.badlogic.gdx.Game.render()V+19
j  com.mygdx.game.MyGdxGame.render()V+1
j  com.badlogic.gdx.backends.lwjgl.LwjglApplication.mainLoop()V+698
j  com.badlogic.gdx.backends.lwjgl.LwjglApplication$1.run()V+27
v  ~StubRoutines::call_stub
V  [jvm.dll+0x1cf7f3]

Java frames: (J=compiled Java code, j=interpreted, Vv=VM code)
j  com.badlogic.gdx.graphics.g2d.freetype.FreeType$Face.setPixelSizes(JII)Z+0
j  com.badlogic.gdx.graphics.g2d.freetype.FreeType$Face.setPixelSizes(II)Z+6
j  com.badlogic.gdx.graphics.g2d.freetype.FreeTypeFontGenerator.setPixelSizes(II)V+23
j  com.badlogic.gdx.graphics.g2d.freetype.FreeTypeFontGenerator.generateData(Lcom/badlogic/gdx/graphics/g2d/freetype/FreeTypeFontGenerator$FreeTypeFontParameter;Lcom/badlogic/gdx/graphics/g2d/freetype/FreeTypeFontGenerator$FreeTypeBitmapFontData;)Lcom/badlogic/gdx/graphics/g2d/freetype/FreeTypeFontGenerator$FreeTypeBitmapFontData;+40
j  com.badlogic.gdx.graphics.g2d.freetype.FreeTypeFontGenerator.generateFont(Lcom/badlogic/gdx/graphics/g2d/freetype/FreeTypeFontGenerator$FreeTypeFontParameter;Lcom/badlogic/gdx/graphics/g2d/freetype/FreeTypeFontGenerator$FreeTypeBitmapFontData;)Lcom/badlogic/gdx/graphics/g2d/BitmapFont;+3
j  com.badlogic.gdx.graphics.g2d.freetype.FreeTypeFontGenerator.generateFont(Lcom/badlogic/gdx/graphics/g2d/freetype/FreeTypeFontGenerator$FreeTypeFontParameter;)Lcom/badlogic/gdx/graphics/g2d/BitmapFont;+9
j  com.mygdx.game.HomeScreen.render(F)V+45
j  com.badlogic.gdx.Game.render()V+19
j  com.mygdx.game.MyGdxGame.render()V+1
j  com.badlogic.gdx.backends.lwjgl.LwjglApplication.mainLoop()V+698
j  com.badlogic.gdx.backends.lwjgl.LwjglApplication$1.run()V+27
v  ~StubRoutines::call_stub

---------------  P R O C E S S  ---------------

Java Threads: ( => current thread )
  0x000000001138d800 JavaThread "LWJGL Timer" daemon [_thread_blocked, id=9928, stack(0x0000000059190000,0x0000000059290000)]
  0x0000000002503800 JavaThread "DestroyJavaVM" [_thread_blocked, id=11096, stack(0x0000000002400000,0x0000000002500000)]
=>0x0000000010fd3800 JavaThread "LWJGL Application" [_thread_in_native, id=5420, stack(0x00000000125a0000,0x00000000126a0000)]
  0x0000000010e77000 JavaThread "Monitor Ctrl-Break" daemon [_thread_in_native, id=1584, stack(0x0000000011190000,0x0000000011290000)]
  0x000000000f332000 JavaThread "Service Thread" daemon [_thread_blocked, id=4392, stack(0x0000000010aa0000,0x0000000010ba0000)]
  0x00000000025fe800 JavaThread "C2 CompilerThread1" daemon [_thread_blocked, id=1884, stack(0x00000000109a0000,0x0000000010aa0000)]
  0x00000000025fd800 JavaThread "C2 CompilerThread0" daemon [_thread_in_native, id=6252, stack(0x00000000108a0000,0x00000000109a0000)]
  0x00000000025fc800 JavaThread "Attach Listener" daemon [_thread_blocked, id=5908, stack(0x00000000107a0000,0x00000000108a0000)]
  0x000000000f326800 JavaThread "Signal Dispatcher" daemon [_thread_blocked, id=3496, stack(0x00000000106a0000,0x00000000107a0000)]
  0x00000000025ea800 JavaThread "Finalizer" daemon [_thread_blocked, id=2856, stack(0x00000000105a0000,0x00000000106a0000)]
  0x000000000f304800 JavaThread "Reference Handler" daemon [_thread_blocked, id=11508, stack(0x00000000104a0000,0x00000000105a0000)]

Other Threads:
  0x000000000f303000 VMThread [stack: 0x00000000103a0000,0x00000000104a0000] [id=11432]
  0x000000000f34f000 WatcherThread [stack: 0x0000000010ba0000,0x0000000010ca0000] [id=12208]

VM state:not at safepoint (normal execution)

VM Mutex/Monitor currently owned by a thread: None

Heap
 PSYoungGen      total 76288K, used 20988K [0x00000007ab080000, 0x00000007b0580000, 0x0000000800000000)
  eden space 65536K, 32% used [0x00000007ab080000,0x00000007ac4ff3b0,0x00000007af080000)
  from space 10752K, 0% used [0x00000007afb00000,0x00000007afb00000,0x00000007b0580000)
  to   space 10752K, 0% used [0x00000007af080000,0x00000007af080000,0x00000007afb00000)
 ParOldGen       total 173568K, used 0K [0x0000000701200000, 0x000000070bb80000, 0x00000007ab080000)
  object space 173568K, 0% used [0x0000000701200000,0x0000000701200000,0x000000070bb80000)
 PSPermGen       total 21504K, used 6972K [0x00000006fc000000, 0x00000006fd500000, 0x0000000701200000)
  object space 21504K, 32% used [0x00000006fc000000,0x00000006fc6cf378,0x00000006fd500000)

Card table byte_map: [0x0000000005600000,0x0000000005e30000] byte_map_base: 0x0000000001e20000

Polling page: 0x00000000004f0000

Code Cache  [0x0000000002600000, 0x0000000002870000, 0x0000000005600000)
 total_blobs=463 nmethods=68 adapters=348 free_code_cache=48492Kb largest_free_block=49633344

Compilation events (10 events):
Event: 1.049 Thread 0x00000000025fd800   62             com.badlogic.gdx.graphics.g2d.BitmapFont$BitmapFontData::getGlyph (25 bytes)
Event: 1.049 Thread 0x00000000025fe800   63             com.badlogic.gdx.graphics.g2d.freetype.FreeTypeFontGenerator$FreeTypeBitmapFontData::getGlyph (271 bytes)
Event: 1.050 Thread 0x00000000025fd800 nmethod 62 0x000000000269aa50 code [0x000000000269aba0, 0x000000000269ac98]
Event: 1.051 Thread 0x00000000025fe800 nmethod 63 0x000000000269a650 code [0x000000000269a7a0, 0x000000000269a8b8]
Event: 1.052 Thread 0x00000000025fd800   64             com.badlogic.gdx.graphics.g2d.freetype.FreeType$Face::getCharIndex (9 bytes)
Event: 1.052 Thread 0x00000000025fd800 nmethod 64 0x0000000002698ad0 code [0x0000000002698c20, 0x0000000002698ca8]
Event: 1.096 Thread 0x00000000025fe800   66             java.util.Arrays::copyOf (19 bytes)
Event: 1.099 Thread 0x00000000025fe800 nmethod 66 0x0000000002693190 code [0x00000000026932e0, 0x00000000026934d8]
Event: 1.101 Thread 0x00000000025fd800   67  s!         sun.misc.URLClassPath::getLoader (154 bytes)
Event: 1.106 Thread 0x00000000025fe800   68 % !         sun.net.www.ParseUtil::decode @ 69 (316 bytes)

GC Heap History (0 events):
No events

Deoptimization events (2 events):
Event: 0.334 Thread 0x0000000002503800 Uncommon trap: reason=null_check action=make_not_entrant pc=0x0000000002673cc4 method=java.lang.String.equals(Ljava/lang/Object;)Z @ 8
Event: 0.996 Thread 0x0000000010fd3800 Uncommon trap: reason=intrinsic action=make_not_entrant pc=0x000000000269eb14 method=com.badlogic.gdx.graphics.g2d.freetype.FreeType$Bitmap.getPixmap(Lcom/badlogic/gdx/graphics/Pixmap$Format;Lcom/badlogic/gdx/graphics/Color;F)Lcom/badlogic/gdx/graphics/Pix

Internal exceptions (10 events):
Event: 1.073 Thread 0x0000000010fd3800 Threw 0x00000007ac3eead0 at C:\re\jdk7u79\2331\hotspot\src\share\vm\prims\jvm.cpp:1304
Event: 1.074 Thread 0x0000000010fd3800 Threw 0x00000007ac3f6920 at C:\re\jdk7u79\2331\hotspot\src\share\vm\prims\jvm.cpp:1304
Event: 1.075 Thread 0x0000000010fd3800 Threw 0x00000007ac4053c0 at C:\re\jdk7u79\2331\hotspot\src\share\vm\prims\jvm.cpp:1304
Event: 1.079 Thread 0x0000000010fd3800 Threw 0x00000007ac40c250 at C:\re\jdk7u79\2331\hotspot\src\share\vm\prims\jvm.cpp:1304
Event: 1.082 Thread 0x0000000010fd3800 Threw 0x00000007ac41a1a0 at C:\re\jdk7u79\2331\hotspot\src\share\vm\prims\jvm.cpp:1304
Event: 1.085 Thread 0x0000000010fd3800 Threw 0x00000007ac422048 at C:\re\jdk7u79\2331\hotspot\src\share\vm\prims\jvm.cpp:1304
Event: 1.086 Thread 0x0000000010fd3800 Threw 0x00000007ac42a238 at C:\re\jdk7u79\2331\hotspot\src\share\vm\prims\jvm.cpp:1304
Event: 1.095 Thread 0x0000000010fd3800 Threw 0x00000007ac437e08 at C:\re\jdk7u79\2331\hotspot\src\share\vm\prims\jvm.cpp:1304
Event: 1.098 Thread 0x0000000010fd3800 Threw 0x00000007ac43ecd8 at C:\re\jdk7u79\2331\hotspot\src\share\vm\prims\jvm.cpp:1304
Event: 1.099 Thread 0x0000000010fd3800 Threw 0x00000007ac445e08 at C:\re\jdk7u79\2331\hotspot\src\share\vm\prims\jvm.cpp:1304

Events (10 events):
Event: 1.085 loading class 0x0000000010f9d310 done
Event: 1.086 loading class 0x000000001109d040
Event: 1.086 loading class 0x000000001109d040 done
Event: 1.095 loading class 0x000000001132c670
Event: 1.095 loading class 0x000000001132c670 done
Event: 1.098 loading class 0x000000001138bc80
Event: 1.098 loading class 0x000000001138bc80 done
Event: 1.099 loading class 0x00000000115b2420
Event: 1.099 loading class 0x00000000115b2420 done
Event: 1.100 Thread 0x000000001138d800 Thread added: 0x000000001138d800


Dynamic libraries:
0x00007ff6645a0000 - 0x00007ff6645d3000 	C:\Program Files\Java\jdk1.7.0_79\bin\java.exe
0x00007ffbcefb0000 - 0x00007ffbcf171000 	C:\WINDOWS\SYSTEM32\ntdll.dll
0x00007ffbcc5c0000 - 0x00007ffbcc66d000 	C:\WINDOWS\system32\KERNEL32.DLL
0x00007ffbcb890000 - 0x00007ffbcba78000 	C:\WINDOWS\system32\KERNELBASE.dll
0x00007ffbcc3c0000 - 0x00007ffbcc467000 	C:\WINDOWS\system32\ADVAPI32.dll
0x00007ffbcc6d0000 - 0x00007ffbcc76d000 	C:\WINDOWS\system32\msvcrt.dll
0x00007ffbcc9c0000 - 0x00007ffbcca1b000 	C:\WINDOWS\system32\sechost.dll
0x00007ffbce3c0000 - 0x00007ffbce4dc000 	C:\WINDOWS\system32\RPCRT4.dll
0x00007ffbcee50000 - 0x00007ffbcefa6000 	C:\WINDOWS\system32\USER32.dll
0x00007ffbce020000 - 0x00007ffbce1a6000 	C:\WINDOWS\system32\GDI32.dll
0x00007ffbbd0d0000 - 0x00007ffbbd344000 	C:\WINDOWS\WinSxS\amd64_microsoft.windows.common-controls_6595b64144ccf1df_6.0.10586.0_none_8c15ae12515e1c22\COMCTL32.dll
0x00007ffbce9b0000 - 0x00007ffbcec2d000 	C:\WINDOWS\system32\combase.dll
0x00007ffbcbb60000 - 0x00007ffbcbbca000 	C:\WINDOWS\system32\bcryptPrimitives.dll
0x00007ffbcca20000 - 0x00007ffbcca5b000 	C:\WINDOWS\system32\IMM32.DLL
0x0000000073d00000 - 0x0000000073dd2000 	C:\Program Files\Java\jdk1.7.0_79\jre\bin\msvcr100.dll
0x0000000071fe0000 - 0x00000000727b5000 	C:\Program Files\Java\jdk1.7.0_79\jre\bin\server\jvm.dll
0x00007ffbcc3b0000 - 0x00007ffbcc3b8000 	C:\WINDOWS\system32\PSAPI.DLL
0x00007ffbc9270000 - 0x00007ffbc9293000 	C:\WINDOWS\SYSTEM32\WINMM.dll
0x00007ffbbac20000 - 0x00007ffbbac29000 	C:\WINDOWS\SYSTEM32\WSOCK32.dll
0x00007ffbce4f0000 - 0x00007ffbce55b000 	C:\WINDOWS\system32\WS2_32.dll
0x00007ffbc9210000 - 0x00007ffbc923c000 	C:\WINDOWS\SYSTEM32\WINMMBASE.dll
0x00007ffbcbc80000 - 0x00007ffbcbcc3000 	C:\WINDOWS\system32\cfgmgr32.dll
0x0000000073cf0000 - 0x0000000073cff000 	C:\Program Files\Java\jdk1.7.0_79\jre\bin\verify.dll
0x0000000073cc0000 - 0x0000000073ce8000 	C:\Program Files\Java\jdk1.7.0_79\jre\bin\java.dll
0x0000000073ca0000 - 0x0000000073cb5000 	C:\Program Files\Java\jdk1.7.0_79\jre\bin\zip.dll
0x00007ffbc1020000 - 0x00007ffbc1030000 	C:\Program Files (x86)\JetBrains\IntelliJ IDEA Community Edition 15.0.4\bin\breakgen64.dll
0x0000000073c80000 - 0x0000000073c9a000 	C:\Program Files\Java\jdk1.7.0_79\jre\bin\net.dll
0x00007ffbcaf00000 - 0x00007ffbcaf5c000 	C:\WINDOWS\system32\mswsock.dll
0x0000000065580000 - 0x0000000065616000 	C:\Users\Francesco Nutricato\AppData\Local\Temp\libgdxFrancesco Nutricato\2ec99cb7\gdx64.dll
0x00007ffbcafb0000 - 0x00007ffbcafc7000 	C:\WINDOWS\SYSTEM32\CRYPTSP.dll
0x00007ffbcac40000 - 0x00007ffbcac74000 	C:\WINDOWS\system32\rsaenh.dll
0x00007ffbcb1d0000 - 0x00007ffbcb1f9000 	C:\WINDOWS\SYSTEM32\bcrypt.dll
0x00007ffbcad90000 - 0x00007ffbcadaf000 	C:\WINDOWS\SYSTEM32\USERENV.dll
0x00007ffbcb5e0000 - 0x00007ffbcb5f4000 	C:\WINDOWS\system32\profapi.dll
0x00007ffbcb0d0000 - 0x00007ffbcb0db000 	C:\WINDOWS\SYSTEM32\CRYPTBASE.dll
0x00007ffbc7fa0000 - 0x00007ffbc7fd8000 	C:\WINDOWS\SYSTEM32\IPHLPAPI.DLL
0x00007ffbce4e0000 - 0x00007ffbce4e8000 	C:\WINDOWS\system32\NSI.dll
0x00007ffbbdfd0000 - 0x00007ffbbdfe6000 	C:\WINDOWS\SYSTEM32\dhcpcsvc6.DLL
0x00007ffbbf430000 - 0x00007ffbbf44a000 	C:\WINDOWS\SYSTEM32\dhcpcsvc.DLL
0x0000000073c60000 - 0x0000000073c71000 	C:\Program Files\Java\jdk1.7.0_79\jre\bin\nio.dll
0x0000000180000000 - 0x0000000180053000 	C:\Users\Francesco Nutricato\AppData\Local\Temp\libgdxFrancesco Nutricato\dc0f0009\lwjgl64.dll
0x00007ffbc3de0000 - 0x00007ffbc3dea000 	C:\WINDOWS\SYSTEM32\VERSION.dll
0x00007ffbb4e30000 - 0x00007ffbb4f59000 	C:\WINDOWS\SYSTEM32\OPENGL32.dll
0x00007ffbb8ae0000 - 0x00007ffbb8b0e000 	C:\WINDOWS\SYSTEM32\GLU32.dll
0x00007ffbb7b90000 - 0x00007ffbb7c8a000 	C:\WINDOWS\SYSTEM32\DDRAW.dll
0x00007ffbb8ab0000 - 0x00007ffbb8ab8000 	C:\WINDOWS\SYSTEM32\DCIMAN32.dll
0x00000000110c0000 - 0x0000000011124000 	C:\Users\FRANCE~1\AppData\Local\Temp\libgdxFrancesco Nutricato\dc0f0009\OpenAL64.dll
0x00007ffbcca60000 - 0x00007ffbcdfbc000 	C:\WINDOWS\system32\SHELL32.dll
0x00007ffbcbd60000 - 0x00007ffbcc3a5000 	C:\WINDOWS\system32\windows.storage.dll
0x00007ffbcdfc0000 - 0x00007ffbce012000 	C:\WINDOWS\system32\shlwapi.dll
0x00007ffbcb600000 - 0x00007ffbcb60f000 	C:\WINDOWS\system32\kernel.appcore.dll
0x00007ffbcbaa0000 - 0x00007ffbcbb55000 	C:\WINDOWS\system32\shcore.dll
0x00007ffbcb610000 - 0x00007ffbcb65b000 	C:\WINDOWS\system32\powrprof.dll
0x00007ffbcc470000 - 0x00007ffbcc5b3000 	C:\WINDOWS\system32\ole32.dll
0x00007ffbc9d20000 - 0x00007ffbc9db6000 	C:\WINDOWS\system32\uxtheme.dll
0x00007ffbb62f0000 - 0x00007ffbb6393000 	C:\Program Files\Common Files\microsoft shared\ink\tiptsf.dll
0x00007ffbcc7e0000 - 0x00007ffbcc8a1000 	C:\WINDOWS\system32\OLEAUT32.dll
0x00007ffbce310000 - 0x00007ffbce3b7000 	C:\WINDOWS\system32\clbcatq.dll
0x00007ffbc8ff0000 - 0x00007ffbc9176000 	C:\WINDOWS\System32\PROPSYS.dll
0x00007ffbaea10000 - 0x00007ffbaeaac000 	C:\WINDOWS\SYSTEM32\dsound.dll
0x00007ffbc4240000 - 0x00007ffbc42b0000 	C:\WINDOWS\System32\MMDevApi.dll
0x00007ffbc9dc0000 - 0x00007ffbc9de7000 	C:\WINDOWS\System32\DEVOBJ.dll
0x00007ffbabf00000 - 0x00007ffbabf88000 	C:\WINDOWS\SYSTEM32\AUDIOSES.DLL
0x00007ffbca6e0000 - 0x00007ffbca816000 	C:\WINDOWS\SYSTEM32\wintypes.dll
0x00007ffbce1b0000 - 0x00007ffbce30a000 	C:\WINDOWS\system32\MSCTF.dll
0x00007ffbc96d0000 - 0x00007ffbc96f2000 	C:\WINDOWS\system32\dwmapi.dll
0x00007ffb8e910000 - 0x00007ffb8f605000 	C:\WINDOWS\SYSTEM32\ig9icd64.dll
0x00007ffbc5e80000 - 0x00007ffbc6cf2000 	C:\WINDOWS\SYSTEM32\igc64.dll
0x00007ffbc8fd0000 - 0x00007ffbc8fe3000 	C:\WINDOWS\SYSTEM32\WTSAPI32.dll
0x00007ffba5f60000 - 0x00007ffba5ff1000 	C:\WINDOWS\SYSTEM32\mscms.dll
0x00007ffbb5420000 - 0x00007ffbb5462000 	C:\WINDOWS\SYSTEM32\icm32.dll
0x00007ffba58e0000 - 0x00007ffba5a3c000 	C:\Windows\System32\uiautomationcore.dll
0x00007ffbcb490000 - 0x00007ffbcb529000 	C:\WINDOWS\SYSTEM32\sxs.dll
0x00007ffbc3440000 - 0x00007ffbc34aa000 	C:\Windows\System32\OLEACC.dll
0x000000006a740000 - 0x000000006a7f1000 	C:\Users\Francesco Nutricato\AppData\Local\Temp\libgdxFrancesco Nutricato\c0c1eece\gdx-freetype64.dll
0x00007ffbc3830000 - 0x00007ffbc39bc000 	C:\WINDOWS\SYSTEM32\dbghelp.dll

VM Arguments:
jvm_args: -Didea.launcher.port=7538 -Didea.launcher.bin.path=C:\Program Files (x86)\JetBrains\IntelliJ IDEA Community Edition 15.0.4\bin -Dfile.encoding=UTF-8 
java_command: com.intellij.rt.execution.application.AppMain com.mygdx.game.desktop.DesktopLauncher
Launcher Type: SUN_STANDARD

Environment Variables:
JAVA_HOME=C:\Program Files\Java\jdk1.7.0_79
PATH=C:\Program Files\Java\jdk1.7.0_79\bin;C:\WINDOWS\system32;C:\WINDOWS;C:\WINDOWS\System32\Wbem;C:\WINDOWS\System32\WindowsPowerShell\v1.0\;C:\Program Files\Git\cmd;C:\Program Files\Git\mingw64\bin;C:\Program Files\Git\usr\bin;C:\Program Files\Gradle\gradle_2_11\bin;C:\grails_2_4_4\bin;C:\Program Files\Groovy\Groovy-2.3.7\bin;C:\Program Files (x86)\MySQL\MySQL Fabric 1.5 & MySQL Utilities 1.5\;"C:\Program Files\MySQL\MySQL Server 5.7\bin"
USERNAME=Francesco Nutricato
OS=Windows_NT
PROCESSOR_IDENTIFIER=Intel64 Family 6 Model 78 Stepping 3, GenuineIntel



---------------  S Y S T E M  ---------------

OS: Windows 8.1 , 64 bit Build 9600 

CPU:total 4 (2 cores per cpu, 2 threads per core) family 6 model 78 stepping 3, cmov, cx8, fxsr, mmx, sse, sse2, sse3, ssse3, sse4.1, sse4.2, popcnt, avx, avx2, aes, erms, ht, tsc, tscinvbit

Memory: 4k page, physical 16699344k(11159680k free), swap 19189712k(9125504k free)

vm_info: Java HotSpot(TM) 64-Bit Server VM (24.79-b02) for windows-amd64 JRE (1.7.0_79-b15), built on Apr 10 2015 12:36:16 by "java_re" with unknown MS VC++:1600

time: Wed Apr 20 19:58:17 2016
elapsed time: 1 seconds

