#
# A fatal error has been detected by the Java Runtime Environment:
#
#  EXCEPTION_ACCESS_VIOLATION (0xc0000005) at pc=0x00007ffbe0248468, pid=13732, tid=10168
#
# JRE version: Java(TM) SE Runtime Environment (7.0_79-b15) (build 1.7.0_79-b15)
# Java VM: Java HotSpot(TM) 64-Bit Server VM (24.79-b02 mixed mode windows-amd64 compressed oops)
# Problematic frame:
# C  [ntdll.dll+0x28468]
#
# Failed to write core dump. Minidumps are not enabled by default on client versions of Windows
#
# If you would like to submit a bug report, please visit:
#   http://bugreport.java.com/bugreport/crash.jsp
# The crash happened outside the Java Virtual Machine in native code.
# See problematic frame for where to report the bug.
#

---------------  T H R E A D  ---------------

Current thread (0x0000000010e0f000):  JavaThread "LWJGL Application" [_thread_in_native, id=10168, stack(0x0000000012660000,0x0000000012760000)]

siginfo: ExceptionCode=0xc0000005, reading address 0x00000000feffffff

Registers:
RAX=0x00000000feffffff, RBX=0x00000000009a0000, RCX=0x0000000000001678, RDX=0x0000000000000000
RSP=0x000000001275ea60, RBP=0x0000000000013890, RSI=0x000000000000037f, RDI=0x000000001240a570
R8 =0x000000001240a580, R9 =0x0000000000000000, R10=0x00000000025d3124, R11=0x437c000043f28000
R12=0x00000000009a0150, R13=0x0000000000001389, R14=0x00000000009a2d10, R15=0x000000001240a580
RIP=0x00007ffbe0248468, EFLAGS=0x0000000000010212

Top of Stack: (sp=0x000000001275ea60)
0x000000001275ea60:   00007ffb95b7c838 00000000578a9b00
0x000000001275ea70:   000000000055eed0 0000000012860080
0x000000001275ea80:   000000001275eb80 000000001275eba0
0x000000001275ea90:   00000000570de901 0000000000000000
0x000000001275eaa0:   0000000000583200 00007ffb00000001
0x000000001275eab0:   0000000000000000 0000000000000001
0x000000001275eac0:   000000000055eed0 00000000feffffff
0x000000001275ead0:   0001000000000000 0000000000000000
0x000000001275eae0:   000000001240a570 0000000057821322
0x000000001275eaf0:   000000000250b4e1 0000000000000001
0x000000001275eb00:   0000000000000000 0000000000001389
0x000000001275eb10:   000000000250b401 0000000010e0f000
0x000000001275eb20:   000000000250b4e0 00000000000003ff
0x000000001275eb30:   000000000250b4e0 0000000010e0f000
0x000000001275eb40:   00000006fc628de8 000000005786f6e2
0x000000001275eb50:   000000000250b4e1 000000000250b4e0 

Instructions: (pc=0x00007ffbe0248468)
0x00007ffbe0248448:   3b cd 0f 82 2b 02 00 00 4c 8d 47 10 4d 8b 18 4c
0x00007ffbe0248458:   89 9c 24 08 01 00 00 48 8b 47 18 48 89 44 24 68
0x00007ffbe0248468:   48 8b 00 4d 8b 4b 08 49 3b c1 0f 85 e3 01 00 00
0x00007ffbe0248478:   49 3b c0 0f 85 da 01 00 00 48 29 8b c0 00 00 00 


Register to memory mapping:

RAX=0x00000000feffffff is an unknown value
RBX=0x00000000009a0000 is an unknown value
RCX=0x0000000000001678 is an unknown value
RDX=0x0000000000000000 is an unknown value
RSP=0x000000001275ea60 is pointing into the stack for thread: 0x0000000010e0f000
RBP=0x0000000000013890 is an unknown value
RSI=0x000000000000037f is an unknown value
RDI=0x000000001240a570 is an unknown value
R8 =0x000000001240a580 is an unknown value
R9 =0x0000000000000000 is an unknown value
R10=0x00000000025d3124 is at code_begin+644 in an Interpreter codelet
method entry point (kind = native)  [0x00000000025d2ea0, 0x00000000025d3740]  2208 bytes
R11=0x437c000043f28000 is an unknown value
R12=0x00000000009a0150 is an unknown value
R13=0x0000000000001389 is an unknown value
R14=0x00000000009a2d10 is an unknown value
R15=0x000000001240a580 is an unknown value


Stack: [0x0000000012660000,0x0000000012760000],  sp=0x000000001275ea60,  free space=1018k
Native frames: (J=compiled Java code, j=interpreted, Vv=VM code, C=native code)
C  [ntdll.dll+0x28468]

Java frames: (J=compiled Java code, j=interpreted, Vv=VM code)
j  com.badlogic.gdx.utils.BufferUtils.newDisposableByteBuffer(I)Ljava/nio/ByteBuffer;+0
j  com.badlogic.gdx.utils.BufferUtils.newUnsafeByteBuffer(I)Ljava/nio/ByteBuffer;+1
J 199 C2 com.badlogic.gdx.graphics.g2d.SpriteBatch.<init>(ILcom/badlogic/gdx/graphics/glutils/ShaderProgram;)V (416 bytes) @ 0x00000000026d8ce4 [0x00000000026d8400+0x8e4]
j  com.badlogic.gdx.graphics.g2d.SpriteBatch.<init>()V+5
j  com.badlogic.gdx.scenes.scene2d.Stage.<init>()V+40
j  com.mygdx.game.EndScreen.render(F)V+31
j  com.badlogic.gdx.Game.render()V+19
j  com.mygdx.game.MyGdxGame.render()V+1
j  com.badlogic.gdx.backends.lwjgl.LwjglApplication.mainLoop()V+698
j  com.badlogic.gdx.backends.lwjgl.LwjglApplication$1.run()V+27
v  ~StubRoutines::call_stub

---------------  P R O C E S S  ---------------

Java Threads: ( => current thread )
  0x00000000114e3800 JavaThread "LWJGL Timer" daemon [_thread_blocked, id=13776, stack(0x0000000057680000,0x0000000057780000)]
  0x00000000024c3800 JavaThread "DestroyJavaVM" [_thread_blocked, id=14152, stack(0x00000000023c0000,0x00000000024c0000)]
=>0x0000000010e0f000 JavaThread "LWJGL Application" [_thread_in_native, id=10168, stack(0x0000000012660000,0x0000000012760000)]
  0x0000000010c8a800 JavaThread "Monitor Ctrl-Break" daemon [_thread_in_native, id=9900, stack(0x0000000011060000,0x0000000011160000)]
  0x000000000f2f7800 JavaThread "Service Thread" daemon [_thread_blocked, id=12816, stack(0x0000000010a60000,0x0000000010b60000)]
  0x000000000f2f4000 JavaThread "C2 CompilerThread1" daemon [_thread_blocked, id=11456, stack(0x0000000010960000,0x0000000010a60000)]
  0x000000000f2ed000 JavaThread "C2 CompilerThread0" daemon [_thread_blocked, id=13400, stack(0x0000000010860000,0x0000000010960000)]
  0x000000000f2ec000 JavaThread "Attach Listener" daemon [_thread_blocked, id=12328, stack(0x0000000010760000,0x0000000010860000)]
  0x000000000f2e9000 JavaThread "Signal Dispatcher" daemon [_thread_blocked, id=11876, stack(0x0000000010660000,0x0000000010760000)]
  0x000000000f2b1800 JavaThread "Finalizer" daemon [_thread_blocked, id=14092, stack(0x0000000010560000,0x0000000010660000)]
  0x000000000f2a8000 JavaThread "Reference Handler" daemon [_thread_blocked, id=12360, stack(0x0000000010460000,0x0000000010560000)]

Other Threads:
  0x000000000f2a4000 VMThread [stack: 0x0000000010360000,0x0000000010460000] [id=14284]
  0x000000000f358800 WatcherThread [stack: 0x0000000010f60000,0x0000000011060000] [id=12300]

VM state:not at safepoint (normal execution)

VM Mutex/Monitor currently owned by a thread: None

Heap
 PSYoungGen      total 76288K, used 46130K [0x00000007ab080000, 0x00000007b0580000, 0x0000000800000000)
  eden space 65536K, 70% used [0x00000007ab080000,0x00000007add8cac0,0x00000007af080000)
  from space 10752K, 0% used [0x00000007afb00000,0x00000007afb00000,0x00000007b0580000)
  to   space 10752K, 0% used [0x00000007af080000,0x00000007af080000,0x00000007afb00000)
 ParOldGen       total 173568K, used 0K [0x0000000701200000, 0x000000070bb80000, 0x00000007ab080000)
  object space 173568K, 0% used [0x0000000701200000,0x0000000701200000,0x000000070bb80000)
 PSPermGen       total 21504K, used 8304K [0x00000006fc000000, 0x00000006fd500000, 0x0000000701200000)
  object space 21504K, 38% used [0x00000006fc000000,0x00000006fc81c280,0x00000006fd500000)

Card table byte_map: [0x00000000055c0000,0x0000000005df0000] byte_map_base: 0x0000000001de0000

Polling page: 0x0000000000980000

Code Cache  [0x00000000025c0000, 0x0000000002830000, 0x00000000055c0000)
 total_blobs=666 nmethods=256 adapters=363 free_code_cache=47953Kb largest_free_block=49064448

Compilation events (10 events):
Event: 3.460 Thread 0x000000000f2f4000  252             javazoom.jl.decoder.Bitstream::parse_frame (149 bytes)
Event: 3.465 Thread 0x000000000f2f4000 nmethod 252 0x00000000026efad0 code [0x00000000026efc20, 0x00000000026f0078]
Event: 3.762 Thread 0x000000000f2ed000  253             java.nio.Buffer::<init> (121 bytes)
Event: 3.763 Thread 0x000000000f2ed000 nmethod 253 0x00000000026f0210 code [0x00000000026f0360, 0x00000000026f0458]
Event: 3.820 Thread 0x000000000f2f4000  254             javazoom.jl.decoder.Bitstream::get_bits (164 bytes)
Event: 3.822 Thread 0x000000000f2f4000 nmethod 254 0x00000000026ef550 code [0x00000000026ef6a0, 0x00000000026ef8d8]
Event: 3.857 Thread 0x000000000f2ed000  255             com.badlogic.gdx.math.Vector3::set (17 bytes)
Event: 3.857 Thread 0x000000000f2ed000 nmethod 255 0x00000000026eb710 code [0x00000000026eb840, 0x00000000026eb8b8]
Event: 4.242 Thread 0x000000000f2f4000  256             javazoom.jl.decoder.SynthesisFilter::compute_new_v (2700 bytes)
Event: 4.256 Thread 0x000000000f2f4000 nmethod 256 0x00000000026f3750 code [0x00000000026f3b40, 0x00000000026f4db8]

GC Heap History (0 events):
No events

Deoptimization events (10 events):
Event: 1.792 Thread 0x0000000010e0f000 Uncommon trap: reason=unreached action=reinterpret pc=0x000000000266afc8 method=java.util.ArrayList.ensureCapacityInternal(I)V @ 7
Event: 2.081 Thread 0x0000000010e0f000 Uncommon trap: reason=class_check action=maybe_recompile pc=0x00000000026785c0 method=com.badlogic.gdx.graphics.Texture.getWidth()I @ 4
Event: 2.081 Thread 0x0000000010e0f000 Uncommon trap: reason=class_check action=maybe_recompile pc=0x000000000266a7c0 method=com.badlogic.gdx.graphics.Texture.getHeight()I @ 4
Event: 3.109 Thread 0x0000000010e0f000 Uncommon trap: reason=unreached action=reinterpret pc=0x0000000002663298 method=java.util.ArrayList.ensureCapacityInternal(I)V @ 7
Event: 4.382 Thread 0x0000000010e0f000 Uncommon trap: reason=class_check action=maybe_recompile pc=0x00000000026785c0 method=com.badlogic.gdx.graphics.Texture.getWidth()I @ 4
Event: 4.382 Thread 0x0000000010e0f000 Uncommon trap: reason=class_check action=maybe_recompile pc=0x000000000266a7c0 method=com.badlogic.gdx.graphics.Texture.getHeight()I @ 4
Event: 4.382 Thread 0x0000000010e0f000 Uncommon trap: reason=class_check action=maybe_recompile pc=0x00000000026785c0 method=com.badlogic.gdx.graphics.Texture.getWidth()I @ 4
Event: 4.382 Thread 0x0000000010e0f000 Uncommon trap: reason=class_check action=maybe_recompile pc=0x000000000266a7c0 method=com.badlogic.gdx.graphics.Texture.getHeight()I @ 4
Event: 4.382 Thread 0x0000000010e0f000 Uncommon trap: reason=class_check action=maybe_recompile pc=0x00000000026785c0 method=com.badlogic.gdx.graphics.Texture.getWidth()I @ 4
Event: 4.382 Thread 0x0000000010e0f000 Uncommon trap: reason=class_check action=maybe_recompile pc=0x000000000266a7c0 method=com.badlogic.gdx.graphics.Texture.getHeight()I @ 4

Internal exceptions (10 events):
Event: 1.843 Thread 0x0000000010e0f000 Threw 0x00000007acf9fc40 at C:\re\jdk7u79\2331\hotspot\src\share\vm\prims\jvm.cpp:1304
Event: 1.844 Thread 0x0000000010e0f000 Threw 0x00000007acfa7020 at C:\re\jdk7u79\2331\hotspot\src\share\vm\prims\jvm.cpp:1304
Event: 1.980 Thread 0x0000000010e0f000 Threw 0x00000007acfaf028 at C:\re\jdk7u79\2331\hotspot\src\share\vm\prims\jvm.cpp:1304
Event: 1.981 Thread 0x0000000010e0f000 Threw 0x00000007acfb9918 at C:\re\jdk7u79\2331\hotspot\src\share\vm\prims\jvm.cpp:1304
Event: 1.989 Thread 0x0000000010e0f000 Threw 0x00000007acfdd2d0 at C:\re\jdk7u79\2331\hotspot\src\share\vm\prims\jvm.cpp:1304
Event: 3.106 Thread 0x0000000010e0f000 Threw 0x00000007ad4ccc98 at C:\re\jdk7u79\2331\hotspot\src\share\vm\prims\jvm.cpp:1304
Event: 3.108 Thread 0x0000000010e0f000 Threw 0x00000007ad4d9d88 at C:\re\jdk7u79\2331\hotspot\src\share\vm\prims\jvm.cpp:1304
Event: 4.367 Thread 0x0000000010e0f000 Threw 0x00000007adc49d18 at C:\re\jdk7u79\2331\hotspot\src\share\vm\prims\jvm.cpp:1304
Event: 4.368 Thread 0x0000000010e0f000 Threw 0x00000007adc4f740 at C:\re\jdk7u79\2331\hotspot\src\share\vm\prims\jvm.cpp:1304
Event: 4.368 Thread 0x0000000010e0f000 Threw 0x00000007adc55fe0 at C:\re\jdk7u79\2331\hotspot\src\share\vm\prims\jvm.cpp:1304

Events (10 events):
Event: 4.382 Thread 0x0000000010e0f000 DEOPT UNPACKING pc=0x00000000025f75a4 sp=0x000000001275eb78 mode 2
Event: 4.382 Thread 0x0000000010e0f000 Uncommon trap: trap_request=0xffffffde fr.pc=0x000000000266a7c0
Event: 4.382 Thread 0x0000000010e0f000 DEOPT PACKING pc=0x000000000266a7c0 sp=0x000000001275ebe0
Event: 4.382 Thread 0x0000000010e0f000 DEOPT UNPACKING pc=0x00000000025f75a4 sp=0x000000001275eb78 mode 2
Event: 4.382 Thread 0x0000000010e0f000 Uncommon trap: trap_request=0xffffffde fr.pc=0x00000000026785c0
Event: 4.382 Thread 0x0000000010e0f000 DEOPT PACKING pc=0x00000000026785c0 sp=0x000000001275eb50
Event: 4.382 Thread 0x0000000010e0f000 DEOPT UNPACKING pc=0x00000000025f75a4 sp=0x000000001275eae8 mode 2
Event: 4.382 Thread 0x0000000010e0f000 Uncommon trap: trap_request=0xffffffde fr.pc=0x000000000266a7c0
Event: 4.382 Thread 0x0000000010e0f000 DEOPT PACKING pc=0x000000000266a7c0 sp=0x000000001275eb50
Event: 4.382 Thread 0x0000000010e0f000 DEOPT UNPACKING pc=0x00000000025f75a4 sp=0x000000001275eae8 mode 2


Dynamic libraries:
0x00007ff75a5b0000 - 0x00007ff75a5e3000 	C:\Program Files\Java\jdk1.7.0_79\bin\java.exe
0x00007ffbe0220000 - 0x00007ffbe03e1000 	C:\WINDOWS\SYSTEM32\ntdll.dll
0x00007ffbdd730000 - 0x00007ffbdd7dd000 	C:\WINDOWS\system32\KERNEL32.DLL
0x00007ffbdc8d0000 - 0x00007ffbdcab8000 	C:\WINDOWS\system32\KERNELBASE.dll
0x00007ffbdf6e0000 - 0x00007ffbdf787000 	C:\WINDOWS\system32\ADVAPI32.dll
0x00007ffbddcf0000 - 0x00007ffbddd8d000 	C:\WINDOWS\system32\msvcrt.dll
0x00007ffbe01c0000 - 0x00007ffbe021b000 	C:\WINDOWS\system32\sechost.dll
0x00007ffbddd90000 - 0x00007ffbddeac000 	C:\WINDOWS\system32\RPCRT4.dll
0x00007ffbdfa20000 - 0x00007ffbdfb76000 	C:\WINDOWS\system32\USER32.dll
0x00007ffbdfba0000 - 0x00007ffbdfd26000 	C:\WINDOWS\system32\GDI32.dll
0x00007ffbd82f0000 - 0x00007ffbd8564000 	C:\WINDOWS\WinSxS\amd64_microsoft.windows.common-controls_6595b64144ccf1df_6.0.10586.0_none_8c15ae12515e1c22\COMCTL32.dll
0x00007ffbdd8b0000 - 0x00007ffbddb2d000 	C:\WINDOWS\system32\combase.dll
0x00007ffbdcd40000 - 0x00007ffbdcdaa000 	C:\WINDOWS\system32\bcryptPrimitives.dll
0x00007ffbde140000 - 0x00007ffbde17b000 	C:\WINDOWS\system32\IMM32.DLL
0x0000000059060000 - 0x0000000059132000 	C:\Program Files\Java\jdk1.7.0_79\jre\bin\msvcr100.dll
0x0000000057780000 - 0x0000000057f55000 	C:\Program Files\Java\jdk1.7.0_79\jre\bin\server\jvm.dll
0x00007ffbddfc0000 - 0x00007ffbddfc8000 	C:\WINDOWS\system32\PSAPI.DLL
0x00007ffbcc220000 - 0x00007ffbcc229000 	C:\WINDOWS\SYSTEM32\WSOCK32.dll
0x00007ffbdf790000 - 0x00007ffbdf7fb000 	C:\WINDOWS\system32\WS2_32.dll
0x00007ffbda710000 - 0x00007ffbda733000 	C:\WINDOWS\SYSTEM32\WINMM.dll
0x00007ffbda6b0000 - 0x00007ffbda6dc000 	C:\WINDOWS\SYSTEM32\WINMMBASE.dll
0x00007ffbdd400000 - 0x00007ffbdd443000 	C:\WINDOWS\system32\cfgmgr32.dll
0x0000000059050000 - 0x000000005905f000 	C:\Program Files\Java\jdk1.7.0_79\jre\bin\verify.dll
0x0000000059020000 - 0x0000000059048000 	C:\Program Files\Java\jdk1.7.0_79\jre\bin\java.dll
0x0000000059000000 - 0x0000000059015000 	C:\Program Files\Java\jdk1.7.0_79\jre\bin\zip.dll
0x00007ffbd1190000 - 0x00007ffbd11a0000 	C:\Program Files (x86)\JetBrains\IntelliJ IDEA Community Edition 15.0.4\bin\breakgen64.dll
0x0000000058fe0000 - 0x0000000058ffa000 	C:\Program Files\Java\jdk1.7.0_79\jre\bin\net.dll
0x00007ffbdc170000 - 0x00007ffbdc1cc000 	C:\WINDOWS\system32\mswsock.dll
0x0000000065580000 - 0x0000000065616000 	C:\Users\Francesco Nutricato\AppData\Local\Temp\libgdxFrancesco Nutricato\2ec99cb7\gdx64.dll
0x00007ffbdc220000 - 0x00007ffbdc237000 	C:\WINDOWS\SYSTEM32\CRYPTSP.dll
0x00007ffbdbeb0000 - 0x00007ffbdbee4000 	C:\WINDOWS\system32\rsaenh.dll
0x00007ffbdc770000 - 0x00007ffbdc799000 	C:\WINDOWS\SYSTEM32\bcrypt.dll
0x00007ffbdc000000 - 0x00007ffbdc01f000 	C:\WINDOWS\SYSTEM32\USERENV.dll
0x00007ffbdc840000 - 0x00007ffbdc854000 	C:\WINDOWS\system32\profapi.dll
0x00007ffbdc340000 - 0x00007ffbdc34b000 	C:\WINDOWS\SYSTEM32\CRYPTBASE.dll
0x00007ffbd9440000 - 0x00007ffbd9478000 	C:\WINDOWS\SYSTEM32\IPHLPAPI.DLL
0x00007ffbddfd0000 - 0x00007ffbddfd8000 	C:\WINDOWS\system32\NSI.dll
0x00007ffbce370000 - 0x00007ffbce386000 	C:\WINDOWS\SYSTEM32\dhcpcsvc6.DLL
0x00007ffbcf6e0000 - 0x00007ffbcf6fa000 	C:\WINDOWS\SYSTEM32\dhcpcsvc.DLL
0x0000000058fc0000 - 0x0000000058fd1000 	C:\Program Files\Java\jdk1.7.0_79\jre\bin\nio.dll
0x0000000180000000 - 0x0000000180053000 	C:\Users\Francesco Nutricato\AppData\Local\Temp\libgdxFrancesco Nutricato\dc0f0009\lwjgl64.dll
0x00007ffbd8570000 - 0x00007ffbd857a000 	C:\WINDOWS\SYSTEM32\VERSION.dll
0x00007ffbb84f0000 - 0x00007ffbb8619000 	C:\WINDOWS\SYSTEM32\OPENGL32.dll
0x00007ffbc8ef0000 - 0x00007ffbc8f1e000 	C:\WINDOWS\SYSTEM32\GLU32.dll
0x00007ffbb9b80000 - 0x00007ffbb9c7a000 	C:\WINDOWS\SYSTEM32\DDRAW.dll
0x00007ffbd9ea0000 - 0x00007ffbd9ea8000 	C:\WINDOWS\SYSTEM32\DCIMAN32.dll
0x0000000002320000 - 0x0000000002384000 	C:\Users\FRANCE~1\AppData\Local\Temp\libgdxFrancesco Nutricato\dc0f0009\OpenAL64.dll
0x00007ffbde180000 - 0x00007ffbdf6dc000 	C:\WINDOWS\system32\SHELL32.dll
0x00007ffbdcdb0000 - 0x00007ffbdd3f5000 	C:\WINDOWS\system32\windows.storage.dll
0x00007ffbddeb0000 - 0x00007ffbddf02000 	C:\WINDOWS\system32\shlwapi.dll
0x00007ffbdc870000 - 0x00007ffbdc87f000 	C:\WINDOWS\system32\kernel.appcore.dll
0x00007ffbdd560000 - 0x00007ffbdd615000 	C:\WINDOWS\system32\shcore.dll
0x00007ffbdc880000 - 0x00007ffbdc8cb000 	C:\WINDOWS\system32\powrprof.dll
0x00007ffbdf8d0000 - 0x00007ffbdfa13000 	C:\WINDOWS\system32\ole32.dll
0x00007ffbdb1c0000 - 0x00007ffbdb256000 	C:\WINDOWS\system32\uxtheme.dll
0x00007ffbc6510000 - 0x00007ffbc65b3000 	C:\Program Files\Common Files\microsoft shared\ink\tiptsf.dll
0x00007ffbdf800000 - 0x00007ffbdf8c1000 	C:\WINDOWS\system32\OLEAUT32.dll
0x00007ffbddf10000 - 0x00007ffbddfb7000 	C:\WINDOWS\system32\clbcatq.dll
0x00007ffbda490000 - 0x00007ffbda616000 	C:\WINDOWS\System32\PROPSYS.dll
0x00007ffbc71e0000 - 0x00007ffbc727c000 	C:\WINDOWS\SYSTEM32\dsound.dll
0x00007ffbd8ab0000 - 0x00007ffbd8b20000 	C:\WINDOWS\System32\MMDevApi.dll
0x00007ffbdb260000 - 0x00007ffbdb287000 	C:\WINDOWS\System32\DEVOBJ.dll
0x00007ffbbe260000 - 0x00007ffbbe2e8000 	C:\WINDOWS\SYSTEM32\AUDIOSES.DLL
0x00007ffbd8e10000 - 0x00007ffbd8f46000 	C:\WINDOWS\SYSTEM32\wintypes.dll
0x00007ffbddfe0000 - 0x00007ffbde13a000 	C:\WINDOWS\system32\MSCTF.dll
0x00007ffbdab40000 - 0x00007ffbdab62000 	C:\WINDOWS\system32\dwmapi.dll
0x00007ffb95230000 - 0x00007ffb95f3b000 	C:\WINDOWS\SYSTEM32\ig9icd64.dll
0x00007ffbda470000 - 0x00007ffbda483000 	C:\WINDOWS\SYSTEM32\WTSAPI32.dll
0x00007ffbd5f90000 - 0x00007ffbd6e00000 	C:\WINDOWS\SYSTEM32\igc64.dll
0x00007ffbd8580000 - 0x00007ffbd8611000 	C:\WINDOWS\SYSTEM32\mscms.dll
0x00007ffbc77c0000 - 0x00007ffbc7802000 	C:\WINDOWS\SYSTEM32\icm32.dll
0x00007ffbd13d0000 - 0x00007ffbd152c000 	C:\Windows\System32\uiautomationcore.dll
0x00007ffbdc6d0000 - 0x00007ffbdc769000 	C:\WINDOWS\SYSTEM32\sxs.dll
0x00007ffbd8000000 - 0x00007ffbd806a000 	C:\Windows\System32\OLEACC.dll
0x000000006a740000 - 0x000000006a7f1000 	C:\Users\Francesco Nutricato\AppData\Local\Temp\libgdxFrancesco Nutricato\c0c1eece\gdx-freetype64.dll
0x00007ffbd7c40000 - 0x00007ffbd7dcc000 	C:\WINDOWS\SYSTEM32\dbghelp.dll

VM Arguments:
jvm_args: -Didea.launcher.port=7533 -Didea.launcher.bin.path=C:\Program Files (x86)\JetBrains\IntelliJ IDEA Community Edition 15.0.4\bin -Dfile.encoding=UTF-8 
java_command: com.intellij.rt.execution.application.AppMain com.mygdx.game.desktop.DesktopLauncher
Launcher Type: SUN_STANDARD

Environment Variables:
JAVA_HOME=C:\Program Files\Java\jdk1.8.0_73
PATH=C:\Program Files\Java\jdk1.7.0_79\bin;C:\WINDOWS\system32;C:\WINDOWS;C:\WINDOWS\System32\Wbem;C:\WINDOWS\System32\WindowsPowerShell\v1.0\;C:\Program Files\Git\cmd;C:\Program Files\Git\mingw64\bin;C:\Program Files\Git\usr\bin;C:\Program Files\Gradle\gradle_2_11\bin;C:\grails_2_4_4\bin;C:\Program Files\Groovy\Groovy-2.3.7\bin;C:\Program Files (x86)\MySQL\MySQL Fabric 1.5 & MySQL Utilities 1.5\;"C:\Program Files\MySQL\MySQL Server 5.7\bin"
USERNAME=Francesco Nutricato
OS=Windows_NT
PROCESSOR_IDENTIFIER=Intel64 Family 6 Model 78 Stepping 3, GenuineIntel



---------------  S Y S T E M  ---------------

OS: Windows 8.1 , 64 bit Build 9600 

CPU:total 4 (2 cores per cpu, 2 threads per core) family 6 model 78 stepping 3, cmov, cx8, fxsr, mmx, sse, sse2, sse3, ssse3, sse4.1, sse4.2, popcnt, avx, avx2, aes, erms, ht, tsc, tscinvbit

Memory: 4k page, physical 16699344k(9141556k free), swap 20198192k(10597432k free)

vm_info: Java HotSpot(TM) 64-Bit Server VM (24.79-b02) for windows-amd64 JRE (1.7.0_79-b15), built on Apr 10 2015 12:36:16 by "java_re" with unknown MS VC++:1600

time: Sat Apr 30 12:42:40 2016
elapsed time: 4 seconds

