#
# A fatal error has been detected by the Java Runtime Environment:
#
#  SIGSEGV (0xb) at pc=0x00007fff8f2580dd, pid=8483, tid=68867
#
# JRE version: Java(TM) SE Runtime Environment (8.0_66-b17) (build 1.8.0_66-b17)
# Java VM: Java HotSpot(TM) 64-Bit Server VM (25.66-b17 mixed mode bsd-amd64 compressed oops)
# Problematic frame:
# C  [libobjc.A.dylib+0x10dd]  objc_msgSend+0x1d
#
# Failed to write core dump. Core dumps have been disabled. To enable core dumping, try "ulimit -c unlimited" before starting Java again
#
# If you would like to submit a bug report, please visit:
#   http://bugreport.java.com/bugreport/crash.jsp
# The crash happened outside the Java Virtual Machine in native code.
# See problematic frame for where to report the bug.
#

---------------  T H R E A D  ---------------

Current thread (0x00007f89bb1ae000):  JavaThread "LWJGL Application" [_thread_in_native, id=68867, stack(0x00000001e0418000,0x00000001e0518000)]

siginfo: si_signo: 11 (SIGSEGV), si_code: 1 (SEGV_MAPERR), si_addr: 0x0000000000000018

Registers:
RAX=0x0000000000010880, RBX=0x00007f89ba6c5ff0, RCX=0x6000000000000000, RDX=0x0000000000000108
RSP=0x00000001e0516cc8, RBP=0x00000001e0516ce0, RSI=0x00007fff9029c8e9, RDI=0x00007f89ba6c5ff0
R8 =0x00007f89ba77fbc0, R9 =0x0000000000000000, R10=0x00007fff9029c8e9, R11=0x0000000000000000
R12=0x00000001e0517056, R13=0x0000000000000003, R14=0x00007f89ba78af40, R15=0x000000000002eee7
RIP=0x00007fff8f2580dd, EFLAGS=0x0000000000010246, ERR=0x0000000000000004
  TRAPNO=0x000000000000000e

Top of Stack: (sp=0x00000001e0516cc8)
0x00000001e0516cc8:   00007fff8a4bcd98 00007f89ba6c5ff0
0x00000001e0516cd8:   00007f89ba78af40 00000001e0516d00
0x00000001e0516ce8:   00007fff8a4e9379 0000000000001efd
0x00000001e0516cf8:   00007f89ba78af40 00000001e0516d40
0x00000001e0516d08:   00007fff8a512e42 00000001e0517056
0x00000001e0516d18:   00007f89ba6c5ff0 00000001e0517060
0x00000001e0516d28:   00000001e0517056 0000000000000000
0x00000001e0516d38:   0000000000001efd 00000001e0516de0
0x00000001e0516d48:   00007fff90725841 0000000000000000
0x00000001e0516d58:   00000001e0517056 401c000000000000
0x00000001e0516d68:   4008000000000000 402c000000000000
0x00000001e0516d78:   4030000000000000 4061800000000000
0x00000001e0516d88:   4037000000000000 408f400000000000
0x00000001e0516d98:   4086400000000000 00007f89ba7822a0
0x00000001e0516da8:   00007f89ba78af40 00007f89ba7822a0
0x00000001e0516db8:   0000000000000110 00000001e05170a0
0x00000001e0516dc8:   0000000000001efd 00007f89ba489ff0
0x00000001e0516dd8:   00007fff8f2580c0 00000001e05171d0
0x00000001e0516de8:   00007fff906e7ae3 0000000000000000
0x00000001e0516df8:   0000000000000000 408f400000000000
0x00000001e0516e08:   4036000000000000 00000000000000f8
0x00000001e0516e18:   0000000000000002 4028000000000000
0x00000001e0516e28:   4086280000000000 408e800000000000
0x00000001e0516e38:   4008000000000000 000000000000000d
0x00000001e0516e48:   00000001e0516f80 00007f89ba7859a8
0x00000001e0516e58:   0000000000000000 0000000000000000
0x00000001e0516e68:   0000000000000000 0000000000000000
0x00000001e0516e78:   0000000000000000 ffffffffffffffff
0x00000001e0516e88:   0001206800000040 00007f89ba449128
0x00000001e0516e98:   00007f89ba449110 408ec80000000000
0x00000001e0516ea8:   0000000000000000 4033000000000000
0x00000001e0516eb8:   402e000000000000 4091940000000000 

Instructions: (pc=0x00007fff8f2580dd)
0x00007fff8f2580bd:   00 00 00 48 85 ff 2e 74 7a 40 f6 c7 01 2e 75 7e
0x00007fff8f2580cd:   49 bb f8 ff ff ff ff 7f 00 00 4c 23 1f 49 89 f2
0x00007fff8f2580dd:   45 23 53 18 49 c1 e2 04 4d 03 53 10 49 3b 32 75
0x00007fff8f2580ed:   04 41 ff 62 08 49 83 3a 00 74 6a 4d 3b 53 10 74 

Register to memory mapping:

RAX=0x0000000000010880 is an unknown value
RBX=0x00007f89ba6c5ff0 is an unknown value
RCX=0x6000000000000000 is an unknown value
RDX=0x0000000000000108 is an unknown value
RSP=0x00000001e0516cc8 is pointing into the stack for thread: 0x00007f89bb1ae000
RBP=0x00000001e0516ce0 is pointing into the stack for thread: 0x00007f89bb1ae000
RSI=0x00007fff9029c8e9: -[_NSDispatchData initWithCoder:]+0x9571 in /System/Library/Frameworks/Foundation.framework/Versions/C/Foundation at 0x00007fff8fff5000
RDI=0x00007f89ba6c5ff0 is an unknown value
R8 =0x00007f89ba77fbc0 is an unknown value
R9 =0x0000000000000000 is an unknown value
R10=0x00007fff9029c8e9: -[_NSDispatchData initWithCoder:]+0x9571 in /System/Library/Frameworks/Foundation.framework/Versions/C/Foundation at 0x00007fff8fff5000
R11=0x0000000000000000 is an unknown value
R12=0x00000001e0517056 is pointing into the stack for thread: 0x00007f89bb1ae000
R13=0x0000000000000003 is an unknown value
R14=0x00007f89ba78af40 is an unknown value
R15=0x000000000002eee7 is an unknown value


Stack: [0x00000001e0418000,0x00000001e0518000],  sp=0x00000001e0516cc8,  free space=1019k
Native frames: (J=compiled Java code, j=interpreted, Vv=VM code, C=native code)
C  [libobjc.A.dylib+0x10dd]  objc_msgSend+0x1d
C  [CoreGraphics+0x3a379]  CGRegionCreateUnionWithRegion+0x1f
C  [CoreGraphics+0x63e42]  CGSAddButtonRegion+0x57
C  [AppKit+0xa6841]  _NSAddRectsToWindow+0x16e
C  [AppKit+0x68ae3]  -[NSThemeFrame _resetDragMargins]+0x739
C  [AppKit+0x1cd922]  -[NSThemeFrame setStyleMask:]+0x14d
C  [AppKit+0x1cd648]  __25-[NSWindow setStyleMask:]_block_invoke+0x798
C  [AppKit+0xecbdb]  NSPerformWithScreenUpdatesDisabled+0x41
C  [AppKit+0x1cce22]  -[NSWindow setStyleMask:]+0xde
C  [liblwjgl.dylib+0xbcca]  Java_org_lwjgl_opengl_MacOSXDisplay_nSetResizable+0x5a
j  org.lwjgl.opengl.MacOSXDisplay.nSetResizable(Ljava/nio/ByteBuffer;Z)V+0
j  org.lwjgl.opengl.MacOSXDisplay.setResizable(Z)V+6
j  org.lwjgl.opengl.Display.setResizable(Z)V+14
j  com.badlogic.gdx.backends.lwjgl.LwjglGraphics.setWindowedMode(II)Z+230
j  com.mygdx.game.screens.HomeScreen.render(F)V+9
j  com.badlogic.gdx.Game.render()V+19
j  com.mygdx.game.MyGdxGame.render()V+1
j  com.badlogic.gdx.backends.lwjgl.LwjglApplication.mainLoop()V+698
j  com.badlogic.gdx.backends.lwjgl.LwjglApplication$1.run()V+27
v  ~StubRoutines::call_stub
V  [libjvm.dylib+0x2ea35e]  JavaCalls::call_helper(JavaValue*, methodHandle*, JavaCallArguments*, Thread*)+0x6ae
V  [libjvm.dylib+0x2eaaec]  JavaCalls::call_virtual(JavaValue*, KlassHandle, Symbol*, Symbol*, JavaCallArguments*, Thread*)+0x164
V  [libjvm.dylib+0x2eac98]  JavaCalls::call_virtual(JavaValue*, Handle, KlassHandle, Symbol*, Symbol*, Thread*)+0x4a
V  [libjvm.dylib+0x345215]  thread_entry(JavaThread*, Thread*)+0x7c
V  [libjvm.dylib+0x560b83]  JavaThread::thread_main_inner()+0x9b
V  [libjvm.dylib+0x56227e]  JavaThread::run()+0x1c2
V  [libjvm.dylib+0x482cd6]  java_start(Thread*)+0xf6
C  [libsystem_pthread.dylib+0x405a]  _pthread_body+0x83
C  [libsystem_pthread.dylib+0x3fd7]  _pthread_body+0x0
C  [libsystem_pthread.dylib+0x13ed]  thread_start+0xd
C  0x0000000000000000

Java frames: (J=compiled Java code, j=interpreted, Vv=VM code)
j  org.lwjgl.opengl.MacOSXDisplay.nSetResizable(Ljava/nio/ByteBuffer;Z)V+0
j  org.lwjgl.opengl.MacOSXDisplay.setResizable(Z)V+6
j  org.lwjgl.opengl.Display.setResizable(Z)V+14
j  com.badlogic.gdx.backends.lwjgl.LwjglGraphics.setWindowedMode(II)Z+230
j  com.mygdx.game.screens.HomeScreen.render(F)V+9
j  com.badlogic.gdx.Game.render()V+19
j  com.mygdx.game.MyGdxGame.render()V+1
j  com.badlogic.gdx.backends.lwjgl.LwjglApplication.mainLoop()V+698
j  com.badlogic.gdx.backends.lwjgl.LwjglApplication$1.run()V+27
v  ~StubRoutines::call_stub

---------------  P R O C E S S  ---------------

Java Threads: ( => current thread )
  0x00007f89ba80b800 JavaThread "DestroyJavaVM" [_thread_blocked, id=3331, stack(0x0000000102257000,0x0000000102357000)]
=>0x00007f89bb1ae000 JavaThread "LWJGL Application" [_thread_in_native, id=68867, stack(0x00000001e0418000,0x00000001e0518000)]
  0x00007f89bb195000 JavaThread "AWT-Shutdown" [_thread_blocked, id=29971, stack(0x00000001dcbfd000,0x00000001dccfd000)]
  0x00007f89ba8df800 JavaThread "AppKit Thread" daemon [_thread_in_native, id=1811, stack(0x00007fff5e22f000,0x00007fff5ea2f000)]
  0x00007f89bc07d000 JavaThread "Service Thread" daemon [_thread_blocked, id=19715, stack(0x00000001db059000,0x00000001db159000)]
  0x00007f89ba870000 JavaThread "C1 CompilerThread2" daemon [_thread_blocked, id=19203, stack(0x00000001daf56000,0x00000001db056000)]
  0x00007f89bb873000 JavaThread "C2 CompilerThread1" daemon [_thread_blocked, id=18691, stack(0x00000001dae53000,0x00000001daf53000)]
  0x00007f89bc031800 JavaThread "C2 CompilerThread0" daemon [_thread_blocked, id=18179, stack(0x00000001dad50000,0x00000001dae50000)]
  0x00007f89ba850000 JavaThread "JDWP Command Reader" daemon [_thread_in_native, id=17667, stack(0x00000001daae7000,0x00000001dabe7000)]
  0x00007f89ba84f800 JavaThread "JDWP Event Helper Thread" daemon [_thread_blocked, id=17155, stack(0x00000001da9e4000,0x00000001daae4000)]
  0x00007f89ba84e800 JavaThread "JDWP Transport Listener: dt_socket" daemon [_thread_blocked, id=16643, stack(0x00000001da8e1000,0x00000001da9e1000)]
  0x00007f89bb009800 JavaThread "Signal Dispatcher" daemon [_thread_blocked, id=13843, stack(0x00000001da7d7000,0x00000001da8d7000)]
  0x00007f89bb008000 JavaThread "Finalizer" daemon [_thread_blocked, id=11523, stack(0x00000001d8dc7000,0x00000001d8ec7000)]
  0x00007f89bb855000 JavaThread "Reference Handler" daemon [_thread_blocked, id=11011, stack(0x00000001d8cc4000,0x00000001d8dc4000)]

Other Threads:
  0x00007f89bb852800 VMThread [stack: 0x00000001d8bc1000,0x00000001d8cc1000] [id=10499]
  0x00007f89bc080000 WatcherThread [stack: 0x00000001db15c000,0x00000001db25c000] [id=20227]

VM state:not at safepoint (normal execution)

VM Mutex/Monitor currently owned by a thread: None

Heap:
 PSYoungGen      total 38400K, used 32948K [0x0000000167980000, 0x000000016a400000, 0x0000000192400000)
  eden space 33280K, 99% used [0x0000000167980000,0x00000001699ad0a0,0x0000000169a00000)
  from space 5120K, 0% used [0x0000000169f00000,0x0000000169f00000,0x000000016a400000)
  to   space 5120K, 0% used [0x0000000169a00000,0x0000000169a00000,0x0000000169f00000)
 ParOldGen       total 87552K, used 0K [0x0000000112400000, 0x0000000117980000, 0x0000000167980000)
  object space 87552K, 0% used [0x0000000112400000,0x0000000112400000,0x0000000117980000)
 Metaspace       used 8117K, capacity 8297K, committed 8576K, reserved 1056768K
  class space    used 788K, capacity 859K, committed 896K, reserved 1048576K

Card table byte_map: [0x0000000192400000,0x0000000192801000] byte_map_base: 0x0000000191b6e000

Marking Bits: (ParMarkBitMap*) 0x0000000101bade20
 Begin Bits: [0x0000000192db5000, 0x0000000194db5000)
 End Bits:   [0x0000000194db5000, 0x0000000196db5000)

Polling page: 0x000000010239c000

CodeCache: size=245760Kb used=2891Kb max_used=2895Kb free=242868Kb
 bounds [0x0000000102c6a000, 0x0000000102f4a000, 0x0000000111c6a000]
 total_blobs=1132 nmethods=697 adapters=357
 compilation: enabled

Compilation events (10 events):
Event: 4.409 Thread 0x00007f89ba870000  692       3       java.lang.Math::ceil (5 bytes)
Event: 4.409 Thread 0x00007f89ba870000 nmethod 692 0x0000000102f3f310 code [0x0000000102f3f4c0, 0x0000000102f3f6a8]
Event: 4.409 Thread 0x00007f89ba870000  693       3       java.lang.StrictMath::ceil (10 bytes)
Event: 4.409 Thread 0x00007f89ba870000 nmethod 693 0x0000000102f3ef50 code [0x0000000102f3f0e0, 0x0000000102f3f268]
Event: 4.412 Thread 0x00007f89ba870000  694       3       java.lang.Character::getType (9 bytes)
Event: 4.412 Thread 0x00007f89ba870000 nmethod 694 0x0000000102f3ead0 code [0x0000000102f3ec40, 0x0000000102f3ee78]
Event: 4.412 Thread 0x00007f89ba870000  695       3       java.lang.CharacterDataLatin1::getType (11 bytes)
Event: 4.412 Thread 0x00007f89ba870000 nmethod 695 0x0000000102f3e610 code [0x0000000102f3e780, 0x0000000102f3e970]
Event: 4.412 Thread 0x00007f89ba870000  696       3       java.net.URLConnection::<init> (44 bytes)
Event: 4.412 Thread 0x00007f89ba870000 nmethod 696 0x0000000102f3e1d0 code [0x0000000102f3e340, 0x0000000102f3e550]

GC Heap History (0 events):
No events

Deoptimization events (3 events):
Event: 0.498 Thread 0x00007f89ba80b800 Uncommon trap: reason=unstable_if action=reinterpret pc=0x0000000102dbfb30 method=java.lang.String.indexOf([CII[CIII)I @ 134
Event: 0.499 Thread 0x00007f89ba80b800 Uncommon trap: reason=unstable_if action=reinterpret pc=0x0000000102dbd24c method=java.lang.String.indexOf([CII[CIII)I @ 123
Event: 2.616 Thread 0x00007f89bb1ae000 Uncommon trap: reason=unstable_if action=reinterpret pc=0x0000000102e444b8 method=java.lang.String.replace(CC)Ljava/lang/String; @ 26

Internal exceptions (10 events):
Event: 0.704 Thread 0x00007f89ba80b800 Exception <a 'java/lang/NoSuchFieldError': method resolution failed> (0x00000001681ebef0) thrown at [/HUDSON3/workspace/8-2-build-macosx-x86_64/jdk8u66/4988/hotspot/src/share/vm/prims/methodHandles.cpp, line 1146]
Event: 0.709 Thread 0x00007f89ba80b800 Exception <a 'java/lang/NoSuchFieldError': method resolution failed> (0x00000001681f9ee0) thrown at [/HUDSON3/workspace/8-2-build-macosx-x86_64/jdk8u66/4988/hotspot/src/share/vm/prims/methodHandles.cpp, line 1146]
Event: 2.310 Thread 0x00007f89ba80b800 Exception <a 'java/io/FileNotFoundException'> (0x0000000168299608) thrown at [/HUDSON3/workspace/8-2-build-macosx-x86_64/jdk8u66/4988/hotspot/src/share/vm/prims/jni.cpp, line 709]
Event: 2.310 Thread 0x00007f89ba80b800 Exception <a 'java/io/FileNotFoundException'> (0x000000016829a150) thrown at [/HUDSON3/workspace/8-2-build-macosx-x86_64/jdk8u66/4988/hotspot/src/share/vm/prims/jni.cpp, line 709]
Event: 2.331 Thread 0x00007f89ba80b800 Exception <a 'java/security/PrivilegedActionException'> (0x0000000168395018) thrown at [/HUDSON3/workspace/8-2-build-macosx-x86_64/jdk8u66/4988/hotspot/src/share/vm/prims/jvm.cpp, line 1386]
Event: 2.331 Thread 0x00007f89ba80b800 Exception <a 'java/security/PrivilegedActionException'> (0x0000000168396c00) thrown at [/HUDSON3/workspace/8-2-build-macosx-x86_64/jdk8u66/4988/hotspot/src/share/vm/prims/jvm.cpp, line 1386]
Event: 2.331 Thread 0x00007f89ba80b800 Exception <a 'java/security/PrivilegedActionException'> (0x0000000168397d20) thrown at [/HUDSON3/workspace/8-2-build-macosx-x86_64/jdk8u66/4988/hotspot/src/share/vm/prims/jvm.cpp, line 1386]
Event: 2.331 Thread 0x00007f89ba80b800 Exception <a 'java/security/PrivilegedActionException'> (0x000000016839d218) thrown at [/HUDSON3/workspace/8-2-build-macosx-x86_64/jdk8u66/4988/hotspot/src/share/vm/prims/jvm.cpp, line 1386]
Event: 2.331 Thread 0x00007f89ba80b800 Exception <a 'java/security/PrivilegedActionException'> (0x000000016839de70) thrown at [/HUDSON3/workspace/8-2-build-macosx-x86_64/jdk8u66/4988/hotspot/src/share/vm/prims/jvm.cpp, line 1386]
Event: 2.331 Thread 0x00007f89ba80b800 Exception <a 'java/security/PrivilegedActionException'> (0x000000016839ea98) thrown at [/HUDSON3/workspace/8-2-build-macosx-x86_64/jdk8u66/4988/hotspot/src/share/vm/prims/jvm.cpp, line 1386]

Events (10 events):
Event: 3.671 Thread 0x00007f89bb1ae000 DEOPT PACKING pc=0x0000000102e76031 sp=0x00000001e0516380
Event: 3.671 Thread 0x00007f89bb1ae000 DEOPT UNPACKING pc=0x0000000102cb1633 sp=0x00000001e05160f0 mode 1
Event: 3.671 Thread 0x00007f89bb1ae000 DEOPT PACKING pc=0x0000000102e02454 sp=0x00000001e0516400
Event: 3.671 Thread 0x00007f89bb1ae000 DEOPT UNPACKING pc=0x0000000102cb1633 sp=0x00000001e0516240 mode 1
Event: 3.671 Thread 0x00007f89bb1ae000 DEOPT PACKING pc=0x0000000102e021f4 sp=0x00000001e0516590
Event: 3.671 Thread 0x00007f89bb1ae000 DEOPT UNPACKING pc=0x0000000102cb1633 sp=0x00000001e05163d0 mode 1
Event: 4.204 loading class sun/reflect/BootstrapConstructorAccessorImpl
Event: 4.204 loading class sun/reflect/BootstrapConstructorAccessorImpl done
Event: 4.329 Executing VM operation: EnableBiasedLocking
Event: 4.329 Executing VM operation: EnableBiasedLocking done


Dynamic libraries:
0x00000000027b2000 	/System/Library/Frameworks/Cocoa.framework/Versions/A/Cocoa
0x00000000027b2000 	/System/Library/Frameworks/Security.framework/Versions/A/Security
0x00000000027b2000 	/System/Library/Frameworks/ApplicationServices.framework/Versions/A/ApplicationServices
0x00000000027b2000 	/usr/lib/libz.1.dylib
0x00000000027b2000 	/usr/lib/libSystem.B.dylib
0x00000000027b2000 	/usr/lib/libobjc.A.dylib
0x00000000027b2000 	/System/Library/Frameworks/CoreFoundation.framework/Versions/A/CoreFoundation
0x00000000027b2000 	/System/Library/Frameworks/Foundation.framework/Versions/C/Foundation
0x00000000027b2000 	/System/Library/Frameworks/AppKit.framework/Versions/C/AppKit
0x00000000027b2000 	/System/Library/Frameworks/CoreData.framework/Versions/A/CoreData
0x00000000027b2000 	/System/Library/PrivateFrameworks/RemoteViewServices.framework/Versions/A/RemoteViewServices
0x00000000027b2000 	/System/Library/PrivateFrameworks/UIFoundation.framework/Versions/A/UIFoundation
0x00000000027b2000 	/System/Library/Frameworks/IOSurface.framework/Versions/A/IOSurface
0x00000000027b2000 	/System/Library/Frameworks/AudioToolbox.framework/Versions/A/AudioToolbox
0x00000000027b2000 	/System/Library/Frameworks/AudioUnit.framework/Versions/A/AudioUnit
0x00000000027b2000 	/System/Library/PrivateFrameworks/DataDetectorsCore.framework/Versions/A/DataDetectorsCore
0x00000000027b2000 	/System/Library/PrivateFrameworks/DesktopServicesPriv.framework/Versions/A/DesktopServicesPriv
0x00000000027b2000 	/System/Library/Frameworks/Carbon.framework/Versions/A/Frameworks/HIToolbox.framework/Versions/A/HIToolbox
0x00000000027b2000 	/System/Library/Frameworks/QuartzCore.framework/Versions/A/QuartzCore
0x00000000027b2000 	/System/Library/Frameworks/Carbon.framework/Versions/A/Frameworks/SpeechRecognition.framework/Versions/A/SpeechRecognition
0x00000000027b2000 	/usr/lib/libauto.dylib
0x00000000027b2000 	/usr/lib/libicucore.A.dylib
0x00000000027b2000 	/usr/lib/libxml2.2.dylib
0x00000000027b2000 	/System/Library/PrivateFrameworks/CoreUI.framework/Versions/A/CoreUI
0x00000000027b2000 	/System/Library/Frameworks/CoreAudio.framework/Versions/A/CoreAudio
0x00000000027b2000 	/System/Library/Frameworks/DiskArbitration.framework/Versions/A/DiskArbitration
0x00000000027b2000 	/usr/lib/liblangid.dylib
0x00000000027b2000 	/System/Library/PrivateFrameworks/MultitouchSupport.framework/Versions/A/MultitouchSupport
0x00000000027b2000 	/System/Library/Frameworks/IOKit.framework/Versions/A/IOKit
0x00000000027b2000 	/usr/lib/libDiagnosticMessagesClient.dylib
0x00000000027b2000 	/System/Library/Frameworks/CoreServices.framework/Versions/A/CoreServices
0x00000000027b2000 	/System/Library/PrivateFrameworks/PerformanceAnalysis.framework/Versions/A/PerformanceAnalysis
0x00000000027b2000 	/System/Library/PrivateFrameworks/GenerationalStorage.framework/Versions/A/GenerationalStorage
0x00000000027b2000 	/System/Library/Frameworks/OpenGL.framework/Versions/A/OpenGL
0x00000000027b2000 	/System/Library/PrivateFrameworks/Sharing.framework/Versions/A/Sharing
0x00000000027b2000 	/System/Library/Frameworks/CoreGraphics.framework/Versions/A/CoreGraphics
0x00000000027b2000 	/System/Library/Frameworks/CoreText.framework/Versions/A/CoreText
0x00000000027b2000 	/System/Library/Frameworks/ImageIO.framework/Versions/A/ImageIO
0x00000000027b2000 	/usr/lib/libextension.dylib
0x00000000027b2000 	/System/Library/PrivateFrameworks/Backup.framework/Versions/A/Backup
0x00000000027b2000 	/usr/lib/libarchive.2.dylib
0x00000000027b2000 	/System/Library/Frameworks/CFNetwork.framework/Versions/A/CFNetwork
0x00000000027b2000 	/System/Library/Frameworks/SystemConfiguration.framework/Versions/A/SystemConfiguration
0x00000000027b2000 	/usr/lib/libCRFSuite.dylib
0x00000000027b2000 	/usr/lib/libc++.1.dylib
0x00000000027b2000 	/usr/lib/libc++abi.dylib
0x00000000027b2000 	/usr/lib/system/libcache.dylib
0x00000000027b2000 	/usr/lib/system/libcommonCrypto.dylib
0x00000000027b2000 	/usr/lib/system/libcompiler_rt.dylib
0x00000000027b2000 	/usr/lib/system/libcopyfile.dylib
0x00000000027b2000 	/usr/lib/system/libcorecrypto.dylib
0x00000000027b2000 	/usr/lib/system/libdispatch.dylib
0x00000000027b2000 	/usr/lib/system/libdyld.dylib
0x00000000027b2000 	/usr/lib/system/libkeymgr.dylib
0x00000000027b2000 	/usr/lib/system/liblaunch.dylib
0x00000000027b2000 	/usr/lib/system/libmacho.dylib
0x00000000027b2000 	/usr/lib/system/libquarantine.dylib
0x00000000027b2000 	/usr/lib/system/libremovefile.dylib
0x00000000027b2000 	/usr/lib/system/libsystem_asl.dylib
0x00000000027b2000 	/usr/lib/system/libsystem_blocks.dylib
0x00000000027b2000 	/usr/lib/system/libsystem_c.dylib
0x00000000027b2000 	/usr/lib/system/libsystem_configuration.dylib
0x00000000027b2000 	/usr/lib/system/libsystem_coreservices.dylib
0x00000000027b2000 	/usr/lib/system/libsystem_coretls.dylib
0x00000000027b2000 	/usr/lib/system/libsystem_dnssd.dylib
0x00000000027b2000 	/usr/lib/system/libsystem_info.dylib
0x00000000027b2000 	/usr/lib/system/libsystem_kernel.dylib
0x00000000027b2000 	/usr/lib/system/libsystem_m.dylib
0x00000000027b2000 	/usr/lib/system/libsystem_malloc.dylib
0x00000000027b2000 	/usr/lib/system/libsystem_network.dylib
0x00000000027b2000 	/usr/lib/system/libsystem_networkextension.dylib
0x00000000027b2000 	/usr/lib/system/libsystem_notify.dylib
0x00000000027b2000 	/usr/lib/system/libsystem_platform.dylib
0x00000000027b2000 	/usr/lib/system/libsystem_pthread.dylib
0x00000000027b2000 	/usr/lib/system/libsystem_sandbox.dylib
0x00000000027b2000 	/usr/lib/system/libsystem_secinit.dylib
0x00000000027b2000 	/usr/lib/system/libsystem_stats.dylib
0x00000000027b2000 	/usr/lib/system/libsystem_trace.dylib
0x00000000027b2000 	/usr/lib/system/libunc.dylib
0x00000000027b2000 	/usr/lib/system/libunwind.dylib
0x00000000027b2000 	/usr/lib/system/libxpc.dylib
0x00000000027b2000 	/usr/lib/libbz2.1.0.dylib
0x00000000027b2000 	/usr/lib/liblzma.5.dylib
0x00000000027b2000 	/usr/lib/libbsm.0.dylib
0x00000000027b2000 	/usr/lib/libsqlite3.dylib
0x00000000027b2000 	/usr/lib/system/libkxld.dylib
0x00000000027b2000 	/usr/lib/libxar.1.dylib
0x00000000027b2000 	/usr/lib/libpam.2.dylib
0x00000000027b2000 	/usr/lib/libOpenScriptingUtil.dylib
0x00000000027b2000 	/System/Library/Frameworks/CoreServices.framework/Versions/A/Frameworks/FSEvents.framework/Versions/A/FSEvents
0x00000000027b2000 	/System/Library/Frameworks/CoreServices.framework/Versions/A/Frameworks/CarbonCore.framework/Versions/A/CarbonCore
0x00000000027b2000 	/System/Library/Frameworks/CoreServices.framework/Versions/A/Frameworks/Metadata.framework/Versions/A/Metadata
0x00000000027b2000 	/System/Library/Frameworks/CoreServices.framework/Versions/A/Frameworks/OSServices.framework/Versions/A/OSServices
0x00000000027b2000 	/System/Library/Frameworks/CoreServices.framework/Versions/A/Frameworks/SearchKit.framework/Versions/A/SearchKit
0x00000000027b2000 	/System/Library/Frameworks/CoreServices.framework/Versions/A/Frameworks/AE.framework/Versions/A/AE
0x00000000027b2000 	/System/Library/Frameworks/CoreServices.framework/Versions/A/Frameworks/LaunchServices.framework/Versions/A/LaunchServices
0x00000000027b2000 	/System/Library/Frameworks/CoreServices.framework/Versions/A/Frameworks/DictionaryServices.framework/Versions/A/DictionaryServices
0x00000000027b2000 	/System/Library/Frameworks/NetFS.framework/Versions/A/NetFS
0x00000000027b2000 	/System/Library/PrivateFrameworks/NetAuth.framework/Versions/A/NetAuth
0x00000000027b2000 	/System/Library/PrivateFrameworks/login.framework/Versions/A/Frameworks/loginsupport.framework/Versions/A/loginsupport
0x00000000027b2000 	/System/Library/PrivateFrameworks/TCC.framework/Versions/A/TCC
0x00000000027b2000 	/usr/lib/libmecabra.dylib
0x00000000027b2000 	/System/Library/Frameworks/ApplicationServices.framework/Versions/A/Frameworks/ATS.framework/Versions/A/ATS
0x00000000027b2000 	/System/Library/Frameworks/ApplicationServices.framework/Versions/A/Frameworks/ColorSync.framework/Versions/A/ColorSync
0x00000000027b2000 	/System/Library/Frameworks/ApplicationServices.framework/Versions/A/Frameworks/HIServices.framework/Versions/A/HIServices
0x00000000027b2000 	/System/Library/Frameworks/ApplicationServices.framework/Versions/A/Frameworks/LangAnalysis.framework/Versions/A/LangAnalysis
0x00000000027b2000 	/System/Library/Frameworks/ApplicationServices.framework/Versions/A/Frameworks/PrintCore.framework/Versions/A/PrintCore
0x00000000027b2000 	/System/Library/Frameworks/ApplicationServices.framework/Versions/A/Frameworks/QD.framework/Versions/A/QD
0x00000000027b2000 	/System/Library/Frameworks/ApplicationServices.framework/Versions/A/Frameworks/SpeechSynthesis.framework/Versions/A/SpeechSynthesis
0x00000000027b2000 	/System/Library/Frameworks/Accelerate.framework/Versions/A/Accelerate
0x00000000027b2000 	/System/Library/Frameworks/Accelerate.framework/Versions/A/Frameworks/vImage.framework/Versions/A/vImage
0x00000000027b2000 	/System/Library/Frameworks/Accelerate.framework/Versions/A/Frameworks/vecLib.framework/Versions/A/vecLib
0x00000000027b2000 	/System/Library/Frameworks/Accelerate.framework/Versions/A/Frameworks/vecLib.framework/Versions/A/libvDSP.dylib
0x00000000027b2000 	/System/Library/Frameworks/Accelerate.framework/Versions/A/Frameworks/vecLib.framework/Versions/A/libvMisc.dylib
0x00000000027b2000 	/System/Library/Frameworks/Accelerate.framework/Versions/A/Frameworks/vecLib.framework/Versions/A/libLAPACK.dylib
0x00000000027b2000 	/System/Library/Frameworks/Accelerate.framework/Versions/A/Frameworks/vecLib.framework/Versions/A/libBLAS.dylib
0x00000000027b2000 	/System/Library/Frameworks/Accelerate.framework/Versions/A/Frameworks/vecLib.framework/Versions/A/libLinearAlgebra.dylib
0x00000000027b2000 	/System/Library/Frameworks/ApplicationServices.framework/Versions/A/Frameworks/ATS.framework/Versions/A/Resources/libFontParser.dylib
0x00000000027b2000 	/System/Library/Frameworks/ApplicationServices.framework/Versions/A/Frameworks/ATS.framework/Versions/A/Resources/libFontRegistry.dylib
0x00000000027b2000 	/System/Library/PrivateFrameworks/AppleVPA.framework/Versions/A/AppleVPA
0x00000000027b2000 	/System/Library/PrivateFrameworks/AppleJPEG.framework/Versions/A/AppleJPEG
0x00000000027b2000 	/System/Library/Frameworks/ImageIO.framework/Versions/A/Resources/libJPEG.dylib
0x00000000027b2000 	/System/Library/Frameworks/ImageIO.framework/Versions/A/Resources/libTIFF.dylib
0x00000000027b2000 	/System/Library/Frameworks/ImageIO.framework/Versions/A/Resources/libPng.dylib
0x00000000027b2000 	/System/Library/Frameworks/ImageIO.framework/Versions/A/Resources/libGIF.dylib
0x00000000027b2000 	/System/Library/Frameworks/ImageIO.framework/Versions/A/Resources/libJP2.dylib
0x00000000027b2000 	/System/Library/Frameworks/ImageIO.framework/Versions/A/Resources/libRadiance.dylib
0x00000000027b2000 	/System/Library/Frameworks/CoreVideo.framework/Versions/A/CoreVideo
0x00000000027b2000 	/System/Library/Frameworks/OpenGL.framework/Versions/A/Libraries/libGLU.dylib
0x00000000027b2000 	/System/Library/Frameworks/OpenGL.framework/Versions/A/Libraries/libGFXShared.dylib
0x00000000027b2000 	/System/Library/Frameworks/OpenGL.framework/Versions/A/Libraries/libGL.dylib
0x00000000027b2000 	/System/Library/Frameworks/OpenGL.framework/Versions/A/Libraries/libGLImage.dylib
0x00000000027b2000 	/System/Library/Frameworks/OpenGL.framework/Versions/A/Libraries/libCVMSPluginSupport.dylib
0x00000000027b2000 	/System/Library/Frameworks/OpenGL.framework/Versions/A/Libraries/libCoreVMClient.dylib
0x00000000027b2000 	/usr/lib/libcups.2.dylib
0x00000000027b2000 	/System/Library/Frameworks/Kerberos.framework/Versions/A/Kerberos
0x00000000027b2000 	/System/Library/Frameworks/GSS.framework/Versions/A/GSS
0x00000000027b2000 	/usr/lib/libresolv.9.dylib
0x00000000027b2000 	/usr/lib/libiconv.2.dylib
0x00000000027b2000 	/System/Library/PrivateFrameworks/Heimdal.framework/Versions/A/Heimdal
0x00000000027b2000 	/usr/lib/libheimdal-asn1.dylib
0x00000000027b2000 	/System/Library/Frameworks/OpenDirectory.framework/Versions/A/OpenDirectory
0x00000000027b2000 	/System/Library/PrivateFrameworks/CommonAuth.framework/Versions/A/CommonAuth
0x00000000027b2000 	/System/Library/Frameworks/OpenDirectory.framework/Versions/A/Frameworks/CFOpenDirectory.framework/Versions/A/CFOpenDirectory
0x00000000027b2000 	/System/Library/Frameworks/SecurityFoundation.framework/Versions/A/SecurityFoundation
0x00000000027b2000 	/System/Library/PrivateFrameworks/LanguageModeling.framework/Versions/A/LanguageModeling
0x00000000027b2000 	/usr/lib/libcmph.dylib
0x00000000027b2000 	/System/Library/Frameworks/ServiceManagement.framework/Versions/A/ServiceManagement
0x00000000027b2000 	/usr/lib/libxslt.1.dylib
0x00000000027b2000 	/System/Library/Frameworks/Carbon.framework/Versions/A/Frameworks/Ink.framework/Versions/A/Ink
0x00000000027b2000 	/System/Library/Frameworks/QuartzCore.framework/Versions/A/Frameworks/CoreImage.framework/Versions/A/CoreImage
0x00000000027b2000 	/System/Library/PrivateFrameworks/CrashReporterSupport.framework/Versions/A/CrashReporterSupport
0x00000000027b2000 	/System/Library/Frameworks/OpenCL.framework/Versions/A/OpenCL
0x00000000027b2000 	/System/Library/PrivateFrameworks/FaceCore.framework/Versions/A/FaceCore
0x00000000027b2000 	/System/Library/PrivateFrameworks/Ubiquity.framework/Versions/A/Ubiquity
0x00000000027b2000 	/System/Library/PrivateFrameworks/IconServices.framework/Versions/A/IconServices
0x00000000027b2000 	/System/Library/PrivateFrameworks/ChunkingLibrary.framework/Versions/A/ChunkingLibrary
0x00000000027b2000 	/System/Library/PrivateFrameworks/Apple80211.framework/Versions/A/Apple80211
0x00000000027b2000 	/System/Library/Frameworks/CoreWLAN.framework/Versions/A/CoreWLAN
0x00000000027b2000 	/System/Library/Frameworks/IOBluetooth.framework/Versions/A/IOBluetooth
0x00000000027b2000 	/System/Library/PrivateFrameworks/CoreWiFi.framework/Versions/A/CoreWiFi
0x00000000027b2000 	/System/Library/Frameworks/CoreBluetooth.framework/Versions/A/CoreBluetooth
0x00000000027b2000 	/System/Library/PrivateFrameworks/DebugSymbols.framework/Versions/A/DebugSymbols
0x00000000027b2000 	/System/Library/PrivateFrameworks/CoreSymbolication.framework/Versions/A/CoreSymbolication
0x00000000027b2000 	/System/Library/PrivateFrameworks/Symbolication.framework/Versions/A/Symbolication
0x00000000027b2000 	/System/Library/PrivateFrameworks/SpeechRecognitionCore.framework/Versions/A/SpeechRecognitionCore
0x00000001012d0000 	/Library/Java/JavaVirtualMachines/jdk1.8.0_66.jdk/Contents/Home/jre/lib/server/libjvm.dylib
0x00000000027b2000 	/usr/lib/libstdc++.6.dylib
0x0000000102359000 	/Library/Java/JavaVirtualMachines/jdk1.8.0_66.jdk/Contents/Home/jre/lib/libverify.dylib
0x0000000102367000 	/Library/Java/JavaVirtualMachines/jdk1.8.0_66.jdk/Contents/Home/jre/lib/libjava.dylib
0x000000010239d000 	/Library/Java/JavaVirtualMachines/jdk1.8.0_66.jdk/Contents/Home/jre/lib/libjdwp.dylib
0x0000000102c00000 	/Library/Java/JavaVirtualMachines/jdk1.8.0_66.jdk/Contents/Home/jre/lib/libnpt.dylib
0x0000000102c04000 	/Library/Java/JavaVirtualMachines/jdk1.8.0_66.jdk/Contents/Home/jre/lib/libinstrument.dylib
0x0000000102c61000 	/Library/Java/JavaVirtualMachines/jdk1.8.0_66.jdk/Contents/Home/jre/lib/libzip.dylib
0x00000001d8ec9000 	/System/Library/Frameworks/JavaVM.framework/Frameworks/JavaRuntimeSupport.framework/JavaRuntimeSupport
0x00000001d8edf000 	/System/Library/Frameworks/JavaVM.framework/Versions/A/Frameworks/JavaNativeFoundation.framework/Versions/A/JavaNativeFoundation
0x00000001121f0000 	/System/Library/Frameworks/JavaVM.framework/Versions/A/JavaVM
0x00000000027b2000 	/System/Library/Frameworks/Carbon.framework/Versions/A/Carbon
0x00000001d8ef3000 	/System/Library/PrivateFrameworks/JavaLaunching.framework/Versions/A/JavaLaunching
0x00000000027b2000 	/System/Library/Frameworks/Carbon.framework/Versions/A/Frameworks/CommonPanels.framework/Versions/A/CommonPanels
0x00000000027b2000 	/System/Library/Frameworks/Carbon.framework/Versions/A/Frameworks/Help.framework/Versions/A/Help
0x00000000027b2000 	/System/Library/Frameworks/Carbon.framework/Versions/A/Frameworks/ImageCapture.framework/Versions/A/ImageCapture
0x00000000027b2000 	/System/Library/Frameworks/Carbon.framework/Versions/A/Frameworks/OpenScripting.framework/Versions/A/OpenScripting
0x00000000027b2000 	/System/Library/Frameworks/Carbon.framework/Versions/A/Frameworks/Print.framework/Versions/A/Print
0x00000000027b2000 	/System/Library/Frameworks/Carbon.framework/Versions/A/Frameworks/SecurityHI.framework/Versions/A/SecurityHI
0x00000001da8d9000 	/Library/Java/JavaVirtualMachines/jdk1.8.0_66.jdk/Contents/Home/jre/lib/libdt_socket.dylib
0x00000001db25e000 	/private/var/folders/b6/nm4pc5n53_d25s7xf0ndlqnw0000gp/T/libgdxzoray/ad4da71/libgdx64.dylib
0x00000001db2ab000 	/Library/Java/JavaVirtualMachines/jdk1.8.0_66.jdk/Contents/Home/jre/lib/libawt.dylib
0x00000001db353000 	/Library/Java/JavaVirtualMachines/jdk1.8.0_66.jdk/Contents/Home/jre/lib/./libmlib_image.dylib
0x00000001db41f000 	/Library/Java/JavaVirtualMachines/jdk1.8.0_66.jdk/Contents/Home/jre/lib/libawt_lwawt.dylib
0x00000001db4d4000 	/Library/Java/JavaVirtualMachines/jdk1.8.0_66.jdk/Contents/Home/jre/lib/./libosxapp.dylib
0x00000000027b2000 	/System/Library/Frameworks/ExceptionHandling.framework/Versions/A/ExceptionHandling
0x00000000027b2000 	/System/Library/PrivateFrameworks/CoreServicesInternal.framework/Versions/A/CoreServicesInternal
0x00000000027b2000 	/System/Library/PrivateFrameworks/CloudDocs.framework/Versions/A/CloudDocs
0x00000000027b2000 	/System/Library/PrivateFrameworks/CoreDuet.framework/Versions/A/CoreDuet
0x00000000027b2000 	/System/Library/Frameworks/CloudKit.framework/Versions/A/CloudKit
0x00000000027b2000 	/System/Library/PrivateFrameworks/ProtocolBuffer.framework/Versions/A/ProtocolBuffer
0x00000000027b2000 	/System/Library/PrivateFrameworks/CoreDuetDaemonProtocol.framework/Versions/A/CoreDuetDaemonProtocol
0x00000000027b2000 	/System/Library/PrivateFrameworks/CoreDuetDebugLogging.framework/Versions/A/CoreDuetDebugLogging
0x00000000027b2000 	/System/Library/PrivateFrameworks/MMCS.framework/Versions/A/MMCS
0x00000000027b2000 	/System/Library/Frameworks/CoreLocation.framework/Versions/A/CoreLocation
0x00000000027b2000 	/System/Library/PrivateFrameworks/ProtectedCloudStorage.framework/Versions/A/ProtectedCloudStorage
0x00000000027b2000 	/System/Library/PrivateFrameworks/GeoServices.framework/Versions/A/GeoServices
0x00000000027b2000 	/System/Library/Frameworks/CoreGraphics.framework/Versions/A/Resources/libCGCMS.A.dylib
0x00000000027b2000 	/System/Library/Frameworks/CoreGraphics.framework/Versions/A/Resources/libRIP.A.dylib
0x00000000027b2000 	/System/Library/Frameworks/CoreGraphics.framework/Versions/A/Resources/libCGXType.A.dylib
0x00000000027b2000 	/System/Library/Frameworks/OpenCL.framework/Versions/A/Libraries/libcldcpuengine.dylib
0x00000000027b2000 	/System/Library/PrivateFrameworks/DiskImages.framework/Versions/A/DiskImages
0x00000000027b2000 	/System/Library/Frameworks/DiscRecording.framework/Versions/A/DiscRecording
0x00000000027b2000 	/usr/lib/libcsfde.dylib
0x00000000027b2000 	/usr/lib/libcurl.4.dylib
0x00000000027b2000 	/System/Library/PrivateFrameworks/MediaKit.framework/Versions/A/MediaKit
0x00000000027b2000 	/usr/lib/libCoreStorage.dylib
0x00000000027b2000 	/System/Library/PrivateFrameworks/EFILogin.framework/Versions/A/EFILogin
0x00000000027b2000 	/usr/lib/libutil.dylib
0x00000000027b2000 	/System/Library/PrivateFrameworks/FindMyDevice.framework/Versions/A/FindMyDevice
0x00000000027b2000 	/System/Library/Frameworks/LDAP.framework/Versions/A/LDAP
0x00000000027b2000 	/usr/lib/libsasl2.2.dylib
0x00000000027b2000 	/System/Library/PrivateFrameworks/CoreDaemon.framework/Versions/B/CoreDaemon
0x00000000027b2000 	/usr/lib/libcrypto.0.9.8.dylib
0x00000000027b2000 	/System/Library/PrivateFrameworks/AppleSRP.framework/Versions/A/AppleSRP
0x00000000027b2000 	/System/Library/PrivateFrameworks/TrustEvaluationAgent.framework/Versions/A/TrustEvaluationAgent
0x00000001db859000 	cl_kernels
0x00000001de712000 	/System/Library/Frameworks/OpenCL.framework/Versions/A/Libraries/ImageFormats/unorm8_bgra.dylib
0x00000001db84b000 	cl_kernels
0x00000000027b2000 	/System/Library/PrivateFrameworks/FamilyControls.framework/Versions/A/FamilyControls
0x00000000027b2000 	/System/Library/PrivateFrameworks/CommerceKit.framework/Versions/A/Frameworks/CommerceCore.framework/Versions/A/CommerceCore
0x00000000027b2000 	/System/Library/PrivateFrameworks/SystemAdministration.framework/Versions/A/SystemAdministration
0x00000000027b2000 	/System/Library/PrivateFrameworks/AppContainer.framework/Versions/A/AppContainer
0x00000000027b2000 	/System/Library/PrivateFrameworks/SecCodeWrapper.framework/Versions/A/SecCodeWrapper
0x00000000027b2000 	/System/Library/Frameworks/DirectoryService.framework/Versions/A/DirectoryService
0x00000000027b2000 	/System/Library/PrivateFrameworks/LoginUIKit.framework/Versions/A/Frameworks/LoginUICore.framework/Versions/A/LoginUICore
0x00000000027b2000 	/usr/lib/libodfde.dylib
0x00000001dfba2000 	/Library/Java/JavaVirtualMachines/jdk1.8.0_66.jdk/Contents/Home/jre/lib/libfontmanager.dylib
0x00000001dfc09000 	/private/var/folders/b6/nm4pc5n53_d25s7xf0ndlqnw0000gp/T/libgdxzoray/f7649394/liblwjgl.dylib
0x00000001ddba9000 	/Library/Java/JavaVirtualMachines/jdk1.8.0_66.jdk/Contents/Home/jre/lib/libjawt.dylib
0x00000001e0013000 	/var/folders/b6/nm4pc5n53_d25s7xf0ndlqnw0000gp/T/libgdxzoray/f7649394/openal.dylib
0x00000001e006f000 	/System/Library/Components/CoreAudio.component/Contents/MacOS/CoreAudio
0x00000001dfcb2000 	/System/Library/Extensions/AppleHDA.kext/Contents/PlugIns/AppleHDAHALPlugIn.bundle/Contents/MacOS/AppleHDAHALPlugIn
0x00000000027b2000 	/System/Library/Frameworks/OpenGL.framework/Versions/A/Resources/GLEngine.bundle/GLEngine
0x00000000027b2000 	/System/Library/Frameworks/OpenGL.framework/Versions/A/Libraries/libGLProgrammability.dylib
0x00000001e05a1000 	/System/Library/Extensions/AppleIntelBDWGraphicsGLDriver.bundle/Contents/MacOS/AppleIntelBDWGraphicsGLDriver
0x00000000027b2000 	/System/Library/PrivateFrameworks/IOAccelerator.framework/Versions/A/IOAccelerator
0x00000000027b2000 	/System/Library/PrivateFrameworks/GPUSupport.framework/Versions/A/Libraries/libGPUSupportMercury.dylib
0x00000000027b2000 	/System/Library/Frameworks/OpenGL.framework/Versions/A/Resources/GLRendererFloat.bundle/GLRendererFloat

VM Arguments:
jvm_args: -agentlib:jdwp=transport=dt_socket,address=127.0.0.1:64297,suspend=y,server=n -javaagent:/Users/zoray/Library/Caches/IdeaIC15/groovyHotSwap/gragent.jar -Dfile.encoding=UTF-8 
java_command: com.mygdx.game.desktop.DesktopLauncher
java_class_path (initial): /Library/Java/JavaVirtualMachines/jdk1.8.0_66.jdk/Contents/Home/jre/lib/charsets.jar:/Library/Java/JavaVirtualMachines/jdk1.8.0_66.jdk/Contents/Home/jre/lib/deploy.jar:/Library/Java/JavaVirtualMachines/jdk1.8.0_66.jdk/Contents/Home/jre/lib/ext/cldrdata.jar:/Library/Java/JavaVirtualMachines/jdk1.8.0_66.jdk/Contents/Home/jre/lib/ext/dnsns.jar:/Library/Java/JavaVirtualMachines/jdk1.8.0_66.jdk/Contents/Home/jre/lib/ext/jaccess.jar:/Library/Java/JavaVirtualMachines/jdk1.8.0_66.jdk/Contents/Home/jre/lib/ext/jfxrt.jar:/Library/Java/JavaVirtualMachines/jdk1.8.0_66.jdk/Contents/Home/jre/lib/ext/localedata.jar:/Library/Java/JavaVirtualMachines/jdk1.8.0_66.jdk/Contents/Home/jre/lib/ext/nashorn.jar:/Library/Java/JavaVirtualMachines/jdk1.8.0_66.jdk/Contents/Home/jre/lib/ext/sunec.jar:/Library/Java/JavaVirtualMachines/jdk1.8.0_66.jdk/Contents/Home/jre/lib/ext/sunjce_provider.jar:/Library/Java/JavaVirtualMachines/jdk1.8.0_66.jdk/Contents/Home/jre/lib/ext/sunpkcs11.jar:/Library/Java/JavaVirtualMachines/jdk1.8.0_66.jdk/Contents/Home/jre/lib/ext/zipfs.jar:/Library/Java/JavaVirtualMachines/jdk1.8.0_66.jdk/Contents/Home/jre/lib/javaws.jar:/Library/Java/JavaVirtualMachines/jdk1.8.0_66.jdk/Contents/Home/jre/lib/jce.jar:/Library/Java/JavaVirtualMachines/jdk1.8.0_66.jdk/Contents/Home/jre/lib/jfr.jar:/Library/Java/JavaVirtualMachines/jdk1.8.0_66.jdk/Contents/Home/jre/lib/jfxswt.jar:/Library/Java/JavaVirtualMachines/jdk1.8.0_66.jdk/Contents/Home/jre/lib/jsse.jar:/Library/Java/JavaVirtualMachines/jdk1.8.0_66.jdk/Contents/Home/jre/lib/management-agent.jar:/Library/Java/JavaVirtualMachines/jdk1.8.0_66.jdk/Contents/Home/jre/lib/plugin.jar:/Library/Java/JavaVirtualMachines/jdk1.8.0_66.jdk/Contents/Home/jre/lib/resources.jar:/Library/Java/JavaVirtualMachines/jdk1.8.0_66.jdk/Contents/Home/jre/lib/rt.jar:/Library/Java/JavaVirtualMachines/jdk1.8.0_66.jdk/Contents/Home/lib/ant-javafx.jar:/Library/Java/JavaVirtualMachines/jdk1.8.0_66.jdk/Contents/Home/lib/dt.jar:/Library/Ja
Launcher Type: SUN_STANDARD

Environment Variables:
PATH=/opt/local/bin:/opt/local/sbin:/opt/local/bin:/opt/local/sbin:/usr/local/bin:/usr/bin:/bin:/usr/sbin:/sbin:/Library/TeX/texbin
SHELL=/bin/bash

Signal Handlers:
SIGSEGV: [libjvm.dylib+0x5a65d5], sa_mask[0]=11111111011111110111111111111111, sa_flags=SA_ONSTACK|SA_RESTART|SA_SIGINFO
SIGBUS: [libjvm.dylib+0x5a65d5], sa_mask[0]=11111111011111110111111111111111, sa_flags=SA_RESTART|SA_SIGINFO
SIGFPE: [libjvm.dylib+0x4802e8], sa_mask[0]=11111111011111110111111111111111, sa_flags=SA_RESTART|SA_SIGINFO
SIGPIPE: [libjvm.dylib+0x4802e8], sa_mask[0]=11111111011111110111111111111111, sa_flags=SA_RESTART|SA_SIGINFO
SIGXFSZ: [libjvm.dylib+0x4802e8], sa_mask[0]=11111111011111110111111111111111, sa_flags=SA_RESTART|SA_SIGINFO
SIGILL: [libjvm.dylib+0x4802e8], sa_mask[0]=11111111011111110111111111111111, sa_flags=SA_RESTART|SA_SIGINFO
SIGUSR1: SIG_DFL, sa_mask[0]=00000000000000000000000000000000, sa_flags=none
SIGUSR2: [libjvm.dylib+0x47fe06], sa_mask[0]=00100000000000000000000000000000, sa_flags=SA_RESTART|SA_SIGINFO
SIGHUP: [libjvm.dylib+0x47e3dd], sa_mask[0]=11111111011111110111111111111111, sa_flags=SA_RESTART|SA_SIGINFO
SIGINT: [libjvm.dylib+0x47e3dd], sa_mask[0]=11111111011111110111111111111111, sa_flags=SA_RESTART|SA_SIGINFO
SIGTERM: [libjvm.dylib+0x47e3dd], sa_mask[0]=11111111011111110111111111111111, sa_flags=SA_RESTART|SA_SIGINFO
SIGQUIT: [libjvm.dylib+0x47e3dd], sa_mask[0]=11111111011111110111111111111111, sa_flags=SA_RESTART|SA_SIGINFO


---------------  S Y S T E M  ---------------

OS:Bsduname:Darwin 14.5.0 Darwin Kernel Version 14.5.0: Wed Jul 29 02:26:53 PDT 2015; root:xnu-2782.40.9~1/RELEASE_X86_64 x86_64
rlimit: STACK 8192k, CORE 0k, NPROC 709, NOFILE 10240, AS infinity
load average:2.76 2.62 2.39

CPU:total 4 (2 cores per cpu, 2 threads per core) family 6 model 61 stepping 4, cmov, cx8, fxsr, mmx, sse, sse2, sse3, ssse3, sse4.1, sse4.2, popcnt, avx, avx2, aes, clmul, erms, 3dnowpref, lzcnt, ht, tsc, tscinvbit, bmi1, bmi2, adx

Memory: 4k page, physical 8388608k(90024k free)

/proc/meminfo:


vm_info: Java HotSpot(TM) 64-Bit Server VM (25.66-b17) for bsd-amd64 JRE (1.8.0_66-b17), built on Oct  6 2015 16:09:13 by "java_re" with gcc 4.2.1 (Based on Apple Inc. build 5658) (LLVM build 2336.11.00)

time: Thu Apr  7 22:58:24 2016
elapsed time: 4 seconds (0d 0h 0m 4s)

