#
# A fatal error has been detected by the Java Runtime Environment:
#
#  EXCEPTION_ACCESS_VIOLATION (0xc0000005) at pc=0x00007ff8c3afad57, pid=9864, tid=8776
#
# JRE version: Java(TM) SE Runtime Environment (7.0_79-b15) (build 1.7.0_79-b15)
# Java VM: Java HotSpot(TM) 64-Bit Server VM (24.79-b02 mixed mode windows-amd64 compressed oops)
# Problematic frame:
# C  [ig9icd64.dll+0xdad57]
#
# Failed to write core dump. Minidumps are not enabled by default on client versions of Windows
#
# If you would like to submit a bug report, please visit:
#   http://bugreport.java.com/bugreport/crash.jsp
# The crash happened outside the Java Virtual Machine in native code.
# See problematic frame for where to report the bug.
#

---------------  T H R E A D  ---------------

Current thread (0x000000000f3da800):  JavaThread "LWJGL Application" [_thread_in_native, id=8776, stack(0x0000000012b70000,0x0000000012c70000)]

siginfo: ExceptionCode=0xc0000005, reading address 0x000000005ad1a000

Registers:
RAX=0x0000000000001267, RBX=0x0000000011dcf5c0, RCX=0x0000000000000000, RDX=0x000000005ad19f98
RSP=0x0000000012c6ac60, RBP=0x0000000012c6ad90, RSI=0x000000005d8e1000, RDI=0x000000005d974380
R8 =0x00000000000d0204, R9 =0x0000000000001a04, R10=0x0000000000001267, R11=0x0000000000000246
R12=0x0000000000000004, R13=0x00000000000d0204, R14=0x0000000000000000, R15=0x000000005ac86c98
RIP=0x00007ff8c3afad57, EFLAGS=0x0000000000010203

Top of Stack: (sp=0x0000000012c6ac60)
0x0000000012c6ac60:   0000000000000000 0000000000000000
0x0000000012c6ac70:   0000000000000000 0000000000000000
0x0000000012c6ac80:   0000000059e1a250 00007ff8c3c4ea27
0x0000000012c6ac90:   0000000011dcf5c0 0000000000000002
0x0000000012c6aca0:   0000000000060000 0000000059e1a250
0x0000000012c6acb0:   00007ff8b837b601 0000000000000000
0x0000000012c6acc0:   0000000100000000 0000000000000000
0x0000000012c6acd0:   0000000000000023 0000000011df4a50
0x0000000012c6ace0:   00007ff8b837b740 00007ff800000000
0x0000000012c6acf0:   0000000067832110 0000000012c6c280
0x0000000012c6ad00:   00007ff8ffffffff ffffffff00000000
0x0000000012c6ad10:   00000000538c39bc 00000000c413e776
0x0000000012c6ad20:   00007ff8b8382070 00007ff8b8382b10
0x0000000012c6ad30:   00007ff8e67e38ff 0000000000000000
0x0000000012c6ad40:   0000000000000023 0000000000000000
0x0000000012c6ad50:   00007ff8b8382b10 0000000011e250e8 

Instructions: (pc=0x00007ff8c3afad57)
0x00007ff8c3afad37:   72 10 f3 0f 6f 6a 20 41 ff c2 48 83 ef 80 41 8b
0x00007ff8c3afad47:   c2 f3 0f 6f 62 30 f3 0f 6f 5a 40 f3 0f 6f 52 50
0x00007ff8c3afad57:   f3 0f 6f 4a 60 f3 0f 6f 42 70 66 0f e7 7f 80 48
0x00007ff8c3afad67:   83 ea 80 66 0f e7 77 90 66 0f e7 6f a0 66 0f e7 


Register to memory mapping:

RAX=0x0000000000001267 is an unknown value
RBX=0x0000000011dcf5c0 is an unknown value
RCX=0x0000000000000000 is an unknown value
RDX=0x000000005ad19f98 is an unknown value
RSP=0x0000000012c6ac60 is pointing into the stack for thread: 0x000000000f3da800
RBP=0x0000000012c6ad90 is pointing into the stack for thread: 0x000000000f3da800
RSI=0x000000005d8e1000 is an unknown value
RDI=0x000000005d974380 is an unknown value
R8 =0x00000000000d0204 is an unknown value
R9 =0x0000000000001a04 is an unknown value
R10=0x0000000000001267 is an unknown value
R11=0x0000000000000246 is an unknown value
R12=0x0000000000000004 is an unknown value
R13=0x00000000000d0204 is an unknown value
R14=0x0000000000000000 is an unknown value
R15=0x000000005ac86c98 is an unknown value


Stack: [0x0000000012b70000,0x0000000012c70000],  sp=0x0000000012c6ac60,  free space=1003k
Native frames: (J=compiled Java code, j=interpreted, Vv=VM code, C=native code)
C  [ig9icd64.dll+0xdad57]

Java frames: (J=compiled Java code, j=interpreted, Vv=VM code)
J 222  org.lwjgl.opengl.GL11.nglDrawElements(IIIJJ)V (0 bytes) @ 0x0000000002700d36 [0x0000000002700ce0+0x56]
J 201 C2 com.badlogic.gdx.graphics.g2d.SpriteBatch.flush()V (185 bytes) @ 0x0000000002719028 [0x0000000002718a20+0x608]
j  com.badlogic.gdx.graphics.g2d.SpriteBatch.end()V+25
j  com.mygdx.game.PlayScreen.drawPassenger(Lcom/mygdx/game/Passenger;)V+19
j  com.mygdx.game.PlayScreen.render(F)V+129
j  com.badlogic.gdx.Game.render()V+19
j  com.mygdx.game.MyGdxGame.render()V+1
j  com.badlogic.gdx.backends.lwjgl.LwjglApplication.mainLoop()V+698
j  com.badlogic.gdx.backends.lwjgl.LwjglApplication$1.run()V+27
v  ~StubRoutines::call_stub

---------------  P R O C E S S  ---------------

Java Threads: ( => current thread )
  0x00000000025ec800 JavaThread "LWJGL Timer" daemon [_thread_blocked, id=7180, stack(0x000000005aa20000,0x000000005ab20000)]
  0x000000000f3d7000 JavaThread "DestroyJavaVM" [_thread_blocked, id=4276, stack(0x0000000002400000,0x0000000002500000)]
=>0x000000000f3da800 JavaThread "LWJGL Application" [_thread_in_native, id=8776, stack(0x0000000012b70000,0x0000000012c70000)]
  0x0000000010978800 JavaThread "Monitor Ctrl-Break" daemon [_thread_in_native, id=9432, stack(0x0000000011170000,0x0000000011270000)]
  0x0000000010729800 JavaThread "Service Thread" daemon [_thread_blocked, id=9936, stack(0x0000000010f00000,0x0000000011000000)]
  0x0000000010723800 JavaThread "C2 CompilerThread1" daemon [_thread_blocked, id=6632, stack(0x0000000010e00000,0x0000000010f00000)]
  0x0000000010721800 JavaThread "C2 CompilerThread0" daemon [_thread_blocked, id=6532, stack(0x0000000010d00000,0x0000000010e00000)]
  0x000000001071d000 JavaThread "Attach Listener" daemon [_thread_blocked, id=6624, stack(0x0000000010c00000,0x0000000010d00000)]
  0x0000000010717800 JavaThread "Signal Dispatcher" daemon [_thread_blocked, id=6456, stack(0x0000000010b00000,0x0000000010c00000)]
  0x000000000f37b000 JavaThread "Finalizer" daemon [_thread_blocked, id=6860, stack(0x0000000010600000,0x0000000010700000)]
  0x000000000f377800 JavaThread "Reference Handler" daemon [_thread_blocked, id=1136, stack(0x0000000010500000,0x0000000010600000)]

Other Threads:
  0x000000000f36c800 VMThread [stack: 0x0000000010400000,0x0000000010500000] [id=1084]
  0x000000001074c800 WatcherThread [stack: 0x0000000011000000,0x0000000011100000] [id=9572]

VM state:not at safepoint (normal execution)

VM Mutex/Monitor currently owned by a thread: None

Heap
 PSYoungGen      total 76288K, used 27574K [0x00000007ab080000, 0x00000007b0580000, 0x0000000800000000)
  eden space 65536K, 29% used [0x00000007ab080000,0x00000007ac37d0f8,0x00000007af080000)
  from space 10752K, 75% used [0x00000007af080000,0x00000007af870768,0x00000007afb00000)
  to   space 10752K, 0% used [0x00000007afb00000,0x00000007afb00000,0x00000007b0580000)
 ParOldGen       total 173568K, used 48K [0x0000000701200000, 0x000000070bb80000, 0x00000007ab080000)
  object space 173568K, 0% used [0x0000000701200000,0x000000070120c010,0x000000070bb80000)
 PSPermGen       total 21504K, used 8347K [0x00000006fc000000, 0x00000006fd500000, 0x0000000701200000)
  object space 21504K, 38% used [0x00000006fc000000,0x00000006fc826c78,0x00000006fd500000)

Card table byte_map: [0x0000000005600000,0x0000000005e30000] byte_map_base: 0x0000000001e20000

Polling page: 0x0000000000720000

Code Cache  [0x0000000002600000, 0x0000000002870000, 0x0000000005600000)
 total_blobs=679 nmethods=269 adapters=363 free_code_cache=47837Kb largest_free_block=48885696

Compilation events (10 events):
Event: 17.298 Thread 0x0000000010723800 nmethod 264 0x0000000002730150 code [0x00000000027302a0, 0x00000000027303b8]
Event: 17.298 Thread 0x0000000010721800 nmethod 265 0x000000000272ef50 code [0x000000000272f0a0, 0x000000000272f1b8]
Event: 17.998 Thread 0x0000000010721800  267             javazoom.jl.decoder.LayerIIIDecoder::get_side_info (1654 bytes)
Event: 18.184 Thread 0x0000000010723800  268   !         javazoom.jl.decoder.Bitstream::readBytes (66 bytes)
Event: 18.188 Thread 0x0000000010723800 nmethod 268 0x0000000002732710 code [0x0000000002732860, 0x0000000002732c88]
Event: 18.960 Thread 0x0000000010723800  269             javazoom.jl.decoder.SynthesisFilter::reset (65 bytes)
Event: 18.964 Thread 0x0000000010723800 nmethod 269 0x000000000272de90 code [0x000000000272dfc0, 0x000000000272e158]
Event: 18.964 Thread 0x0000000010723800  270             javazoom.jl.decoder.LayerIIIDecoder::<init> (2907 bytes)
Event: 19.092 Thread 0x0000000010723800 nmethod 270 0x000000000273af10 code [0x000000000273b3a0, 0x000000000273fb38]
Event: 19.119 Thread 0x0000000010721800 nmethod 267 0x000000000274ed50 code [0x000000000274f3c0, 0x00000000027596f0]

GC Heap History (2 events):
Event: 13.929 GC heap before
{Heap before GC invocations=1 (full 0):
 PSYoungGen      total 76288K, used 65536K [0x00000007ab080000, 0x00000007b0580000, 0x0000000800000000)
  eden space 65536K, 100% used [0x00000007ab080000,0x00000007af080000,0x00000007af080000)
  from space 10752K, 0% used [0x00000007afb00000,0x00000007afb00000,0x00000007b0580000)
  to   space 10752K, 0% used [0x00000007af080000,0x00000007af080000,0x00000007afb00000)
 ParOldGen       total 173568K, used 0K [0x0000000701200000, 0x000000070bb80000, 0x00000007ab080000)
  object space 173568K, 0% used [0x0000000701200000,0x0000000701200000,0x000000070bb80000)
 PSPermGen       total 21504K, used 8312K [0x00000006fc000000, 0x00000006fd500000, 0x0000000701200000)
  object space 21504K, 38% used [0x00000006fc000000,0x00000006fc81e290,0x00000006fd500000)
Event: 13.936 GC heap after
Heap after GC invocations=1 (full 0):
 PSYoungGen      total 76288K, used 8129K [0x00000007ab080000, 0x00000007b0580000, 0x0000000800000000)
  eden space 65536K, 0% used [0x00000007ab080000,0x00000007ab080000,0x00000007af080000)
  from space 10752K, 75% used [0x00000007af080000,0x00000007af870768,0x00000007afb00000)
  to   space 10752K, 0% used [0x00000007afb00000,0x00000007afb00000,0x00000007b0580000)
 ParOldGen       total 173568K, used 48K [0x0000000701200000, 0x000000070bb80000, 0x00000007ab080000)
  object space 173568K, 0% used [0x0000000701200000,0x000000070120c010,0x000000070bb80000)
 PSPermGen       total 21504K, used 8312K [0x00000006fc000000, 0x00000006fd500000, 0x0000000701200000)
  object space 21504K, 38% used [0x00000006fc000000,0x00000006fc81e290,0x00000006fd500000)
}

Deoptimization events (10 events):
Event: 2.350 Thread 0x000000000f3da800 Uncommon trap: reason=unreached action=reinterpret pc=0x00000000026b5688 method=java.util.ArrayList.ensureCapacityInternal(I)V @ 7
Event: 2.624 Thread 0x000000000f3da800 Uncommon trap: reason=class_check action=maybe_recompile pc=0x00000000026be3c0 method=com.badlogic.gdx.graphics.Texture.getWidth()I @ 4
Event: 2.625 Thread 0x000000000f3da800 Uncommon trap: reason=class_check action=maybe_recompile pc=0x00000000026b1100 method=com.badlogic.gdx.graphics.Texture.getHeight()I @ 4
Event: 3.213 Thread 0x000000000f3da800 Uncommon trap: reason=unreached action=reinterpret pc=0x00000000026b4b98 method=java.util.ArrayList.ensureCapacityInternal(I)V @ 7
Event: 19.269 Thread 0x000000000f3da800 Uncommon trap: reason=class_check action=maybe_recompile pc=0x00000000026be3c0 method=com.badlogic.gdx.graphics.Texture.getWidth()I @ 4
Event: 19.269 Thread 0x000000000f3da800 Uncommon trap: reason=class_check action=maybe_recompile pc=0x00000000026b1100 method=com.badlogic.gdx.graphics.Texture.getHeight()I @ 4
Event: 19.270 Thread 0x000000000f3da800 Uncommon trap: reason=class_check action=maybe_recompile pc=0x00000000026be3c0 method=com.badlogic.gdx.graphics.Texture.getWidth()I @ 4
Event: 19.270 Thread 0x000000000f3da800 Uncommon trap: reason=class_check action=maybe_recompile pc=0x00000000026b1100 method=com.badlogic.gdx.graphics.Texture.getHeight()I @ 4
Event: 19.270 Thread 0x000000000f3da800 Uncommon trap: reason=class_check action=maybe_recompile pc=0x00000000026be3c0 method=com.badlogic.gdx.graphics.Texture.getWidth()I @ 4
Event: 19.270 Thread 0x000000000f3da800 Uncommon trap: reason=class_check action=maybe_recompile pc=0x00000000026b1100 method=com.badlogic.gdx.graphics.Texture.getHeight()I @ 4

Internal exceptions (10 events):
Event: 2.405 Thread 0x000000000f3da800 Threw 0x00000007ace53a70 at C:\re\jdk7u79\2331\hotspot\src\share\vm\prims\jvm.cpp:1304
Event: 2.405 Thread 0x000000000f3da800 Threw 0x00000007ace5ae50 at C:\re\jdk7u79\2331\hotspot\src\share\vm\prims\jvm.cpp:1304
Event: 2.512 Thread 0x000000000f3da800 Threw 0x00000007ace62e58 at C:\re\jdk7u79\2331\hotspot\src\share\vm\prims\jvm.cpp:1304
Event: 2.513 Thread 0x000000000f3da800 Threw 0x00000007ace6d748 at C:\re\jdk7u79\2331\hotspot\src\share\vm\prims\jvm.cpp:1304
Event: 2.566 Thread 0x000000000f3da800 Threw 0x00000007ace91100 at C:\re\jdk7u79\2331\hotspot\src\share\vm\prims\jvm.cpp:1304
Event: 3.211 Thread 0x000000000f3da800 Threw 0x00000007acf59d38 at C:\re\jdk7u79\2331\hotspot\src\share\vm\prims\jvm.cpp:1304
Event: 3.213 Thread 0x000000000f3da800 Threw 0x00000007acfa1808 at C:\re\jdk7u79\2331\hotspot\src\share\vm\prims\jvm.cpp:1304
Event: 19.251 Thread 0x000000000f3da800 Threw 0x00000007ac23a6f0 at C:\re\jdk7u79\2331\hotspot\src\share\vm\prims\jvm.cpp:1304
Event: 19.253 Thread 0x000000000f3da800 Threw 0x00000007ac240118 at C:\re\jdk7u79\2331\hotspot\src\share\vm\prims\jvm.cpp:1304
Event: 19.254 Thread 0x000000000f3da800 Threw 0x00000007ac2469b8 at C:\re\jdk7u79\2331\hotspot\src\share\vm\prims\jvm.cpp:1304

Events (10 events):
Event: 19.270 Thread 0x000000000f3da800 DEOPT UNPACKING pc=0x00000000026375a4 sp=0x0000000012c6e788 mode 2
Event: 19.270 Thread 0x000000000f3da800 Uncommon trap: trap_request=0xffffffde fr.pc=0x00000000026b1100
Event: 19.270 Thread 0x000000000f3da800 DEOPT PACKING pc=0x00000000026b1100 sp=0x0000000012c6e7f0
Event: 19.270 Thread 0x000000000f3da800 DEOPT UNPACKING pc=0x00000000026375a4 sp=0x0000000012c6e788 mode 2
Event: 19.270 Thread 0x000000000f3da800 Uncommon trap: trap_request=0xffffffde fr.pc=0x00000000026be3c0
Event: 19.270 Thread 0x000000000f3da800 DEOPT PACKING pc=0x00000000026be3c0 sp=0x0000000012c6e760
Event: 19.270 Thread 0x000000000f3da800 DEOPT UNPACKING pc=0x00000000026375a4 sp=0x0000000012c6e6f8 mode 2
Event: 19.270 Thread 0x000000000f3da800 Uncommon trap: trap_request=0xffffffde fr.pc=0x00000000026b1100
Event: 19.270 Thread 0x000000000f3da800 DEOPT PACKING pc=0x00000000026b1100 sp=0x0000000012c6e760
Event: 19.270 Thread 0x000000000f3da800 DEOPT UNPACKING pc=0x00000000026375a4 sp=0x0000000012c6e6f8 mode 2


Dynamic libraries:
0x00007ff6299f0000 - 0x00007ff629a23000 	C:\Program Files\Java\jdk1.7.0_79\bin\java.exe
0x00007ff8ef7e0000 - 0x00007ff8ef9a1000 	C:\WINDOWS\SYSTEM32\ntdll.dll
0x00007ff8ed750000 - 0x00007ff8ed7fd000 	C:\WINDOWS\system32\KERNEL32.DLL
0x00007ff8ebe90000 - 0x00007ff8ec078000 	C:\WINDOWS\system32\KERNELBASE.dll
0x00007ff8ea6e0000 - 0x00007ff8ea759000 	C:\WINDOWS\system32\apphelp.dll
0x00007ff8b8020000 - 0x00007ff8b84a3000 	C:\WINDOWS\AppPatch\AppPatch64\AcLayers.DLL
0x00007ff8ef0e0000 - 0x00007ff8ef17d000 	C:\WINDOWS\system32\msvcrt.dll
0x00007ff8eeeb0000 - 0x00007ff8ef006000 	C:\WINDOWS\system32\USER32.dll
0x00007ff8ecdc0000 - 0x00007ff8ecf46000 	C:\WINDOWS\system32\GDI32.dll
0x00007ff8ed520000 - 0x00007ff8ed572000 	C:\WINDOWS\system32\SHLWAPI.dll
0x00007ff8ed070000 - 0x00007ff8ed2ed000 	C:\WINDOWS\system32\combase.dll
0x00007ff8ed5f0000 - 0x00007ff8ed70c000 	C:\WINDOWS\system32\RPCRT4.dll
0x00007ff8ec080000 - 0x00007ff8ec0ea000 	C:\WINDOWS\system32\bcryptPrimitives.dll
0x0000000000df0000 - 0x0000000000df3000 	C:\WINDOWS\SYSTEM32\sfc.dll
0x00007ff8e4060000 - 0x00007ff8e40e4000 	C:\WINDOWS\SYSTEM32\WINSPOOL.DRV
0x00007ff8ebb10000 - 0x00007ff8ebb39000 	C:\WINDOWS\SYSTEM32\bcrypt.dll
0x00007ff8dca60000 - 0x00007ff8dca71000 	C:\WINDOWS\SYSTEM32\sfc_os.DLL
0x00007ff8ed710000 - 0x00007ff8ed74b000 	C:\WINDOWS\system32\IMM32.DLL
0x00007ff8ecf60000 - 0x00007ff8ed007000 	C:\WINDOWS\system32\ADVAPI32.dll
0x00007ff8ed580000 - 0x00007ff8ed5db000 	C:\WINDOWS\system32\sechost.dll
0x00007ff8db780000 - 0x00007ff8db9f4000 	C:\WINDOWS\WinSxS\amd64_microsoft.windows.common-controls_6595b64144ccf1df_6.0.10586.0_none_8c15ae12515e1c22\COMCTL32.dll
0x0000000061af0000 - 0x0000000061bc2000 	C:\Program Files\Java\jdk1.7.0_79\jre\bin\msvcr100.dll
0x000000005fab0000 - 0x0000000060285000 	C:\Program Files\Java\jdk1.7.0_79\jre\bin\server\jvm.dll
0x00007ff8ecf50000 - 0x00007ff8ecf58000 	C:\WINDOWS\system32\PSAPI.DLL
0x00007ff8dca80000 - 0x00007ff8dca89000 	C:\WINDOWS\SYSTEM32\WSOCK32.dll
0x00007ff8ef6c0000 - 0x00007ff8ef72b000 	C:\WINDOWS\system32\WS2_32.dll
0x00007ff8ea170000 - 0x00007ff8ea193000 	C:\WINDOWS\SYSTEM32\WINMM.dll
0x00007ff8ea110000 - 0x00007ff8ea13c000 	C:\WINDOWS\SYSTEM32\WINMMBASE.dll
0x00007ff8ecad0000 - 0x00007ff8ecb13000 	C:\WINDOWS\system32\cfgmgr32.dll
0x0000000061ae0000 - 0x0000000061aef000 	C:\Program Files\Java\jdk1.7.0_79\jre\bin\verify.dll
0x0000000061ab0000 - 0x0000000061ad8000 	C:\Program Files\Java\jdk1.7.0_79\jre\bin\java.dll
0x0000000061a90000 - 0x0000000061aa5000 	C:\Program Files\Java\jdk1.7.0_79\jre\bin\zip.dll
0x00007ff8e8c80000 - 0x00007ff8e8c90000 	C:\Program Files (x86)\JetBrains\IntelliJ IDEA Community Edition 15.0.4\bin\breakgen64.dll
0x0000000061a70000 - 0x0000000061a8a000 	C:\Program Files\Java\jdk1.7.0_79\jre\bin\net.dll
0x00007ff8eb730000 - 0x00007ff8eb78c000 	C:\WINDOWS\system32\mswsock.dll
0x0000000065580000 - 0x0000000065616000 	C:\Users\Francesco Nutricato\AppData\Local\Temp\libgdxFrancesco Nutricato\2ec99cb7\gdx64.dll
0x00007ff8eb7e0000 - 0x00007ff8eb7f7000 	C:\WINDOWS\SYSTEM32\CRYPTSP.dll
0x00007ff8eb470000 - 0x00007ff8eb4a4000 	C:\WINDOWS\system32\rsaenh.dll
0x00007ff8eb5c0000 - 0x00007ff8eb5df000 	C:\WINDOWS\SYSTEM32\USERENV.dll
0x00007ff8ebe70000 - 0x00007ff8ebe84000 	C:\WINDOWS\system32\profapi.dll
0x00007ff8eb900000 - 0x00007ff8eb90b000 	C:\WINDOWS\SYSTEM32\CRYPTBASE.dll
0x00007ff8e84e0000 - 0x00007ff8e8518000 	C:\WINDOWS\SYSTEM32\IPHLPAPI.DLL
0x00007ff8ed5e0000 - 0x00007ff8ed5e8000 	C:\WINDOWS\system32\NSI.dll
0x00007ff8e2310000 - 0x00007ff8e2326000 	C:\WINDOWS\SYSTEM32\dhcpcsvc6.DLL
0x00007ff8e3da0000 - 0x00007ff8e3dba000 	C:\WINDOWS\SYSTEM32\dhcpcsvc.DLL
0x0000000061a30000 - 0x0000000061a41000 	C:\Program Files\Java\jdk1.7.0_79\jre\bin\nio.dll
0x0000000180000000 - 0x0000000180053000 	C:\Users\Francesco Nutricato\AppData\Local\Temp\libgdxFrancesco Nutricato\dc0f0009\lwjgl64.dll
0x00007ff8c5490000 - 0x00007ff8c55b9000 	C:\WINDOWS\SYSTEM32\OPENGL32.dll
0x00007ff8e43d0000 - 0x00007ff8e43da000 	C:\WINDOWS\SYSTEM32\VERSION.dll
0x00007ff8dd9e0000 - 0x00007ff8dda0e000 	C:\WINDOWS\SYSTEM32\GLU32.dll
0x00007ff8bdb00000 - 0x00007ff8bdbfa000 	C:\WINDOWS\SYSTEM32\DDRAW.dll
0x00007ff8de700000 - 0x00007ff8de708000 	C:\WINDOWS\SYSTEM32\DCIMAN32.dll
0x00000000124b0000 - 0x0000000012514000 	C:\Users\FRANCE~1\AppData\Local\Temp\libgdxFrancesco Nutricato\dc0f0009\OpenAL64.dll
0x00007ff8ed950000 - 0x00007ff8eeeac000 	C:\WINDOWS\system32\SHELL32.dll
0x00007ff8ec1e0000 - 0x00007ff8ec825000 	C:\WINDOWS\system32\windows.storage.dll
0x00007ff8ebe10000 - 0x00007ff8ebe1f000 	C:\WINDOWS\system32\kernel.appcore.dll
0x00007ff8ecb20000 - 0x00007ff8ecbd5000 	C:\WINDOWS\system32\shcore.dll
0x00007ff8ebe20000 - 0x00007ff8ebe6b000 	C:\WINDOWS\system32\powrprof.dll
0x00007ff8ed800000 - 0x00007ff8ed943000 	C:\WINDOWS\system32\ole32.dll
0x00007ff8ea780000 - 0x00007ff8ea816000 	C:\WINDOWS\system32\uxtheme.dll
0x00007ff8d62c0000 - 0x00007ff8d6363000 	C:\Program Files\Common Files\microsoft shared\ink\tiptsf.dll
0x00007ff8ef010000 - 0x00007ff8ef0d1000 	C:\WINDOWS\system32\OLEAUT32.dll
0x00007ff8ef730000 - 0x00007ff8ef7d7000 	C:\WINDOWS\system32\clbcatq.dll
0x00007ff8e9e80000 - 0x00007ff8ea006000 	C:\WINDOWS\System32\PROPSYS.dll
0x00007ff8c6d30000 - 0x00007ff8c6dcc000 	C:\WINDOWS\SYSTEM32\dsound.dll
0x00007ff8e4430000 - 0x00007ff8e44a0000 	C:\WINDOWS\System32\MMDevApi.dll
0x00007ff8ea820000 - 0x00007ff8ea847000 	C:\WINDOWS\System32\DEVOBJ.dll
0x00007ff8ce570000 - 0x00007ff8ce5f8000 	C:\WINDOWS\SYSTEM32\AUDIOSES.DLL
0x00007ff8e8520000 - 0x00007ff8e8656000 	C:\WINDOWS\SYSTEM32\wintypes.dll
0x00007ff8ed2f0000 - 0x00007ff8ed44a000 	C:\WINDOWS\system32\MSCTF.dll
0x00007ff8e9dd0000 - 0x00007ff8e9df2000 	C:\WINDOWS\system32\dwmapi.dll
0x00007ff8c3a20000 - 0x00007ff8c472b000 	C:\WINDOWS\SYSTEM32\ig9icd64.dll
0x00007ff8e67c0000 - 0x00007ff8e7630000 	C:\WINDOWS\SYSTEM32\igc64.dll
0x00007ff8e9e20000 - 0x00007ff8e9e33000 	C:\WINDOWS\SYSTEM32\WTSAPI32.dll
0x00007ff8ce350000 - 0x00007ff8ce3e1000 	C:\WINDOWS\SYSTEM32\mscms.dll
0x00007ff8da100000 - 0x00007ff8da142000 	C:\WINDOWS\SYSTEM32\icm32.dll
0x00007ff8c64c0000 - 0x00007ff8c661c000 	C:\Windows\System32\uiautomationcore.dll
0x00007ff8ebcc0000 - 0x00007ff8ebd59000 	C:\WINDOWS\SYSTEM32\sxs.dll
0x00007ff8d5ea0000 - 0x00007ff8d5f0a000 	C:\Windows\System32\OLEACC.dll
0x000000006a740000 - 0x000000006a7f1000 	C:\Users\Francesco Nutricato\AppData\Local\Temp\libgdxFrancesco Nutricato\c0c1eece\gdx-freetype64.dll
0x00007ff8df550000 - 0x00007ff8df6dc000 	C:\WINDOWS\SYSTEM32\dbghelp.dll

VM Arguments:
jvm_args: -Didea.launcher.port=7537 -Didea.launcher.bin.path=C:\Program Files (x86)\JetBrains\IntelliJ IDEA Community Edition 15.0.4\bin -Dfile.encoding=UTF-8 
java_command: com.intellij.rt.execution.application.AppMain com.mygdx.game.desktop.DesktopLauncher
Launcher Type: SUN_STANDARD

Environment Variables:
JAVA_HOME=C:\Program Files\Java\jdk1.7.0_79
PATH=C:\Program Files\Java\jdk1.7.0_79\bin;C:\WINDOWS\system32;C:\WINDOWS;C:\WINDOWS\System32\Wbem;C:\WINDOWS\System32\WindowsPowerShell\v1.0\;C:\Program Files\Git\cmd;C:\Program Files\Git\mingw64\bin;C:\Program Files\Git\usr\bin;C:\Program Files\Gradle\gradle_2_11\bin;C:\grails_2_4_4\bin;C:\Program Files\Groovy\Groovy-2.3.7\bin;C:\Program Files (x86)\MySQL\MySQL Fabric 1.5 & MySQL Utilities 1.5\;"C:\Program Files\MySQL\MySQL Server 5.7\bin"
USERNAME=Francesco Nutricato
OS=Windows_NT
PROCESSOR_IDENTIFIER=Intel64 Family 6 Model 78 Stepping 3, GenuineIntel



---------------  S Y S T E M  ---------------

OS: Windows 8.1 , 64 bit Build 9600 

CPU:total 4 (2 cores per cpu, 2 threads per core) family 6 model 78 stepping 3, cmov, cx8, fxsr, mmx, sse, sse2, sse3, ssse3, sse4.1, sse4.2, popcnt, avx, avx2, aes, erms, ht, tsc, tscinvbit

Memory: 4k page, physical 16699344k(3001396k free), swap 19189712k(3612928k free)

vm_info: Java HotSpot(TM) 64-Bit Server VM (24.79-b02) for windows-amd64 JRE (1.7.0_79-b15), built on Apr 10 2015 12:36:16 by "java_re" with unknown MS VC++:1600

time: Thu Apr 28 17:15:20 2016
elapsed time: 19 seconds

