#
# A fatal error has been detected by the Java Runtime Environment:
#
#  EXCEPTION_ACCESS_VIOLATION (0xc0000005) at pc=0x00007ff8c407499b, pid=6032, tid=8852
#
# JRE version: Java(TM) SE Runtime Environment (7.0_79-b15) (build 1.7.0_79-b15)
# Java VM: Java HotSpot(TM) 64-Bit Server VM (24.79-b02 mixed mode windows-amd64 compressed oops)
# Problematic frame:
# C  [ig9icd64.dll+0x65499b]
#
# Failed to write core dump. Minidumps are not enabled by default on client versions of Windows
#
# If you would like to submit a bug report, please visit:
#   http://bugreport.java.com/bugreport/crash.jsp
# The crash happened outside the Java Virtual Machine in native code.
# See problematic frame for where to report the bug.
#

---------------  T H R E A D  ---------------

Current thread (0x0000000010fc8800):  JavaThread "LWJGL Application" [_thread_in_native, id=8852, stack(0x0000000011bd0000,0x0000000011cd0000)]

siginfo: ExceptionCode=0xc0000005, writing address 0x0000000000000001

Registers:
RAX=0x0000000000000043, RBX=0x0000000011cccd05, RCX=0x0000000000000001, RDX=0x0000000000000004
RSP=0x0000000011ccccb0, RBP=0x0000000011cccd08, RSI=0x0000000000000004, RDI=0x0000000011cccd08
R8 =0xffffffffee3332fc, R9 =0x0000000011cccdb0, R10=0x0000000011ccccc0, R11=0xffffffffffffffff
R12=0x0000000011ccd188, R13=0x0000000011ccd570, R14=0x0000000000000448, R15=0x0000000011ccd570
RIP=0x00007ff8c407499b, EFLAGS=0x0000000000010202

Top of Stack: (sp=0x0000000011ccccb0)
0x0000000011ccccb0:   0000000000000000 0000000000000000
0x0000000011ccccc0:   0000000000000000 0000000000000000
0x0000000011ccccd0:   00000000cd0a65e0 00007ff8c4076ca8
0x0000000011cccce0:   0000000011ccce70 0000000011cccde0
0x0000000011ccccf0:   0000000000000000 0000000000000000
0x0000000011cccd00:   dec04342cd001ab0 0000000000000000
0x0000000011cccd10:   0000000000000000 0000000000040000
0x0000000011cccd20:   00000000775619c0 0000000000000000
0x0000000011cccd30:   00000000cd0a66d8 000000000052fc30
0x0000000011cccd40:   0000000011cc0104 0000000011ccd188
0x0000000011cccd50:   0000000011cccd08 0000000000000080
0x0000000011cccd60:   0000000000000002 0000000000000000
0x0000000011cccd70:   0000000000000000 0000000000000000
0x0000000011cccd80:   0000000000000000 0000000000000000
0x0000000011cccd90:   0000000000000000 0000000000000000
0x0000000011cccda0:   0000000000000000 0000000000000000 

Instructions: (pc=0x00007ff8c407499b)
0x00007ff8c407497b:   08 33 c0 48 3b dd 48 8b d6 48 0f 47 d0 48 85 d2
0x00007ff8c407498b:   74 1f 4c 8b c3 49 f7 d8 48 85 c9 74 05 0f b6 03
0x00007ff8c407499b:   88 01 48 ff c3 48 ff c1 49 8d 04 18 48 3b c2 75
0x00007ff8c40749ab:   e7 48 01 77 08 48 8b 5c 24 30 48 8b 6c 24 38 48 


Register to memory mapping:

RAX=0x0000000000000043 is an unknown value
RBX=0x0000000011cccd05 is pointing into the stack for thread: 0x0000000010fc8800
RCX=0x0000000000000001 is an unknown value
RDX=0x0000000000000004 is an unknown value
RSP=0x0000000011ccccb0 is pointing into the stack for thread: 0x0000000010fc8800
RBP=0x0000000011cccd08 is pointing into the stack for thread: 0x0000000010fc8800
RSI=0x0000000000000004 is an unknown value
RDI=0x0000000011cccd08 is pointing into the stack for thread: 0x0000000010fc8800
R8 =0xffffffffee3332fc is an unknown value
R9 =0x0000000011cccdb0 is pointing into the stack for thread: 0x0000000010fc8800
R10=0x0000000011ccccc0 is pointing into the stack for thread: 0x0000000010fc8800
R11=0xffffffffffffffff is an unknown value
R12=0x0000000011ccd188 is pointing into the stack for thread: 0x0000000010fc8800
R13=0x0000000011ccd570 is pointing into the stack for thread: 0x0000000010fc8800
R14=0x0000000000000448 is an unknown value
R15=0x0000000011ccd570 is pointing into the stack for thread: 0x0000000010fc8800


Stack: [0x0000000011bd0000,0x0000000011cd0000],  sp=0x0000000011ccccb0,  free space=1011k
Native frames: (J=compiled Java code, j=interpreted, Vv=VM code, C=native code)
C  [ig9icd64.dll+0x65499b]

Java frames: (J=compiled Java code, j=interpreted, Vv=VM code)
j  org.lwjgl.opengl.GL20.nglLinkProgram(IJ)V+0
j  org.lwjgl.opengl.GL20.glLinkProgram(I)V+15
j  com.badlogic.gdx.backends.lwjgl.LwjglGL20.glLinkProgram(I)V+1
j  com.badlogic.gdx.graphics.glutils.ShaderProgram.linkProgram(I)I+35
j  com.badlogic.gdx.graphics.glutils.ShaderProgram.compileShaders(Ljava/lang/String;Ljava/lang/String;)V+50
j  com.badlogic.gdx.graphics.glutils.ShaderProgram.<init>(Ljava/lang/String;Ljava/lang/String;)V+219
j  com.badlogic.gdx.graphics.g2d.SpriteBatch.createDefaultShader()Lcom/badlogic/gdx/graphics/glutils/ShaderProgram;+12
J 93 C2 com.badlogic.gdx.graphics.g2d.SpriteBatch.<init>(ILcom/badlogic/gdx/graphics/glutils/ShaderProgram;)V (416 bytes) @ 0x000000000262de58 [0x000000000262cd80+0x10d8]
j  com.badlogic.gdx.graphics.g2d.SpriteBatch.<init>()V+5
j  com.badlogic.gdx.maps.tiled.renderers.BatchTiledMapRenderer.<init>(Lcom/badlogic/gdx/maps/tiled/TiledMap;F)V+49
j  com.badlogic.gdx.maps.tiled.renderers.BatchTiledMapRenderer.<init>(Lcom/badlogic/gdx/maps/tiled/TiledMap;)V+3
j  com.badlogic.gdx.maps.tiled.renderers.OrthogonalTiledMapRenderer.<init>(Lcom/badlogic/gdx/maps/tiled/TiledMap;)V+2
j  com.mygdx.game.PlayScreen.drawMap()V+7
j  com.mygdx.game.PlayScreen.render(F)V+5
j  com.badlogic.gdx.Game.render()V+19
j  com.mygdx.game.MyGdxGame.render()V+1
j  com.badlogic.gdx.backends.lwjgl.LwjglApplication.mainLoop()V+698
j  com.badlogic.gdx.backends.lwjgl.LwjglApplication$1.run()V+27
v  ~StubRoutines::call_stub

---------------  P R O C E S S  ---------------

Java Threads: ( => current thread )
  0x0000000010f07000 JavaThread "LWJGL Timer" daemon [_thread_blocked, id=6392, stack(0x00000000591b0000,0x00000000592b0000)]
  0x0000000002463800 JavaThread "DestroyJavaVM" [_thread_blocked, id=5720, stack(0x00000000022b0000,0x00000000023b0000)]
=>0x0000000010fc8800 JavaThread "LWJGL Application" [_thread_in_native, id=8852, stack(0x0000000011bd0000,0x0000000011cd0000)]
  0x0000000010dd5800 JavaThread "Monitor Ctrl-Break" daemon [_thread_in_native, id=5928, stack(0x0000000011100000,0x0000000011200000)]
  0x000000000f353800 JavaThread "Service Thread" daemon [_thread_blocked, id=3056, stack(0x0000000010ac0000,0x0000000010bc0000)]
  0x000000000f350800 JavaThread "C2 CompilerThread1" daemon [_thread_blocked, id=3624, stack(0x00000000109c0000,0x0000000010ac0000)]
  0x000000000f346800 JavaThread "C2 CompilerThread0" daemon [_thread_blocked, id=4308, stack(0x00000000108c0000,0x00000000109c0000)]
  0x000000000f345800 JavaThread "Attach Listener" daemon [_thread_blocked, id=6752, stack(0x00000000107c0000,0x00000000108c0000)]
  0x000000000f342800 JavaThread "Signal Dispatcher" daemon [_thread_blocked, id=220, stack(0x00000000106c0000,0x00000000107c0000)]
  0x000000000f30b800 JavaThread "Finalizer" daemon [_thread_blocked, id=1568, stack(0x00000000105c0000,0x00000000106c0000)]
  0x000000000f308000 JavaThread "Reference Handler" daemon [_thread_blocked, id=6476, stack(0x00000000104c0000,0x00000000105c0000)]

Other Threads:
  0x000000000f304000 VMThread [stack: 0x00000000103c0000,0x00000000104c0000] [id=9900]
  0x000000000f39d000 WatcherThread [stack: 0x0000000010bc0000,0x0000000010cc0000] [id=3704]

VM state:not at safepoint (normal execution)

VM Mutex/Monitor currently owned by a thread: None

Heap
 PSYoungGen      total 76288K, used 57819K [0x00000007ab080000, 0x00000007b0580000, 0x0000000800000000)
  eden space 65536K, 71% used [0x00000007ab080000,0x00000007ade7a2a8,0x00000007af080000)
  from space 10752K, 99% used [0x00000007afb00000,0x00000007b057cd48,0x00000007b0580000)
  to   space 10752K, 0% used [0x00000007af080000,0x00000007af080000,0x00000007afb00000)
 ParOldGen       total 173568K, used 6632K [0x0000000701200000, 0x000000070bb80000, 0x00000007ab080000)
  object space 173568K, 3% used [0x0000000701200000,0x000000070187a010,0x000000070bb80000)
 PSPermGen       total 21504K, used 8607K [0x00000006fc000000, 0x00000006fd500000, 0x0000000701200000)
  object space 21504K, 40% used [0x00000006fc000000,0x00000006fc867fa0,0x00000006fd500000)

Card table byte_map: [0x0000000005620000,0x0000000005e50000] byte_map_base: 0x0000000001e40000

Polling page: 0x0000000000430000

Code Cache  [0x0000000002560000, 0x00000000027d0000, 0x0000000005560000)
 total_blobs=814 nmethods=386 adapters=381 free_code_cache=47645Kb largest_free_block=48739520

Compilation events (10 events):
Event: 47.629 Thread 0x000000000f346800  391   !         javazoom.jl.decoder.OutputBuffer::reset (79 bytes)
Event: 47.630 Thread 0x000000000f346800 nmethod 391 0x0000000002631e50 code [0x0000000002631f80, 0x0000000002632078]
Event: 47.753 Thread 0x000000000f350800  392             com.mygdx.game.Car::getX (5 bytes)
Event: 47.753 Thread 0x000000000f346800  393             com.mygdx.game.Car::getY (5 bytes)
Event: 47.754 Thread 0x000000000f350800 nmethod 392 0x00000000026ce390 code [0x00000000026ce4c0, 0x00000000026ce518]
Event: 47.754 Thread 0x000000000f346800 nmethod 393 0x00000000026cccd0 code [0x00000000026cce00, 0x00000000026cce58]
Event: 47.800 Thread 0x000000000f350800  394             java.nio.ByteBuffer::arrayOffset (35 bytes)
Event: 47.801 Thread 0x000000000f350800 nmethod 394 0x00000000026ced10 code [0x00000000026cee40, 0x00000000026ceed8]
Event: 47.805 Thread 0x000000000f346800  395             com.badlogic.gdx.graphics.Mesh::getVertexAttribute (52 bytes)
Event: 47.807 Thread 0x000000000f346800 nmethod 395 0x00000000026d02d0 code [0x00000000026d0420, 0x00000000026d0538]

GC Heap History (8 events):
Event: 10.218 GC heap before
{Heap before GC invocations=1 (full 0):
 PSYoungGen      total 76288K, used 65536K [0x00000007ab080000, 0x00000007b0580000, 0x0000000800000000)
  eden space 65536K, 100% used [0x00000007ab080000,0x00000007af080000,0x00000007af080000)
  from space 10752K, 0% used [0x00000007afb00000,0x00000007afb00000,0x00000007b0580000)
  to   space 10752K, 0% used [0x00000007af080000,0x00000007af080000,0x00000007afb00000)
 ParOldGen       total 173568K, used 0K [0x0000000701200000, 0x000000070bb80000, 0x00000007ab080000)
  object space 173568K, 0% used [0x0000000701200000,0x0000000701200000,0x000000070bb80000)
 PSPermGen       total 21504K, used 8424K [0x00000006fc000000, 0x00000006fd500000, 0x0000000701200000)
  object space 21504K, 39% used [0x00000006fc000000,0x00000006fc83a1d8,0x00000006fd500000)
Event: 10.246 GC heap after
Heap after GC invocations=1 (full 0):
 PSYoungGen      total 76288K, used 8222K [0x00000007ab080000, 0x00000007b0580000, 0x0000000800000000)
  eden space 65536K, 0% used [0x00000007ab080000,0x00000007ab080000,0x00000007af080000)
  from space 10752K, 76% used [0x00000007af080000,0x00000007af887a08,0x00000007afb00000)
  to   space 10752K, 0% used [0x00000007afb00000,0x00000007afb00000,0x00000007b0580000)
 ParOldGen       total 173568K, used 48K [0x0000000701200000, 0x000000070bb80000, 0x00000007ab080000)
  object space 173568K, 0% used [0x0000000701200000,0x000000070120c010,0x000000070bb80000)
 PSPermGen       total 21504K, used 8424K [0x00000006fc000000, 0x00000006fd500000, 0x0000000701200000)
  object space 21504K, 39% used [0x00000006fc000000,0x00000006fc83a1d8,0x00000006fd500000)
}
Event: 22.419 GC heap before
{Heap before GC invocations=2 (full 0):
 PSYoungGen      total 76288K, used 73758K [0x00000007ab080000, 0x00000007b0580000, 0x0000000800000000)
  eden space 65536K, 100% used [0x00000007ab080000,0x00000007af080000,0x00000007af080000)
  from space 10752K, 76% used [0x00000007af080000,0x00000007af887a08,0x00000007afb00000)
  to   space 10752K, 0% used [0x00000007afb00000,0x00000007afb00000,0x00000007b0580000)
 ParOldGen       total 173568K, used 48K [0x0000000701200000, 0x000000070bb80000, 0x00000007ab080000)
  object space 173568K, 0% used [0x0000000701200000,0x000000070120c010,0x000000070bb80000)
 PSPermGen       total 21504K, used 8559K [0x00000006fc000000, 0x00000006fd500000, 0x0000000701200000)
  object space 21504K, 39% used [0x00000006fc000000,0x00000006fc85bda8,0x00000006fd500000)
Event: 22.428 GC heap after
Heap after GC invocations=2 (full 0):
 PSYoungGen      total 76288K, used 9262K [0x00000007ab080000, 0x00000007b0580000, 0x0000000800000000)
  eden space 65536K, 0% used [0x00000007ab080000,0x00000007ab080000,0x00000007af080000)
  from space 10752K, 86% used [0x00000007afb00000,0x00000007b040b860,0x00000007b0580000)
  to   space 10752K, 0% used [0x00000007af080000,0x00000007af080000,0x00000007afb00000)
 ParOldGen       total 173568K, used 56K [0x0000000701200000, 0x000000070bb80000, 0x00000007ab080000)
  object space 173568K, 0% used [0x0000000701200000,0x000000070120e010,0x000000070bb80000)
 PSPermGen       total 21504K, used 8559K [0x00000006fc000000, 0x00000006fd500000, 0x0000000701200000)
  object space 21504K, 39% used [0x00000006fc000000,0x00000006fc85bda8,0x00000006fd500000)
}
Event: 33.200 GC heap before
{Heap before GC invocations=3 (full 0):
 PSYoungGen      total 76288K, used 74798K [0x00000007ab080000, 0x00000007b0580000, 0x0000000800000000)
  eden space 65536K, 100% used [0x00000007ab080000,0x00000007af080000,0x00000007af080000)
  from space 10752K, 86% used [0x00000007afb00000,0x00000007b040b860,0x00000007b0580000)
  to   space 10752K, 0% used [0x00000007af080000,0x00000007af080000,0x00000007afb00000)
 ParOldGen       total 173568K, used 56K [0x0000000701200000, 0x000000070bb80000, 0x00000007ab080000)
  object space 173568K, 0% used [0x0000000701200000,0x000000070120e010,0x000000070bb80000)
 PSPermGen       total 21504K, used 8569K [0x00000006fc000000, 0x00000006fd500000, 0x0000000701200000)
  object space 21504K, 39% used [0x00000006fc000000,0x00000006fc85e530,0x00000006fd500000)
Event: 33.210 GC heap after
Heap after GC invocations=3 (full 0):
 PSYoungGen      total 76288K, used 10742K [0x00000007ab080000, 0x00000007b0580000, 0x0000000800000000)
  eden space 65536K, 0% used [0x00000007ab080000,0x00000007ab080000,0x00000007af080000)
  from space 10752K, 99% used [0x00000007af080000,0x00000007afafd920,0x00000007afb00000)
  to   space 10752K, 0% used [0x00000007afb00000,0x00000007afb00000,0x00000007b0580000)
 ParOldGen       total 173568K, used 2384K [0x0000000701200000, 0x000000070bb80000, 0x00000007ab080000)
  object space 173568K, 1% used [0x0000000701200000,0x0000000701454010,0x000000070bb80000)
 PSPermGen       total 21504K, used 8569K [0x00000006fc000000, 0x00000006fd500000, 0x0000000701200000)
  object space 21504K, 39% used [0x00000006fc000000,0x00000006fc85e530,0x00000006fd500000)
}
Event: 42.505 GC heap before
{Heap before GC invocations=4 (full 0):
 PSYoungGen      total 76288K, used 76278K [0x00000007ab080000, 0x00000007b0580000, 0x0000000800000000)
  eden space 65536K, 100% used [0x00000007ab080000,0x00000007af080000,0x00000007af080000)
  from space 10752K, 99% used [0x00000007af080000,0x00000007afafd920,0x00000007afb00000)
  to   space 10752K, 0% used [0x00000007afb00000,0x00000007afb00000,0x00000007b0580000)
 ParOldGen       total 173568K, used 2384K [0x0000000701200000, 0x000000070bb80000, 0x00000007ab080000)
  object space 173568K, 1% used [0x0000000701200000,0x0000000701454010,0x000000070bb80000)
 PSPermGen       total 21504K, used 8592K [0x00000006fc000000, 0x00000006fd500000, 0x0000000701200000)
  object space 21504K, 39% used [0x00000006fc000000,0x00000006fc864140,0x00000006fd500000)
Event: 42.516 GC heap after
Heap after GC invocations=4 (full 0):
 PSYoungGen      total 76288K, used 10739K [0x00000007ab080000, 0x00000007b0580000, 0x0000000800000000)
  eden space 65536K, 0% used [0x00000007ab080000,0x00000007ab080000,0x00000007af080000)
  from space 10752K, 99% used [0x00000007afb00000,0x00000007b057cd48,0x00000007b0580000)
  to   space 10752K, 0% used [0x00000007af080000,0x00000007af080000,0x00000007afb00000)
 ParOldGen       total 173568K, used 6632K [0x0000000701200000, 0x000000070bb80000, 0x00000007ab080000)
  object space 173568K, 3% used [0x0000000701200000,0x000000070187a010,0x000000070bb80000)
 PSPermGen       total 21504K, used 8592K [0x00000006fc000000, 0x00000006fd500000, 0x0000000701200000)
  object space 21504K, 39% used [0x00000006fc000000,0x00000006fc864140,0x00000006fd500000)
}

Deoptimization events (10 events):
Event: 4.708 Thread 0x0000000010fc8800 Uncommon trap: reason=unreached action=reinterpret pc=0x0000000002630888 method=java.util.ArrayList.ensureCapacityInternal(I)V @ 7
Event: 5.523 Thread 0x0000000010fc8800 Uncommon trap: reason=unreached action=reinterpret pc=0x0000000002631e58 method=java.util.ArrayList.ensureCapacityInternal(I)V @ 7
Event: 18.814 Thread 0x0000000010fc8800 Uncommon trap: reason=null_check action=make_not_entrant pc=0x0000000002696c5c method=com.badlogic.gdx.utils.ObjectIntMap.put(Ljava/lang/Object;I)V @ 43
Event: 25.871 Thread 0x0000000010fc8800 Uncommon trap: reason=null_check action=make_not_entrant pc=0x00000000026073fc method=com.badlogic.gdx.utils.ObjectIntMap.put(Ljava/lang/Object;I)V @ 75
Event: 30.393 Thread 0x0000000010fc8800 Uncommon trap: reason=array_check action=maybe_recompile pc=0x000000000260f750 method=com.badlogic.gdx.utils.Array.add(Ljava/lang/Object;)V @ 46
Event: 31.085 Thread 0x0000000010fc8800 Uncommon trap: reason=range_check action=make_not_entrant pc=0x000000000265e018 method=javazoom.jl.decoder.LayerIIIDecoder.huffman_decode(II)V @ 400
Event: 32.496 Thread 0x0000000010fc8800 Uncommon trap: reason=null_check action=make_not_entrant pc=0x0000000002698f24 method=com.badlogic.gdx.utils.ObjectIntMap.put(Ljava/lang/Object;I)V @ 107
Event: 33.553 Thread 0x0000000010fc8800 Uncommon trap: reason=array_check action=maybe_recompile pc=0x000000000260f750 method=com.badlogic.gdx.utils.Array.add(Ljava/lang/Object;)V @ 46
Event: 34.039 Thread 0x0000000010fc8800 Uncommon trap: reason=array_check action=maybe_recompile pc=0x000000000260f750 method=com.badlogic.gdx.utils.Array.add(Ljava/lang/Object;)V @ 46
Event: 37.543 Thread 0x0000000010fc8800 Uncommon trap: reason=array_check action=maybe_recompile pc=0x000000000260f750 method=com.badlogic.gdx.utils.Array.add(Ljava/lang/Object;)V @ 46

Internal exceptions (10 events):
Event: 16.192 Thread 0x0000000010fc8800 Threw 0x00000007acd685c0 at C:\re\jdk7u79\2331\hotspot\src\share\vm\prims\jvm.cpp:1304
Event: 16.194 Thread 0x0000000010fc8800 Threw 0x00000007acd6f3c0 at C:\re\jdk7u79\2331\hotspot\src\share\vm\prims\jvm.cpp:1304
Event: 16.201 Thread 0x0000000010fc8800 Threw 0x00000007acd80b00 at C:\re\jdk7u79\2331\hotspot\src\share\vm\prims\jvm.cpp:1304
Event: 16.202 Thread 0x0000000010fc8800 Threw 0x00000007acd8b108 at C:\re\jdk7u79\2331\hotspot\src\share\vm\prims\jvm.cpp:1304
Event: 16.204 Thread 0x0000000010fc8800 Threw 0x00000007acd99710 at C:\re\jdk7u79\2331\hotspot\src\share\vm\prims\jvm.cpp:1304
Event: 16.205 Thread 0x0000000010fc8800 Threw 0x00000007acdb60f0 at C:\re\jdk7u79\2331\hotspot\src\share\vm\prims\jvm.cpp:1304
Event: 18.814 Thread 0x0000000010fc8800 Implicit null exception at 0x00000000026965e3 to 0x0000000002696c39
Event: 25.871 Thread 0x0000000010fc8800 Implicit null exception at 0x0000000002606d49 to 0x00000000026073dd
Event: 31.085 Thread 0x0000000010fc8800 Threw 0x00000007ae5071d8 at C:\re\jdk7u79\2331\hotspot\src\share\vm\interpreter\interpreterRuntime.cpp:347
Event: 32.496 Thread 0x0000000010fc8800 Implicit null exception at 0x0000000002698980 to 0x0000000002698ee9

Events (10 events):
Event: 42.517 Executing VM operation: RevokeBias done
Event: 42.517 Executing VM operation: RevokeBias
Event: 42.517 Executing VM operation: RevokeBias done
Event: 42.517 Executing VM operation: RevokeBias
Event: 42.517 Executing VM operation: RevokeBias done
Event: 42.517 Executing VM operation: RevokeBias
Event: 42.517 Executing VM operation: RevokeBias done
Event: 42.517 Executing VM operation: RevokeBias
Event: 42.517 Executing VM operation: RevokeBias done
Event: 43.889 Thread 0x000000000f346800 flushing nmethod 0x0000000002631c90


Dynamic libraries:
0x00007ff6299f0000 - 0x00007ff629a23000 	C:\Program Files\Java\jdk1.7.0_79\bin\java.exe
0x00007ff8ef7e0000 - 0x00007ff8ef9a1000 	C:\WINDOWS\SYSTEM32\ntdll.dll
0x00007ff8ed750000 - 0x00007ff8ed7fd000 	C:\WINDOWS\system32\KERNEL32.DLL
0x00007ff8ebe90000 - 0x00007ff8ec078000 	C:\WINDOWS\system32\KERNELBASE.dll
0x00007ff8ecf60000 - 0x00007ff8ed007000 	C:\WINDOWS\system32\ADVAPI32.dll
0x00007ff8ef0e0000 - 0x00007ff8ef17d000 	C:\WINDOWS\system32\msvcrt.dll
0x00007ff8ed580000 - 0x00007ff8ed5db000 	C:\WINDOWS\system32\sechost.dll
0x00007ff8ed5f0000 - 0x00007ff8ed70c000 	C:\WINDOWS\system32\RPCRT4.dll
0x00007ff8eeeb0000 - 0x00007ff8ef006000 	C:\WINDOWS\system32\USER32.dll
0x00007ff8ecdc0000 - 0x00007ff8ecf46000 	C:\WINDOWS\system32\GDI32.dll
0x00007ff8db780000 - 0x00007ff8db9f4000 	C:\WINDOWS\WinSxS\amd64_microsoft.windows.common-controls_6595b64144ccf1df_6.0.10586.0_none_8c15ae12515e1c22\COMCTL32.dll
0x00007ff8ed070000 - 0x00007ff8ed2ed000 	C:\WINDOWS\system32\combase.dll
0x00007ff8ec080000 - 0x00007ff8ec0ea000 	C:\WINDOWS\system32\bcryptPrimitives.dll
0x00007ff8ed710000 - 0x00007ff8ed74b000 	C:\WINDOWS\system32\IMM32.DLL
0x0000000061af0000 - 0x0000000061bc2000 	C:\Program Files\Java\jdk1.7.0_79\jre\bin\msvcr100.dll
0x000000005fab0000 - 0x0000000060285000 	C:\Program Files\Java\jdk1.7.0_79\jre\bin\server\jvm.dll
0x00007ff8ecf50000 - 0x00007ff8ecf58000 	C:\WINDOWS\system32\PSAPI.DLL
0x00007ff8dca80000 - 0x00007ff8dca89000 	C:\WINDOWS\SYSTEM32\WSOCK32.dll
0x00007ff8ea170000 - 0x00007ff8ea193000 	C:\WINDOWS\SYSTEM32\WINMM.dll
0x00007ff8ef6c0000 - 0x00007ff8ef72b000 	C:\WINDOWS\system32\WS2_32.dll
0x0000000000b00000 - 0x0000000000b2c000 	C:\WINDOWS\SYSTEM32\WINMMBASE.dll
0x00007ff8ecad0000 - 0x00007ff8ecb13000 	C:\WINDOWS\system32\cfgmgr32.dll
0x0000000061ae0000 - 0x0000000061aef000 	C:\Program Files\Java\jdk1.7.0_79\jre\bin\verify.dll
0x0000000061ab0000 - 0x0000000061ad8000 	C:\Program Files\Java\jdk1.7.0_79\jre\bin\java.dll
0x0000000061a90000 - 0x0000000061aa5000 	C:\Program Files\Java\jdk1.7.0_79\jre\bin\zip.dll
0x00007ff8ea0c0000 - 0x00007ff8ea0d0000 	C:\Program Files (x86)\JetBrains\IntelliJ IDEA Community Edition 15.0.4\bin\breakgen64.dll
0x0000000061a70000 - 0x0000000061a8a000 	C:\Program Files\Java\jdk1.7.0_79\jre\bin\net.dll
0x00007ff8eb730000 - 0x00007ff8eb78c000 	C:\WINDOWS\system32\mswsock.dll
0x0000000065580000 - 0x0000000065616000 	C:\Users\Francesco Nutricato\AppData\Local\Temp\libgdxFrancesco Nutricato\2ec99cb7\gdx64.dll
0x00007ff8eb7e0000 - 0x00007ff8eb7f7000 	C:\WINDOWS\SYSTEM32\CRYPTSP.dll
0x00007ff8eb470000 - 0x00007ff8eb4a4000 	C:\WINDOWS\system32\rsaenh.dll
0x00007ff8ebb10000 - 0x00007ff8ebb39000 	C:\WINDOWS\SYSTEM32\bcrypt.dll
0x00007ff8eb5c0000 - 0x00007ff8eb5df000 	C:\WINDOWS\SYSTEM32\USERENV.dll
0x00007ff8ebe70000 - 0x00007ff8ebe84000 	C:\WINDOWS\system32\profapi.dll
0x00007ff8eb900000 - 0x00007ff8eb90b000 	C:\WINDOWS\SYSTEM32\CRYPTBASE.dll
0x00007ff8e84e0000 - 0x00007ff8e8518000 	C:\WINDOWS\SYSTEM32\IPHLPAPI.DLL
0x00007ff8ed5e0000 - 0x00007ff8ed5e8000 	C:\WINDOWS\system32\NSI.dll
0x00007ff8e2310000 - 0x00007ff8e2326000 	C:\WINDOWS\SYSTEM32\dhcpcsvc6.DLL
0x00007ff8e3da0000 - 0x00007ff8e3dba000 	C:\WINDOWS\SYSTEM32\dhcpcsvc.DLL
0x0000000061a30000 - 0x0000000061a41000 	C:\Program Files\Java\jdk1.7.0_79\jre\bin\nio.dll
0x0000000180000000 - 0x0000000180053000 	C:\Users\Francesco Nutricato\AppData\Local\Temp\libgdxFrancesco Nutricato\dc0f0009\lwjgl64.dll
0x00007ff8d8d20000 - 0x00007ff8d8e49000 	C:\WINDOWS\SYSTEM32\OPENGL32.dll
0x00007ff8e43d0000 - 0x00007ff8e43da000 	C:\WINDOWS\SYSTEM32\VERSION.dll
0x00007ff8e8c90000 - 0x00007ff8e8cbe000 	C:\WINDOWS\SYSTEM32\GLU32.dll
0x00007ff8bdb00000 - 0x00007ff8bdbfa000 	C:\WINDOWS\SYSTEM32\DDRAW.dll
0x00007ff8de700000 - 0x00007ff8de708000 	C:\WINDOWS\SYSTEM32\DCIMAN32.dll
0x0000000011590000 - 0x00000000115f4000 	C:\Users\FRANCE~1\AppData\Local\Temp\libgdxFrancesco Nutricato\dc0f0009\OpenAL64.dll
0x00007ff8ed950000 - 0x00007ff8eeeac000 	C:\WINDOWS\system32\SHELL32.dll
0x00007ff8ec1e0000 - 0x00007ff8ec825000 	C:\WINDOWS\system32\windows.storage.dll
0x00007ff8ed520000 - 0x00007ff8ed572000 	C:\WINDOWS\system32\shlwapi.dll
0x00007ff8ebe10000 - 0x00007ff8ebe1f000 	C:\WINDOWS\system32\kernel.appcore.dll
0x00007ff8ecb20000 - 0x00007ff8ecbd5000 	C:\WINDOWS\system32\shcore.dll
0x00007ff8ebe20000 - 0x00007ff8ebe6b000 	C:\WINDOWS\system32\powrprof.dll
0x00007ff8ed800000 - 0x00007ff8ed943000 	C:\WINDOWS\system32\ole32.dll
0x00007ff8ea780000 - 0x00007ff8ea816000 	C:\WINDOWS\system32\uxtheme.dll
0x00007ff8d62c0000 - 0x00007ff8d6363000 	C:\Program Files\Common Files\microsoft shared\ink\tiptsf.dll
0x00007ff8ef010000 - 0x00007ff8ef0d1000 	C:\WINDOWS\system32\OLEAUT32.dll
0x00007ff8ef730000 - 0x00007ff8ef7d7000 	C:\WINDOWS\system32\clbcatq.dll
0x00007ff8e9e80000 - 0x00007ff8ea006000 	C:\WINDOWS\System32\PROPSYS.dll
0x00007ff8dd700000 - 0x00007ff8dd79c000 	C:\WINDOWS\SYSTEM32\dsound.dll
0x00007ff8e4430000 - 0x00007ff8e44a0000 	C:\WINDOWS\System32\MMDevApi.dll
0x00007ff8ea820000 - 0x00007ff8ea847000 	C:\WINDOWS\System32\DEVOBJ.dll
0x00007ff8ce570000 - 0x00007ff8ce5f8000 	C:\WINDOWS\SYSTEM32\AUDIOSES.DLL
0x00007ff8e8520000 - 0x00007ff8e8656000 	C:\WINDOWS\SYSTEM32\wintypes.dll
0x00007ff8ed2f0000 - 0x00007ff8ed44a000 	C:\WINDOWS\system32\MSCTF.dll
0x00007ff8e9dd0000 - 0x00007ff8e9df2000 	C:\WINDOWS\system32\dwmapi.dll
0x00007ff8c3a20000 - 0x00007ff8c472b000 	C:\WINDOWS\SYSTEM32\ig9icd64.dll
0x00007ff8e67c0000 - 0x00007ff8e7630000 	C:\WINDOWS\SYSTEM32\igc64.dll
0x00007ff8e9e20000 - 0x00007ff8e9e33000 	C:\WINDOWS\SYSTEM32\WTSAPI32.dll
0x00007ff8ce350000 - 0x00007ff8ce3e1000 	C:\WINDOWS\SYSTEM32\mscms.dll
0x00007ff8e2a20000 - 0x00007ff8e2a62000 	C:\WINDOWS\SYSTEM32\icm32.dll
0x00007ff8c64c0000 - 0x00007ff8c661c000 	C:\Windows\System32\uiautomationcore.dll
0x00007ff8ebcc0000 - 0x00007ff8ebd59000 	C:\WINDOWS\SYSTEM32\sxs.dll
0x00007ff8d5ea0000 - 0x00007ff8d5f0a000 	C:\Windows\System32\OLEACC.dll
0x000000006a740000 - 0x000000006a7f1000 	C:\Users\Francesco Nutricato\AppData\Local\Temp\libgdxFrancesco Nutricato\c0c1eece\gdx-freetype64.dll
0x00007ff8df550000 - 0x00007ff8df6dc000 	C:\WINDOWS\SYSTEM32\dbghelp.dll

VM Arguments:
jvm_args: -Didea.launcher.port=7533 -Didea.launcher.bin.path=C:\Program Files (x86)\JetBrains\IntelliJ IDEA Community Edition 15.0.4\bin -Dfile.encoding=UTF-8 
java_command: com.intellij.rt.execution.application.AppMain com.mygdx.game.desktop.DesktopLauncher
Launcher Type: SUN_STANDARD

Environment Variables:
JAVA_HOME=C:\Program Files\Java\jdk1.7.0_79
PATH=C:\Program Files\Java\jdk1.7.0_79\bin;C:\WINDOWS\system32;C:\WINDOWS;C:\WINDOWS\System32\Wbem;C:\WINDOWS\System32\WindowsPowerShell\v1.0\;C:\Program Files\Git\cmd;C:\Program Files\Git\mingw64\bin;C:\Program Files\Git\usr\bin;C:\Program Files\Gradle\gradle_2_11\bin;C:\grails_2_4_4\bin;C:\Program Files\Groovy\Groovy-2.3.7\bin;C:\Program Files (x86)\MySQL\MySQL Fabric 1.5 & MySQL Utilities 1.5\;"C:\Program Files\MySQL\MySQL Server 5.7\bin"
USERNAME=Francesco Nutricato
OS=Windows_NT
PROCESSOR_IDENTIFIER=Intel64 Family 6 Model 78 Stepping 3, GenuineIntel



---------------  S Y S T E M  ---------------

OS: Windows 8.1 , 64 bit Build 9600 

CPU:total 4 (2 cores per cpu, 2 threads per core) family 6 model 78 stepping 3, cmov, cx8, fxsr, mmx, sse, sse2, sse3, ssse3, sse4.1, sse4.2, popcnt, avx, avx2, aes, erms, ht, tsc, tscinvbit

Memory: 4k page, physical 16699344k(382256k free), swap 67030992k(412k free)

vm_info: Java HotSpot(TM) 64-Bit Server VM (24.79-b02) for windows-amd64 JRE (1.7.0_79-b15), built on Apr 10 2015 12:36:16 by "java_re" with unknown MS VC++:1600

time: Thu Apr 28 17:52:13 2016
elapsed time: 48 seconds

